https://stevelayton.bandcamp.com/album/68
https://stevelayton.bandcamp.com/album/70
https://stevelayton.bandcamp.com/album/a-certain-season
https://stevelayton.bandcamp.com/album/a-long-strange-trip
https://stevelayton.bandcamp.com/album/a-million-miles-to-go
https://stevelayton.bandcamp.com/album/a-perfect-pair
https://stevelayton.bandcamp.com/album/afterimages
https://stevelayton.bandcamp.com/album/alba
https://stevelayton.bandcamp.com/album/all-so-real
https://stevelayton.bandcamp.com/album/all-together-now
https://stevelayton.bandcamp.com/album/alt-pop-and-dance-hits
https://stevelayton.bandcamp.com/album/amesha-spenta
https://stevelayton.bandcamp.com/album/april-showers
https://stevelayton.bandcamp.com/album/april-to-may
https://stevelayton.bandcamp.com/album/archives-2011-2012
https://stevelayton.bandcamp.com/album/attuned
https://stevelayton.bandcamp.com/album/autumn-constellations
https://stevelayton.bandcamp.com/album/beacon
https://stevelayton.bandcamp.com/album/bedtime-stories
https://stevelayton.bandcamp.com/album/benjamin-smith-improvisations
https://stevelayton.bandcamp.com/album/big-pictures
https://stevelayton.bandcamp.com/album/blender
https://stevelayton.bandcamp.com/album/blues
https://stevelayton.bandcamp.com/album/chapel
https://stevelayton.bandcamp.com/album/close-encounter
https://stevelayton.bandcamp.com/album/collision-courses
https://stevelayton.bandcamp.com/album/colors
https://stevelayton.bandcamp.com/album/come-what-may
https://stevelayton.bandcamp.com/album/counting-backwards-pandemic-11
https://stevelayton.bandcamp.com/album/creation-and-destruction
https://stevelayton.bandcamp.com/album/darfur-pogrommen-2007
https://stevelayton.bandcamp.com/album/december-days-pandemic-8
https://stevelayton.bandcamp.com/album/devils-and-angels
https://stevelayton.bandcamp.com/album/disco-very
https://stevelayton.bandcamp.com/album/dorado
https://stevelayton.bandcamp.com/album/dreams-of-the-living
https://stevelayton.bandcamp.com/album/eight-tracks
https://stevelayton.bandcamp.com/album/ending-to-begin
https://stevelayton.bandcamp.com/album/ep-remixing-singular-pleasures
https://stevelayton.bandcamp.com/album/equinox
https://stevelayton.bandcamp.com/album/ever-days
https://stevelayton.bandcamp.com/album/excavations-2013-2014
https://stevelayton.bandcamp.com/album/exhibits-of-desire
https://stevelayton.bandcamp.com/album/fever-dream
https://stevelayton.bandcamp.com/album/finding-the-vertex
https://stevelayton.bandcamp.com/album/fire-and-flood
https://stevelayton.bandcamp.com/album/five-scenes
https://stevelayton.bandcamp.com/album/fortress
https://stevelayton.bandcamp.com/album/found-objects
https://stevelayton.bandcamp.com/album/from-the-vault-2011
https://stevelayton.bandcamp.com/album/further-journey
https://stevelayton.bandcamp.com/album/greening-pandemic-9
https://stevelayton.bandcamp.com/album/holding-on
https://stevelayton.bandcamp.com/album/how-i-spent-my-summer
https://stevelayton.bandcamp.com/album/i-cant-even-remember-whose-party-this-is
https://stevelayton.bandcamp.com/album/images
https://stevelayton.bandcamp.com/album/inana
https://stevelayton.bandcamp.com/album/infinite-vista
https://stevelayton.bandcamp.com/album/introspection
https://stevelayton.bandcamp.com/album/its-complicated
https://stevelayton.bandcamp.com/album/jamm-z
https://stevelayton.bandcamp.com/album/kino-moshier
https://stevelayton.bandcamp.com/album/late-season
https://stevelayton.bandcamp.com/album/les-jours-sen-vont-je-demeure
https://stevelayton.bandcamp.com/album/lexicon
https://stevelayton.bandcamp.com/album/life-askew
https://stevelayton.bandcamp.com/album/light-and-dark
https://stevelayton.bandcamp.com/album/like-any-other-day-until
https://stevelayton.bandcamp.com/album/liminal-pandemic-7
https://stevelayton.bandcamp.com/album/limited-means
https://stevelayton.bandcamp.com/album/lucky-you
https://stevelayton.bandcamp.com/album/magic
https://stevelayton.bandcamp.com/album/mandala
https://stevelayton.bandcamp.com/album/meeting-point
https://stevelayton.bandcamp.com/album/memory-flow
https://stevelayton.bandcamp.com/album/midsummer
https://stevelayton.bandcamp.com/album/midwinter
https://stevelayton.bandcamp.com/album/miracles-and-wonders
https://stevelayton.bandcamp.com/album/mood-shift
https://stevelayton.bandcamp.com/album/moving-bodies-pandemic-10
https://stevelayton.bandcamp.com/album/music-1997-2001
https://stevelayton.bandcamp.com/album/mysteries
https://stevelayton.bandcamp.com/album/nature
https://stevelayton.bandcamp.com/album/night-light
https://stevelayton.bandcamp.com/album/no-answer
https://stevelayton.bandcamp.com/album/no-mind
https://stevelayton.bandcamp.com/album/no-use-understanding
https://stevelayton.bandcamp.com/album/our-time
https://stevelayton.bandcamp.com/album/our-world
https://stevelayton.bandcamp.com/album/pandemic-1
https://stevelayton.bandcamp.com/album/pandemic-3
https://stevelayton.bandcamp.com/album/pandemic-4
https://stevelayton.bandcamp.com/album/pandemic-5
https://stevelayton.bandcamp.com/album/pandemic-6
https://stevelayton.bandcamp.com/album/paradiso
https://stevelayton.bandcamp.com/album/peace
https://stevelayton.bandcamp.com/album/poems-from-the-news-agents
https://stevelayton.bandcamp.com/album/portents
https://stevelayton.bandcamp.com/album/power-play
https://stevelayton.bandcamp.com/album/ppp
https://stevelayton.bandcamp.com/album/pr-xima-estaci-n
https://stevelayton.bandcamp.com/album/protection
https://stevelayton.bandcamp.com/album/rain-fall
https://stevelayton.bandcamp.com/album/receiver
https://stevelayton.bandcamp.com/album/red-sky
https://stevelayton.bandcamp.com/album/remembering-jeff-duke
https://stevelayton.bandcamp.com/album/resistance-is-futile
https://stevelayton.bandcamp.com/album/resurrections
https://stevelayton.bandcamp.com/album/retrospection-2013-2017
https://stevelayton.bandcamp.com/album/ru-e
https://stevelayton.bandcamp.com/album/s-ance
https://stevelayton.bandcamp.com/album/seek
https://stevelayton.bandcamp.com/album/septembers-slow-decay
https://stevelayton.bandcamp.com/album/shadow-plays
https://stevelayton.bandcamp.com/album/shared-circle
https://stevelayton.bandcamp.com/album/slow-colors
https://stevelayton.bandcamp.com/album/so-we-count-our-days
https://stevelayton.bandcamp.com/album/spooks
https://stevelayton.bandcamp.com/album/spring-flexing
https://stevelayton.bandcamp.com/album/stand-up
https://stevelayton.bandcamp.com/album/strange-neighborhood
https://stevelayton.bandcamp.com/album/summer-end
https://stevelayton.bandcamp.com/album/summer-mirages
https://stevelayton.bandcamp.com/album/taking-leave
https://stevelayton.bandcamp.com/album/talismans
https://stevelayton.bandcamp.com/album/test-run
https://stevelayton.bandcamp.com/album/textbook-music-of-solitary-landscapes-in-hyperspace-piece-for-ips
https://stevelayton.bandcamp.com/album/the-composer-plays-revisited
https://stevelayton.bandcamp.com/album/the-composer-plays-vi
https://stevelayton.bandcamp.com/album/the-composer-plays-vii
https://stevelayton.bandcamp.com/album/the-dark-time
https://stevelayton.bandcamp.com/album/the-fullness-of-the-moment
https://stevelayton.bandcamp.com/album/the-lighthouse
https://stevelayton.bandcamp.com/album/the-many-voices-in-our-heads
https://stevelayton.bandcamp.com/album/the-mind-wanders
https://stevelayton.bandcamp.com/album/the-month-of-endings
https://stevelayton.bandcamp.com/album/the-summer-sessions-2018
https://stevelayton.bandcamp.com/album/the-waiting-pandemic-2
https://stevelayton.bandcamp.com/album/this-film-has-no-ending
https://stevelayton.bandcamp.com/album/this-is-fine-69
https://stevelayton.bandcamp.com/album/time
https://stevelayton.bandcamp.com/album/traveler
https://stevelayton.bandcamp.com/album/trouble-in-mind
https://stevelayton.bandcamp.com/album/two-hands-the-composer-plays-v
https://stevelayton.bandcamp.com/album/unbroken
https://stevelayton.bandcamp.com/album/unfocused-prayers
https://stevelayton.bandcamp.com/album/unforeseen-consequences-vol-1
https://stevelayton.bandcamp.com/album/unforeseen-consequences-vol-2
https://stevelayton.bandcamp.com/album/virtual-composition
https://stevelayton.bandcamp.com/album/visitor
https://stevelayton.bandcamp.com/album/voices-in-the-room
https://stevelayton.bandcamp.com/album/vox
https://stevelayton.bandcamp.com/album/vox-2
https://stevelayton.bandcamp.com/album/wait-out-the-storm
https://stevelayton.bandcamp.com/album/waves
https://stevelayton.bandcamp.com/album/waving-from-very-far-away
https://stevelayton.bandcamp.com/album/way-back-when-one-1984-1989
https://stevelayton.bandcamp.com/album/way-back-when-two-1990-1997
https://stevelayton.bandcamp.com/album/we-shine
https://stevelayton.bandcamp.com/album/weave
https://stevelayton.bandcamp.com/album/what-are-you-willing-to-do
https://stevelayton.bandcamp.com/album/what-lies-ahead
https://stevelayton.bandcamp.com/album/what-the-thunder-said-ep
https://stevelayton.bandcamp.com/album/what-we-feel
https://stevelayton.bandcamp.com/album/wintergreen
https://stevelayton.bandcamp.com/album/winters-warmth
https://stevelayton.bandcamp.com/album/with-friends-like-these
https://stevelayton.bandcamp.com/album/year-end
https://stevelayton.bandcamp.com/album/yotsuya-kaidan
