https://harimaia.bandcamp.com/album/a-warm-place-nine-inch-nails-cover
https://harimaia.bandcamp.com/album/blackened-horizon
https://harimaia.bandcamp.com/album/both-sides
https://harimaia.bandcamp.com/album/deep-space-ocean
https://harimaia.bandcamp.com/album/distant-fields
https://harimaia.bandcamp.com/album/duas-coxinhas-original-soundtrack
https://harimaia.bandcamp.com/album/fragments
https://harimaia.bandcamp.com/album/haunted-place-2
https://harimaia.bandcamp.com/album/home
https://harimaia.bandcamp.com/album/inside-the-woods-orchestral-version-from-haunted-place
https://harimaia.bandcamp.com/album/last-stop-on-memory-lane
https://harimaia.bandcamp.com/album/m-quina-hiper-real
https://harimaia.bandcamp.com/album/nostalgia
https://harimaia.bandcamp.com/album/o-ladr-o-de-olhos-original-soundtrack
https://harimaia.bandcamp.com/album/olson-boards-of-canada-cover
https://harimaia.bandcamp.com/album/outer-space
https://harimaia.bandcamp.com/album/separation
https://harimaia.bandcamp.com/album/shelter-left-us-alone
https://harimaia.bandcamp.com/album/spaceship
https://harimaia.bandcamp.com/album/the-answer-to-all-your-questions-main-theme
https://harimaia.bandcamp.com/album/the-endless-hum
https://harimaia.bandcamp.com/album/universalis
https://harimaia.bandcamp.com/album/upside-down
https://harimaia.bandcamp.com/album/vanish
https://harimaia.bandcamp.com/album/were-not-humans-anymore
https://harimaia.bandcamp.com/track/gravitational-attraction
https://harimaia.bandcamp.com/track/time-capsule
