https://milieumusic.bandcamp.com/album/a-balm-of-conduction
https://milieumusic.bandcamp.com/album/a-blanket-of-infinite-repetitions
https://milieumusic.bandcamp.com/album/a-blanket-of-infinite-repetitions-expanded-remastered
https://milieumusic.bandcamp.com/album/a-dusty-box-of-old-memories
https://milieumusic.bandcamp.com/album/a-dusty-box-of-old-memories-expanded-remastered
https://milieumusic.bandcamp.com/album/a-pentacle-in-red-sapphire
https://milieumusic.bandcamp.com/album/a-small-fire-in-the-snowy-woods
https://milieumusic.bandcamp.com/album/a-stone-arch-in-the-wilderness
https://milieumusic.bandcamp.com/album/a-table-of-tides
https://milieumusic.bandcamp.com/album/a-warm-wooden-hollow-expanded-reissue
https://milieumusic.bandcamp.com/album/a-white-tower-in-green-sun
https://milieumusic.bandcamp.com/album/aboir-accumulation-states
https://milieumusic.bandcamp.com/album/academy-stripes
https://milieumusic.bandcamp.com/album/across-the-surface-of-the-water
https://milieumusic.bandcamp.com/album/aeolian-yellow
https://milieumusic.bandcamp.com/album/afterlife-blues
https://milieumusic.bandcamp.com/album/ambell-suns
https://milieumusic.bandcamp.com/album/amber-petrolr
https://milieumusic.bandcamp.com/album/ambisthmus
https://milieumusic.bandcamp.com/album/ambitropic-bedroom-carnival
https://milieumusic.bandcamp.com/album/ambrox-orange
https://milieumusic.bandcamp.com/album/amtrax
https://milieumusic.bandcamp.com/album/amtrax-plus
https://milieumusic.bandcamp.com/album/analogg-breakfasts
https://milieumusic.bandcamp.com/album/andromedan-deltas
https://milieumusic.bandcamp.com/album/androphotic-nurse-mask
https://milieumusic.bandcamp.com/album/anthemoessa
https://milieumusic.bandcamp.com/album/aprils-blissed-communion
https://milieumusic.bandcamp.com/album/auf-on
https://milieumusic.bandcamp.com/album/aurora-borealis-night-currents
https://milieumusic.bandcamp.com/album/auroral-pageant
https://milieumusic.bandcamp.com/album/beams-of-the-declining-sun
https://milieumusic.bandcamp.com/album/belln-dither
https://milieumusic.bandcamp.com/album/bent-applefarm
https://milieumusic.bandcamp.com/album/bent-appleleaves
https://milieumusic.bandcamp.com/album/bent-appletape
https://milieumusic.bandcamp.com/album/bent-appletrees
https://milieumusic.bandcamp.com/album/bent-appletrees-five
https://milieumusic.bandcamp.com/album/bent-appletrees-four
https://milieumusic.bandcamp.com/album/bent-appletrees-six
https://milieumusic.bandcamp.com/album/bent-appletrees-three
https://milieumusic.bandcamp.com/album/bent-appletrees-two
https://milieumusic.bandcamp.com/album/beside-a-green-window
https://milieumusic.bandcamp.com/album/beyond-the-sea-lies-the-stars
https://milieumusic.bandcamp.com/album/beyond-the-stars-lies-the-sea
https://milieumusic.bandcamp.com/album/blisschord-variations
https://milieumusic.bandcamp.com/album/bloody-knuckles-betaphase
https://milieumusic.bandcamp.com/album/blurry-thursday
https://milieumusic.bandcamp.com/album/brittle-paper-cathedrals
https://milieumusic.bandcamp.com/album/brittle-paper-cathedrals-expanded-remastered
https://milieumusic.bandcamp.com/album/brother
https://milieumusic.bandcamp.com/album/burned-oath
https://milieumusic.bandcamp.com/album/burnt-pharm-afterparty
https://milieumusic.bandcamp.com/album/butcher-block-andromeda
https://milieumusic.bandcamp.com/album/butcher-block-andromeda-volume-ii-2014-2024
https://milieumusic.bandcamp.com/album/calico-fountain-melange
https://milieumusic.bandcamp.com/album/chiasmus
https://milieumusic.bandcamp.com/album/cirrus
https://milieumusic.bandcamp.com/album/colortone-expanded-reissue
https://milieumusic.bandcamp.com/album/compline
https://milieumusic.bandcamp.com/album/coolbreeze-refreshment-time
https://milieumusic.bandcamp.com/album/creation
https://milieumusic.bandcamp.com/album/cropduster
https://milieumusic.bandcamp.com/album/daughter-session-outtakes
https://milieumusic.bandcamp.com/album/daughter-the-complete-sessions
https://milieumusic.bandcamp.com/album/daytonian-argot
https://milieumusic.bandcamp.com/album/der-letzte-kupferdrucker-official-soundtrack
https://milieumusic.bandcamp.com/album/detuned-summer-yearbook-singles-remixes-2005-2010
https://milieumusic.bandcamp.com/album/dialer
https://milieumusic.bandcamp.com/album/dialogue-five
https://milieumusic.bandcamp.com/album/divergent-paths-volume-eight
https://milieumusic.bandcamp.com/album/divergent-paths-volume-five
https://milieumusic.bandcamp.com/album/divergent-paths-volume-four
https://milieumusic.bandcamp.com/album/divergent-paths-volume-one
https://milieumusic.bandcamp.com/album/divergent-paths-volume-seven
https://milieumusic.bandcamp.com/album/divergent-paths-volume-six
https://milieumusic.bandcamp.com/album/divergent-paths-volume-three
https://milieumusic.bandcamp.com/album/divergent-paths-volume-two
https://milieumusic.bandcamp.com/album/dusk-maps
https://milieumusic.bandcamp.com/album/dusk-maps-2
https://milieumusic.bandcamp.com/album/echo-spectrum
https://milieumusic.bandcamp.com/album/echo-spectrum-expanded-remastered
https://milieumusic.bandcamp.com/album/echogee-afternoon
https://milieumusic.bandcamp.com/album/eisblau
https://milieumusic.bandcamp.com/album/elide
https://milieumusic.bandcamp.com/album/enfleurage-septet
https://milieumusic.bandcamp.com/album/enjoy-your-stay-at-the-holograph-lounge-10th-anniversary-remaster
https://milieumusic.bandcamp.com/album/eufloria
https://milieumusic.bandcamp.com/album/euflorian-additions
https://milieumusic.bandcamp.com/album/euflorian-additions-volume-ii
https://milieumusic.bandcamp.com/album/ever-constant-ever-branching
https://milieumusic.bandcamp.com/album/faces-preserved-in-ash
https://milieumusic.bandcamp.com/album/five-birds-one-book
https://milieumusic.bandcamp.com/album/five-glass-temples
https://milieumusic.bandcamp.com/album/focussed-light
https://milieumusic.bandcamp.com/album/forest-idyl
https://milieumusic.bandcamp.com/album/four-passages-for-faun-tin-bell-lyre
https://milieumusic.bandcamp.com/album/foxhill-pastels
https://milieumusic.bandcamp.com/album/frozen-rain-patchwork
https://milieumusic.bandcamp.com/album/fume-skate-phasers
https://milieumusic.bandcamp.com/album/garlind
https://milieumusic.bandcamp.com/album/garlind-post-chordal-wall
https://milieumusic.bandcamp.com/album/germs-86
https://milieumusic.bandcamp.com/album/giants-in-the-desert
https://milieumusic.bandcamp.com/album/green-heat
https://milieumusic.bandcamp.com/album/green-sun-piano
https://milieumusic.bandcamp.com/album/gunkajima-expanded-remastered
https://milieumusic.bandcamp.com/album/h-is-for-hologram-10th-anniversary-remaster
https://milieumusic.bandcamp.com/album/hibernal-regions
https://milieumusic.bandcamp.com/album/hold-me-in-a-field
https://milieumusic.bandcamp.com/album/houseworks-phases-i-viii
https://milieumusic.bandcamp.com/album/icepak
https://milieumusic.bandcamp.com/album/imagining-a-forest
https://milieumusic.bandcamp.com/album/improvisations-for-hylian-horn-pipe-organ
https://milieumusic.bandcamp.com/album/improvisations-for-hylian-piano-woodwinds
https://milieumusic.bandcamp.com/album/in-dark-waves
https://milieumusic.bandcamp.com/album/in-serial-chrome
https://milieumusic.bandcamp.com/album/in-the-shadow-of-a-weeping-willow
https://milieumusic.bandcamp.com/album/isochronous-waves
https://milieumusic.bandcamp.com/album/jacket-holograph
https://milieumusic.bandcamp.com/album/knows-no-bounds-a-listeners-companion-to-milieu
https://milieumusic.bandcamp.com/album/larx-in-repose
https://milieumusic.bandcamp.com/album/last-wave
https://milieumusic.bandcamp.com/album/leaves-painted-purple-expanded
https://milieumusic.bandcamp.com/album/litho
https://milieumusic.bandcamp.com/album/live-at-114rkd
https://milieumusic.bandcamp.com/album/live-at-birch-park
https://milieumusic.bandcamp.com/album/living-in-the-shadow-of-a-recursive-bell-whose-chime-echoed-the-dawn-of-consciousness
https://milieumusic.bandcamp.com/album/memory-hearth
https://milieumusic.bandcamp.com/album/memory-maker
https://milieumusic.bandcamp.com/album/metraliminaloxone
https://milieumusic.bandcamp.com/album/milieu-remastered
https://milieumusic.bandcamp.com/album/morning-acid
https://milieumusic.bandcamp.com/album/moth-in-the-milkglass
https://milieumusic.bandcamp.com/album/mural-hex
https://milieumusic.bandcamp.com/album/muzak-for-electronic-wind-filtered-bell
https://milieumusic.bandcamp.com/album/natural-green
https://milieumusic.bandcamp.com/album/nemorensis-mirror
https://milieumusic.bandcamp.com/album/neroli-statuary
https://milieumusic.bandcamp.com/album/new-drugs-for-nuclear-families-of-the-seventies-lux-ex-reissue
https://milieumusic.bandcamp.com/album/nw-age
https://milieumusic.bandcamp.com/album/nw-age-2
https://milieumusic.bandcamp.com/album/object-yields-answer
https://milieumusic.bandcamp.com/album/of-the-apple
https://milieumusic.bandcamp.com/album/of-the-apple-expanded-reissue
https://milieumusic.bandcamp.com/album/our-blue-rainbow
https://milieumusic.bandcamp.com/album/our-blue-rainbow-complete-sessions
https://milieumusic.bandcamp.com/album/our-blue-remixes
https://milieumusic.bandcamp.com/album/paperbacks
https://milieumusic.bandcamp.com/album/passage-five
https://milieumusic.bandcamp.com/album/phosphene-weather-10th-anniversary-expanded-reissue
https://milieumusic.bandcamp.com/album/pillowtone-poems
https://milieumusic.bandcamp.com/album/pinwheel-carousels-four-years-of-milieu-music
https://milieumusic.bandcamp.com/album/planet-everfree
https://milieumusic.bandcamp.com/album/plangent-liqueurs-vol-1-highwater-tape-boutique
https://milieumusic.bandcamp.com/album/plangent-liqueurs-vol-2-melted-crayon-radioband
https://milieumusic.bandcamp.com/album/plangent-liqueurs-vol-3-commissions-for-milkbar-blush
https://milieumusic.bandcamp.com/album/plangent-liqueurs-vol-4-sedated-electric-midranges
https://milieumusic.bandcamp.com/album/plangent-liqueurs-vol-5-blue-green-bedroom-subtropic
https://milieumusic.bandcamp.com/album/plangent-liqueurs-vol-6-night-station-dissociatives
https://milieumusic.bandcamp.com/album/polypsilon-part-1
https://milieumusic.bandcamp.com/album/polypsilon-part-2
https://milieumusic.bandcamp.com/album/polypsilon-polytone-dual-disk-edition
https://milieumusic.bandcamp.com/album/quadracid
https://milieumusic.bandcamp.com/album/quebrith-yarrow-4
https://milieumusic.bandcamp.com/album/quirinal-silver-boa
https://milieumusic.bandcamp.com/album/rain-curtain
https://milieumusic.bandcamp.com/album/recurrent-irrigation
https://milieumusic.bandcamp.com/album/relief-upon-the-landscape
https://milieumusic.bandcamp.com/album/remodelled
https://milieumusic.bandcamp.com/album/remodelled-expanded-remastered
https://milieumusic.bandcamp.com/album/reservoir
https://milieumusic.bandcamp.com/album/retraced-paths
https://milieumusic.bandcamp.com/album/reverb-microcoma-expanded
https://milieumusic.bandcamp.com/album/reverb-microcoma-part-one
https://milieumusic.bandcamp.com/album/reverb-microcoma-part-three
https://milieumusic.bandcamp.com/album/reverb-microcoma-part-two
https://milieumusic.bandcamp.com/album/river-daughter
https://milieumusic.bandcamp.com/album/s-is-for-sleep-10th-anniversary-expanded-remaster
https://milieumusic.bandcamp.com/album/sadhills
https://milieumusic.bandcamp.com/album/sandgate
https://milieumusic.bandcamp.com/album/saturday-night-lazer
https://milieumusic.bandcamp.com/album/seventeen-eighteen-argentine
https://milieumusic.bandcamp.com/album/shade-versions
https://milieumusic.bandcamp.com/album/shallow-earth-party-mix
https://milieumusic.bandcamp.com/album/silver-ore-river-garden
https://milieumusic.bandcamp.com/album/silverterrine
https://milieumusic.bandcamp.com/album/sine-wand-honeydowsing
https://milieumusic.bandcamp.com/album/sinewaves-in-soft-focus
https://milieumusic.bandcamp.com/album/sleeep-mmx
https://milieumusic.bandcamp.com/album/slow-lid-close-expanded-remastered
https://milieumusic.bandcamp.com/album/snow-maps
https://milieumusic.bandcamp.com/album/snow-maps-2
https://milieumusic.bandcamp.com/album/snowradius
https://milieumusic.bandcamp.com/album/soda-can-acid
https://milieumusic.bandcamp.com/album/songs-we-found-in-the-sand-expanded-remastered
https://milieumusic.bandcamp.com/album/sophiesongs
https://milieumusic.bandcamp.com/album/stanford-taurus
https://milieumusic.bandcamp.com/album/statuettes-part-one-2
https://milieumusic.bandcamp.com/album/statuettes-part-two
https://milieumusic.bandcamp.com/album/stellar-debris
https://milieumusic.bandcamp.com/album/stray-trains-expanded-remastered
https://milieumusic.bandcamp.com/album/sun-bleached-piano
https://milieumusic.bandcamp.com/album/sun-cast
https://milieumusic.bandcamp.com/album/sun-white-sun-expanded-reissue
https://milieumusic.bandcamp.com/album/sunbathers-pharmacopeia-vol-1
https://milieumusic.bandcamp.com/album/sunbathers-pharmacopeia-vol-2
https://milieumusic.bandcamp.com/album/sunbathers-pharmacopeia-vol-3
https://milieumusic.bandcamp.com/album/sunday-meadow-blush
https://milieumusic.bandcamp.com/album/sunline-sail
https://milieumusic.bandcamp.com/album/sunwarmed-sides-issue-no-0001
https://milieumusic.bandcamp.com/album/sunwarmed-sides-issue-no-0002
https://milieumusic.bandcamp.com/album/sunwarmed-sides-issue-no-0003
https://milieumusic.bandcamp.com/album/sunwarmed-sides-issue-no-0004
https://milieumusic.bandcamp.com/album/sunwarmed-sides-issue-no-0005
https://milieumusic.bandcamp.com/album/sunwarmed-sides-issue-no-0006
https://milieumusic.bandcamp.com/album/sunwarmed-sides-issue-no-0007
https://milieumusic.bandcamp.com/album/sunwarmed-sides-issue-no-0008
https://milieumusic.bandcamp.com/album/sunwarmed-sides-issue-no-0009
https://milieumusic.bandcamp.com/album/sunwarmed-sides-issue-no-0010
https://milieumusic.bandcamp.com/album/sunwarmed-sides-issue-no-0011
https://milieumusic.bandcamp.com/album/sunwarmed-sides-issue-no-0012
https://milieumusic.bandcamp.com/album/swaying-palms
https://milieumusic.bandcamp.com/album/swaying-palms-expanded-remastered
https://milieumusic.bandcamp.com/album/swirling-tinsel-singalongs
https://milieumusic.bandcamp.com/album/thalline-dress
https://milieumusic.bandcamp.com/album/the-consonance-of-joy
https://milieumusic.bandcamp.com/album/the-day-erased
https://milieumusic.bandcamp.com/album/the-flooded-vestibule
https://milieumusic.bandcamp.com/album/the-flower-to-disappear
https://milieumusic.bandcamp.com/album/the-glowing-book
https://milieumusic.bandcamp.com/album/the-grove-of-lustral-waters
https://milieumusic.bandcamp.com/album/the-grove-of-lustral-waters-at-dusk
https://milieumusic.bandcamp.com/album/the-half-seen-door
https://milieumusic.bandcamp.com/album/the-hand-of-the-wind
https://milieumusic.bandcamp.com/album/the-loneliness-of-empty-roads
https://milieumusic.bandcamp.com/album/the-loneliness-of-empty-roads-10th-anniversary-expanded-remaster
https://milieumusic.bandcamp.com/album/the-severn-bore
https://milieumusic.bandcamp.com/album/the-sleeping-earth
https://milieumusic.bandcamp.com/album/the-slumbering-pillar
https://milieumusic.bandcamp.com/album/the-soul-as-a-container-for-the-body
https://milieumusic.bandcamp.com/album/the-synthesists-alphorn-retreat
https://milieumusic.bandcamp.com/album/the-time-bell-in-the-empty-archipelago
https://milieumusic.bandcamp.com/album/the-travelers-offworld-retreat
https://milieumusic.bandcamp.com/album/the-tripartite-division-of-antimatter-transports
https://milieumusic.bandcamp.com/album/the-waters-path
https://milieumusic.bandcamp.com/album/three-tone-quintet
https://milieumusic.bandcamp.com/album/thriambus
https://milieumusic.bandcamp.com/album/tidewater-petrol
https://milieumusic.bandcamp.com/album/tidewater-petrol-10th-anniversary-expanded-remaster
https://milieumusic.bandcamp.com/album/tidewater-petrol-2
https://milieumusic.bandcamp.com/album/to-face-always-towards-the-sun
https://milieumusic.bandcamp.com/album/transient-logics
https://milieumusic.bandcamp.com/album/translucent-forestation
https://milieumusic.bandcamp.com/album/transposition-gradients-in-cyan-burnt-orange
https://milieumusic.bandcamp.com/album/utaru-greenshine-caravan
https://milieumusic.bandcamp.com/album/vibratelepathic-antiviral-broadcast-1
https://milieumusic.bandcamp.com/album/vibratelepathic-antiviral-broadcast-2
https://milieumusic.bandcamp.com/album/vibratelepathic-antiviral-broadcast-3
https://milieumusic.bandcamp.com/album/vibratelepathic-antiviral-broadcast-4
https://milieumusic.bandcamp.com/album/vibratelepathic-antiviral-broadcast-5
https://milieumusic.bandcamp.com/album/vibratelepathos-broadcasts-1-20
https://milieumusic.bandcamp.com/album/vibratelepathos-broadcasts-21-40
https://milieumusic.bandcamp.com/album/vibratelepathos-broadcasts-41-60
https://milieumusic.bandcamp.com/album/wash-the-hand
https://milieumusic.bandcamp.com/album/watch-the-head
https://milieumusic.bandcamp.com/album/waverider
https://milieumusic.bandcamp.com/album/we-live-in-the-trees
https://milieumusic.bandcamp.com/album/white-alice-variations
https://milieumusic.bandcamp.com/album/winter-displacement
https://milieumusic.bandcamp.com/album/winter-hides-in-the-bones-of-autumn
https://milieumusic.bandcamp.com/album/within-a-thimble-of-clear-air
https://milieumusic.bandcamp.com/album/zaftig-lime
https://milieumusic.bandcamp.com/album/zen-original-soundtrack-recording
https://milieumusic.bandcamp.com/album/zephyrean
https://milieumusic.bandcamp.com/track/le-du-levant-2
