https://alexcunninghampasdedeux.bandcamp.com/album/pas-de-deux?label=959262159&tab=music
https://bardotodolwmld.bandcamp.com/album/le-trompeta-morse-walrus-concreta?label=959262159&tab=music
https://crazydoberman.bandcamp.com/album/2038?label=959262159&tab=music
https://crazydoberman.bandcamp.com/album/confused-debris-from-slow-dreams?label=959262159&tab=music
https://crazydoberman.bandcamp.com/album/crazy-dober-black-vomit-split-cs40?label=959262159&tab=music
https://crazydoberman.bandcamp.com/album/crazy-doberman?label=959262159&tab=music
https://crazydoberman.bandcamp.com/album/devils-daughter-sings-her-hybrid-poem?label=959262159&tab=music
https://crazydoberman.bandcamp.com/album/easy-listening-fall-2017?label=959262159&tab=music
https://crazydoberman.bandcamp.com/album/everyone-is-rolling-down-a-hill-or-the-journey-to-the-center-of-some-arcane-mystery-and-the-engtanglements-of-the-vines-and-veins-of-the-cosmic-and-unwieldy-miliue-encountered-in-the-midst-of-tha?label=959262159&tab=music
https://crazydoberman.bandcamp.com/album/four-hymns-for-un-rest?label=959262159&tab=music
https://crazydoberman.bandcamp.com/album/free-lsd-2?label=959262159&tab=music
https://crazydoberman.bandcamp.com/album/haunted-non-haunted?label=959262159&tab=music
https://crazydoberman.bandcamp.com/album/hell-is-within-us-2?label=959262159&tab=music
https://crazydoberman.bandcamp.com/album/hypnagogic-relapse-and-other-penumberal-phenomena?label=959262159&tab=music
https://crazydoberman.bandcamp.com/album/illusory-expansion?label=959262159&tab=music
https://crazydoberman.bandcamp.com/album/live-at-wfmu?label=959262159&tab=music
https://crazydoberman.bandcamp.com/album/lungs-of-carbon-or-urban-paranoia-without-a-tonal-center?label=959262159&tab=music
https://crazydoberman.bandcamp.com/album/powder-station?label=959262159&tab=music
https://crazydoberman.bandcamp.com/album/princeton-tapes?label=959262159&tab=music
https://crazydoberman.bandcamp.com/album/rust-clatter-for-the-midwest-sun?label=959262159&tab=music
https://crazydoberman.bandcamp.com/album/syth-tidings-vol-ii?label=959262159&tab=music
https://crazydoberman.bandcamp.com/album/the-royal-tuning-kit?label=959262159&tab=music
https://crazydoberman.bandcamp.com/album/this-land-god-has-abandoned?label=959262159&tab=music
https://crazydoberman.bandcamp.com/album/two-for-camarillo?label=959262159&tab=music
https://crazydoberman.bandcamp.com/album/two-takes-of-shapes-in-shame?label=959262159&tab=music
https://crazydoberman.bandcamp.com/album/two-tales-of-lost-witness-marks?label=959262159&tab=music
https://crazydoberman.bandcamp.com/album/waking-up-with-moths-in-your-ears?label=959262159&tab=music
https://crazydoberman.bandcamp.com/album/waking-up-with-remixes-in-your-ears?label=959262159&tab=music
https://crazydoberman.bandcamp.com/album/weight-testing-on-rotten-load-bearings?label=959262159&tab=music
https://cyanidetooth-fphm.bandcamp.com/album/sixth-dimension-vacation?label=959262159&tab=music
https://demonlife.bandcamp.com/album/demon-life?label=959262159&tab=music
https://dgwstl.bandcamp.com/album/dog-whistle?label=959262159&tab=music
https://draculapamphlet.bandcamp.com/album/curse-go-back?label=959262159&tab=music
https://draculapamphlet.bandcamp.com/album/shit-folk-in-richmond?label=959262159&tab=music
https://fleshcircuitwmld.bandcamp.com/album/hollow-hills?label=959262159&tab=music
https://generatorgroup.bandcamp.com/album/five-forks?label=959262159&tab=music
https://jermiahmcarterkelbyclark.bandcamp.com/album/its-all-here?label=959262159&tab=music
https://jksans.bandcamp.com/album/music-for-synthesizer-and-chamber-orchestra?label=959262159&tab=music
https://johnnyyoungwmld.bandcamp.com/album/twin-flame-blues-bebebe?label=959262159&tab=music
https://jsunderlin.bandcamp.com/album/in-the-bardo?label=959262159&tab=music
https://kyleflanagantimgick.bandcamp.com/album/delaminate-relaminate?label=959262159&tab=music
https://kyleflanagantimgick.bandcamp.com/album/kyle-flanagan-tim-gick?label=959262159&tab=music
https://leecounts.bandcamp.com/album/lee-counts?label=959262159&tab=music
https://lesstomorrow.bandcamp.com/album/less-tomorrow?label=959262159&tab=music
https://lobaaddress.bandcamp.com/album/will-you-take-no-will-you-straighten-your-jacket?label=959262159&tab=music
https://ludmilanunes.bandcamp.com/album/tyrian-tapestry?label=959262159&tab=music
https://ludmilanunestimgick.bandcamp.com/album/songs-for-theremin-and-saxophone?label=959262159&tab=music
https://markshippyalexcunningham.bandcamp.com/album/please-advise?label=959262159&tab=music
https://maywitch.bandcamp.com/album/may-witch?label=959262159&tab=music
https://mereman.bandcamp.com/album/mere-man-plays-from-the-songbook-of-planetary-vibration-and-axial-alignment?label=959262159&tab=music
https://norarogersbrianharan.bandcamp.com/album/s-t?label=959262159&tab=music
https://rowdenlimitexperience.bandcamp.com/album/limit-experience?label=959262159&tab=music
https://rowlandtaylorfp.bandcamp.com/album/a-righteous-man-falling-down-before-the-wicked-is-a-troubled-fountain?label=959262159&tab=music
https://spiraljoybandbwjacobsunderlin.bandcamp.com/album/spiral-joy-band-b-w-jacob-sunderlin?label=959262159&tab=music
https://timgick.bandcamp.com/album/n-o-h-laranja-scrying-glass-eye?label=959262159&tab=music
https://timgick.bandcamp.com/album/neighbor-invader?label=959262159&tab=music
https://timgick.bandcamp.com/album/the-water-flows-along-where-the-glass-might-break-but-the-glass-wont-break-under-such-careful-grip?label=959262159&tab=music
https://tirexsilver.bandcamp.com/album/rabblerouser?label=959262159&tab=music
https://tonguedepressorgateway.bandcamp.com/album/flashes-on-the-past-partition?label=959262159&tab=music
https://turnerwilliamsjr-wmld.bandcamp.com/album/carved-air?label=959262159&tab=music
https://twinaperture.bandcamp.com/album/pendulum?label=959262159&tab=music
https://whipappeal-fphm.bandcamp.com/album/whip-appeal?label=959262159&tab=music
