https://ondyioenuamsogulhottpkqeannageununge.bandcamp.com/album/-
https://ondyioenuamsogulhottpkqeannageununge.bandcamp.com/album/--164
https://ondyioenuamsogulhottpkqeannageununge.bandcamp.com/album/--165
https://ondyioenuamsogulhottpkqeannageununge.bandcamp.com/album/--2
https://ondyioenuamsogulhottpkqeannageununge.bandcamp.com/album/--216
https://ondyioenuamsogulhottpkqeannageununge.bandcamp.com/album/--24
https://ondyioenuamsogulhottpkqeannageununge.bandcamp.com/album/--47
https://ondyioenuamsogulhottpkqeannageununge.bandcamp.com/album/--62
https://ondyioenuamsogulhottpkqeannageununge.bandcamp.com/album/--90
https://ondyioenuamsogulhottpkqeannageununge.bandcamp.com/album/11-11-sratt-23-5-18-13-57
https://ondyioenuamsogulhottpkqeannageununge.bandcamp.com/album/ague-r
https://ondyioenuamsogulhottpkqeannageununge.bandcamp.com/album/all-trophynzp
https://ondyioenuamsogulhottpkqeannageununge.bandcamp.com/album/cm
https://ondyioenuamsogulhottpkqeannageununge.bandcamp.com/album/day-of-verse-psw
https://ondyioenuamsogulhottpkqeannageununge.bandcamp.com/album/ever-gavo-me-brll
https://ondyioenuamsogulhottpkqeannageununge.bandcamp.com/album/grossam
https://ondyioenuamsogulhottpkqeannageununge.bandcamp.com/album/m-l
https://ondyioenuamsogulhottpkqeannageununge.bandcamp.com/album/mesudth-ryinet
https://ondyioenuamsogulhottpkqeannageununge.bandcamp.com/album/movinie-sebne-wabiden
https://ondyioenuamsogulhottpkqeannageununge.bandcamp.com/album/night-in-eye
https://ondyioenuamsogulhottpkqeannageununge.bandcamp.com/album/pump-bouamp
https://ondyioenuamsogulhottpkqeannageununge.bandcamp.com/album/purpla-glou
https://ondyioenuamsogulhottpkqeannageununge.bandcamp.com/album/shared-summer-voice
https://ondyioenuamsogulhottpkqeannageununge.bandcamp.com/album/shower-da
https://ondyioenuamsogulhottpkqeannageununge.bandcamp.com/album/surcal-uveay
https://ondyioenuamsogulhottpkqeannageununge.bandcamp.com/album/tomorrow
https://ondyioenuamsogulhottpkqeannageununge.bandcamp.com/album/vicesk
https://ondyioenuamsogulhottpkqeannageununge.bandcamp.com/album/white-zoren
https://ondyioenuamsogulhottpkqeannageununge.bandcamp.com/track/-
https://ondyioenuamsogulhottpkqeannageununge.bandcamp.com/track/--129
https://ondyioenuamsogulhottpkqeannageununge.bandcamp.com/track/--148
https://ondyioenuamsogulhottpkqeannageununge.bandcamp.com/track/--2
https://ondyioenuamsogulhottpkqeannageununge.bandcamp.com/track/--3
https://ondyioenuamsogulhottpkqeannageununge.bandcamp.com/track/--4
https://ondyioenuamsogulhottpkqeannageununge.bandcamp.com/track/--54
https://ondyioenuamsogulhottpkqeannageununge.bandcamp.com/track/--55
https://ondyioenuamsogulhottpkqeannageununge.bandcamp.com/track/hinpi-20251220
https://ondyioenuamsogulhottpkqeannageununge.bandcamp.com/track/i
https://ondyioenuamsogulhottpkqeannageununge.bandcamp.com/track/lv
https://ondyioenuamsogulhottpkqeannageununge.bandcamp.com/track/m-l
https://ondyioenuamsogulhottpkqeannageununge.bandcamp.com/track/mammoiey-s-23-12-22-1235
https://ondyioenuamsogulhottpkqeannageununge.bandcamp.com/track/pocky
https://ondyioenuamsogulhottpkqeannageununge.bandcamp.com/track/santa-maria-naked-palucu
https://ondyioenuamsogulhottpkqeannageununge.bandcamp.com/track/world-m-elon
