https://bearboneslaylow.bandcamp.com/album/apariciones-compiladas-compilation-tracks
https://bearboneslaylow.bandcamp.com/album/atlantean-encrypted-message
https://bearboneslaylow.bandcamp.com/album/backward-arrow
https://bearboneslaylow.bandcamp.com/album/basement-surge
https://bearboneslaylow.bandcamp.com/album/calle-ciega-asesino
https://bearboneslaylow.bandcamp.com/album/cheesy-dreamin-split-w-regis-turner
https://bearboneslaylow.bandcamp.com/album/collection-2006-2008
https://bearboneslaylow.bandcamp.com/album/curled-up
https://bearboneslaylow.bandcamp.com/album/djid-hums
https://bearboneslaylow.bandcamp.com/album/dysmorphic-remains
https://bearboneslaylow.bandcamp.com/album/el-telonero
https://bearboneslaylow.bandcamp.com/album/en-vivo
https://bearboneslaylow.bandcamp.com/album/entropismus
https://bearboneslaylow.bandcamp.com/album/extanoc-i-disciples-du-joutra
https://bearboneslaylow.bandcamp.com/album/extanoc-ii-festering-spawn
https://bearboneslaylow.bandcamp.com/album/floot-3-way-split
https://bearboneslaylow.bandcamp.com/album/hacia-la-luz
https://bearboneslaylow.bandcamp.com/album/ideas-flotantes
https://bearboneslaylow.bandcamp.com/album/improvisaciones-caseras
https://bearboneslaylow.bandcamp.com/album/indian-light
https://bearboneslaylow.bandcamp.com/album/knives
https://bearboneslaylow.bandcamp.com/album/live
https://bearboneslaylow.bandcamp.com/album/live-in-povera
https://bearboneslaylow.bandcamp.com/album/live-split-w-polonius
https://bearboneslaylow.bandcamp.com/album/maldad-humana-i
https://bearboneslaylow.bandcamp.com/album/manoeuvres-split-w-ren-hell-jonas-reinhardt-jonathan-fitoussi
https://bearboneslaylow.bandcamp.com/album/mud-tones-2
https://bearboneslaylow.bandcamp.com/album/nimp-preset
https://bearboneslaylow.bandcamp.com/album/nuce-tour-split-w-gaute-granli-horacio-pollard-2
https://bearboneslaylow.bandcamp.com/album/occultciti
https://bearboneslaylow.bandcamp.com/album/orphic-dromedaries
https://bearboneslaylow.bandcamp.com/album/piu-caprim-damazonia-split-w-vl-ba
https://bearboneslaylow.bandcamp.com/album/recalentaitos
https://bearboneslaylow.bandcamp.com/album/s-t
https://bearboneslaylow.bandcamp.com/album/seas
https://bearboneslaylow.bandcamp.com/album/ses-kondi
https://bearboneslaylow.bandcamp.com/album/smoked-the-whole-thing
https://bearboneslaylow.bandcamp.com/album/spliff-tape-split-w-hellvete
https://bearboneslaylow.bandcamp.com/album/split-w-dennis-krokodil
https://bearboneslaylow.bandcamp.com/album/split-w-dont-dj
https://bearboneslaylow.bandcamp.com/album/split-w-draaier-frezer
https://bearboneslaylow.bandcamp.com/album/split-w-gnod
https://bearboneslaylow.bandcamp.com/album/split-w-hellvete
https://bearboneslaylow.bandcamp.com/album/split-w-high-wolf
https://bearboneslaylow.bandcamp.com/album/split-w-lume
https://bearboneslaylow.bandcamp.com/album/split-w-neil-campbell-jamie-azzopardi-salad-with-ganesh
https://bearboneslaylow.bandcamp.com/album/split-w-superskin
https://bearboneslaylow.bandcamp.com/album/split-w-weird-dust
https://bearboneslaylow.bandcamp.com/album/unfrozen-by-the-rays
https://bearboneslaylow.bandcamp.com/album/vagaciones
https://bearboneslaylow.bandcamp.com/album/vagaciones-ii
https://bearboneslaylow.bandcamp.com/album/vall-e-de-dith
https://bearboneslaylow.bandcamp.com/album/visions-from-limbus
https://bearboneslaylow.bandcamp.com/album/voces-de-humo
https://bearboneslaylow.bandcamp.com/album/weltering
