https://andrewliles.bandcamp.com/album/-
https://andrewliles.bandcamp.com/album/--2
https://andrewliles.bandcamp.com/album/1221
https://andrewliles.bandcamp.com/album/27000-slug-teeth
https://andrewliles.bandcamp.com/album/a-sandwich-short-remastered-and-expanded
https://andrewliles.bandcamp.com/album/abc
https://andrewliles.bandcamp.com/album/acedia
https://andrewliles.bandcamp.com/album/airs-above-the-ground
https://andrewliles.bandcamp.com/album/all-closed-doors-complete-download-version
https://andrewliles.bandcamp.com/album/always-last-first
https://andrewliles.bandcamp.com/album/ambidextrous-constellation
https://andrewliles.bandcamp.com/album/ambiguous
https://andrewliles.bandcamp.com/album/an-un-world-enhanced
https://andrewliles.bandcamp.com/album/andrew-liles-vs-kommissar-hjuler-und-frau
https://andrewliles.bandcamp.com/album/animal-magick-complete-download-version
https://andrewliles.bandcamp.com/album/apparitions-and-appropriations
https://andrewliles.bandcamp.com/album/aural-anagram-complete-download-version
https://andrewliles.bandcamp.com/album/blood-theme
https://andrewliles.bandcamp.com/album/breed-in-me-the-darkness-the-second-coming-mixes-by-andrew-liles
https://andrewliles.bandcamp.com/album/burn
https://andrewliles.bandcamp.com/album/colossus-part-one-1969-1993
https://andrewliles.bandcamp.com/album/colossus-part-two-1994-2018
https://andrewliles.bandcamp.com/album/cosmogony
https://andrewliles.bandcamp.com/album/cracked
https://andrewliles.bandcamp.com/album/cultural-studies-module-1
https://andrewliles.bandcamp.com/album/cultural-studies-module-2
https://andrewliles.bandcamp.com/album/cultural-studies-module-3
https://andrewliles.bandcamp.com/album/cups-in-cupboard
https://andrewliles.bandcamp.com/album/current-93-dreamt-by-andrew-liles-like-swallowing-eclipses-remastered-and-expanded
https://andrewliles.bandcamp.com/album/db
https://andrewliles.bandcamp.com/album/der-brennende-acker
https://andrewliles.bandcamp.com/album/det-skjedde-noe-n-r-du-var-i-belgia
https://andrewliles.bandcamp.com/album/dischordianism-3135
https://andrewliles.bandcamp.com/album/discrete-geometry
https://andrewliles.bandcamp.com/album/do-the-dead-get-older-for-jb-kp
https://andrewliles.bandcamp.com/album/dreamy-gorgeous-monster-expanded
https://andrewliles.bandcamp.com/album/drone-works-7-inside-the-rumbletum
https://andrewliles.bandcamp.com/album/duly-noted
https://andrewliles.bandcamp.com/album/englands-hidden-perverts
https://andrewliles.bandcamp.com/album/enter-the-ovum-deluxe
https://andrewliles.bandcamp.com/album/entries-of-confusion
https://andrewliles.bandcamp.com/album/escapade-on-ndogo-island
https://andrewliles.bandcamp.com/album/eyes-of-time
https://andrewliles.bandcamp.com/album/fast-forward-through-time-illusion-four
https://andrewliles.bandcamp.com/album/fearenze
https://andrewliles.bandcamp.com/album/feeding-tube
https://andrewliles.bandcamp.com/album/fini
https://andrewliles.bandcamp.com/album/four-compositions-created-for-an-imaginary-performance-by-the-legendary-john-fare
https://andrewliles.bandcamp.com/album/from-agiel-to-zelah-a-monstrous-a-to-z
https://andrewliles.bandcamp.com/album/god-cant-save
https://andrewliles.bandcamp.com/album/gone-every-evening
https://andrewliles.bandcamp.com/album/gran-reserva
https://andrewliles.bandcamp.com/album/hailemal
https://andrewliles.bandcamp.com/album/han-valen
https://andrewliles.bandcamp.com/album/hans-crescent
https://andrewliles.bandcamp.com/album/hidden-perverse
https://andrewliles.bandcamp.com/album/i-think-that-i-am-sentient-but-i-cannot-prove-it
https://andrewliles.bandcamp.com/album/idiopathic-renaissance
https://andrewliles.bandcamp.com/album/in-my-father-s-house-are-many-mansions
https://andrewliles.bandcamp.com/album/incommensurable-magnitudes-2
https://andrewliles.bandcamp.com/album/inselaffe
https://andrewliles.bandcamp.com/album/interpolations
https://andrewliles.bandcamp.com/album/its-only-pain
https://andrewliles.bandcamp.com/album/k-f-c
https://andrewliles.bandcamp.com/album/koschmider-s-logbuch-no-1
https://andrewliles.bandcamp.com/album/koschmider-s-logbuch-no-2
https://andrewliles.bandcamp.com/album/koschmider-s-logbuch-no-3
https://andrewliles.bandcamp.com/album/koschmider-s-logbuch-no-4
https://andrewliles.bandcamp.com/album/life-is-an-empty-place
https://andrewliles.bandcamp.com/album/live-at-rough-trade
https://andrewliles.bandcamp.com/album/live-hebden-bridge-trades-club
https://andrewliles.bandcamp.com/album/live-in-anyk-ciai
https://andrewliles.bandcamp.com/album/live-in-bangor
https://andrewliles.bandcamp.com/album/live-in-brighton
https://andrewliles.bandcamp.com/album/live-in-gateshead
https://andrewliles.bandcamp.com/album/live-in-gen-ve
https://andrewliles.bandcamp.com/album/live-in-jerusalem
https://andrewliles.bandcamp.com/album/live-in-london
https://andrewliles.bandcamp.com/album/live-in-portland
https://andrewliles.bandcamp.com/album/live-in-preston
https://andrewliles.bandcamp.com/album/live-in-santiago-de-compostela
https://andrewliles.bandcamp.com/album/live-in-turin
https://andrewliles.bandcamp.com/album/live-in-vienna
https://andrewliles.bandcamp.com/album/live-in-winnipeg
https://andrewliles.bandcamp.com/album/live-in-wroc-aw
https://andrewliles.bandcamp.com/album/milky-maidenhead
https://andrewliles.bandcamp.com/album/mind-mangled-trip-monster
https://andrewliles.bandcamp.com/album/miraculous-mechanical-monster-expanded
https://andrewliles.bandcamp.com/album/miscellany-addendum-fragments-and-inconsistencies-1999-2013
https://andrewliles.bandcamp.com/album/miscellany-deluxe
https://andrewliles.bandcamp.com/album/miscellany-lussuoso-electronics-1990-to-2015
https://andrewliles.bandcamp.com/album/miscellany-mythological-martyrs-and-malignant-memoirs-the-low-fidelity-lividity-recordings-1985-1995
https://andrewliles.bandcamp.com/album/mono-aural-mind-expander
https://andrewliles.bandcamp.com/album/monochromatic-vol-1
https://andrewliles.bandcamp.com/album/monochromatic-vol-10
https://andrewliles.bandcamp.com/album/monochromatic-vol-11
https://andrewliles.bandcamp.com/album/monochromatic-vol-12
https://andrewliles.bandcamp.com/album/monochromatic-vol-2
https://andrewliles.bandcamp.com/album/monochromatic-vol-3
https://andrewliles.bandcamp.com/album/monochromatic-vol-4
https://andrewliles.bandcamp.com/album/monochromatic-vol-5
https://andrewliles.bandcamp.com/album/monochromatic-vol-6
https://andrewliles.bandcamp.com/album/monochromatic-vol-7
https://andrewliles.bandcamp.com/album/monochromatic-vol-8
https://andrewliles.bandcamp.com/album/monochromatic-vol-9
https://andrewliles.bandcamp.com/album/monster-the-singles-so-far
https://andrewliles.bandcamp.com/album/monstrous-medical-mishaps-horrendous-hospitals-and-disastrous-dentistry
https://andrewliles.bandcamp.com/album/moral-nihilist-part-eight-the-end-of-nothing
https://andrewliles.bandcamp.com/album/moral-nihilist-part-five-salvation-delusion
https://andrewliles.bandcamp.com/album/moral-nihilist-part-four-a-place-of-nothingness
https://andrewliles.bandcamp.com/album/moral-nihilist-part-one-believe-in-nothing
https://andrewliles.bandcamp.com/album/moral-nihilist-part-seven-objective-truth
https://andrewliles.bandcamp.com/album/moral-nihilist-part-six-neither-does-nor-does-not-reappear
https://andrewliles.bandcamp.com/album/moral-nihilist-part-three-transcendental-annihilation
https://andrewliles.bandcamp.com/album/moral-nihilist-part-two-at-one-with-nietzsche
https://andrewliles.bandcamp.com/album/mother-gooses-melody-or-sonnets-for-the-cradle-alternative-mastering
https://andrewliles.bandcamp.com/album/muldjewangk-morgawr-other-monsters
https://andrewliles.bandcamp.com/album/murderers-maniacs-madmen-monsters
https://andrewliles.bandcamp.com/album/murgatroyd-the-monster-a-northern-noir
https://andrewliles.bandcamp.com/album/my-long-accumulating-discontent-complete-download-version
https://andrewliles.bandcamp.com/album/new-york-doll-remastered
https://andrewliles.bandcamp.com/album/ninki-nanka-yumboes-monsters
https://andrewliles.bandcamp.com/album/no-birds-do-sing
https://andrewliles.bandcamp.com/album/no-class
https://andrewliles.bandcamp.com/album/nocturne
https://andrewliles.bandcamp.com/album/object-failure
https://andrewliles.bandcamp.com/album/ohrwurm-expanded
https://andrewliles.bandcamp.com/album/other-worlds-other-monsters
https://andrewliles.bandcamp.com/album/ouarda-the-subtle-art-of-phyllorhodomancy-complete-download-version
https://andrewliles.bandcamp.com/album/post-truth-life-repellent
https://andrewliles.bandcamp.com/album/prospective-discharges
https://andrewliles.bandcamp.com/album/quondam
https://andrewliles.bandcamp.com/album/reached-premature-maturity-45-rpm
https://andrewliles.bandcamp.com/album/saint-andrew-the-apostate
https://andrewliles.bandcamp.com/album/schmetaling-monster-of-rock
https://andrewliles.bandcamp.com/album/somnambulance-to-dream-general-complete-download-version
https://andrewliles.bandcamp.com/album/step-outside-your-accepted-reality
https://andrewliles.bandcamp.com/album/subject-to-no-one
https://andrewliles.bandcamp.com/album/the-a-u-m-m-project
https://andrewliles.bandcamp.com/album/the-andrew-liles-members-only-mixes
https://andrewliles.bandcamp.com/album/the-complete-vortex-vault-recordings-remastered
https://andrewliles.bandcamp.com/album/the-dying-submariner-complete-download-version
https://andrewliles.bandcamp.com/album/the-equestrian-vortex-expanded
https://andrewliles.bandcamp.com/album/the-flesh-creeping-gonzoid-other-imaginary-creatures
https://andrewliles.bandcamp.com/album/the-flesh-creeping-gonzoid-speciality-offal-other-choice-cuts
https://andrewliles.bandcamp.com/album/the-geometry-of-social-deprivation
https://andrewliles.bandcamp.com/album/the-gilded-age-expanded
https://andrewliles.bandcamp.com/album/the-gr-y-scale-fore-three
https://andrewliles.bandcamp.com/album/the-gr-y-scale-four-3
https://andrewliles.bandcamp.com/album/the-gray-scale-for-msw
https://andrewliles.bandcamp.com/album/the-grey-scale-for-rvh
https://andrewliles.bandcamp.com/album/the-maleficent-monster-other-macabre-stories
https://andrewliles.bandcamp.com/album/the-oracles
https://andrewliles.bandcamp.com/album/the-power-elite
https://andrewliles.bandcamp.com/album/the-progeny-of-flies-tres-muscae-consummunt-cadaver-equi-aeque-cito-ac-leo
https://andrewliles.bandcamp.com/album/the-unimportance-of-being-earnest
https://andrewliles.bandcamp.com/album/through-time-trilogy-complete-download-version
https://andrewliles.bandcamp.com/album/to-arrive-at-nowhere
https://andrewliles.bandcamp.com/album/torch-songs
https://andrewliles.bandcamp.com/album/vainglorious
https://andrewliles.bandcamp.com/album/vulcano-di-maiale
https://andrewliles.bandcamp.com/album/wanton-wives-monstrous-maidens-and-wicked-witches
https://andrewliles.bandcamp.com/album/where-the-long-shadows-fall-expanded
https://andrewliles.bandcamp.com/album/without-season
https://andrewliles.bandcamp.com/album/without-wisdom
https://andrewliles.bandcamp.com/album/zenerphobia
https://andrewliles.bandcamp.com/track/the-frightened-city-new-moon-over-manhattan-mix
