https://beforeaftersilencerecordings.bandcamp.com/album/a-distant-reflection
https://beforeaftersilencerecordings.bandcamp.com/album/are-we-programmed
https://beforeaftersilencerecordings.bandcamp.com/album/before-after-silence-recordings-year-one-compilation
https://beforeaftersilencerecordings.bandcamp.com/album/before-after-silence-recordings-year-three-compilation
https://beforeaftersilencerecordings.bandcamp.com/album/before-after-silence-recordings-year-two-compilation
https://beforeaftersilencerecordings.bandcamp.com/album/between-moments
https://beforeaftersilencerecordings.bandcamp.com/album/brain-oscillations
https://beforeaftersilencerecordings.bandcamp.com/album/celestial-observations
https://beforeaftersilencerecordings.bandcamp.com/album/celestial-observations-2-2
https://beforeaftersilencerecordings.bandcamp.com/album/devotology
https://beforeaftersilencerecordings.bandcamp.com/album/faxology-2022
https://beforeaftersilencerecordings.bandcamp.com/album/growth
https://beforeaftersilencerecordings.bandcamp.com/album/inter-dimensional-guidance
https://beforeaftersilencerecordings.bandcamp.com/album/jouhatsu
https://beforeaftersilencerecordings.bandcamp.com/album/ms-v-ms
https://beforeaftersilencerecordings.bandcamp.com/album/points-of-gradation
https://beforeaftersilencerecordings.bandcamp.com/album/so-far-from-home
https://beforeaftersilencerecordings.bandcamp.com/album/tides-of-melancholy
https://beforeaftersilencerecordings.bandcamp.com/album/two-days
https://beforeaftersilencerecordings.bandcamp.com/album/urban-nature
