https://blankembrace.bandcamp.com/album/-
https://blankembrace.bandcamp.com/album/--10
https://blankembrace.bandcamp.com/album/--11
https://blankembrace.bandcamp.com/album/--12
https://blankembrace.bandcamp.com/album/--13
https://blankembrace.bandcamp.com/album/--14
https://blankembrace.bandcamp.com/album/--15
https://blankembrace.bandcamp.com/album/--16
https://blankembrace.bandcamp.com/album/--18
https://blankembrace.bandcamp.com/album/--19
https://blankembrace.bandcamp.com/album/--2
https://blankembrace.bandcamp.com/album/--21
https://blankembrace.bandcamp.com/album/--22
https://blankembrace.bandcamp.com/album/--23
https://blankembrace.bandcamp.com/album/--24
https://blankembrace.bandcamp.com/album/--25
https://blankembrace.bandcamp.com/album/--26
https://blankembrace.bandcamp.com/album/--27
https://blankembrace.bandcamp.com/album/--28
https://blankembrace.bandcamp.com/album/--29
https://blankembrace.bandcamp.com/album/--3
https://blankembrace.bandcamp.com/album/--31
https://blankembrace.bandcamp.com/album/--33
https://blankembrace.bandcamp.com/album/--34
https://blankembrace.bandcamp.com/album/--35
https://blankembrace.bandcamp.com/album/--36
https://blankembrace.bandcamp.com/album/--37
https://blankembrace.bandcamp.com/album/--38
https://blankembrace.bandcamp.com/album/--39
https://blankembrace.bandcamp.com/album/--4
https://blankembrace.bandcamp.com/album/--40
https://blankembrace.bandcamp.com/album/--43
https://blankembrace.bandcamp.com/album/--44
https://blankembrace.bandcamp.com/album/--45
https://blankembrace.bandcamp.com/album/--46
https://blankembrace.bandcamp.com/album/--47
https://blankembrace.bandcamp.com/album/--48
https://blankembrace.bandcamp.com/album/--49
https://blankembrace.bandcamp.com/album/--5
https://blankembrace.bandcamp.com/album/--50
https://blankembrace.bandcamp.com/album/--51
https://blankembrace.bandcamp.com/album/--52
https://blankembrace.bandcamp.com/album/--53
https://blankembrace.bandcamp.com/album/--54
https://blankembrace.bandcamp.com/album/--55
https://blankembrace.bandcamp.com/album/--56
https://blankembrace.bandcamp.com/album/--57
https://blankembrace.bandcamp.com/album/--58
https://blankembrace.bandcamp.com/album/--59
https://blankembrace.bandcamp.com/album/--6
https://blankembrace.bandcamp.com/album/--60
https://blankembrace.bandcamp.com/album/--61
https://blankembrace.bandcamp.com/album/--62
https://blankembrace.bandcamp.com/album/--63
https://blankembrace.bandcamp.com/album/--64
https://blankembrace.bandcamp.com/album/--65
https://blankembrace.bandcamp.com/album/--66
https://blankembrace.bandcamp.com/album/--67
https://blankembrace.bandcamp.com/album/--68
https://blankembrace.bandcamp.com/album/--69
https://blankembrace.bandcamp.com/album/--7
https://blankembrace.bandcamp.com/album/--71
https://blankembrace.bandcamp.com/album/--72
https://blankembrace.bandcamp.com/album/--73
https://blankembrace.bandcamp.com/album/--8
https://blankembrace.bandcamp.com/album/--9
https://blankembrace.bandcamp.com/album/17
https://blankembrace.bandcamp.com/album/2018
https://blankembrace.bandcamp.com/album/3000
https://blankembrace.bandcamp.com/album/713
https://blankembrace.bandcamp.com/album/about-us-fairy-tale
https://blankembrace.bandcamp.com/album/ah-li
https://blankembrace.bandcamp.com/album/angels
https://blankembrace.bandcamp.com/album/anthems
https://blankembrace.bandcamp.com/album/anxiety
https://blankembrace.bandcamp.com/album/anxiety-filter
https://blankembrace.bandcamp.com/album/aquiver
https://blankembrace.bandcamp.com/album/aroma
https://blankembrace.bandcamp.com/album/as-far-away-as-possible
https://blankembrace.bandcamp.com/album/ashore
https://blankembrace.bandcamp.com/album/asphodel
https://blankembrace.bandcamp.com/album/asphodel-ii
https://blankembrace.bandcamp.com/album/ballads-for-backgrounds
https://blankembrace.bandcamp.com/album/ballads-for-backgrounds-ii
https://blankembrace.bandcamp.com/album/baroque-flow
https://blankembrace.bandcamp.com/album/beautiful-haze-of-our-blooming-hearts
https://blankembrace.bandcamp.com/album/beautiful-pieces
https://blankembrace.bandcamp.com/album/beings-surrounded-by-pillars-of-the-past
https://blankembrace.bandcamp.com/album/belette
https://blankembrace.bandcamp.com/album/beside-waves-of-childhood
https://blankembrace.bandcamp.com/album/best-time-of-the-day
https://blankembrace.bandcamp.com/album/better-cure
https://blankembrace.bandcamp.com/album/blinds
https://blankembrace.bandcamp.com/album/bliss-is-the-goal-probably
https://blankembrace.bandcamp.com/album/breathe
https://blankembrace.bandcamp.com/album/breathtaking
https://blankembrace.bandcamp.com/album/breeze
https://blankembrace.bandcamp.com/album/bright-static-shine
https://blankembrace.bandcamp.com/album/brilliants-and-water-drops
https://blankembrace.bandcamp.com/album/by-your-side
https://blankembrace.bandcamp.com/album/caelestis
https://blankembrace.bandcamp.com/album/calm-before-the-storm
https://blankembrace.bandcamp.com/album/candid
https://blankembrace.bandcamp.com/album/cant-stop-me-now
https://blankembrace.bandcamp.com/album/chambers
https://blankembrace.bandcamp.com/album/chambers-ii
https://blankembrace.bandcamp.com/album/chambers-iii
https://blankembrace.bandcamp.com/album/chambers-iv
https://blankembrace.bandcamp.com/album/charming
https://blankembrace.bandcamp.com/album/cherish
https://blankembrace.bandcamp.com/album/cherish-2
https://blankembrace.bandcamp.com/album/chimera
https://blankembrace.bandcamp.com/album/clockwork
https://blankembrace.bandcamp.com/album/cloud-court
https://blankembrace.bandcamp.com/album/color-creams
https://blankembrace.bandcamp.com/album/corners-of-the-night
https://blankembrace.bandcamp.com/album/countless-dreams
https://blankembrace.bandcamp.com/album/daydream-harmony
https://blankembrace.bandcamp.com/album/delicacy
https://blankembrace.bandcamp.com/album/demons
https://blankembrace.bandcamp.com/album/depraved
https://blankembrace.bandcamp.com/album/die-young
https://blankembrace.bandcamp.com/album/dimensional-sea
https://blankembrace.bandcamp.com/album/dissapeared
https://blankembrace.bandcamp.com/album/divinity
https://blankembrace.bandcamp.com/album/dojdrain
https://blankembrace.bandcamp.com/album/dreams-about-green-spring
https://blankembrace.bandcamp.com/album/dusted-melancholy
https://blankembrace.bandcamp.com/album/e-m-p-t-y
https://blankembrace.bandcamp.com/album/ecdysis
https://blankembrace.bandcamp.com/album/edin
https://blankembrace.bandcamp.com/album/eensoumneya
https://blankembrace.bandcamp.com/album/eepous-tauss-see
https://blankembrace.bandcamp.com/album/ego-ruki-byli-pokryty-blagosloveniem
https://blankembrace.bandcamp.com/album/elements-of-tranquility
https://blankembrace.bandcamp.com/album/elixir
https://blankembrace.bandcamp.com/album/enjoying-the-warmth
https://blankembrace.bandcamp.com/album/enthusiasm
https://blankembrace.bandcamp.com/album/es-t-teek
https://blankembrace.bandcamp.com/album/etapy
https://blankembrace.bandcamp.com/album/evergreen-plateau
https://blankembrace.bandcamp.com/album/every-moment
https://blankembrace.bandcamp.com/album/everyone-has-a-personal-cosmos
https://blankembrace.bandcamp.com/album/everything-that-happens-happens-as-it-should-2
https://blankembrace.bandcamp.com/album/extractor
https://blankembrace.bandcamp.com/album/extremely-clear-self-awareness-of-the-living
https://blankembrace.bandcamp.com/album/f-u-f-w
https://blankembrace.bandcamp.com/album/falling-voices
https://blankembrace.bandcamp.com/album/fast-easy
https://blankembrace.bandcamp.com/album/featherweight
https://blankembrace.bandcamp.com/album/feel-my-soul
https://blankembrace.bandcamp.com/album/feel-so-bad
https://blankembrace.bandcamp.com/album/feelfield-sit-with-me
https://blankembrace.bandcamp.com/album/fireflies
https://blankembrace.bandcamp.com/album/floating-shines
https://blankembrace.bandcamp.com/album/floral
https://blankembrace.bandcamp.com/album/flowly-lowly
https://blankembrace.bandcamp.com/album/for-those-people-who-feel-lonely
https://blankembrace.bandcamp.com/album/foretaste
https://blankembrace.bandcamp.com/album/forsaken
https://blankembrace.bandcamp.com/album/fraulein
https://blankembrace.bandcamp.com/album/french-cookie-cinema
https://blankembrace.bandcamp.com/album/from-far-beyond
https://blankembrace.bandcamp.com/album/fury-of-the-spirit
https://blankembrace.bandcamp.com/album/galaxxy-bubble
https://blankembrace.bandcamp.com/album/gatherings
https://blankembrace.bandcamp.com/album/gem
https://blankembrace.bandcamp.com/album/genie
https://blankembrace.bandcamp.com/album/gentle-touch
https://blankembrace.bandcamp.com/album/gentle-wind
https://blankembrace.bandcamp.com/album/genuine-charm-i-was-pleasantly-surprised
https://blankembrace.bandcamp.com/album/get-a-chance
https://blankembrace.bandcamp.com/album/glasslands
https://blankembrace.bandcamp.com/album/glimpses
https://blankembrace.bandcamp.com/album/golden-river
https://blankembrace.bandcamp.com/album/good-times
https://blankembrace.bandcamp.com/album/gossamer
https://blankembrace.bandcamp.com/album/gracia
https://blankembrace.bandcamp.com/album/grand
https://blankembrace.bandcamp.com/album/green-glass
https://blankembrace.bandcamp.com/album/grind
https://blankembrace.bandcamp.com/album/grunge
https://blankembrace.bandcamp.com/album/halcyon
https://blankembrace.bandcamp.com/album/half-arcane
https://blankembrace.bandcamp.com/album/hallelujah
https://blankembrace.bandcamp.com/album/heart-progressions
https://blankembrace.bandcamp.com/album/heart-rate
https://blankembrace.bandcamp.com/album/heavy-waves
https://blankembrace.bandcamp.com/album/hen-night
https://blankembrace.bandcamp.com/album/henceforth-no-callousness
https://blankembrace.bandcamp.com/album/here-again
https://blankembrace.bandcamp.com/album/high-northern-latitudes
https://blankembrace.bandcamp.com/album/hiraeth
https://blankembrace.bandcamp.com/album/hold-me
https://blankembrace.bandcamp.com/album/horrible
https://blankembrace.bandcamp.com/album/hot-veranda-at-the-sunset
https://blankembrace.bandcamp.com/album/how-why
https://blankembrace.bandcamp.com/album/i-like-long-walks-away-from
https://blankembrace.bandcamp.com/album/i-lost-the-one-person-who-is-dearest-to-me
https://blankembrace.bandcamp.com/album/i-m-glad-to-see-you
https://blankembrace.bandcamp.com/album/i-w-k-u-s-b
https://blankembrace.bandcamp.com/album/i-want-to-hug-a-warm-tree
https://blankembrace.bandcamp.com/album/i-want-to-stay-with-you-forever
https://blankembrace.bandcamp.com/album/i-wish-i-was-there
https://blankembrace.bandcamp.com/album/icon
https://blankembrace.bandcamp.com/album/im-not-leaving-you-alone
https://blankembrace.bandcamp.com/album/imaginary-soundscapes
https://blankembrace.bandcamp.com/album/ineffable
https://blankembrace.bandcamp.com/album/ineffable-2
https://blankembrace.bandcamp.com/album/infinite-calm
https://blankembrace.bandcamp.com/album/inhale
https://blankembrace.bandcamp.com/album/intent
https://blankembrace.bandcamp.com/album/intergalactic
https://blankembrace.bandcamp.com/album/irresistible-pain
https://blankembrace.bandcamp.com/album/jupiter-3
https://blankembrace.bandcamp.com/album/kaskady
https://blankembrace.bandcamp.com/album/keep-dreaming
https://blankembrace.bandcamp.com/album/kings
https://blankembrace.bandcamp.com/album/kiss-i
https://blankembrace.bandcamp.com/album/kiss-ii
https://blankembrace.bandcamp.com/album/kiss-iii
https://blankembrace.bandcamp.com/album/ledice
https://blankembrace.bandcamp.com/album/light-flicker
https://blankembrace.bandcamp.com/album/light-pulses
https://blankembrace.bandcamp.com/album/long-way-to-go-forward-backward-and-aimlessly
https://blankembrace.bandcamp.com/album/loss-of-faith
https://blankembrace.bandcamp.com/album/lost-creation
https://blankembrace.bandcamp.com/album/lost-no-return
https://blankembrace.bandcamp.com/album/loud-light
https://blankembrace.bandcamp.com/album/lowercase-halo
https://blankembrace.bandcamp.com/album/lummy
https://blankembrace.bandcamp.com/album/lust
https://blankembrace.bandcamp.com/album/lution
https://blankembrace.bandcamp.com/album/maurmelatt
https://blankembrace.bandcamp.com/album/mellifluous
https://blankembrace.bandcamp.com/album/melloholli
https://blankembrace.bandcamp.com/album/memory-spin
https://blankembrace.bandcamp.com/album/mildness
https://blankembrace.bandcamp.com/album/minor-self
https://blankembrace.bandcamp.com/album/moments-of
https://blankembrace.bandcamp.com/album/moon-eve-rest
https://blankembrace.bandcamp.com/album/moving-on
https://blankembrace.bandcamp.com/album/my-pretty-friend
https://blankembrace.bandcamp.com/album/mysterious-falls
https://blankembrace.bandcamp.com/album/nearby
https://blankembrace.bandcamp.com/album/nebbyesnnyi
https://blankembrace.bandcamp.com/album/neujeli
https://blankembrace.bandcamp.com/album/no-fight
https://blankembrace.bandcamp.com/album/not-you
https://blankembrace.bandcamp.com/album/oblakko
https://blankembrace.bandcamp.com/album/oblivion
https://blankembrace.bandcamp.com/album/offshore-patterns
https://blankembrace.bandcamp.com/album/ohli
https://blankembrace.bandcamp.com/album/ok
https://blankembrace.bandcamp.com/album/on-behalf-of-the-divinity
https://blankembrace.bandcamp.com/album/on-the-seashore
https://blankembrace.bandcamp.com/album/one-fine-day
https://blankembrace.bandcamp.com/album/one-thing
https://blankembrace.bandcamp.com/album/only-you
https://blankembrace.bandcamp.com/album/orphic
https://blankembrace.bandcamp.com/album/our-sea
https://blankembrace.bandcamp.com/album/outer-worlds
https://blankembrace.bandcamp.com/album/p-ray-er
https://blankembrace.bandcamp.com/album/pacify
https://blankembrace.bandcamp.com/album/pale-edge
https://blankembrace.bandcamp.com/album/pale-tapes-of-autumn
https://blankembrace.bandcamp.com/album/panorama
https://blankembrace.bandcamp.com/album/paradox-creek
https://blankembrace.bandcamp.com/album/passage
https://blankembrace.bandcamp.com/album/passion-passion-passion
https://blankembrace.bandcamp.com/album/paths
https://blankembrace.bandcamp.com/album/perfect-echelon
https://blankembrace.bandcamp.com/album/pesokk
https://blankembrace.bandcamp.com/album/pleasure
https://blankembrace.bandcamp.com/album/po-plotnym-volnam
https://blankembrace.bandcamp.com/album/poluzabvenie
https://blankembrace.bandcamp.com/album/portal-i
https://blankembrace.bandcamp.com/album/portal-ii
https://blankembrace.bandcamp.com/album/portal-iii
https://blankembrace.bandcamp.com/album/pro-nee-ka-ya
https://blankembrace.bandcamp.com/album/promises
https://blankembrace.bandcamp.com/album/proton
https://blankembrace.bandcamp.com/album/pure
https://blankembrace.bandcamp.com/album/pure-gold
https://blankembrace.bandcamp.com/album/puteshestvie
https://blankembrace.bandcamp.com/album/r-i-v-e-r-d-a-n-c-e
https://blankembrace.bandcamp.com/album/radiator
https://blankembrace.bandcamp.com/album/rainbow-fields
https://blankembrace.bandcamp.com/album/rainbow-line
https://blankembrace.bandcamp.com/album/random-numbers-without-meaning
https://blankembrace.bandcamp.com/album/red-red-red
https://blankembrace.bandcamp.com/album/reflection
https://blankembrace.bandcamp.com/album/reject
https://blankembrace.bandcamp.com/album/relation
https://blankembrace.bandcamp.com/album/relief
https://blankembrace.bandcamp.com/album/renaissanse
https://blankembrace.bandcamp.com/album/repeater
https://blankembrace.bandcamp.com/album/returning-home
https://blankembrace.bandcamp.com/album/returning-home-2
https://blankembrace.bandcamp.com/album/river-of-oceans
https://blankembrace.bandcamp.com/album/road-to-the-point
https://blankembrace.bandcamp.com/album/runner
https://blankembrace.bandcamp.com/album/rush
https://blankembrace.bandcamp.com/album/scraper
https://blankembrace.bandcamp.com/album/sentiment
https://blankembrace.bandcamp.com/album/serendipity
https://blankembrace.bandcamp.com/album/she
https://blankembrace.bandcamp.com/album/shines-of-light
https://blankembrace.bandcamp.com/album/shores
https://blankembrace.bandcamp.com/album/siberia
https://blankembrace.bandcamp.com/album/silk-skin
https://blankembrace.bandcamp.com/album/sky-hours
https://blankembrace.bandcamp.com/album/sleepless-grass
https://blankembrace.bandcamp.com/album/so-lucky
https://blankembrace.bandcamp.com/album/something-went-wrong
https://blankembrace.bandcamp.com/album/sonorous
https://blankembrace.bandcamp.com/album/spark
https://blankembrace.bandcamp.com/album/spring-morning
https://blankembrace.bandcamp.com/album/spring-waves
https://blankembrace.bandcamp.com/album/starship
https://blankembrace.bandcamp.com/album/stranded
https://blankembrace.bandcamp.com/album/stuck
https://blankembrace.bandcamp.com/album/summer-fall
https://blankembrace.bandcamp.com/album/sun-quest
https://blankembrace.bandcamp.com/album/sun-wrapped-faces
https://blankembrace.bandcamp.com/album/supercolor
https://blankembrace.bandcamp.com/album/svetoch
https://blankembrace.bandcamp.com/album/sweet-dust
https://blankembrace.bandcamp.com/album/swirl
https://blankembrace.bandcamp.com/album/t-f-l-me
https://blankembrace.bandcamp.com/album/tart-and-spicy
https://blankembrace.bandcamp.com/album/telling-me
https://blankembrace.bandcamp.com/album/tennis-909
https://blankembrace.bandcamp.com/album/teplowarm
https://blankembrace.bandcamp.com/album/teplowarm-ii
https://blankembrace.bandcamp.com/album/thanks-and-summer
https://blankembrace.bandcamp.com/album/the-fields-opera
https://blankembrace.bandcamp.com/album/the-great-arboreal
https://blankembrace.bandcamp.com/album/the-warm-sadness-of-my-past
https://blankembrace.bandcamp.com/album/this-is-the-end
https://blankembrace.bandcamp.com/album/tickle
https://blankembrace.bandcamp.com/album/time-to-time
https://blankembrace.bandcamp.com/album/topaz
https://blankembrace.bandcamp.com/album/tranquility-blossom
https://blankembrace.bandcamp.com/album/true
https://blankembrace.bandcamp.com/album/twinkle-grace
https://blankembrace.bandcamp.com/album/udovolstvie
https://blankembrace.bandcamp.com/album/uplifting-clouds
https://blankembrace.bandcamp.com/album/vnoo-tree
https://blankembrace.bandcamp.com/album/voices-splashes-and-pills
https://blankembrace.bandcamp.com/album/vsegda-navsegda
https://blankembrace.bandcamp.com/album/vspolohi
https://blankembrace.bandcamp.com/album/warlock
https://blankembrace.bandcamp.com/album/warm-ghosts
https://blankembrace.bandcamp.com/album/warm-rain
https://blankembrace.bandcamp.com/album/warm-scars
https://blankembrace.bandcamp.com/album/warms
https://blankembrace.bandcamp.com/album/we-are-like-a-flame
https://blankembrace.bandcamp.com/album/we-should-have-stayed-there
https://blankembrace.bandcamp.com/album/we-will-see-spring
https://blankembrace.bandcamp.com/album/whiff-and-aura
https://blankembrace.bandcamp.com/album/white-shores
https://blankembrace.bandcamp.com/album/whitest
https://blankembrace.bandcamp.com/album/will-leave
https://blankembrace.bandcamp.com/album/wineglass
https://blankembrace.bandcamp.com/album/wizards
https://blankembrace.bandcamp.com/album/yearning
https://blankembrace.bandcamp.com/album/you-will-be-ok
https://blankembrace.bandcamp.com/album/your-eyes
https://blankembrace.bandcamp.com/album/your-eyes-ii
https://blankembrace.bandcamp.com/album/zhfcwtybdf-njrfrghtlfntkmcndj
