https://arrington.bandcamp.com/album/abraxasaxophonic-smooth-jazz-vagina
https://arrington.bandcamp.com/album/alkisah-senyawa-dan-singo-remix-benefit-for-palu-indonesia
https://arrington.bandcamp.com/album/aroma-kahayan
https://arrington.bandcamp.com/album/ayahuasca-tasting-room
https://arrington.bandcamp.com/album/big-ears-on-the-lookout-benefit-for-raices-texas
https://arrington.bandcamp.com/album/big-lung-samba-1993
https://arrington.bandcamp.com/album/blood-moon-raga
https://arrington.bandcamp.com/album/bobcat-flamethroat-1993
https://arrington.bandcamp.com/album/breath-of-fire-klp176
https://arrington.bandcamp.com/album/elo-progo-improvisations
https://arrington.bandcamp.com/album/emergency-ritual-to-avert-nuclear-war
https://arrington.bandcamp.com/album/exorcism-in-america
https://arrington.bandcamp.com/album/gamelan-suara-baru-and-arrington-de-dionyso-live-at-pskaufman-gallery
https://arrington.bandcamp.com/album/honey-and-poison-2019-malaikat-dan-singa
https://arrington.bandcamp.com/album/i-see-beyond-the-black-sun-klp200
https://arrington.bandcamp.com/album/kurdish-rhythms-and-free-improvisation-live-at-the-chapel-performance-space
https://arrington.bandcamp.com/album/live-at-china-cloud-1-12-2018
https://arrington.bandcamp.com/album/live-in-beijing-raw-material-lab-august-1st-2024
https://arrington.bandcamp.com/album/lovers-and-dragons-2014
https://arrington.bandcamp.com/album/low-clarinet-duos-2009
https://arrington.bandcamp.com/album/low-clarinet-symposium-august-2008
https://arrington.bandcamp.com/album/lungs
https://arrington.bandcamp.com/album/malaikat-dan-singa-klp215
https://arrington.bandcamp.com/album/malaikat-dan-singa-live-at-octapas-cafe-4-12-2019
https://arrington.bandcamp.com/album/malaikat-dan-singa-live-at-the-crypt-3-8-2024
https://arrington.bandcamp.com/album/malaikat-dan-singa-rehearsal-tapes
https://arrington.bandcamp.com/album/medicine-blues-tapes
https://arrington.bandcamp.com/album/minneapolis-to-malang
https://arrington.bandcamp.com/album/naga-linglung-unheard-indonesia-vol-9-no-wave-gospel-from-semarang
https://arrington.bandcamp.com/album/open-the-crown
https://arrington.bandcamp.com/album/orga-ar-1994
https://arrington.bandcamp.com/album/osing-trance-banyuwangi-unheard-indonesia-volume-8
https://arrington.bandcamp.com/album/piano-trance-2-holy-ghost-tones-benefit-for-tas-haitian-art-school
https://arrington.bandcamp.com/album/piano-trance-3-beyonc-stagehand-new-moon-ritual-magic
https://arrington.bandcamp.com/album/piano-trance-series-vol-1-saturn-in-pisces
https://arrington.bandcamp.com/album/psicolomagicolo-2005
https://arrington.bandcamp.com/album/raw-honey-and-a-shot-of-poison-the-honey-and-poison-sessions
https://arrington.bandcamp.com/album/return-to-satan-rock
https://arrington.bandcamp.com/album/rites-of-possession-in-scandinavia
https://arrington.bandcamp.com/album/sacred-mushroom-songs
https://arrington.bandcamp.com/album/saturn-returns-2004
https://arrington.bandcamp.com/album/shouting-over-deep-water-blues
https://arrington.bandcamp.com/album/slow-dancin-under-the-moon-tonight
https://arrington.bandcamp.com/album/snowstorm-ragas
https://arrington.bandcamp.com/album/solar-flares
https://arrington.bandcamp.com/album/songs-of-psychic-fire-vol-3
https://arrington.bandcamp.com/album/songs-of-psychic-fire-vol-4
https://arrington.bandcamp.com/album/songs-of-psychic-fire-vol-i
https://arrington.bandcamp.com/album/sound-is-the-medicine
https://arrington.bandcamp.com/album/suara-naga
https://arrington.bandcamp.com/album/ten-thousand-tigers
https://arrington.bandcamp.com/album/the-book-of-angels
https://arrington.bandcamp.com/album/the-casino-a-book
https://arrington.bandcamp.com/album/the-dragon-raga-songs-of-psychic-fire-2020
https://arrington.bandcamp.com/album/the-true-folk-sounds-of-arrington-de-dionyso
https://arrington.bandcamp.com/album/this-mouth-drum-is-my-dragon
https://arrington.bandcamp.com/album/through-the-lions-gate
https://arrington.bandcamp.com/album/tiger-poems-this-music-is-fucking-intense
https://arrington.bandcamp.com/album/trance-music-for-crows
https://arrington.bandcamp.com/album/trance-music-for-crows-live-at-le-voyeur-3-15-2018
https://arrington.bandcamp.com/album/trance-music-for-crows-samhain
https://arrington.bandcamp.com/album/trance-punk-manifesto-vol-ii-lathe-cuts-november-11-2011
https://arrington.bandcamp.com/album/trance-punk-manifesto-vol-iv-most-wicked-dancehall-riddims-in-the-realm-of-magic
https://arrington.bandcamp.com/album/trance-punk-manifestos-vol-iii
https://arrington.bandcamp.com/album/trans-utopian-gangsta-lathe-cuts
https://arrington.bandcamp.com/album/trust-the-drum
https://arrington.bandcamp.com/album/tsunami-benefit-unheard-indonesia-vol-14-serang-dakko-and-friends-in-makassar
https://arrington.bandcamp.com/album/tuvan-shamanism-anxiety-killer
https://arrington.bandcamp.com/album/unheard-indonesa-volume-two-lombok-island-improvisations
https://arrington.bandcamp.com/album/unheard-indonesia-10-kolaborasi-sanggar-budaya-tunjung-nyaho
https://arrington.bandcamp.com/album/unheard-indonesia-12-madura-saronen-irama-putra
https://arrington.bandcamp.com/album/unheard-indonesia-archival-kaset-series-1-jathilan-ojo-sembrono
https://arrington.bandcamp.com/album/unheard-indonesia-vol-11-jaranan-kampung-dokar
https://arrington.bandcamp.com/album/unheard-indonesia-vol-13-kampung-bali-banyuwangi
https://arrington.bandcamp.com/album/unheard-indonesia-vol-15-trance-music-of-east-java-jathilan-gondowangi
https://arrington.bandcamp.com/album/unheard-indonesia-vol-16-return-to-mojowarno-jaranan-tung-dor-2015
https://arrington.bandcamp.com/album/unheard-indonesia-vol-17-reak-juarta-putra-with-arrington-de-dionyso
https://arrington.bandcamp.com/album/unheard-indonesia-vol-5-senyawa-with-arrington-de-dionyso-free-improvisation-in-yogyakarta
https://arrington.bandcamp.com/album/unheard-indonesia-vol-6-jaranan-tung-dor
https://arrington.bandcamp.com/album/unheard-indonesia-vol-7-pancak-silat-situbondo
https://arrington.bandcamp.com/album/unheard-indonesia-vol-i-the-trance-music-of-east-java
https://arrington.bandcamp.com/album/unheard-indonesia-volume-4-singo-budoyo
https://arrington.bandcamp.com/album/unheard-indonesia-volume-three-the-lalove-of-central-sulawesi
https://arrington.bandcamp.com/album/uranium-jupiter-junction-tiger-poems
https://arrington.bandcamp.com/album/varieties-of-religious-experience-klp149
https://arrington.bandcamp.com/album/voice-mask-luna
https://arrington.bandcamp.com/album/when-the-lion-eats-the-dragon-a-fools-guide-to-the-sorcery-of-sound-audiobook
https://arrington.bandcamp.com/album/yama-neko-improvisations-w-tori-kudo-2007
