https://aidanbakercollaborations.bandcamp.com/album/4rooms
https://aidanbakercollaborations.bandcamp.com/album/a-picture-of-a-picture
https://aidanbakercollaborations.bandcamp.com/album/and-the-clouds-played-the-guitar
https://aidanbakercollaborations.bandcamp.com/album/at-home-with
https://aidanbakercollaborations.bandcamp.com/album/at-komma
https://aidanbakercollaborations.bandcamp.com/album/awel
https://aidanbakercollaborations.bandcamp.com/album/b-o-l-t-aidan-baker
https://aidanbakercollaborations.bandcamp.com/album/bout-de-souffle
https://aidanbakercollaborations.bandcamp.com/album/breathing-heavy-heavy-breathing
https://aidanbakercollaborations.bandcamp.com/album/brick-mask
https://aidanbakercollaborations.bandcamp.com/album/cameo
https://aidanbakercollaborations.bandcamp.com/album/cast-down-hunted
https://aidanbakercollaborations.bandcamp.com/album/cntntl
https://aidanbakercollaborations.bandcamp.com/album/crocodile-tears
https://aidanbakercollaborations.bandcamp.com/album/de-fr
https://aidanbakercollaborations.bandcamp.com/album/delirious-things
https://aidanbakercollaborations.bandcamp.com/album/document-eurotour-2011-live-in-paris-ljubljana
https://aidanbakercollaborations.bandcamp.com/album/doppellive
https://aidanbakercollaborations.bandcamp.com/album/enomeni
https://aidanbakercollaborations.bandcamp.com/album/fantasma-parastasie
https://aidanbakercollaborations.bandcamp.com/album/fr-de
https://aidanbakercollaborations.bandcamp.com/album/fragments
https://aidanbakercollaborations.bandcamp.com/album/glass-crocodile-medicine
https://aidanbakercollaborations.bandcamp.com/album/heteroticisms-vol-4
https://aidanbakercollaborations.bandcamp.com/album/in-the-red-room
https://aidanbakercollaborations.bandcamp.com/album/infinite-light-ltd
https://aidanbakercollaborations.bandcamp.com/album/invisible-cities-i
https://aidanbakercollaborations.bandcamp.com/album/invisible-cities-ii
https://aidanbakercollaborations.bandcamp.com/album/januar
https://aidanbakercollaborations.bandcamp.com/album/kinetic-theory
https://aidanbakercollaborations.bandcamp.com/album/laika-world
https://aidanbakercollaborations.bandcamp.com/album/landlos
https://aidanbakercollaborations.bandcamp.com/album/m-pris
https://aidanbakercollaborations.bandcamp.com/album/nagual
https://aidanbakercollaborations.bandcamp.com/album/nihtes-niht
https://aidanbakercollaborations.bandcamp.com/album/no-night-is-long-enough-to-dream-twice
https://aidanbakercollaborations.bandcamp.com/album/nonland
https://aidanbakercollaborations.bandcamp.com/album/noplace
https://aidanbakercollaborations.bandcamp.com/album/orange
https://aidanbakercollaborations.bandcamp.com/album/parapluie
https://aidanbakercollaborations.bandcamp.com/album/rural-sprawl
https://aidanbakercollaborations.bandcamp.com/album/s-t
https://aidanbakercollaborations.bandcamp.com/album/see-through
https://aidanbakercollaborations.bandcamp.com/album/serendipity
https://aidanbakercollaborations.bandcamp.com/album/smudging
https://aidanbakercollaborations.bandcamp.com/album/terza-rima
https://aidanbakercollaborations.bandcamp.com/album/the-air-grows-small-fingers
https://aidanbakercollaborations.bandcamp.com/album/the-bit
https://aidanbakercollaborations.bandcamp.com/album/the-dark-well
https://aidanbakercollaborations.bandcamp.com/album/the-passion-of-joan-of-arc
https://aidanbakercollaborations.bandcamp.com/album/thoughts-of-trio
https://aidanbakercollaborations.bandcamp.com/album/trio-not-trio-letzte-2
https://aidanbakercollaborations.bandcamp.com/album/trio-not-trio-siguiente-2
https://aidanbakercollaborations.bandcamp.com/album/trio-not-trio-trzecia-2
https://aidanbakercollaborations.bandcamp.com/album/trio-not-trio-yn-gyntaf-2
https://aidanbakercollaborations.bandcamp.com/album/trio-not-trio-yonbanme-2
https://aidanbakercollaborations.bandcamp.com/album/trzecia-drugi
https://aidanbakercollaborations.bandcamp.com/album/undercurrents
