https://izprijenost.bandcamp.com/album/as-the-rising-mist-which-dissipates-in-the-everlasting-fog-to-be-everything-yet-nothing
https://izprijenost.bandcamp.com/album/demo-i
https://izprijenost.bandcamp.com/album/demo-ii
https://izprijenost.bandcamp.com/album/demo-iii
https://izprijenost.bandcamp.com/album/demo-iv
https://izprijenost.bandcamp.com/album/demos-i-iv-compilation
https://izprijenost.bandcamp.com/album/divine-in-aeternum-25
https://izprijenost.bandcamp.com/album/gnihton-si-ereht-compilation
https://izprijenost.bandcamp.com/album/mutilation-of-reason
https://izprijenost.bandcamp.com/album/rehearsals-improvs-compilation
https://izprijenost.bandcamp.com/album/s-t
https://izprijenost.bandcamp.com/album/shaped-by-that-which-shall-not-be-named-into-that-which-shall-not-be-recognized
https://izprijenost.bandcamp.com/album/thirst-for-blood-thirst-for-vengeance-demo-i
https://izprijenost.bandcamp.com/album/untitled
https://izprijenost.bandcamp.com/album/untitled-2
https://izprijenost.bandcamp.com/album/untitled-3
https://izprijenost.bandcamp.com/album/untitled-4
https://izprijenost.bandcamp.com/album/v-a-compilation-of-rot
https://izprijenost.bandcamp.com/album/visions-of-atrophy-split
https://izprijenost.bandcamp.com/track/untitled-12
https://izprijenost.bandcamp.com/track/untitled-9
