https://acidmotherstemple.bandcamp.com/album/10000-light-years-astro-marathon-explosion-vol-1
https://acidmotherstemple.bandcamp.com/album/10000-light-years-astro-marathon-explosion-vol-2
https://acidmotherstemple.bandcamp.com/album/2010-a-space-ritual-2010
https://acidmotherstemple.bandcamp.com/album/acid-mothers-doravideo
https://acidmotherstemple.bandcamp.com/album/acid-mothers-temple-1995-1997-vol-1
https://acidmotherstemple.bandcamp.com/album/acid-mothers-temple-1995-1997-vol-2
https://acidmotherstemple.bandcamp.com/album/acid-mothership-live-remastered
https://acidmotherstemple.bandcamp.com/album/amt-calendar-2025-digital-single
https://acidmotherstemple.bandcamp.com/album/amt24
https://acidmotherstemple.bandcamp.com/album/amt24-vol-2
https://acidmotherstemple.bandcamp.com/album/amt24-vol-3
https://acidmotherstemple.bandcamp.com/album/amt24-vol-4
https://acidmotherstemple.bandcamp.com/album/astro-heaven-or-cosmo-hell-2001
https://acidmotherstemple.bandcamp.com/album/astro-infinity-discoth-que
https://acidmotherstemple.bandcamp.com/album/belgrade-2017
https://acidmotherstemple.bandcamp.com/album/bite-the-ball-baby
https://acidmotherstemple.bandcamp.com/album/black-magic-satori
https://acidmotherstemple.bandcamp.com/album/blues-for-alleluia
https://acidmotherstemple.bandcamp.com/album/born-to-be-wild-in-the-u-s-a-2000
https://acidmotherstemple.bandcamp.com/album/buried-time-and-excavated-memories
https://acidmotherstemple.bandcamp.com/album/chaos-unforgiven-kisses-or-grateful-dead-kennedys
https://acidmotherstemple.bandcamp.com/album/concert-paris-vol-1
https://acidmotherstemple.bandcamp.com/album/concert-paris-vol-2
https://acidmotherstemple.bandcamp.com/album/cosmic-funeral-route-666-remsastered
https://acidmotherstemple.bandcamp.com/album/cosmic-raid-2020
https://acidmotherstemple.bandcamp.com/album/dangerous-lips-or-electric-love-sick
https://acidmotherstemple.bandcamp.com/album/dark-star-blues-remix-paradox-2021
https://acidmotherstemple.bandcamp.com/album/domino-dimension-drumatique-vol-1
https://acidmotherstemple.bandcamp.com/album/domino-dimension-drumatique-vol-2
https://acidmotherstemple.bandcamp.com/album/doobie-wonderland
https://acidmotherstemple.bandcamp.com/album/electric-heavyland
https://acidmotherstemple.bandcamp.com/album/evoltech-hell-bros-2010
https://acidmotherstemple.bandcamp.com/album/exhausted-experimental-exposure
https://acidmotherstemple.bandcamp.com/album/for-how-much-longer-do-we-tolerate-goofy-funk
https://acidmotherstemple.bandcamp.com/album/freak-out
https://acidmotherstemple.bandcamp.com/album/free-my-infinity-desire
https://acidmotherstemple.bandcamp.com/album/garage-5-ep
https://acidmotherstemple.bandcamp.com/album/gassha
https://acidmotherstemple.bandcamp.com/album/giant-psychedelia
https://acidmotherstemple.bandcamp.com/album/giga-psychedelia-acid-mothers-temple-festival-vol-10
https://acidmotherstemple.bandcamp.com/album/god-bless-acid-mothers-temple
https://acidmotherstemple.bandcamp.com/album/god-save-acid-mothers-temple
https://acidmotherstemple.bandcamp.com/album/godspeed-acid-mothers-temple
https://acidmotherstemple.bandcamp.com/album/great-debauchees-go-to-prison
https://acidmotherstemple.bandcamp.com/album/hardcore-uncle-meat-live-in-croatia-2005
https://acidmotherstemple.bandcamp.com/album/heavenly-hellfire-overlord
https://acidmotherstemple.bandcamp.com/album/hello-acid-brothers-sisters
https://acidmotherstemple.bandcamp.com/album/hierodoulai-banquet-3
https://acidmotherstemple.bandcamp.com/album/hotter-than-hell-in-london-2015
https://acidmotherstemple.bandcamp.com/album/hotter-than-inferno-live-in-osaka-2007
https://acidmotherstemple.bandcamp.com/album/how-was-the-decisive-moment-recorded
https://acidmotherstemple.bandcamp.com/album/hypnotic-liquid-machine-from-the-golden-utopia
https://acidmotherstemple.bandcamp.com/album/in-g
https://acidmotherstemple.bandcamp.com/album/in-texas-2023
https://acidmotherstemple.bandcamp.com/album/in-the-light-of-destiny-live-at-indoyo
https://acidmotherstemple.bandcamp.com/album/interstellar-guru-and-zero
https://acidmotherstemple.bandcamp.com/album/invasion-of-kobe-2023
https://acidmotherstemple.bandcamp.com/album/journey-into-the-cosmic-inferno
https://acidmotherstemple.bandcamp.com/album/la-no-via
https://acidmotherstemple.bandcamp.com/album/last-concert-in-tokyo
https://acidmotherstemple.bandcamp.com/album/last-concert-of-the-first-chapter
https://acidmotherstemple.bandcamp.com/album/leashed-in-the-east-live-in-tokyo-2023-2
https://acidmotherstemple.bandcamp.com/album/legends-reassemble-2022
https://acidmotherstemple.bandcamp.com/album/let-s-all-go-to-paraiso-inferno
https://acidmotherstemple.bandcamp.com/album/lets-dance-with-shiva
https://acidmotherstemple.bandcamp.com/album/liberation-of-japan
https://acidmotherstemple.bandcamp.com/album/live-at-20th-acid-mothers-temple-festival-vol-1
https://acidmotherstemple.bandcamp.com/album/live-at-20th-acid-mothers-temple-festival-vol-2
https://acidmotherstemple.bandcamp.com/album/live-at-cave12
https://acidmotherstemple.bandcamp.com/album/live-at-namba-bears-2023
https://acidmotherstemple.bandcamp.com/album/live-at-pezner-1998
https://acidmotherstemple.bandcamp.com/album/live-hoochie-koo-vol-1
https://acidmotherstemple.bandcamp.com/album/live-hoochie-koo-vol-2
https://acidmotherstemple.bandcamp.com/album/live-in-baltimore-feat-cotton-casino
https://acidmotherstemple.bandcamp.com/album/live-in-berlin-2022
https://acidmotherstemple.bandcamp.com/album/live-in-brattleboro-2002
https://acidmotherstemple.bandcamp.com/album/live-in-europe-2002
https://acidmotherstemple.bandcamp.com/album/live-in-japan
https://acidmotherstemple.bandcamp.com/album/live-in-london-2001
https://acidmotherstemple.bandcamp.com/album/live-in-london-2025
https://acidmotherstemple.bandcamp.com/album/live-in-new-orleans-2023
https://acidmotherstemple.bandcamp.com/album/live-in-north-carolina-2015
https://acidmotherstemple.bandcamp.com/album/live-in-phoenix-2024
https://acidmotherstemple.bandcamp.com/album/live-in-portland-vol-1
https://acidmotherstemple.bandcamp.com/album/live-in-portland-vol-2
https://acidmotherstemple.bandcamp.com/album/live-in-santa-cruz-2024
https://acidmotherstemple.bandcamp.com/album/live-in-springfield-2023
https://acidmotherstemple.bandcamp.com/album/live-in-sweden-2015
https://acidmotherstemple.bandcamp.com/album/live-in-tokyo
https://acidmotherstemple.bandcamp.com/album/live-in-tolosa-remastered
https://acidmotherstemple.bandcamp.com/album/live-in-valencia-2025
https://acidmotherstemple.bandcamp.com/album/live-rebootleg-in-pangea
https://acidmotherstemple.bandcamp.com/album/love-the-bomb-from-uranus
https://acidmotherstemple.bandcamp.com/album/made-in-london
https://acidmotherstemple.bandcamp.com/album/mega-psychedelia
https://acidmotherstemple.bandcamp.com/album/metarebootleg-in-barcelona-2022
https://acidmotherstemple.bandcamp.com/album/monobrow-imbroglio-no-5
https://acidmotherstemple.bandcamp.com/album/monsters-of-the-universe-attacked-iron-man-city
https://acidmotherstemple.bandcamp.com/album/ordovician-dual-zero
https://acidmotherstemple.bandcamp.com/album/osaka-incident-2021
https://acidmotherstemple.bandcamp.com/album/paralyzed-paradigm-2000
https://acidmotherstemple.bandcamp.com/album/pink-lady-a-go-go-live-in-lisbon-2022
https://acidmotherstemple.bandcamp.com/album/pink-lady-lemonade-double-sweet-sucker-punch
https://acidmotherstemple.bandcamp.com/album/power-house-of-holy
https://acidmotherstemple.bandcamp.com/album/rebootleg-vol-1
https://acidmotherstemple.bandcamp.com/album/rebootleg-vol-2
https://acidmotherstemple.bandcamp.com/album/remixtasy-cometary-orbital-drive
https://acidmotherstemple.bandcamp.com/album/remixtasy-pink-lady-lemonade
https://acidmotherstemple.bandcamp.com/album/rock-n-roll-grapplers-666
https://acidmotherstemple.bandcamp.com/album/sacred-and-inviolable-phase-shift
https://acidmotherstemple.bandcamp.com/album/sacrifice-for-ottawa
https://acidmotherstemple.bandcamp.com/album/shall-we-return-to-outer-space
https://acidmotherstemple.bandcamp.com/album/space-troubadour-chanson-2019-vol-1
https://acidmotherstemple.bandcamp.com/album/space-troubadour-chanson-2019-vol-2
https://acidmotherstemple.bandcamp.com/album/spaceship-bar-b-q-live-in-kansas-city-2024
https://acidmotherstemple.bandcamp.com/album/speed-guru
https://acidmotherstemple.bandcamp.com/album/stones-women-and-records-at-takutaku-2009
https://acidmotherstemple.bandcamp.com/album/stubnitz-2006
https://acidmotherstemple.bandcamp.com/album/the-dark-side-of-the-monk
https://acidmotherstemple.bandcamp.com/album/the-man-who-fell-to-us-live-in-nagoya-2017
https://acidmotherstemple.bandcamp.com/album/the-night-before-the-sky-fell-in-america-sept-10-2001
https://acidmotherstemple.bandcamp.com/album/the-night-you-awoke-and-flew-away-in-another-planet
https://acidmotherstemple.bandcamp.com/album/the-origin-of-acid-mothers-temple
https://acidmotherstemple.bandcamp.com/album/the-psychedelic-fiction-sauce-book
https://acidmotherstemple.bandcamp.com/album/the-unlimited-dream-cloister
https://acidmotherstemple.bandcamp.com/album/tokyo-assassin-1998
https://acidmotherstemple.bandcamp.com/album/toronto-2015
https://acidmotherstemple.bandcamp.com/album/totally-nullust
https://acidmotherstemple.bandcamp.com/album/unstoppable-trance-hazard
https://acidmotherstemple.bandcamp.com/album/voice-from-ghostwood
https://acidmotherstemple.bandcamp.com/album/wild-gals-a-go-go-complete-version
https://acidmotherstemple.bandcamp.com/album/you-cant-do-that-on-the-radio-anymore
