https://polarlichthnw.bandcamp.com/album/-
https://polarlichthnw.bandcamp.com/album/--2
https://polarlichthnw.bandcamp.com/album/--3
https://polarlichthnw.bandcamp.com/album/--4
https://polarlichthnw.bandcamp.com/album/--5
https://polarlichthnw.bandcamp.com/album/--6
https://polarlichthnw.bandcamp.com/album/--7
https://polarlichthnw.bandcamp.com/album/--8
https://polarlichthnw.bandcamp.com/album/92909714
https://polarlichthnw.bandcamp.com/album/a-lamp-and-an-angel-united
https://polarlichthnw.bandcamp.com/album/a-vida-um-pesadelo-que-deixa-sua-marca-em-n-s-a-fim-de-provar-que-de-fato-real
https://polarlichthnw.bandcamp.com/album/all-his-teeth-turned-into-birds-then-the-moon-then-the-moon-and-the-sky-behind-him
https://polarlichthnw.bandcamp.com/album/all-of-your-design
https://polarlichthnw.bandcamp.com/album/all-of-your-gain
https://polarlichthnw.bandcamp.com/album/all-of-your-pain
https://polarlichthnw.bandcamp.com/album/all-of-your-pleasure
https://polarlichthnw.bandcamp.com/album/alma
https://polarlichthnw.bandcamp.com/album/an-order-in-preference-to-any-other-order
https://polarlichthnw.bandcamp.com/album/and-everyone-says-i-need-to-leave-even-though-its-not-easy
https://polarlichthnw.bandcamp.com/album/angela-my-wife
https://polarlichthnw.bandcamp.com/album/anhedonia
https://polarlichthnw.bandcamp.com/album/are-the-bodies-and-ships-of-god
https://polarlichthnw.bandcamp.com/album/arrebatamento
https://polarlichthnw.bandcamp.com/album/astronomy-and-polar-coordinates
https://polarlichthnw.bandcamp.com/album/bite-a-doubt-between-her-teeth
https://polarlichthnw.bandcamp.com/album/black-rain
https://polarlichthnw.bandcamp.com/album/designs-upon-this-world
https://polarlichthnw.bandcamp.com/album/ent-o-eles-viram-a-paciente-tentando-escapar-ela-contou-dez-m-os-com-um-olho-e-cinco-dentes-com-uma-l-ngua
https://polarlichthnw.bandcamp.com/album/esp-rito
https://polarlichthnw.bandcamp.com/album/establishment-agreement
https://polarlichthnw.bandcamp.com/album/eyes-still-sealed
https://polarlichthnw.bandcamp.com/album/fear-of-not-feeling-nothing
https://polarlichthnw.bandcamp.com/album/fool
https://polarlichthnw.bandcamp.com/album/fragments-of-silence
https://polarlichthnw.bandcamp.com/album/gnathochromis-pfefferi
https://polarlichthnw.bandcamp.com/album/go-away-i-wont-cry-i-know-how-to-take-care-of-myself
https://polarlichthnw.bandcamp.com/album/go-to-sleep-bird
https://polarlichthnw.bandcamp.com/album/held-by-an-angel
https://polarlichthnw.bandcamp.com/album/household-events
https://polarlichthnw.bandcamp.com/album/i-beg-your-pardon
https://polarlichthnw.bandcamp.com/album/i-can-hear-my-dreams-crash
https://polarlichthnw.bandcamp.com/album/i-dont-have-all-these-illusions-and-despite-having-so-many-hearts-my-war-will-never-never-end
https://polarlichthnw.bandcamp.com/album/i-dont-miss-you
https://polarlichthnw.bandcamp.com/album/i-dont-need-you-to-be-kind
https://polarlichthnw.bandcamp.com/album/i-have-found-your-name-many-times
https://polarlichthnw.bandcamp.com/album/i-hope-to-die-soon
https://polarlichthnw.bandcamp.com/album/i-wet-my-cheeks-with-bitter-tears
https://polarlichthnw.bandcamp.com/album/i-wet-my-words-with-strong-drinks
https://polarlichthnw.bandcamp.com/album/im-dying-one-step-at-a-time
https://polarlichthnw.bandcamp.com/album/improvisation-1
https://polarlichthnw.bandcamp.com/album/improvisation-2
https://polarlichthnw.bandcamp.com/album/it-is-not-a-good-justification-if-you-want-to-do-something-because-you-have-no-other-choice
https://polarlichthnw.bandcamp.com/album/it-was-never-a-tragedy-you-know-very-well-what-you-did
https://polarlichthnw.bandcamp.com/album/just-as-easy-to-die-on-a-bright-sunny-day
https://polarlichthnw.bandcamp.com/album/killing-time
https://polarlichthnw.bandcamp.com/album/memories-are-intoxicating-tears-cut-you-open
https://polarlichthnw.bandcamp.com/album/moon-in-quarter
https://polarlichthnw.bandcamp.com/album/music-for-the-anxious
https://polarlichthnw.bandcamp.com/album/music-for-the-waiting-room
https://polarlichthnw.bandcamp.com/album/one-1-for-needle
https://polarlichthnw.bandcamp.com/album/our-dawn-passed-by-the-spring
https://polarlichthnw.bandcamp.com/album/passion-to-burn
https://polarlichthnw.bandcamp.com/album/path
https://polarlichthnw.bandcamp.com/album/polarlicht-sado-rituals
https://polarlichthnw.bandcamp.com/album/practice
https://polarlichthnw.bandcamp.com/album/recycled-statements
https://polarlichthnw.bandcamp.com/album/repose
https://polarlichthnw.bandcamp.com/album/running-away
https://polarlichthnw.bandcamp.com/album/search-for-all-viewers
https://polarlichthnw.bandcamp.com/album/sebastian-polarlicht
https://polarlichthnw.bandcamp.com/album/sentimento
https://polarlichthnw.bandcamp.com/album/skilled-to-counter-the-bad-standard
https://polarlichthnw.bandcamp.com/album/small-avalanches-as-the-sharp-sun-struck-day-after-day
https://polarlichthnw.bandcamp.com/album/solar-winds-stardust
https://polarlichthnw.bandcamp.com/album/someone-who-never-cried-over-their-own-brothers-blood
https://polarlichthnw.bandcamp.com/album/sp-nl001
https://polarlichthnw.bandcamp.com/album/sp-nl003
https://polarlichthnw.bandcamp.com/album/sugar-and-such-things
https://polarlichthnw.bandcamp.com/album/symphony-0
https://polarlichthnw.bandcamp.com/album/tape-works-1
https://polarlichthnw.bandcamp.com/album/tape-works-15
https://polarlichthnw.bandcamp.com/album/tape-works-2
https://polarlichthnw.bandcamp.com/album/tape-works-3
https://polarlichthnw.bandcamp.com/album/that-was-the-way-and-those-were-the-horrors
https://polarlichthnw.bandcamp.com/album/the-clock-to-tease-stopped-for-a-moment
https://polarlichthnw.bandcamp.com/album/the-end-of-each-one
https://polarlichthnw.bandcamp.com/album/the-god-above-you
https://polarlichthnw.bandcamp.com/album/the-lack-of-consideration-destroys-oneself
https://polarlichthnw.bandcamp.com/album/the-most-common-role
https://polarlichthnw.bandcamp.com/album/the-swamp-mansion-of-the-crocodile-people-hellfire-honeycomb
https://polarlichthnw.bandcamp.com/album/the-whole-week-is-a-quiet-rain-taking-demons-with-your-permission
https://polarlichthnw.bandcamp.com/album/the-world-is-sick
https://polarlichthnw.bandcamp.com/album/there-is-a-lot-to-know-about-the-position-of-the-second-judge
https://polarlichthnw.bandcamp.com/album/this-aint-the-garden-of-eden-there-aint-no-angels-above
https://polarlichthnw.bandcamp.com/album/thousands-of-people-waiting-for-music
https://polarlichthnw.bandcamp.com/album/throw-a-spider-like-a-boomerang
https://polarlichthnw.bandcamp.com/album/transparency
https://polarlichthnw.bandcamp.com/album/two-4-for-infrastructure
https://polarlichthnw.bandcamp.com/album/untitled
https://polarlichthnw.bandcamp.com/album/untitled-10
https://polarlichthnw.bandcamp.com/album/untitled-11
https://polarlichthnw.bandcamp.com/album/untitled-13
https://polarlichthnw.bandcamp.com/album/untitled-14
https://polarlichthnw.bandcamp.com/album/untitled-15
https://polarlichthnw.bandcamp.com/album/untitled-18
https://polarlichthnw.bandcamp.com/album/untitled-19
https://polarlichthnw.bandcamp.com/album/untitled-2
https://polarlichthnw.bandcamp.com/album/untitled-22
https://polarlichthnw.bandcamp.com/album/untitled-23
https://polarlichthnw.bandcamp.com/album/untitled-24
https://polarlichthnw.bandcamp.com/album/untitled-25
https://polarlichthnw.bandcamp.com/album/untitled-26
https://polarlichthnw.bandcamp.com/album/untitled-3
https://polarlichthnw.bandcamp.com/album/untitled-32
https://polarlichthnw.bandcamp.com/album/untitled-34
https://polarlichthnw.bandcamp.com/album/untitled-35
https://polarlichthnw.bandcamp.com/album/untitled-4
https://polarlichthnw.bandcamp.com/album/untitled-5
https://polarlichthnw.bandcamp.com/album/untitled-6
https://polarlichthnw.bandcamp.com/album/untitled-7
https://polarlichthnw.bandcamp.com/album/untitled-8
https://polarlichthnw.bandcamp.com/album/untitled-9
https://polarlichthnw.bandcamp.com/album/vol-1
https://polarlichthnw.bandcamp.com/album/vol-2
https://polarlichthnw.bandcamp.com/album/volume-1
https://polarlichthnw.bandcamp.com/album/volume-2
https://polarlichthnw.bandcamp.com/album/volume-3
https://polarlichthnw.bandcamp.com/album/we-found-three-small-heads-in-holes-and-a-coin-near-them
https://polarlichthnw.bandcamp.com/album/were-miserable-so-miserable
https://polarlichthnw.bandcamp.com/album/whats-left-when-a-black-ship-dies
https://polarlichthnw.bandcamp.com/album/when-we-enter-the-spiral-we-carve-a-frog
https://polarlichthnw.bandcamp.com/album/where-do-we-go-after-the-end-of-the-world
https://polarlichthnw.bandcamp.com/album/you-are-my-only-friend-2
https://polarlichthnw.bandcamp.com/album/you-found-what-youre-looking-for
