https://mickchillage.bandcamp.com/album/09-19-25-cd-box-set
https://mickchillage.bandcamp.com/album/2024-reflected-compilation-ambient-mix
https://mickchillage.bandcamp.com/album/2025-reflected-compilation-ambient-mix
https://mickchillage.bandcamp.com/album/a-distant-reflection
https://mickchillage.bandcamp.com/album/a-distant-reflection-2
https://mickchillage.bandcamp.com/album/a-moog-a-kalimba
https://mickchillage.bandcamp.com/album/a-soul-like-winter
https://mickchillage.bandcamp.com/album/abandoned-memories
https://mickchillage.bandcamp.com/album/acceptance-extended-mix
https://mickchillage.bandcamp.com/album/acid-forms-volume-one
https://mickchillage.bandcamp.com/album/acid-forms-volume-two
https://mickchillage.bandcamp.com/album/after-the-storm
https://mickchillage.bandcamp.com/album/alba-patera
https://mickchillage.bandcamp.com/album/alter-of-illusions
https://mickchillage.bandcamp.com/album/altostratus
https://mickchillage.bandcamp.com/album/amen-forms
https://mickchillage.bandcamp.com/album/anemoi
https://mickchillage.bandcamp.com/album/anisotropic-synchrony
https://mickchillage.bandcamp.com/album/architects-of-existence
https://mickchillage.bandcamp.com/album/are-we-programmed
https://mickchillage.bandcamp.com/album/astronomy-for-beginners
https://mickchillage.bandcamp.com/album/autumn-of-communion-2020-remaster
https://mickchillage.bandcamp.com/album/beauty-of-the-desert
https://mickchillage.bandcamp.com/album/between-moments
https://mickchillage.bandcamp.com/album/between-the-endless-silence
https://mickchillage.bandcamp.com/album/between-the-endless-silence-2
https://mickchillage.bandcamp.com/album/beyond-the-endless-silence
https://mickchillage.bandcamp.com/album/brain-oscillations
https://mickchillage.bandcamp.com/album/breathe-again
https://mickchillage.bandcamp.com/album/celestial-observations
https://mickchillage.bandcamp.com/album/celestial-observations-2
https://mickchillage.bandcamp.com/album/chapters-09-19
https://mickchillage.bandcamp.com/album/circadian-rhythm
https://mickchillage.bandcamp.com/album/compiled-vol-1-2
https://mickchillage.bandcamp.com/album/compiled-vol-2
https://mickchillage.bandcamp.com/album/compiled-vol-3
https://mickchillage.bandcamp.com/album/data-space-base
https://mickchillage.bandcamp.com/album/departure-first-class-edition
https://mickchillage.bandcamp.com/album/deviazoni-cosmiche-2
https://mickchillage.bandcamp.com/album/devotology
https://mickchillage.bandcamp.com/album/distant-light
https://mickchillage.bandcamp.com/album/drone-ensembles
https://mickchillage.bandcamp.com/album/e-i-m
https://mickchillage.bandcamp.com/album/early-mc303-tracks-1996-to-1998-volume-1
https://mickchillage.bandcamp.com/album/early-mc303-tracks-1996-to-1998-volume-2
https://mickchillage.bandcamp.com/album/early-mc303-tracks-1996-to-1998-volume-3
https://mickchillage.bandcamp.com/album/earth-spaces
https://mickchillage.bandcamp.com/album/epinaz
https://mickchillage.bandcamp.com/album/expanse
https://mickchillage.bandcamp.com/album/expanse-2
https://mickchillage.bandcamp.com/album/exulansis
https://mickchillage.bandcamp.com/album/eye-on-the-city
https://mickchillage.bandcamp.com/album/faxology
https://mickchillage.bandcamp.com/album/faxology-2022
https://mickchillage.bandcamp.com/album/from-shores-to-stars
https://mickchillage.bandcamp.com/album/gmrv-2ms
https://mickchillage.bandcamp.com/album/growth
https://mickchillage.bandcamp.com/album/growth-2
https://mickchillage.bandcamp.com/album/growth-pt-2
https://mickchillage.bandcamp.com/album/harmonic-connections
https://mickchillage.bandcamp.com/album/hiraeth-support-for-ukraine
https://mickchillage.bandcamp.com/album/in-sequence
https://mickchillage.bandcamp.com/album/infinite-perspectives
https://mickchillage.bandcamp.com/album/initial-programs-what-tomorrow-brings
https://mickchillage.bandcamp.com/album/integration-loops
https://mickchillage.bandcamp.com/album/inter-dimensional-guidance
https://mickchillage.bandcamp.com/album/intervals-of-light
https://mickchillage.bandcamp.com/album/jouhatsu
https://mickchillage.bandcamp.com/album/koromebi
https://mickchillage.bandcamp.com/album/lethe-river-of-forgetfulness
https://mickchillage.bandcamp.com/album/lowest-forms
https://mickchillage.bandcamp.com/album/lowest-forms-2
https://mickchillage.bandcamp.com/album/m-odes
https://mickchillage.bandcamp.com/album/m-odes-2
https://mickchillage.bandcamp.com/album/marius-regio
https://mickchillage.bandcamp.com/album/meditations
https://mickchillage.bandcamp.com/album/mirrors
https://mickchillage.bandcamp.com/album/moogs-moods-memories
https://mickchillage.bandcamp.com/album/morphogenic-realities
https://mickchillage.bandcamp.com/album/morphogenic-realities-2
https://mickchillage.bandcamp.com/album/morphogenic-realities-3
https://mickchillage.bandcamp.com/album/ms-v-ms
https://mickchillage.bandcamp.com/album/ms-v-ms-2
https://mickchillage.bandcamp.com/album/night-works-original-cdr
https://mickchillage.bandcamp.com/album/night-works-special-edition
https://mickchillage.bandcamp.com/album/nocturnes-resonatiae
https://mickchillage.bandcamp.com/album/oceanus-procellarum
https://mickchillage.bandcamp.com/album/ophiuchi
https://mickchillage.bandcamp.com/album/orphaned-tracks-vol-6
https://mickchillage.bandcamp.com/album/orphaned-tracks-vol-five
https://mickchillage.bandcamp.com/album/orphaned-tracks-vol-four
https://mickchillage.bandcamp.com/album/orphaned-tracks-vol-one
https://mickchillage.bandcamp.com/album/orphaned-tracks-vol-three
https://mickchillage.bandcamp.com/album/orphaned-tracks-vol-two
https://mickchillage.bandcamp.com/album/paths
https://mickchillage.bandcamp.com/album/pixels
https://mickchillage.bandcamp.com/album/pixels-ii-2
https://mickchillage.bandcamp.com/album/pixels-iii
https://mickchillage.bandcamp.com/album/points-of-gradation
https://mickchillage.bandcamp.com/album/pulsations
https://mickchillage.bandcamp.com/album/reverie
https://mickchillage.bandcamp.com/album/rewired-volume-2-remixes-by-mick-chillage
https://mickchillage.bandcamp.com/album/rewired-volume-one-remixes-by-mick-chillage
https://mickchillage.bandcamp.com/album/rise
https://mickchillage.bandcamp.com/album/saudade
https://mickchillage.bandcamp.com/album/saudade-2
https://mickchillage.bandcamp.com/album/senescence
https://mickchillage.bandcamp.com/album/sheltered
https://mickchillage.bandcamp.com/album/silfra-diving
https://mickchillage.bandcamp.com/album/skua-atlantic-atlantic-fusion
https://mickchillage.bandcamp.com/album/sky-gazing
https://mickchillage.bandcamp.com/album/sky-gazing-2
https://mickchillage.bandcamp.com/album/skywave-transmissions
https://mickchillage.bandcamp.com/album/so-far-from-home
https://mickchillage.bandcamp.com/album/so-far-from-home-2
https://mickchillage.bandcamp.com/album/sonoluminescence
https://mickchillage.bandcamp.com/album/soundescapes
https://mickchillage.bandcamp.com/album/surveying-wastelands-2
https://mickchillage.bandcamp.com/album/tales-from-the-igloo-3
https://mickchillage.bandcamp.com/album/tales-from-the-igloo-re-told
https://mickchillage.bandcamp.com/album/temporal-cities
https://mickchillage.bandcamp.com/album/the-function-of-life
https://mickchillage.bandcamp.com/album/the-function-of-life-2
https://mickchillage.bandcamp.com/album/the-life-exquisite
https://mickchillage.bandcamp.com/album/the-order-of-the-heavens
https://mickchillage.bandcamp.com/album/three-deep-breaths
https://mickchillage.bandcamp.com/album/tides-of-melancholy
https://mickchillage.bandcamp.com/album/time-lapsed-skies
https://mickchillage.bandcamp.com/album/trail-of-stars
https://mickchillage.bandcamp.com/album/transitions
https://mickchillage.bandcamp.com/album/two-days
https://mickchillage.bandcamp.com/album/ulf-02
https://mickchillage.bandcamp.com/album/ulf-0i
https://mickchillage.bandcamp.com/album/undercurrents
https://mickchillage.bandcamp.com/album/urban-nature
https://mickchillage.bandcamp.com/album/vaporized-special-bandcamp-edition
https://mickchillage.bandcamp.com/album/variants-of-perception-2
https://mickchillage.bandcamp.com/album/variants-of-perception-3
https://mickchillage.bandcamp.com/album/voice-of-the-ancients
https://mickchillage.bandcamp.com/album/water-air-light
https://mickchillage.bandcamp.com/album/waveshape-fiction
https://mickchillage.bandcamp.com/album/zen-diagrams
https://mickchillage.bandcamp.com/track/footsteps-in-fog-extended
