https://andrewchalk.bandcamp.com/album/a-light-at-the-edge-of-the-world
https://andrewchalk.bandcamp.com/album/a-paper-dolls-whisper-of-spring
https://andrewchalk.bandcamp.com/album/apple
https://andrewchalk.bandcamp.com/album/balayes-de-la-main-du-hasard
https://andrewchalk.bandcamp.com/album/baroque-steps
https://andrewchalk.bandcamp.com/album/blue-eyes-of-the-march-2
https://andrewchalk.bandcamp.com/album/bright-rivers-run-shimmer-in-the-sun
https://andrewchalk.bandcamp.com/album/clarte-deserte
https://andrewchalk.bandcamp.com/album/dreams
https://andrewchalk.bandcamp.com/album/drifting
https://andrewchalk.bandcamp.com/album/east-of-the-sun-2
https://andrewchalk.bandcamp.com/album/everyone-goes-home-when-the-sun-sets
https://andrewchalk.bandcamp.com/album/fall-in-the-wake-of-a-flawless-landscape
https://andrewchalk.bandcamp.com/album/first-second-and-third-drop
https://andrewchalk.bandcamp.com/album/forty-nine-views-in-rhapsodies-wave-serene
https://andrewchalk.bandcamp.com/album/ghost-of-nakhodka-4
https://andrewchalk.bandcamp.com/album/ghosts-of-nakhodka
https://andrewchalk.bandcamp.com/album/ghosts-on-water
https://andrewchalk.bandcamp.com/album/goldfall
https://andrewchalk.bandcamp.com/album/higan
https://andrewchalk.bandcamp.com/album/in-faxfleet-clouds-uplifted-autumn-gave-passage-to-kind-nature
https://andrewchalk.bandcamp.com/album/incidental-music
https://andrewchalk.bandcamp.com/album/la-lumiere-parfumee
https://andrewchalk.bandcamp.com/album/la-passion-delodie
https://andrewchalk.bandcamp.com/album/la-porte-ouverte
https://andrewchalk.bandcamp.com/album/le-manteau-detoiles
https://andrewchalk.bandcamp.com/album/le-nid-dore-musique-en-scene-iv
https://andrewchalk.bandcamp.com/album/letat-intermediaire
https://andrewchalk.bandcamp.com/album/light-of-the-world
https://andrewchalk.bandcamp.com/album/meiosis
https://andrewchalk.bandcamp.com/album/miniatures-persanes
https://andrewchalk.bandcamp.com/album/mosaics
https://andrewchalk.bandcamp.com/album/musique-en-scene
https://andrewchalk.bandcamp.com/album/mutsu-no-hana
https://andrewchalk.bandcamp.com/album/odyssee
https://andrewchalk.bandcamp.com/album/of-beauty-reminiscing
https://andrewchalk.bandcamp.com/album/one-long-year
https://andrewchalk.bandcamp.com/album/paradise-lost
https://andrewchalk.bandcamp.com/album/senshu-2
https://andrewchalk.bandcamp.com/album/shadows-from-the-album-skies
https://andrewchalk.bandcamp.com/album/skagafjordur
https://andrewchalk.bandcamp.com/album/small-wonder
https://andrewchalk.bandcamp.com/album/songs-of-the-sea-2
https://andrewchalk.bandcamp.com/album/the-cable-house
https://andrewchalk.bandcamp.com/album/the-circle-of-days
https://andrewchalk.bandcamp.com/album/the-circle-of-days-2
https://andrewchalk.bandcamp.com/album/the-circle-of-days-3
https://andrewchalk.bandcamp.com/album/the-circle-of-days-4
https://andrewchalk.bandcamp.com/album/the-circle-of-days-5
https://andrewchalk.bandcamp.com/album/the-days-after
https://andrewchalk.bandcamp.com/album/the-end-times
https://andrewchalk.bandcamp.com/album/the-full-use-of-nothing
https://andrewchalk.bandcamp.com/album/the-golden-road
https://andrewchalk.bandcamp.com/album/the-innocents
https://andrewchalk.bandcamp.com/album/the-river-that-flows-into-the-sands
https://andrewchalk.bandcamp.com/album/the-river-that-flows-into-the-sands-ii
https://andrewchalk.bandcamp.com/album/the-shadows-go-their-own-way
https://andrewchalk.bandcamp.com/album/the-sun-ages
https://andrewchalk.bandcamp.com/album/time-of-hayfield
https://andrewchalk.bandcamp.com/album/vega
https://andrewchalk.bandcamp.com/album/violin-by-night
https://andrewchalk.bandcamp.com/album/whispering-pages
https://andrewchalk.bandcamp.com/album/yama-to-nashi
https://andrewchalk.bandcamp.com/track/from-the-poets-dream
