https://aarondilloway.bandcamp.com/album/after-the-showers?label=1153901306&tab=music
https://aarondilloway.bandcamp.com/album/arms-and-everything-else?label=1153901306&tab=music
https://aarondilloway.bandcamp.com/album/at-wave-farm-plus?label=1153901306&tab=music
https://aarondilloway.bandcamp.com/album/bad-dreams?label=1153901306&tab=music
https://aarondilloway.bandcamp.com/album/banned-bent?label=1153901306&tab=music
https://aarondilloway.bandcamp.com/album/beggar-master?label=1153901306&tab=music
https://aarondilloway.bandcamp.com/album/blizzard?label=1153901306&tab=music
https://aarondilloway.bandcamp.com/album/blue-studies-for-tom-smith?label=1153901306&tab=music
https://aarondilloway.bandcamp.com/album/boggs-vol-1?label=1153901306&tab=music
https://aarondilloway.bandcamp.com/album/chain-shot?label=1153901306&tab=music
https://aarondilloway.bandcamp.com/album/chicken-traces?label=1153901306&tab=music
https://aarondilloway.bandcamp.com/album/color-changing-knife?label=1153901306&tab=music
https://aarondilloway.bandcamp.com/album/concealed?label=1153901306&tab=music
https://aarondilloway.bandcamp.com/album/corpse-on-horseback?label=1153901306&tab=music
https://aarondilloway.bandcamp.com/album/cymbal-reel-mic-01-17-2001?label=1153901306&tab=music
https://aarondilloway.bandcamp.com/album/door-with-no-handle?label=1153901306&tab=music
https://aarondilloway.bandcamp.com/album/dropout-elements?label=1153901306&tab=music
https://aarondilloway.bandcamp.com/album/familiar-frightening?label=1153901306&tab=music
https://aarondilloway.bandcamp.com/album/foul?label=1153901306&tab=music
https://aarondilloway.bandcamp.com/album/freak-out-your-friends-2?label=1153901306&tab=music
https://aarondilloway.bandcamp.com/album/hatched-eggs?label=1153901306&tab=music
https://aarondilloway.bandcamp.com/album/heavy-2?label=1153901306&tab=music
https://aarondilloway.bandcamp.com/album/i-drink-your-skin?label=1153901306&tab=music
https://aarondilloway.bandcamp.com/album/in-stitches?label=1153901306&tab=music
https://aarondilloway.bandcamp.com/album/infinite-lucifer?label=1153901306&tab=music
https://aarondilloway.bandcamp.com/album/inside-dead-bird?label=1153901306&tab=music
https://aarondilloway.bandcamp.com/album/lip-syncing-to-verme?label=1153901306&tab=music
https://aarondilloway.bandcamp.com/album/live-at-a-museum?label=1153901306&tab=music
https://aarondilloway.bandcamp.com/album/live-in-a-basement-to-no-one?label=1153901306&tab=music
https://aarondilloway.bandcamp.com/album/lucy-aaron?label=1153901306&tab=music
https://aarondilloway.bandcamp.com/album/medusa?label=1153901306&tab=music
https://aarondilloway.bandcamp.com/album/modern-jester?label=1153901306&tab=music
https://aarondilloway.bandcamp.com/album/moondust?label=1153901306&tab=music
https://aarondilloway.bandcamp.com/album/one-night-at-flux-box?label=1153901306&tab=music
https://aarondilloway.bandcamp.com/album/pearl-drills?label=1153901306&tab=music
https://aarondilloway.bandcamp.com/album/psychic-driving-tapes?label=1153901306&tab=music
https://aarondilloway.bandcamp.com/album/radio-nepal-vol-1?label=1153901306&tab=music
https://aarondilloway.bandcamp.com/album/radio-nepal-vol-2?label=1153901306&tab=music
https://aarondilloway.bandcamp.com/album/radio-nepal-vol-3?label=1153901306&tab=music
https://aarondilloway.bandcamp.com/album/rawhide-2?label=1153901306&tab=music
https://aarondilloway.bandcamp.com/album/return-to-wave-farm-2?label=1153901306&tab=music
https://aarondilloway.bandcamp.com/album/rozart-mix?label=1153901306&tab=music
https://aarondilloway.bandcamp.com/album/rrrecycled?label=1153901306&tab=music
https://aarondilloway.bandcamp.com/album/second-foul?label=1153901306&tab=music
https://aarondilloway.bandcamp.com/album/secret-destroyed-instantly?label=1153901306&tab=music
https://aarondilloway.bandcamp.com/album/seizure?label=1153901306&tab=music
https://aarondilloway.bandcamp.com/album/siena?label=1153901306&tab=music
https://aarondilloway.bandcamp.com/album/smoldering-cloth-and-skeleton-outlines?label=1153901306&tab=music
https://aarondilloway.bandcamp.com/album/songs-about-jason?label=1153901306&tab=music
https://aarondilloway.bandcamp.com/album/sounds-of-nepal-volumes-1-3?label=1153901306&tab=music
https://aarondilloway.bandcamp.com/album/sounds-of-the-indian-snake-charmer-vol-two?label=1153901306&tab=music
https://aarondilloway.bandcamp.com/album/sounds-of-the-indian-snake-charmer?label=1153901306&tab=music
https://aarondilloway.bandcamp.com/album/split?label=1153901306&tab=music
https://aarondilloway.bandcamp.com/album/sugar-colt?label=1153901306&tab=music
https://aarondilloway.bandcamp.com/album/switches?label=1153901306&tab=music
https://aarondilloway.bandcamp.com/album/the-absence-of-milk-in-the-mouths-of-the-lost-original-score-2?label=1153901306&tab=music
https://aarondilloway.bandcamp.com/album/the-beauty-bath?label=1153901306&tab=music
https://aarondilloway.bandcamp.com/album/the-gag-out?label=1153901306&tab=music
https://aarondilloway.bandcamp.com/album/the-squid?label=1153901306&tab=music
https://aarondilloway.bandcamp.com/album/tractor-cuts?label=1153901306&tab=music
https://aarondilloway.bandcamp.com/album/under-pressure?label=1153901306&tab=music
https://aarondilloway.bandcamp.com/album/uss-orgo?label=1153901306&tab=music
https://aarondilloway.bandcamp.com/album/wolf-eyes-w-spykes?label=1153901306&tab=music
https://hansonrecords.bandcamp.com/album/1991-summer-huntington-garage-fire
https://hansonrecords.bandcamp.com/album/30-minuten-m-nnercreme
https://hansonrecords.bandcamp.com/album/7734
https://hansonrecords.bandcamp.com/album/born-again-to-die
https://hansonrecords.bandcamp.com/album/chapter-eleven
https://hansonrecords.bandcamp.com/album/death-tone
https://hansonrecords.bandcamp.com/album/drawn-dead
https://hansonrecords.bandcamp.com/album/drug-addict
https://hansonrecords.bandcamp.com/album/dystrophy
https://hansonrecords.bandcamp.com/album/exercise
https://hansonrecords.bandcamp.com/album/exhumed-corpse
https://hansonrecords.bandcamp.com/album/ha-ha-laughing-record
https://hansonrecords.bandcamp.com/album/in-the-shade-of-fire
https://hansonrecords.bandcamp.com/album/labyrinths-jokes
https://hansonrecords.bandcamp.com/album/le-origini-dell-idolatria
https://hansonrecords.bandcamp.com/album/lucy-aaron-2
https://hansonrecords.bandcamp.com/album/obedience-cuts
https://hansonrecords.bandcamp.com/album/paralysis
https://hansonrecords.bandcamp.com/album/slice-through-or-in-glassmetal
https://hansonrecords.bandcamp.com/album/slot-machine-music
https://hansonrecords.bandcamp.com/album/sneezes-breezes
https://hansonrecords.bandcamp.com/album/spatters-of-a-royal-sperm
https://hansonrecords.bandcamp.com/album/terra-cotta-skull
https://hansonrecords.bandcamp.com/album/theres-nothing-to-smile-about
https://hansonrecords.bandcamp.com/album/total-vacuum
https://hansonrecords.bandcamp.com/album/tusco-terror-2
https://hansonrecords.bandcamp.com/album/twig-harper
https://hansonrecords.bandcamp.com/album/underground-ocean
https://oonlyfaces.bandcamp.com/album/its-not-so-nice?label=1153901306&tab=music
https://oonlyfaces.bandcamp.com/album/proboscis-tape?label=1153901306&tab=music
https://oonlyfaces.bandcamp.com/album/run-to-the-fountain?label=1153901306&tab=music
https://robertturman.bandcamp.com/album/a-day-in-the-life?label=1153901306&tab=music
https://spinescavenger.bandcamp.com/album/crossfire-in-skanatel-attack?label=1153901306&tab=music
https://spinescavenger.bandcamp.com/album/eremitic?label=1153901306&tab=music
https://spinescavenger.bandcamp.com/album/the-lodge?label=1153901306&tab=music
https://spinescavenger.bandcamp.com/album/the-raider?label=1153901306&tab=music
https://spinescavenger.bandcamp.com/album/va-t-en?label=1153901306&tab=music
https://spinescavenger.bandcamp.com/album/weighted-ghost?label=1153901306&tab=music
