https://vacantwasteland.bandcamp.com/album/100th
https://vacantwasteland.bandcamp.com/album/10th
https://vacantwasteland.bandcamp.com/album/10th-set
https://vacantwasteland.bandcamp.com/album/11th
https://vacantwasteland.bandcamp.com/album/11th-set
https://vacantwasteland.bandcamp.com/album/12th
https://vacantwasteland.bandcamp.com/album/12th-set
https://vacantwasteland.bandcamp.com/album/13th
https://vacantwasteland.bandcamp.com/album/13th-set
https://vacantwasteland.bandcamp.com/album/14th
https://vacantwasteland.bandcamp.com/album/14th-set
https://vacantwasteland.bandcamp.com/album/15th
https://vacantwasteland.bandcamp.com/album/15th-set
https://vacantwasteland.bandcamp.com/album/16th
https://vacantwasteland.bandcamp.com/album/16th-set-2
https://vacantwasteland.bandcamp.com/album/17th
https://vacantwasteland.bandcamp.com/album/17th-set
https://vacantwasteland.bandcamp.com/album/18th
https://vacantwasteland.bandcamp.com/album/18th-set
https://vacantwasteland.bandcamp.com/album/19th
https://vacantwasteland.bandcamp.com/album/19th-set
https://vacantwasteland.bandcamp.com/album/1st
https://vacantwasteland.bandcamp.com/album/1st-box
https://vacantwasteland.bandcamp.com/album/1st-last
https://vacantwasteland.bandcamp.com/album/1st-revise
https://vacantwasteland.bandcamp.com/album/1st-set
https://vacantwasteland.bandcamp.com/album/20th
https://vacantwasteland.bandcamp.com/album/20th-set
https://vacantwasteland.bandcamp.com/album/21st
https://vacantwasteland.bandcamp.com/album/21st-set
https://vacantwasteland.bandcamp.com/album/22nd
https://vacantwasteland.bandcamp.com/album/22nd-set
https://vacantwasteland.bandcamp.com/album/23rd
https://vacantwasteland.bandcamp.com/album/23rd-set
https://vacantwasteland.bandcamp.com/album/24th
https://vacantwasteland.bandcamp.com/album/24th-set
https://vacantwasteland.bandcamp.com/album/25th
https://vacantwasteland.bandcamp.com/album/25th-set
https://vacantwasteland.bandcamp.com/album/26th
https://vacantwasteland.bandcamp.com/album/26th-set-2
https://vacantwasteland.bandcamp.com/album/27th
https://vacantwasteland.bandcamp.com/album/27th-set
https://vacantwasteland.bandcamp.com/album/28th
https://vacantwasteland.bandcamp.com/album/28th-set
https://vacantwasteland.bandcamp.com/album/29th
https://vacantwasteland.bandcamp.com/album/29th-set
https://vacantwasteland.bandcamp.com/album/2nd
https://vacantwasteland.bandcamp.com/album/2nd-box
https://vacantwasteland.bandcamp.com/album/2nd-revise
https://vacantwasteland.bandcamp.com/album/2nd-set
https://vacantwasteland.bandcamp.com/album/30th
https://vacantwasteland.bandcamp.com/album/30th-set
https://vacantwasteland.bandcamp.com/album/31st
https://vacantwasteland.bandcamp.com/album/31st-set
https://vacantwasteland.bandcamp.com/album/32nd
https://vacantwasteland.bandcamp.com/album/32nd-set
https://vacantwasteland.bandcamp.com/album/33rd
https://vacantwasteland.bandcamp.com/album/34th
https://vacantwasteland.bandcamp.com/album/35th
https://vacantwasteland.bandcamp.com/album/36th
https://vacantwasteland.bandcamp.com/album/37th
https://vacantwasteland.bandcamp.com/album/38th
https://vacantwasteland.bandcamp.com/album/39th
https://vacantwasteland.bandcamp.com/album/3rd
https://vacantwasteland.bandcamp.com/album/3rd-box-2
https://vacantwasteland.bandcamp.com/album/3rd-revise
https://vacantwasteland.bandcamp.com/album/3rd-set
https://vacantwasteland.bandcamp.com/album/40th
https://vacantwasteland.bandcamp.com/album/41st
https://vacantwasteland.bandcamp.com/album/42nd
https://vacantwasteland.bandcamp.com/album/43rd
https://vacantwasteland.bandcamp.com/album/44th
https://vacantwasteland.bandcamp.com/album/45th
https://vacantwasteland.bandcamp.com/album/46th
https://vacantwasteland.bandcamp.com/album/47th
https://vacantwasteland.bandcamp.com/album/48th
https://vacantwasteland.bandcamp.com/album/49th
https://vacantwasteland.bandcamp.com/album/4th
https://vacantwasteland.bandcamp.com/album/4th-box
https://vacantwasteland.bandcamp.com/album/4th-revise
https://vacantwasteland.bandcamp.com/album/4th-set
https://vacantwasteland.bandcamp.com/album/50th
https://vacantwasteland.bandcamp.com/album/51st
https://vacantwasteland.bandcamp.com/album/52nd
https://vacantwasteland.bandcamp.com/album/53rd
https://vacantwasteland.bandcamp.com/album/54th
https://vacantwasteland.bandcamp.com/album/55th
https://vacantwasteland.bandcamp.com/album/56th
https://vacantwasteland.bandcamp.com/album/57th
https://vacantwasteland.bandcamp.com/album/58th
https://vacantwasteland.bandcamp.com/album/59th
https://vacantwasteland.bandcamp.com/album/5th
https://vacantwasteland.bandcamp.com/album/5th-box
https://vacantwasteland.bandcamp.com/album/5th-revise
https://vacantwasteland.bandcamp.com/album/5th-set
https://vacantwasteland.bandcamp.com/album/60th
https://vacantwasteland.bandcamp.com/album/61st
https://vacantwasteland.bandcamp.com/album/62nd
https://vacantwasteland.bandcamp.com/album/63rd
https://vacantwasteland.bandcamp.com/album/64th
https://vacantwasteland.bandcamp.com/album/65th
https://vacantwasteland.bandcamp.com/album/66th
https://vacantwasteland.bandcamp.com/album/67th
https://vacantwasteland.bandcamp.com/album/68th
https://vacantwasteland.bandcamp.com/album/69th
https://vacantwasteland.bandcamp.com/album/6th
https://vacantwasteland.bandcamp.com/album/6th-revise
https://vacantwasteland.bandcamp.com/album/6th-set
https://vacantwasteland.bandcamp.com/album/70th
https://vacantwasteland.bandcamp.com/album/71st
https://vacantwasteland.bandcamp.com/album/72nd
https://vacantwasteland.bandcamp.com/album/73rd
https://vacantwasteland.bandcamp.com/album/74th
https://vacantwasteland.bandcamp.com/album/75th
https://vacantwasteland.bandcamp.com/album/76th-2
https://vacantwasteland.bandcamp.com/album/77th
https://vacantwasteland.bandcamp.com/album/78th
https://vacantwasteland.bandcamp.com/album/79th
https://vacantwasteland.bandcamp.com/album/7th
https://vacantwasteland.bandcamp.com/album/7th-revise
https://vacantwasteland.bandcamp.com/album/7th-set
https://vacantwasteland.bandcamp.com/album/80th-2
https://vacantwasteland.bandcamp.com/album/81st
https://vacantwasteland.bandcamp.com/album/82nd-2
https://vacantwasteland.bandcamp.com/album/83rd
https://vacantwasteland.bandcamp.com/album/84th
https://vacantwasteland.bandcamp.com/album/85th
https://vacantwasteland.bandcamp.com/album/86th
https://vacantwasteland.bandcamp.com/album/87th
https://vacantwasteland.bandcamp.com/album/88th
https://vacantwasteland.bandcamp.com/album/89th
https://vacantwasteland.bandcamp.com/album/8th
https://vacantwasteland.bandcamp.com/album/8th-revise-2
https://vacantwasteland.bandcamp.com/album/8th-set
https://vacantwasteland.bandcamp.com/album/90th
https://vacantwasteland.bandcamp.com/album/91st
https://vacantwasteland.bandcamp.com/album/92nd
https://vacantwasteland.bandcamp.com/album/93rd
https://vacantwasteland.bandcamp.com/album/94th
https://vacantwasteland.bandcamp.com/album/95th
https://vacantwasteland.bandcamp.com/album/96th-2
https://vacantwasteland.bandcamp.com/album/97th
https://vacantwasteland.bandcamp.com/album/98th
https://vacantwasteland.bandcamp.com/album/99th
https://vacantwasteland.bandcamp.com/album/9th
https://vacantwasteland.bandcamp.com/album/9th-set
