https://bosenoise.bandcamp.com/album/acid-mother
https://bosenoise.bandcamp.com/album/against-a-fuse
https://bosenoise.bandcamp.com/album/ambient-story
https://bosenoise.bandcamp.com/album/apocalypse-of-the-third-dimension
https://bosenoise.bandcamp.com/album/astral-prophecy
https://bosenoise.bandcamp.com/album/b-ses-art-of-zen
https://bosenoise.bandcamp.com/album/blackhole-blues
https://bosenoise.bandcamp.com/album/blood-sweat-and-b-se
https://bosenoise.bandcamp.com/album/bosetronic
https://bosenoise.bandcamp.com/album/california
https://bosenoise.bandcamp.com/album/chain-of-evil
https://bosenoise.bandcamp.com/album/chillin-mit-b-se
https://bosenoise.bandcamp.com/album/city-in-the-fog
https://bosenoise.bandcamp.com/album/cobalt-reverb
https://bosenoise.bandcamp.com/album/crow-dance
https://bosenoise.bandcamp.com/album/deeper-than-bones
https://bosenoise.bandcamp.com/album/dust
https://bosenoise.bandcamp.com/album/empathy-for-the-devil
https://bosenoise.bandcamp.com/album/experimentally-mindblown
https://bosenoise.bandcamp.com/album/father
https://bosenoise.bandcamp.com/album/flying-away
https://bosenoise.bandcamp.com/album/forever-in-space
https://bosenoise.bandcamp.com/album/foundation-to-fight-with-the-shadow
https://bosenoise.bandcamp.com/album/funeral-of-good-taste
https://bosenoise.bandcamp.com/album/howlin-in-space
https://bosenoise.bandcamp.com/album/human-race-delegalized
https://bosenoise.bandcamp.com/album/hurricane
https://bosenoise.bandcamp.com/album/imperium
https://bosenoise.bandcamp.com/album/in-den-rachen-des-b-sen
https://bosenoise.bandcamp.com/album/intergalactic-desert
https://bosenoise.bandcamp.com/album/iron-joe
https://bosenoise.bandcamp.com/album/jeane-kischott
https://bosenoise.bandcamp.com/album/jetpack-man-flying-over-a-landscape
https://bosenoise.bandcamp.com/album/knauben-schnaucer
https://bosenoise.bandcamp.com/album/last-days-of-the-internet
https://bosenoise.bandcamp.com/album/lazarus-lizard
https://bosenoise.bandcamp.com/album/loud-day
https://bosenoise.bandcamp.com/album/magic-engine
https://bosenoise.bandcamp.com/album/moonshaker
https://bosenoise.bandcamp.com/album/moonsnake
https://bosenoise.bandcamp.com/album/mystery-tales-of-don-fungus
https://bosenoise.bandcamp.com/album/neolith-deathcult
https://bosenoise.bandcamp.com/album/no-s-u-od-pu-s-n-l-u-s
https://bosenoise.bandcamp.com/album/oath-to-sand-vow-to-swamp
https://bosenoise.bandcamp.com/album/one-day
https://bosenoise.bandcamp.com/album/orange-flashback
https://bosenoise.bandcamp.com/album/oxynorm
https://bosenoise.bandcamp.com/album/pope-on-dope
https://bosenoise.bandcamp.com/album/psychotroll
https://bosenoise.bandcamp.com/album/purple-brain
https://bosenoise.bandcamp.com/album/ride-to-the-sky
https://bosenoise.bandcamp.com/album/roof-of-the-world
https://bosenoise.bandcamp.com/album/seduction-of-an-angel
https://bosenoise.bandcamp.com/album/shamshir
https://bosenoise.bandcamp.com/album/soar-into-the-endless-madness
https://bosenoise.bandcamp.com/album/son-of-the-connoisseur
https://bosenoise.bandcamp.com/album/sonic-meditation
https://bosenoise.bandcamp.com/album/space-jam
https://bosenoise.bandcamp.com/album/starving-for-blood
https://bosenoise.bandcamp.com/album/stoner-martyr
https://bosenoise.bandcamp.com/album/stop-thinking-make-noize
https://bosenoise.bandcamp.com/album/storm-is-coming-2
https://bosenoise.bandcamp.com/album/the-last-needle-will-fall
https://bosenoise.bandcamp.com/album/thorn
https://bosenoise.bandcamp.com/album/tomahawk-tomorrow
https://bosenoise.bandcamp.com/album/triglav
https://bosenoise.bandcamp.com/album/trip-around-the-space
https://bosenoise.bandcamp.com/album/try-the-alchemy-of-b-se
https://bosenoise.bandcamp.com/album/ultimate-temple-of-doom
https://bosenoise.bandcamp.com/album/vanilla-gorilla
https://bosenoise.bandcamp.com/album/virgin-goats
https://bosenoise.bandcamp.com/album/what-would-you-like-to-do-in-the-past
