https://benjaminfinger.bandcamp.com/album/10-digital
https://benjaminfinger.bandcamp.com/album/95-ep-digital
https://benjaminfinger.bandcamp.com/album/amorosa-sensitiva-digital
https://benjaminfinger.bandcamp.com/album/auditory-colors
https://benjaminfinger.bandcamp.com/album/benjamin-finger-live-at-caf-mir
https://benjaminfinger.bandcamp.com/album/benjamin-finger-remixes-2008-2015
https://benjaminfinger.bandcamp.com/album/collected-super-8mm-works-dvd-tba
https://benjaminfinger.bandcamp.com/album/drama-in-wonderland-photo-book-tba
https://benjaminfinger.bandcamp.com/album/exit-du-d-part
https://benjaminfinger.bandcamp.com/album/for-those-about-to-love-digital
https://benjaminfinger.bandcamp.com/album/for-you-sleepsleeper-digital
https://benjaminfinger.bandcamp.com/album/ghost-figures-digital
https://benjaminfinger.bandcamp.com/album/grums-book-a-novel-tba
https://benjaminfinger.bandcamp.com/album/influences-shm-mix
https://benjaminfinger.bandcamp.com/album/into-light-digital
https://benjaminfinger.bandcamp.com/album/less-one-knows
https://benjaminfinger.bandcamp.com/album/listen-to-my-nerves-hum-cd-deluxe-version-sold-out
https://benjaminfinger.bandcamp.com/album/listen-to-my-nerves-hum-digital
https://benjaminfinger.bandcamp.com/album/milky-white-mix-dj-set
https://benjaminfinger.bandcamp.com/album/mood-chaser-digital
https://benjaminfinger.bandcamp.com/album/motion-reverse-digital
https://benjaminfinger.bandcamp.com/album/p-p-mj-u-z-k-7-inch-single-vinyl
https://benjaminfinger.bandcamp.com/album/pleasurably-lost-digital
https://benjaminfinger.bandcamp.com/album/pleasure-voltage-benjamin-finger-james-plotkin-mia-zabelka
https://benjaminfinger.bandcamp.com/album/scale-of-blindness-digital
https://benjaminfinger.bandcamp.com/album/the-bet-digital
https://benjaminfinger.bandcamp.com/album/voice-frames
https://benjaminfinger.bandcamp.com/album/we-carry-the-weight
https://benjaminfinger.bandcamp.com/album/wf-33-planet-exile
https://benjaminfinger.bandcamp.com/album/woods-of-broccoli-digital
