https://quietdetails.bandcamp.com/album/a-life-we-once-lived
https://quietdetails.bandcamp.com/album/a-new-place
https://quietdetails.bandcamp.com/album/a-still-voice
https://quietdetails.bandcamp.com/album/a-warm-static-sphere
https://quietdetails.bandcamp.com/album/balance
https://quietdetails.bandcamp.com/album/chroma
https://quietdetails.bandcamp.com/album/days-of-gold
https://quietdetails.bandcamp.com/album/discerned-in-the-fugue-of-streams
https://quietdetails.bandcamp.com/album/duet
https://quietdetails.bandcamp.com/album/en-sten-for-solen
https://quietdetails.bandcamp.com/album/escape-now
https://quietdetails.bandcamp.com/album/everyday-exotic
https://quietdetails.bandcamp.com/album/exotopia
https://quietdetails.bandcamp.com/album/forces-reactions-deflections
https://quietdetails.bandcamp.com/album/frost-forms
https://quietdetails.bandcamp.com/album/hope-isnt-a-four-letter-word
https://quietdetails.bandcamp.com/album/i-wish-there-was-a-place-like-that
https://quietdetails.bandcamp.com/album/if-all-will-be-lost
https://quietdetails.bandcamp.com/album/in-your-hands
https://quietdetails.bandcamp.com/album/kansai-botanicals
https://quietdetails.bandcamp.com/album/lake-deep-memory
https://quietdetails.bandcamp.com/album/lapis-2
https://quietdetails.bandcamp.com/album/lichen-cloak-on-a-white-stone
https://quietdetails.bandcamp.com/album/lijnverkenning
https://quietdetails.bandcamp.com/album/mirage
https://quietdetails.bandcamp.com/album/modal-operandi
https://quietdetails.bandcamp.com/album/monologue
https://quietdetails.bandcamp.com/album/onde-sinusoi-dale-et-bande-magne-tique
https://quietdetails.bandcamp.com/album/one-universal-breath
https://quietdetails.bandcamp.com/album/only-now
https://quietdetails.bandcamp.com/album/polymer
https://quietdetails.bandcamp.com/album/roses-in-the-casement-window
https://quietdetails.bandcamp.com/album/salt-water-motifs
https://quietdetails.bandcamp.com/album/sea-swallowed-wands
https://quietdetails.bandcamp.com/album/signal
https://quietdetails.bandcamp.com/album/south-of-the-lake
https://quietdetails.bandcamp.com/album/speak-thou-vast-and-venerable-head
https://quietdetails.bandcamp.com/album/tales-of-introspection
https://quietdetails.bandcamp.com/album/tectonic-particles
https://quietdetails.bandcamp.com/album/terre-poussi-re
https://quietdetails.bandcamp.com/album/the-absence-of-being
https://quietdetails.bandcamp.com/album/the-unfading-spark
https://quietdetails.bandcamp.com/album/this-warm-this-late
https://quietdetails.bandcamp.com/album/tone-maps
https://quietdetails.bandcamp.com/album/weeds
https://quietdetails.bandcamp.com/album/well-here-we-are
https://quietdetails.bandcamp.com/album/yesterday-sky
