https://chier.bandcamp.com/album/-
https://chier.bandcamp.com/album/abraded
https://chier.bandcamp.com/album/adventice
https://chier.bandcamp.com/album/anima-spiritus-corpus
https://chier.bandcamp.com/album/bliss
https://chier.bandcamp.com/album/cabaret-du-neant
https://chier.bandcamp.com/album/caprices-de-luxe
https://chier.bandcamp.com/album/cellar-masturbatorium
https://chier.bandcamp.com/album/chant-de-morte
https://chier.bandcamp.com/album/chier-asleep-in-the-lake-split
https://chier.bandcamp.com/album/chier-clp-la-jeune-fille-et-la-mort
https://chier.bandcamp.com/album/chier-grvd-split
https://chier.bandcamp.com/album/chier-p-rn-split
https://chier.bandcamp.com/album/chiereich
https://chier.bandcamp.com/album/cold-moon-over-the-swamp
https://chier.bandcamp.com/album/connexion
https://chier.bandcamp.com/album/dad-deep-in-our-hearts-you-ll-always-stay-loved-and-missed-every-day
https://chier.bandcamp.com/album/deconstructed
https://chier.bandcamp.com/album/dollface
https://chier.bandcamp.com/album/education-de-la-baronne
https://chier.bandcamp.com/album/exorcismo
https://chier.bandcamp.com/album/exuvie
https://chier.bandcamp.com/album/femme-au-miroir
https://chier.bandcamp.com/album/fleur
https://chier.bandcamp.com/album/fleurdelysage
https://chier.bandcamp.com/album/french-cancan
https://chier.bandcamp.com/album/funeral-fog
https://chier.bandcamp.com/album/i-will-be-back
https://chier.bandcamp.com/album/kaptur
https://chier.bandcamp.com/album/la-belle-et-la-b-te
https://chier.bandcamp.com/album/la-jeune-fille-et-la-mort
https://chier.bandcamp.com/album/la-notti-del-terrore
https://chier.bandcamp.com/album/la-veuve-au-vagin-dent
https://chier.bandcamp.com/album/lamour-de-catherine
https://chier.bandcamp.com/album/leather-goods
https://chier.bandcamp.com/album/les-corps-du-christ
https://chier.bandcamp.com/album/loordhemol
https://chier.bandcamp.com/album/lovebath
https://chier.bandcamp.com/album/maitresse-des-pendus
https://chier.bandcamp.com/album/malediction
https://chier.bandcamp.com/album/maleficesp
https://chier.bandcamp.com/album/maximum-perversum
https://chier.bandcamp.com/album/meat
https://chier.bandcamp.com/album/nature-morte
https://chier.bandcamp.com/album/nazi-porn-fuck-off
https://chier.bandcamp.com/album/necronymphomaniacs
https://chier.bandcamp.com/album/new-wave-hookers
https://chier.bandcamp.com/album/no-presents-for-christmas
https://chier.bandcamp.com/album/noir-et-sang
https://chier.bandcamp.com/album/o
https://chier.bandcamp.com/album/p
https://chier.bandcamp.com/album/pissing-fun
https://chier.bandcamp.com/album/polar-era-i
https://chier.bandcamp.com/album/polar-era-ii
https://chier.bandcamp.com/album/polar-era-iii
https://chier.bandcamp.com/album/regulations
https://chier.bandcamp.com/album/ringer
https://chier.bandcamp.com/album/salvatrice-part-i
https://chier.bandcamp.com/album/salvatrice-part-ii
https://chier.bandcamp.com/album/sloth-chier-split
https://chier.bandcamp.com/album/static-phantasy-i
https://chier.bandcamp.com/album/static-phantasy-ii
https://chier.bandcamp.com/album/statische-bestimmtheit
https://chier.bandcamp.com/album/t-tm
https://chier.bandcamp.com/album/teenage-vi-sex-1975
https://chier.bandcamp.com/album/tendresse
https://chier.bandcamp.com/album/themadnessisthemethod
https://chier.bandcamp.com/album/tunnel-clair
https://chier.bandcamp.com/album/tunnel-of-love
https://chier.bandcamp.com/album/untitled
https://chier.bandcamp.com/album/untitled-2
https://chier.bandcamp.com/album/untitled-4
https://chier.bandcamp.com/album/visions-nocturne
https://chier.bandcamp.com/album/wet-nurse
https://chier.bandcamp.com/album/your-daughter-s-so-pretty-in-that-dress
https://chier.bandcamp.com/track/976-am
https://chier.bandcamp.com/track/gimpburl-rrr-chier-phyllomedusa-split
