https://deathsdynamicshroud.bandcamp.com/album/after-angel
https://deathsdynamicshroud.bandcamp.com/album/classroom-sexxtape
https://deathsdynamicshroud.bandcamp.com/album/d-e-s-i-r-e
https://deathsdynamicshroud.bandcamp.com/album/darklife-2
https://deathsdynamicshroud.bandcamp.com/album/derelict-3
https://deathsdynamicshroud.bandcamp.com/album/evangelis
https://deathsdynamicshroud.bandcamp.com/album/faith-in-persona
https://deathsdynamicshroud.bandcamp.com/album/genomods
https://deathsdynamicshroud.bandcamp.com/album/heavy-black-heart-3
https://deathsdynamicshroud.bandcamp.com/album/ill-try-living-like-this
https://deathsdynamicshroud.bandcamp.com/album/keys-to-the-gate-2
https://deathsdynamicshroud.bandcamp.com/album/live-from-japan
https://deathsdynamicshroud.bandcamp.com/album/messe-de-e-102
https://deathsdynamicshroud.bandcamp.com/album/midnight-tangerine-2
https://deathsdynamicshroud.bandcamp.com/album/monument-to-the-architect
https://deathsdynamicshroud.bandcamp.com/album/mystic-quest
https://deathsdynamicshroud.bandcamp.com/album/neon-memories
https://deathsdynamicshroud.bandcamp.com/album/nuwrld
https://deathsdynamicshroud.bandcamp.com/album/olympics
https://deathsdynamicshroud.bandcamp.com/album/online
https://deathsdynamicshroud.bandcamp.com/album/poison
https://deathsdynamicshroud.bandcamp.com/album/regret
https://deathsdynamicshroud.bandcamp.com/album/rpg
https://deathsdynamicshroud.bandcamp.com/album/seawrld
https://deathsdynamicshroud.bandcamp.com/album/seawrld-2
https://deathsdynamicshroud.bandcamp.com/album/the-lunar-curtain
https://deathsdynamicshroud.bandcamp.com/album/the-lunar-curtain-ii
https://deathsdynamicshroud.bandcamp.com/album/transcendence-bot
https://deathsdynamicshroud.bandcamp.com/album/virtual-utopia-experience
https://deathsdynamicshroud.bandcamp.com/track/judgment-bolt
