https://kurvakinzoradioamatorkoalicio.bandcamp.com/album/a-l-nyok-szerint-m-r-j-a-v-tel
https://kurvakinzoradioamatorkoalicio.bandcamp.com/album/a-n-sz-ve-egy-jfekete-napkelte
https://kurvakinzoradioamatorkoalicio.bandcamp.com/album/agyvel-t-puszt-t-nesznek-cir-gat-sa
https://kurvakinzoradioamatorkoalicio.bandcamp.com/album/boml-svesz-ly
https://kurvakinzoradioamatorkoalicio.bandcamp.com/album/csataszajha
https://kurvakinzoradioamatorkoalicio.bandcamp.com/album/d-gl-tt-kurv-n-rothad-cs-cs-k
https://kurvakinzoradioamatorkoalicio.bandcamp.com/album/ebb-l-az-rz-sb-l-val-sz-n-leg-sosem-lesz-el-g
https://kurvakinzoradioamatorkoalicio.bandcamp.com/album/egy-rossz-sz-t-se-t-bbet-a-kurv-kr-l
https://kurvakinzoradioamatorkoalicio.bandcamp.com/album/egyre-nyilv-nval-bb-a-beazonos-thatatlans-g
https://kurvakinzoradioamatorkoalicio.bandcamp.com/album/egzotikus-buli
https://kurvakinzoradioamatorkoalicio.bandcamp.com/album/eleganci-val-szakad-sz-vetek
https://kurvakinzoradioamatorkoalicio.bandcamp.com/album/elsz-ll-eml-kek-az-es-ben
https://kurvakinzoradioamatorkoalicio.bandcamp.com/album/fagyzugos-k-nikula
https://kurvakinzoradioamatorkoalicio.bandcamp.com/album/felismerhetetlen-testek
https://kurvakinzoradioamatorkoalicio.bandcamp.com/album/g-rcsold-s-n-lk-l
https://kurvakinzoradioamatorkoalicio.bandcamp.com/album/get-helyzetben-rekedve
https://kurvakinzoradioamatorkoalicio.bandcamp.com/album/hajnali-egyed-ll-t
https://kurvakinzoradioamatorkoalicio.bandcamp.com/album/hanyagolva
https://kurvakinzoradioamatorkoalicio.bandcamp.com/album/hossz-n-t-k-mag-nyos-est-khez
https://kurvakinzoradioamatorkoalicio.bandcamp.com/album/ill-zi-hazugs-ggal-ferd-tve
https://kurvakinzoradioamatorkoalicio.bandcamp.com/album/imm-ron-megsemmis-t-hajlam-sz-tbontott-ldozat-v-v-lt-form-ban
https://kurvakinzoradioamatorkoalicio.bandcamp.com/album/irgalmatlanul
https://kurvakinzoradioamatorkoalicio.bandcamp.com/album/kilom-tereken-kereszt-l-h-zt-k-maguk-m-g-tt
https://kurvakinzoradioamatorkoalicio.bandcamp.com/album/kis-l-s
https://kurvakinzoradioamatorkoalicio.bandcamp.com/album/kora-tavaszi-morajl-frusztr-lts-g
https://kurvakinzoradioamatorkoalicio.bandcamp.com/album/l-ngol-j-gtakar
https://kurvakinzoradioamatorkoalicio.bandcamp.com/album/lezuhant-csaj
https://kurvakinzoradioamatorkoalicio.bandcamp.com/album/ll-hull-m
https://kurvakinzoradioamatorkoalicio.bandcamp.com/album/mindig-ugyan-gy-v-gz-dik
https://kurvakinzoradioamatorkoalicio.bandcamp.com/album/musz-j-kitaposni-a-bel-ket
https://kurvakinzoradioamatorkoalicio.bandcamp.com/album/nedves-holttest-ter-pia
https://kurvakinzoradioamatorkoalicio.bandcamp.com/album/nyitott-term-s
https://kurvakinzoradioamatorkoalicio.bandcamp.com/album/organikus-k-zeg-folyamatos-becsap-d-sokkal-t-ltve
https://kurvakinzoradioamatorkoalicio.bandcamp.com/album/p
https://kurvakinzoradioamatorkoalicio.bandcamp.com/album/ribanc-pofa-aszfaltot-fest
https://kurvakinzoradioamatorkoalicio.bandcamp.com/album/sokadik-n-st-ny-g-r
https://kurvakinzoradioamatorkoalicio.bandcamp.com/album/sz-raz-zivatar
https://kurvakinzoradioamatorkoalicio.bandcamp.com/album/teher
https://kurvakinzoradioamatorkoalicio.bandcamp.com/album/v-gletek-k-z-tt
https://kurvakinzoradioamatorkoalicio.bandcamp.com/album/v-gott-zvegy
https://kurvakinzoradioamatorkoalicio.bandcamp.com/album/valahogy-tomp-tanom-kell-a-k-r-l-ttem-l-v-szarnak-a-hangj-t
https://kurvakinzoradioamatorkoalicio.bandcamp.com/album/viszontags-g
https://kurvakinzoradioamatorkoalicio.bandcamp.com/album/zajjal-a-szarkurv-k-ellen
