https://sukoredonjin.bandcamp.com/album/-
https://sukoredonjin.bandcamp.com/album/--3
https://sukoredonjin.bandcamp.com/album/004-not-reasoning
https://sukoredonjin.bandcamp.com/album/1-2
https://sukoredonjin.bandcamp.com/album/2
https://sukoredonjin.bandcamp.com/album/3-1
https://sukoredonjin.bandcamp.com/album/3-2
https://sukoredonjin.bandcamp.com/album/3-3
https://sukoredonjin.bandcamp.com/album/3-4-d-d
https://sukoredonjin.bandcamp.com/album/aaul
https://sukoredonjin.bandcamp.com/album/baul
https://sukoredonjin.bandcamp.com/album/bibliophobic-scanderoon
https://sukoredonjin.bandcamp.com/album/caul
https://sukoredonjin.bandcamp.com/album/daul
https://sukoredonjin.bandcamp.com/album/demo
https://sukoredonjin.bandcamp.com/album/eaul
https://sukoredonjin.bandcamp.com/album/faul
https://sukoredonjin.bandcamp.com/album/gaul
https://sukoredonjin.bandcamp.com/album/group-paul
https://sukoredonjin.bandcamp.com/album/haul
https://sukoredonjin.bandcamp.com/album/i-cum-for-satan-i-suck-his-blood
https://sukoredonjin.bandcamp.com/album/iaul
https://sukoredonjin.bandcamp.com/album/jaul
https://sukoredonjin.bandcamp.com/album/paul
https://sukoredonjin.bandcamp.com/album/paul-2
https://sukoredonjin.bandcamp.com/album/paul-3
https://sukoredonjin.bandcamp.com/album/paul-4
https://sukoredonjin.bandcamp.com/album/paul-4-four-lovely-pauls
https://sukoredonjin.bandcamp.com/album/paul-5-thepaultr-2-place-your-bets-rrrgtgjgfddhhyfsthhhyffrrrufbntt-vs-figglebottom
https://sukoredonjin.bandcamp.com/album/paul-5-thepaultr-3-who-are-you-looking-at-bro
https://sukoredonjin.bandcamp.com/album/paul-5-thepaultr-4-three-pauls-ago-bohcord
https://sukoredonjin.bandcamp.com/album/paul-5-thepaultr-5-r-i-p-paul
https://sukoredonjin.bandcamp.com/album/paul-5-thepaultr-change-is-a-monster-and-changing-is-hard
https://sukoredonjin.bandcamp.com/album/paulnomicon
https://sukoredonjin.bandcamp.com/album/roar-incident-rest
https://sukoredonjin.bandcamp.com/album/self-titled
https://sukoredonjin.bandcamp.com/album/this-value-is-too-long-maximum-length-300-characters
https://sukoredonjin.bandcamp.com/album/untitled
https://sukoredonjin.bandcamp.com/album/untitled-2
https://sukoredonjin.bandcamp.com/album/untitled-3
https://sukoredonjin.bandcamp.com/album/untitled-4
https://sukoredonjin.bandcamp.com/album/worm-castle
https://sukoredonjin.bandcamp.com/track/0aul
https://sukoredonjin.bandcamp.com/track/1aul
https://sukoredonjin.bandcamp.com/track/2aul
https://sukoredonjin.bandcamp.com/track/3aul
https://sukoredonjin.bandcamp.com/track/4aul
https://sukoredonjin.bandcamp.com/track/5aul
https://sukoredonjin.bandcamp.com/track/6aul
https://sukoredonjin.bandcamp.com/track/7aul
https://sukoredonjin.bandcamp.com/track/8aul
https://sukoredonjin.bandcamp.com/track/9aul
https://sukoredonjin.bandcamp.com/track/aul
https://sukoredonjin.bandcamp.com/track/aul-10
https://sukoredonjin.bandcamp.com/track/aul-11
https://sukoredonjin.bandcamp.com/track/aul-12
https://sukoredonjin.bandcamp.com/track/aul-13
https://sukoredonjin.bandcamp.com/track/aul-14
https://sukoredonjin.bandcamp.com/track/aul-15
https://sukoredonjin.bandcamp.com/track/aul-16
https://sukoredonjin.bandcamp.com/track/aul-17
https://sukoredonjin.bandcamp.com/track/aul-18
https://sukoredonjin.bandcamp.com/track/aul-19
https://sukoredonjin.bandcamp.com/track/aul-2
https://sukoredonjin.bandcamp.com/track/aul-20
https://sukoredonjin.bandcamp.com/track/aul-21
https://sukoredonjin.bandcamp.com/track/aul-22
https://sukoredonjin.bandcamp.com/track/aul-23
https://sukoredonjin.bandcamp.com/track/aul-24
https://sukoredonjin.bandcamp.com/track/aul-25
https://sukoredonjin.bandcamp.com/track/aul-26
https://sukoredonjin.bandcamp.com/track/aul-27
https://sukoredonjin.bandcamp.com/track/aul-28
https://sukoredonjin.bandcamp.com/track/aul-29
https://sukoredonjin.bandcamp.com/track/aul-3
https://sukoredonjin.bandcamp.com/track/aul-30
https://sukoredonjin.bandcamp.com/track/aul-31
https://sukoredonjin.bandcamp.com/track/aul-32
https://sukoredonjin.bandcamp.com/track/aul-33
https://sukoredonjin.bandcamp.com/track/aul-34
https://sukoredonjin.bandcamp.com/track/aul-35
https://sukoredonjin.bandcamp.com/track/aul-36
https://sukoredonjin.bandcamp.com/track/aul-37
https://sukoredonjin.bandcamp.com/track/aul-38
https://sukoredonjin.bandcamp.com/track/aul-4
https://sukoredonjin.bandcamp.com/track/aul-5
https://sukoredonjin.bandcamp.com/track/aul-6
https://sukoredonjin.bandcamp.com/track/aul-7
https://sukoredonjin.bandcamp.com/track/aul-8
https://sukoredonjin.bandcamp.com/track/aul-9
https://sukoredonjin.bandcamp.com/track/kaul
https://sukoredonjin.bandcamp.com/track/laul
https://sukoredonjin.bandcamp.com/track/maul
https://sukoredonjin.bandcamp.com/track/naul
https://sukoredonjin.bandcamp.com/track/oaul
https://sukoredonjin.bandcamp.com/track/qaul
https://sukoredonjin.bandcamp.com/track/raul
https://sukoredonjin.bandcamp.com/track/saul
https://sukoredonjin.bandcamp.com/track/taul
https://sukoredonjin.bandcamp.com/track/uaul
https://sukoredonjin.bandcamp.com/track/vaul
https://sukoredonjin.bandcamp.com/track/waul
https://sukoredonjin.bandcamp.com/track/xaul
https://sukoredonjin.bandcamp.com/track/yaul
https://sukoredonjin.bandcamp.com/track/zaul
