https://canadian-rifles.bandcamp.com/album/eastern-nurseries-expanded-edition-2?label=3482303222&tab=music
https://christophdebabalon.bandcamp.com/album/vale?label=3482303222&tab=music
https://christopherwhitley.bandcamp.com/album/landscape-shifts-slight-return?label=3482303222&tab=music
https://oake.bandcamp.com/album/live-in-marseille?label=3482303222&tab=music
https://sofiebirch.bandcamp.com/album/themes-for-a-better-tomorrow-vol-ii-hidden-terraces?label=3482303222&tab=music
https://thme-sound.bandcamp.com/album/a-grasp-of-wonder-2?label=3482303222&tab=music
https://vaagner.bandcamp.com/album/120121
https://vaagner.bandcamp.com/album/4-track-guitar-music
https://vaagner.bandcamp.com/album/512763-n-302219-e
https://vaagner.bandcamp.com/album/737-211
https://vaagner.bandcamp.com/album/8-quadrants
https://vaagner.bandcamp.com/album/9-mezzotints
https://vaagner.bandcamp.com/album/a-communion
https://vaagner.bandcamp.com/album/a-declaration
https://vaagner.bandcamp.com/album/a-sanguine-bond
https://vaagner.bandcamp.com/album/a-wanderer
https://vaagner.bandcamp.com/album/an-embrace
https://vaagner.bandcamp.com/album/an-opposite-fall
https://vaagner.bandcamp.com/album/arabesque
https://vaagner.bandcamp.com/album/battering-rams
https://vaagner.bandcamp.com/album/below-sky
https://vaagner.bandcamp.com/album/benumb
https://vaagner.bandcamp.com/album/by-the-sea
https://vaagner.bandcamp.com/album/casino
https://vaagner.bandcamp.com/album/cathedral-pines
https://vaagner.bandcamp.com/album/caught-between-worlds-colliding
https://vaagner.bandcamp.com/album/country-music
https://vaagner.bandcamp.com/album/diving-wounds
https://vaagner.bandcamp.com/album/drawing-water
https://vaagner.bandcamp.com/album/drone-studies
https://vaagner.bandcamp.com/album/estuary
https://vaagner.bandcamp.com/album/fall-winter-1920-extended-edition
https://vaagner.bandcamp.com/album/fashion-week
https://vaagner.bandcamp.com/album/feelings
https://vaagner.bandcamp.com/album/for-argand
https://vaagner.bandcamp.com/album/for-wind-poetry-2
https://vaagner.bandcamp.com/album/forgotten-works
https://vaagner.bandcamp.com/album/gli-spiriti-della-marca
https://vaagner.bandcamp.com/album/heavy
https://vaagner.bandcamp.com/album/ikke-en-sj-l
https://vaagner.bandcamp.com/album/in-circles
https://vaagner.bandcamp.com/album/inneterre-reborn
https://vaagner.bandcamp.com/album/is-my-destroyer
https://vaagner.bandcamp.com/album/it-would-have-but-it-wasnt
https://vaagner.bandcamp.com/album/life-in-a-shell
https://vaagner.bandcamp.com/album/loka-immanence
https://vaagner.bandcamp.com/album/magnetically-yours
https://vaagner.bandcamp.com/album/memories-of-log
https://vaagner.bandcamp.com/album/minor-blossoms
https://vaagner.bandcamp.com/album/neither-here-nor-there
https://vaagner.bandcamp.com/album/noter-om-angst
https://vaagner.bandcamp.com/album/our-last-days
https://vaagner.bandcamp.com/album/patience-2
https://vaagner.bandcamp.com/album/pillars-of-cadence
https://vaagner.bandcamp.com/album/receding-tides
https://vaagner.bandcamp.com/album/rejoice
https://vaagner.bandcamp.com/album/remnants
https://vaagner.bandcamp.com/album/reworks-rewoven
https://vaagner.bandcamp.com/album/satrunus-ost
https://vaagner.bandcamp.com/album/selected-organ-works
https://vaagner.bandcamp.com/album/seta
https://vaagner.bandcamp.com/album/setting-thoughts-on-fire
https://vaagner.bandcamp.com/album/solitary-hymns
https://vaagner.bandcamp.com/album/speak-you-also
https://vaagner.bandcamp.com/album/spor-af-intet
https://vaagner.bandcamp.com/album/stages-of-grief-vol-1-convalescence
https://vaagner.bandcamp.com/album/stages-of-grief-vol-2-solace
https://vaagner.bandcamp.com/album/stages-of-grief-vol-3-acceptance-part-1
https://vaagner.bandcamp.com/album/stages-of-grief-vol-3-acceptance-part-2
https://vaagner.bandcamp.com/album/surging-waves
https://vaagner.bandcamp.com/album/sv-nyr-l
https://vaagner.bandcamp.com/album/the-air-outside-feels-crazy-right-now
https://vaagner.bandcamp.com/album/the-cormorant
https://vaagner.bandcamp.com/album/the-eyeless-sea
https://vaagner.bandcamp.com/album/the-journey
https://vaagner.bandcamp.com/album/the-male-activity-years
https://vaagner.bandcamp.com/album/the-same-demons-drawn-on-a-crumpled-piece-of-paper
https://vaagner.bandcamp.com/album/the-voyeurs-gambit
https://vaagner.bandcamp.com/album/the-warmest-hum
https://vaagner.bandcamp.com/album/their-arms-surround-me-like-chains-made-of-velvet
https://vaagner.bandcamp.com/album/their-arms-surround-me-like-chains-made-of-velvet-angelo-harmsworths-and-dis-figs-reworks
https://vaagner.bandcamp.com/album/themes-for-a-better-tomorrow-vol-i-in-full-bloom
https://vaagner.bandcamp.com/album/threat-behaviour
https://vaagner.bandcamp.com/album/time-for-no-memory
https://vaagner.bandcamp.com/album/untitled
https://vaagner.bandcamp.com/album/vaagner-event-series-aalburg
https://vaagner.bandcamp.com/album/vaagner-event-series-berlin
https://vaagner.bandcamp.com/album/vessels
https://vaagner.bandcamp.com/album/when-the-night-ends
https://vaagner.bandcamp.com/album/winter-olympics
https://vaagner.bandcamp.com/album/winter-olympics-ii
https://vaagner.bandcamp.com/album/winter-olympics-iii
https://vaagner.bandcamp.com/album/winter-orbit
https://vaagner.bandcamp.com/album/you-only
https://vaagner.bandcamp.com/track/being-held-jefre-cantu-ledesma-rework
