https://anavenus.bandcamp.com/album/90s-bj-rks-cim
https://anavenus.bandcamp.com/album/anal-analyzer
https://anavenus.bandcamp.com/album/anal-seppuku
https://anavenus.bandcamp.com/album/arsch-noise
https://anavenus.bandcamp.com/album/come-on-baby-give-me-what-i-really-want
https://anavenus.bandcamp.com/album/elegant-oblivion
https://anavenus.bandcamp.com/album/feeling-so-lovely-tonight
https://anavenus.bandcamp.com/album/fierce
https://anavenus.bandcamp.com/album/i-am-merzbow
https://anavenus.bandcamp.com/album/in-furs
https://anavenus.bandcamp.com/album/kiss-of-the-whip
https://anavenus.bandcamp.com/album/krazy-kat-kombat
https://anavenus.bandcamp.com/album/les-arts-anales
https://anavenus.bandcamp.com/album/lesser-sucky-mucky-desire
https://anavenus.bandcamp.com/album/let-the-men-die-under-her-feet
https://anavenus.bandcamp.com/album/lovemelovemeloveme
https://anavenus.bandcamp.com/album/masochist-church-of-mickey-mouse
https://anavenus.bandcamp.com/album/neon-orange-stallion-miniatures
https://anavenus.bandcamp.com/album/oberdada
https://anavenus.bandcamp.com/album/random-space-porn
https://anavenus.bandcamp.com/album/reversed
https://anavenus.bandcamp.com/album/sins-of-the-dolphins
https://anavenus.bandcamp.com/album/taboos-embedded-into-the-soul
https://anavenus.bandcamp.com/album/the-terrible-treble
https://anavenus.bandcamp.com/album/time-spent
https://anavenus.bandcamp.com/album/tzaraism
https://anavenus.bandcamp.com/album/with-each-passing-second-the-meaning-of-existence-fades-away
