https://brickmason.bandcamp.com/album/-
https://brickmason.bandcamp.com/album/--3
https://brickmason.bandcamp.com/album/030303-000055
https://brickmason.bandcamp.com/album/abandonware-landscapes-i
https://brickmason.bandcamp.com/album/abandonware-landscapes-ii
https://brickmason.bandcamp.com/album/against-the-edges
https://brickmason.bandcamp.com/album/beneath-the-willow
https://brickmason.bandcamp.com/album/betamax-atlantic
https://brickmason.bandcamp.com/album/caroline-another-aperture-experience
https://brickmason.bandcamp.com/album/cave-an-aperture-experience-2
https://brickmason.bandcamp.com/album/d2042d-969c9d
https://brickmason.bandcamp.com/album/emergency-rice-at-dawn
https://brickmason.bandcamp.com/album/emergency-rice-at-dusk
https://brickmason.bandcamp.com/album/g-h-t-c-m-m-u-t
https://brickmason.bandcamp.com/album/gaiawave
https://brickmason.bandcamp.com/album/liquid-mall
https://brickmason.bandcamp.com/album/night-skies
https://brickmason.bandcamp.com/album/night-skies-again
https://brickmason.bandcamp.com/album/ocean-temple
https://brickmason.bandcamp.com/album/on-mall-ky-to-goj
https://brickmason.bandcamp.com/album/pok-dreams-blue-version
https://brickmason.bandcamp.com/album/pok-dreams-red-version
https://brickmason.bandcamp.com/album/pok-dreams-yellow-version
https://brickmason.bandcamp.com/album/r-i-n-g-t-o-n-e-d-r-e-a-m-s
https://brickmason.bandcamp.com/album/r-i-n-g-t-o-n-e-m-e-m-o-r-i-e-s
https://brickmason.bandcamp.com/album/rainforest-hill-iii
https://brickmason.bandcamp.com/album/red-glow
https://brickmason.bandcamp.com/album/s-c-t-c-h-a-s
https://brickmason.bandcamp.com/album/sorry
https://brickmason.bandcamp.com/album/station-square-at-night-2
https://brickmason.bandcamp.com/album/the-5-seasons
https://brickmason.bandcamp.com/album/volksw-gen-shopping
