https://psychostimulant.bandcamp.com/album/arrival-of-eiriel
https://psychostimulant.bandcamp.com/album/be-mine-scopolamine
https://psychostimulant.bandcamp.com/album/benzydamine
https://psychostimulant.bandcamp.com/album/blossoming-dementia
https://psychostimulant.bandcamp.com/album/borneo-white
https://psychostimulant.bandcamp.com/album/conquer-motion-sickness-once-and-for-all
https://psychostimulant.bandcamp.com/album/do-not-leave-the-club-yet
https://psychostimulant.bandcamp.com/album/hardk-psykh
https://psychostimulant.bandcamp.com/album/incapacitating-pandemic
https://psychostimulant.bandcamp.com/album/keep-me-going-make-me-stop
https://psychostimulant.bandcamp.com/album/microdosing-a-lethal-substance
https://psychostimulant.bandcamp.com/album/over-the-counter-under-the-influence
https://psychostimulant.bandcamp.com/album/playing-tricks-2
https://psychostimulant.bandcamp.com/album/psychostimulant-i
https://psychostimulant.bandcamp.com/album/psychostimulant-ii
https://psychostimulant.bandcamp.com/album/respiratory-failure-in-practice
https://psychostimulant.bandcamp.com/album/synapse-cleansers
https://psychostimulant.bandcamp.com/album/toxikokynetik
https://psychostimulant.bandcamp.com/album/train-wrecks-trip-disasters
https://psychostimulant.bandcamp.com/album/we-made-a-tea
https://psychostimulant.bandcamp.com/album/withdrawals
