https://corystrand.bandcamp.com/album/10000-days-a-reinterpretation
https://corystrand.bandcamp.com/album/12-golden-country-greats-a-reinterpretation
https://corystrand.bandcamp.com/album/a-dream-of-dark-and-terrible-things-the-dark
https://corystrand.bandcamp.com/album/a-dream-of-dark-and-terrible-things-the-terrible
https://corystrand.bandcamp.com/album/a-fallen-unicorn-a-reinterpretation
https://corystrand.bandcamp.com/album/a-litany-of-failure-home-recordings-covers
https://corystrand.bandcamp.com/album/a-serious-man-the-expanded-edition-vol-i
https://corystrand.bandcamp.com/album/a-serious-man-the-expanded-edition-vol-ii-2
https://corystrand.bandcamp.com/album/a-serious-man-the-expanded-edition-vol-iii-2
https://corystrand.bandcamp.com/album/a-serious-man-the-expanded-edition-vol-iv
https://corystrand.bandcamp.com/album/a-song-about-suicide
https://corystrand.bandcamp.com/album/a-study-in-pink
https://corystrand.bandcamp.com/album/a-violent-meaninglessness
https://corystrand.bandcamp.com/album/a-walk-with-love-and-death-a-reinterpretation
https://corystrand.bandcamp.com/album/a-world-without-flowers
https://corystrand.bandcamp.com/album/aenima-a-reinterpretation
https://corystrand.bandcamp.com/album/aka-top-shelf-perverts
https://corystrand.bandcamp.com/album/akira-a-reinterpretation-drone-versions
https://corystrand.bandcamp.com/album/akira-a-reinterpretation-noise-versions
https://corystrand.bandcamp.com/album/alex-newport
https://corystrand.bandcamp.com/album/alive-in-the-night-awash-in-blood
https://corystrand.bandcamp.com/album/an-ocean-full-of-trees
https://corystrand.bandcamp.com/album/and-every-night-i-dream-about-you
https://corystrand.bandcamp.com/album/and-i-still-remember-your-everything
https://corystrand.bandcamp.com/album/and-now-so-much-is-gone
https://corystrand.bandcamp.com/album/anxiety
https://corystrand.bandcamp.com/album/apocalyptic-dreams
https://corystrand.bandcamp.com/album/arise-a-reinterpretation
https://corystrand.bandcamp.com/album/aske-a-reinterpretation
https://corystrand.bandcamp.com/album/assault-on-precinct-13-a-reinterpretation
https://corystrand.bandcamp.com/album/auto-focus-complete
https://corystrand.bandcamp.com/album/autumn-aurora-a-reinterpretation
https://corystrand.bandcamp.com/album/autumn-rust
https://corystrand.bandcamp.com/album/away-from-life
https://corystrand.bandcamp.com/album/batman-1989-complete
https://corystrand.bandcamp.com/album/because-he-could
https://corystrand.bandcamp.com/album/between-pain-and-boredom-hnw-and-the-philosophy-of-arthur-schopenhauer
https://corystrand.bandcamp.com/album/big-trouble-in-little-china-a-reinterpretation
https://corystrand.bandcamp.com/album/blood-in-our-wells-a-reinterpretation
https://corystrand.bandcamp.com/album/bloodletting-a-reinterpretation
https://corystrand.bandcamp.com/album/blue-velvet-the-complete-series-2013-2016
https://corystrand.bandcamp.com/album/blue-velvet-volume-eight
https://corystrand.bandcamp.com/album/boogie-nights-complete
https://corystrand.bandcamp.com/album/breakfast-at-tiffanys-from-the-split-with-the-ebony-tower
https://corystrand.bandcamp.com/album/breaking-bad-main-title-rework
https://corystrand.bandcamp.com/album/broken-a-reinterpretation
https://corystrand.bandcamp.com/album/bruising-pattern-eugene-critchley
https://corystrand.bandcamp.com/album/bullhead-complete
https://corystrand.bandcamp.com/album/buyers-market
https://corystrand.bandcamp.com/album/came-the-last-night-of-sadness
https://corystrand.bandcamp.com/album/cantrelian-satanist-ambience-vol-i
https://corystrand.bandcamp.com/album/cantrelian-satanist-ambience-vol-ii
https://corystrand.bandcamp.com/album/carol-a-reinterpretation
https://corystrand.bandcamp.com/album/carpenter-abandoned-the-base-tracks
https://corystrand.bandcamp.com/album/carrie-complete
https://corystrand.bandcamp.com/album/castlevania-a-reinterpretation
https://corystrand.bandcamp.com/album/charles-razeur-eugene-critchley
https://corystrand.bandcamp.com/album/christ-illusion-a-reinterpretation
https://corystrand.bandcamp.com/album/christine-a-reinterpretation
https://corystrand.bandcamp.com/album/come-and-die
https://corystrand.bandcamp.com/album/cosmic-futilitarianism
https://corystrand.bandcamp.com/album/creatures-of-the-night-a-reinterpretation
https://corystrand.bandcamp.com/album/creeping-death-ambient-constructions
https://corystrand.bandcamp.com/album/critchley-letalis
https://corystrand.bandcamp.com/album/cs-michelle
https://corystrand.bandcamp.com/album/cultural-subordination
https://corystrand.bandcamp.com/album/dawn-of-the-devi-a-reinterpretation
https://corystrand.bandcamp.com/album/day-of-the-dead-a-reinterpretation
https://corystrand.bandcamp.com/album/de-mysteriis-dom-sathanas-a-reinterpretation-drone-version
https://corystrand.bandcamp.com/album/dead-man-complete-vol-i
https://corystrand.bandcamp.com/album/dead-man-complete-vol-ii
https://corystrand.bandcamp.com/album/dead-man-complete-vol-iii
https://corystrand.bandcamp.com/album/dead-poets-society-a-reinterpretation-2
https://corystrand.bandcamp.com/album/dead-ringers-a-reinterpretation
https://corystrand.bandcamp.com/album/dead-ringers-revisited
https://corystrand.bandcamp.com/album/death-walls
https://corystrand.bandcamp.com/album/death-with-you-shall-then-abound
https://corystrand.bandcamp.com/album/deathconsciousness-a-reinterpretation
https://corystrand.bandcamp.com/album/deathcrush
https://corystrand.bandcamp.com/album/deathstrife
https://corystrand.bandcamp.com/album/debut
https://corystrand.bandcamp.com/album/demise
https://corystrand.bandcamp.com/album/demo-i
https://corystrand.bandcamp.com/album/demo-iii
https://corystrand.bandcamp.com/album/despond-for-me
https://corystrand.bandcamp.com/album/detritus
https://corystrand.bandcamp.com/album/devouement-vortex
https://corystrand.bandcamp.com/album/died-under-fire-and-metal
https://corystrand.bandcamp.com/album/dirty-boots-a-reinterpretation
https://corystrand.bandcamp.com/album/dont-say-no-tonight
https://corystrand.bandcamp.com/album/doors-and-bridges
https://corystrand.bandcamp.com/album/double-noise-gonzo
https://corystrand.bandcamp.com/album/dreams-of-flame
https://corystrand.bandcamp.com/album/dreams-of-rust
https://corystrand.bandcamp.com/album/drone-black
https://corystrand.bandcamp.com/album/drone-noise-intrusion
https://corystrand.bandcamp.com/album/duh-the-big-city-a-reinterpretation
https://corystrand.bandcamp.com/album/dune-a-reinterpretation
https://corystrand.bandcamp.com/album/ed-wood-a-reinterpretation
https://corystrand.bandcamp.com/album/eggnog-a-reinterpretation
https://corystrand.bandcamp.com/album/electroretard-a-reinterpretation
https://corystrand.bandcamp.com/album/embryonic-death
https://corystrand.bandcamp.com/album/enter-the-ninja-shitty-loud-guitars-remix
https://corystrand.bandcamp.com/album/escape-from-new-york-a-reinterpretation
https://corystrand.bandcamp.com/album/esoteric-warfare-a-reinterpretation
https://corystrand.bandcamp.com/album/eugene-critchley-cory-strand
https://corystrand.bandcamp.com/album/eugene-critchley-cosmic-silence
https://corystrand.bandcamp.com/album/eugene-critchley-nistavilo
https://corystrand.bandcamp.com/album/eugene-critchley-weeping
https://corystrand.bandcamp.com/album/every-dream-dead
https://corystrand.bandcamp.com/album/every-good-boy-deserves-fudge-a-reinterpretation
https://corystrand.bandcamp.com/album/everything-louder-than-everything-else-infinity-series
https://corystrand.bandcamp.com/album/everythings-blue-in-this-world
https://corystrand.bandcamp.com/album/expressway-to-yr-skull
https://corystrand.bandcamp.com/album/fargo-a-reinterpretation
https://corystrand.bandcamp.com/album/fargo-the-long-form-compositions
https://corystrand.bandcamp.com/album/fear-inoculum-a-reinterpretation
https://corystrand.bandcamp.com/album/fear-of-the-dark-a-reinterpretation
https://corystrand.bandcamp.com/album/feather-cs-ambient-remix
https://corystrand.bandcamp.com/album/felling-brightly
https://corystrand.bandcamp.com/album/finally-achingly-cassette-one
https://corystrand.bandcamp.com/album/finally-achingly-cassette-two
https://corystrand.bandcamp.com/album/finally-the-shades-are-raised
https://corystrand.bandcamp.com/album/fire-walk-with-me-a-reinterpretation
https://corystrand.bandcamp.com/album/for-melissa
https://corystrand.bandcamp.com/album/for-winona
https://corystrand.bandcamp.com/album/forgotten-legends-a-reinterpretation
https://corystrand.bandcamp.com/album/forty-nine-minutes-of-your-life
https://corystrand.bandcamp.com/album/foxcatcher-a-reinterpretation
https://corystrand.bandcamp.com/album/freak-puke-a-reinterpretation-vol-i
https://corystrand.bandcamp.com/album/freak-puke-a-reinterpretation-vol-ii
https://corystrand.bandcamp.com/album/fright-night-complete-vol-i
https://corystrand.bandcamp.com/album/fright-night-complete-vol-ii
https://corystrand.bandcamp.com/album/from-chaos-december-2015
https://corystrand.bandcamp.com/album/fuck-off-nowadays-hnw
https://corystrand.bandcamp.com/album/fugue-ost
https://corystrand.bandcamp.com/album/full-metal-jacket-a-reinterpretation
https://corystrand.bandcamp.com/album/goodbye-sweet-dreams
https://corystrand.bandcamp.com/album/grotto-of-miracles-a-reinterpretation
https://corystrand.bandcamp.com/album/gummo-complete
https://corystrand.bandcamp.com/album/gummo-iii-full-of-beauty-and-illusions
https://corystrand.bandcamp.com/album/hail-caesar-a-reinterpretation
https://corystrand.bandcamp.com/album/halloween-a-reinterpretation
https://corystrand.bandcamp.com/album/harry-potter-and-the-half-blood-prince-a-reinterpretation-vol-i
https://corystrand.bandcamp.com/album/harry-potter-and-the-half-blood-prince-a-reinterpretation-vol-ii
https://corystrand.bandcamp.com/album/harry-potter-and-the-half-blood-prince-a-reinterpretation-vol-iii
https://corystrand.bandcamp.com/album/harry-potter-and-the-half-blood-prince-a-reinterpretation-vol-iv
https://corystrand.bandcamp.com/album/harry-potter-and-the-half-blood-prince-a-reinterpretation-vol-v
https://corystrand.bandcamp.com/album/harry-potter-and-the-half-blood-prince-a-reinterpretation-vol-vi
https://corystrand.bandcamp.com/album/harry-potter-and-the-half-blood-prince-a-reinterpretation-vol-vii
https://corystrand.bandcamp.com/album/harry-potter-and-the-half-blood-prince-a-reinterpretation-vol-viii
https://corystrand.bandcamp.com/album/harry-potter-and-the-order-of-the-phoenix-a-reinterpretation
https://corystrand.bandcamp.com/album/harvest-moon-a-reinterpretation
https://corystrand.bandcamp.com/album/hell-awaits
https://corystrand.bandcamp.com/album/hellraiser-a-reinterpretation
https://corystrand.bandcamp.com/album/henry-plainview
https://corystrand.bandcamp.com/album/high-off-my-love-the-collection
https://corystrand.bandcamp.com/album/hit-to-death-a-reinterpretation
https://corystrand.bandcamp.com/album/hnw-77
https://corystrand.bandcamp.com/album/hnw-does-metallica
https://corystrand.bandcamp.com/album/hypnothermia
https://corystrand.bandcamp.com/album/i-am-so-filled-with-love-it-is-still-too-much-to-bear
https://corystrand.bandcamp.com/album/i-dont-think-i-can-see-the-stars-anymore
https://corystrand.bandcamp.com/album/i-go-through-all-this
https://corystrand.bandcamp.com/album/i-know-who-killed-me-a-reinterpretation-vol-i
https://corystrand.bandcamp.com/album/i-know-who-killed-me-a-reinterpretation-vol-ii
https://corystrand.bandcamp.com/album/i-know-who-killed-me-a-reinterpretation-vol-iii
https://corystrand.bandcamp.com/album/i-saw-you-like-a-summer-dream
https://corystrand.bandcamp.com/album/i-want-it-all-even-if-its-fake
https://corystrand.bandcamp.com/album/i-will-be-reborn
https://corystrand.bandcamp.com/album/i-wish-you-were-mine
https://corystrand.bandcamp.com/album/if-thoughts-grow-dark
https://corystrand.bandcamp.com/album/ii
https://corystrand.bandcamp.com/album/iii
https://corystrand.bandcamp.com/album/im-afraid-for-you-cos-you-dont-care
https://corystrand.bandcamp.com/album/inception-a-reinterpretation-drone-versions
https://corystrand.bandcamp.com/album/inception-a-reinterpretation-hnw-versions
https://corystrand.bandcamp.com/album/inception-a-reinterpretation-totality
https://corystrand.bandcamp.com/album/inland-empire-a-reinterpretation
https://corystrand.bandcamp.com/album/into-an-infinite-black-complete
https://corystrand.bandcamp.com/album/into-the-cold
https://corystrand.bandcamp.com/album/is-there-a-love-there
https://corystrand.bandcamp.com/album/it-is-all-that-is-made-a-reinterpretation
https://corystrand.bandcamp.com/album/its-getting-colder
https://corystrand.bandcamp.com/album/jack-reacher-a-reinterpretation
https://corystrand.bandcamp.com/album/jack-reacher-a-reinterpretation-version-ii
https://corystrand.bandcamp.com/album/jealousy
https://corystrand.bandcamp.com/album/john-wick-a-reinterpretation
https://corystrand.bandcamp.com/album/julien-donkey-boy-a-reinterpretation
https://corystrand.bandcamp.com/album/kill-bill-a-reinterpretation-vol-i
https://corystrand.bandcamp.com/album/kill-bill-a-reinterpretation-vol-ii
https://corystrand.bandcamp.com/album/kill-bill-part-one-totality
https://corystrand.bandcamp.com/album/kill-bill-part-two-totality
https://corystrand.bandcamp.com/album/kill-bill-workprint-versions
https://corystrand.bandcamp.com/album/languish-in-nostalgiah
https://corystrand.bandcamp.com/album/lateralus-a-reinterpretation
https://corystrand.bandcamp.com/album/leave-this-world-for-awhile
https://corystrand.bandcamp.com/album/les-miserables
https://corystrand.bandcamp.com/album/les-miserables-2
https://corystrand.bandcamp.com/album/let-the-right-one-in-a-reinterpretation
https://corystrand.bandcamp.com/album/libyan-dream-vol-i
https://corystrand.bandcamp.com/album/libyan-dream-vol-ii
https://corystrand.bandcamp.com/album/life-seems-so-far-from-here
https://corystrand.bandcamp.com/album/lost-abyss-endless
https://corystrand.bandcamp.com/album/lysol-a-reinterpretation
https://corystrand.bandcamp.com/album/mad-sorcer-a-reinterpretation
https://corystrand.bandcamp.com/album/maladif-lune
https://corystrand.bandcamp.com/album/manson-ambient
https://corystrand.bandcamp.com/album/marie-antoinette-a-reinterpretation
https://corystrand.bandcamp.com/album/mastery-destruction
https://corystrand.bandcamp.com/album/may-the-road-rise-with-you
https://corystrand.bandcamp.com/album/melancholia-a-miscellany
https://corystrand.bandcamp.com/album/memento-a-reinterpretation
https://corystrand.bandcamp.com/album/moon-pix-a-reinterpretation
https://corystrand.bandcamp.com/album/mulholland-drive-complete
https://corystrand.bandcamp.com/album/nearly-dead
https://corystrand.bandcamp.com/album/neither-clear-nor-descript
https://corystrand.bandcamp.com/album/nihilistic-meditations
https://corystrand.bandcamp.com/album/no-misery-satisfies
https://corystrand.bandcamp.com/album/no-one-ever-changes-the-films-of-todd-solondz-dark-horse
https://corystrand.bandcamp.com/album/no-one-ever-changes-the-films-of-todd-solondz-fear-anxiety-and-depression
https://corystrand.bandcamp.com/album/no-one-ever-changes-the-films-of-todd-solondz-happiness
https://corystrand.bandcamp.com/album/no-one-ever-changes-the-films-of-todd-solondz-life-during-wartime
https://corystrand.bandcamp.com/album/no-one-ever-changes-the-films-of-todd-solondz-palindromes
https://corystrand.bandcamp.com/album/no-one-ever-changes-the-films-of-todd-solondz-storytelling
https://corystrand.bandcamp.com/album/no-one-ever-changes-the-films-of-todd-solondz-storytelling-fiction
https://corystrand.bandcamp.com/album/no-one-ever-changes-the-films-of-todd-solondz-welcome-to-the-dollhouse
https://corystrand.bandcamp.com/album/norfolk-trotter-eugene-critchley
https://corystrand.bandcamp.com/album/nosferatu-a-reinterpretation
https://corystrand.bandcamp.com/album/nothing-left-inside-an-angels-life-on-angels-wings-it-hurts-to-be-alone
https://corystrand.bandcamp.com/album/notorious-complete
https://corystrand.bandcamp.com/album/o-lorde-hold-me-forever
https://corystrand.bandcamp.com/album/oblivion-adorned-adorning-oblivion
https://corystrand.bandcamp.com/album/once-upon-the-cross-a-reinterpretation
https://corystrand.bandcamp.com/album/one-day-the-sadness-will-end
https://corystrand.bandcamp.com/album/only-fire-and-blood
https://corystrand.bandcamp.com/album/only-rejection-is-true
https://corystrand.bandcamp.com/album/opiate-a-reinterpretation
https://corystrand.bandcamp.com/album/ourselves-a-reinterpretation
https://corystrand.bandcamp.com/album/overdose-my-heart-vol-i
https://corystrand.bandcamp.com/album/overdose-my-heart-vol-ii
https://corystrand.bandcamp.com/album/overdose-my-heart-vol-iii
https://corystrand.bandcamp.com/album/paiders-of-the-lost-ark-a-reinterpretation-part-ii
https://corystrand.bandcamp.com/album/pans-labyrinth-a-reinterpretation
https://corystrand.bandcamp.com/album/persepolis-a-reinterpretation-tape-one
https://corystrand.bandcamp.com/album/persepolis-a-reinterpretation-tape-three
https://corystrand.bandcamp.com/album/persepolis-a-reinterpretation-tape-two
https://corystrand.bandcamp.com/album/pervasive-worthlessness
https://corystrand.bandcamp.com/album/pessimism-totale-cassette-one
https://corystrand.bandcamp.com/album/pessimism-totale-cassette-two
https://corystrand.bandcamp.com/album/pinkus-abortion-technician-a-reinterpretation
https://corystrand.bandcamp.com/album/pisces-iscariot-a-reinterpretation
https://corystrand.bandcamp.com/album/please-i-dont-want-to-forget
https://corystrand.bandcamp.com/album/possession-a-reinterpretation-noise-version
https://corystrand.bandcamp.com/album/potternalia
https://corystrand.bandcamp.com/album/pretension-and-release-vol-five
https://corystrand.bandcamp.com/album/pretension-and-release-vol-four
https://corystrand.bandcamp.com/album/pretension-and-release-vol-one
https://corystrand.bandcamp.com/album/pretension-and-release-vol-three
https://corystrand.bandcamp.com/album/pretension-and-release-vol-two
https://corystrand.bandcamp.com/album/psycho-a-reinterpretation
https://corystrand.bandcamp.com/album/raiders-of-the-lost-ark-a-reinterpretation-part-i
https://corystrand.bandcamp.com/album/raiders-of-the-lost-ark-a-reinterpretation-part-iii
https://corystrand.bandcamp.com/album/randolphs-tango
https://corystrand.bandcamp.com/album/re-animator-a-reinterpretation
https://corystrand.bandcamp.com/album/really-i-dont
https://corystrand.bandcamp.com/album/rebecca-a-reinterpretation
https://corystrand.bandcamp.com/album/reign-in-drone
https://corystrand.bandcamp.com/album/rivers-edge-a-reinterpretation
https://corystrand.bandcamp.com/album/romance-of-black-grief
https://corystrand.bandcamp.com/album/rotted-life
https://corystrand.bandcamp.com/album/salival-extended-a-reinterpretation
https://corystrand.bandcamp.com/album/sauvagarie-nihiliste
https://corystrand.bandcamp.com/album/scarlett-in-blood
https://corystrand.bandcamp.com/album/scathelore
https://corystrand.bandcamp.com/album/scenes-a-reinterpretation
https://corystrand.bandcamp.com/album/season-of-the-witch
https://corystrand.bandcamp.com/album/seasons-in-the-pandemonium
https://corystrand.bandcamp.com/album/see-through-buildings-cory-strand
https://corystrand.bandcamp.com/album/seelenfeuer-a-reinterpretation
https://corystrand.bandcamp.com/album/shadow-reworks
https://corystrand.bandcamp.com/album/shadowpiercer-eugene-critchley
https://corystrand.bandcamp.com/album/slaughterhouse-a-reinterpretation
https://corystrand.bandcamp.com/album/sleeps-with-angels-a-reinterpretation
https://corystrand.bandcamp.com/album/somewhere-the-feeling-stays
https://corystrand.bandcamp.com/album/spiderland-a-reinterpretation-drone-version
https://corystrand.bandcamp.com/album/spiderland-a-reinterpretation-hnw-version
https://corystrand.bandcamp.com/album/split
https://corystrand.bandcamp.com/album/split-2
https://corystrand.bandcamp.com/album/split-3
https://corystrand.bandcamp.com/album/split-4
https://corystrand.bandcamp.com/album/split-5
https://corystrand.bandcamp.com/album/split-6
https://corystrand.bandcamp.com/album/split-7
https://corystrand.bandcamp.com/album/split-ii
https://corystrand.bandcamp.com/album/split-iii
https://corystrand.bandcamp.com/album/stoner-witch-a-reinterpretation
https://corystrand.bandcamp.com/album/stoner-witch-revisited
https://corystrand.bandcamp.com/album/sugar-daddy-a-reinterpretation
https://corystrand.bandcamp.com/album/swiss-army-man-a-reinterpretation
https://corystrand.bandcamp.com/album/take-shelter-a-reinterpretation
https://corystrand.bandcamp.com/album/ten-or-fifteen-times
https://corystrand.bandcamp.com/album/the-assassination-of-jesse-james-by-the-coward-robert-ford-a-reinterpretation-ambient-versions
https://corystrand.bandcamp.com/album/the-assassination-of-jesse-james-by-the-coward-robert-ford-a-reinterpretation-hnw-versions
https://corystrand.bandcamp.com/album/the-assassination-of-jesse-james-by-the-coward-robert-ford-a-reinterpretation-totality
https://corystrand.bandcamp.com/album/the-aura-of-collapse-remastered-and-expanded
https://corystrand.bandcamp.com/album/the-beguiled
https://corystrand.bandcamp.com/album/the-birds-a-reinterpretation
https://corystrand.bandcamp.com/album/the-black-dahlia-totality
https://corystrand.bandcamp.com/album/the-blind-banker
https://corystrand.bandcamp.com/album/the-bling-ring-a-reinterpretation
https://corystrand.bandcamp.com/album/the-blizzard
https://corystrand.bandcamp.com/album/the-complete-theodore-robert-bundy-2013-2014
https://corystrand.bandcamp.com/album/the-counselor-a-reinterpretation
https://corystrand.bandcamp.com/album/the-dark-knight-a-reinterpretation
https://corystrand.bandcamp.com/album/the-deer-hunter-a-reinterpretation
https://corystrand.bandcamp.com/album/the-diamond-sea-a-reinterpretation
https://corystrand.bandcamp.com/album/the-dream-and-death
https://corystrand.bandcamp.com/album/the-early-roman-polanski-chinatown
https://corystrand.bandcamp.com/album/the-early-roman-polanski-cul-de-sac
https://corystrand.bandcamp.com/album/the-early-roman-polanski-knife-in-the-water
https://corystrand.bandcamp.com/album/the-early-roman-polanski-repulsion
https://corystrand.bandcamp.com/album/the-early-roman-polanski-rosemarys-baby
https://corystrand.bandcamp.com/album/the-early-roman-polanski-the-fearless-vampire-killers
https://corystrand.bandcamp.com/album/the-early-roman-polanski-the-tragedy-of-macbeth
https://corystrand.bandcamp.com/album/the-endless-dream
https://corystrand.bandcamp.com/album/the-exorcist-ii-a-reinterpretation
https://corystrand.bandcamp.com/album/the-fleeting-glimpse
https://corystrand.bandcamp.com/album/the-girl-with-the-dragon-tattoo-a-reinterpretation
https://corystrand.bandcamp.com/album/the-great-game
https://corystrand.bandcamp.com/album/the-hobbit-an-unexpected-journey-hnw-assemblies
https://corystrand.bandcamp.com/album/the-hopeless-emptiness
https://corystrand.bandcamp.com/album/the-inevitable-reality
https://corystrand.bandcamp.com/album/the-majesty-of-the-lidless-eye-remastered-and-expanded
https://corystrand.bandcamp.com/album/the-motherfucking-princess
https://corystrand.bandcamp.com/album/the-poetry-of-celtic-tedium
https://corystrand.bandcamp.com/album/the-road-a-reinterpretation
https://corystrand.bandcamp.com/album/the-shawshank-redemption-a-reinterpretation
https://corystrand.bandcamp.com/album/the-shining-a-reinterpretation
https://corystrand.bandcamp.com/album/the-shining-ancillaries-vol-i-vii
https://corystrand.bandcamp.com/album/the-shining-ancillaries-vol-xii
https://corystrand.bandcamp.com/album/the-solo-albums-complete
https://corystrand.bandcamp.com/album/the-thin-red-line-a-reinterpretation
https://corystrand.bandcamp.com/album/the-trial-a-reinterpretation-incomplete
https://corystrand.bandcamp.com/album/the-trilogy-a-reinterpretation
https://corystrand.bandcamp.com/album/the-turin-horse
https://corystrand.bandcamp.com/album/the-walking-dead-impressions
https://corystrand.bandcamp.com/album/they-only-see-this-one-side
https://corystrand.bandcamp.com/album/this-private-war
https://corystrand.bandcamp.com/album/those-who-tell-the-truth-shall-die-those-who-tell-the-truth-shall-live-forever-a-reinterpretation
https://corystrand.bandcamp.com/album/those-who-tell-the-truth-shall-die-those-who-tell-the-truth-shall-live-forever-a-reinterpretation-bonus-double-disc-set
https://corystrand.bandcamp.com/album/tired-of-being-alive
https://corystrand.bandcamp.com/album/to-the-wonder-a-reinterpretation
https://corystrand.bandcamp.com/album/tracks-from-the-split-with-big-hole
https://corystrand.bandcamp.com/album/transcendence-into-the-peripheral-a-reinterpretation
https://corystrand.bandcamp.com/album/transmissions-from-the-satellite-heart-a-reinterpretation
https://corystrand.bandcamp.com/album/transylvanian-dreams-a-reinterpretation
https://corystrand.bandcamp.com/album/twelve-suicides-cory-strand
https://corystrand.bandcamp.com/album/two-riders-were-approaching
https://corystrand.bandcamp.com/album/uncertainty
https://corystrand.bandcamp.com/album/under-a-regressive-norwegian-moon
https://corystrand.bandcamp.com/album/undertow-a-reinterpretation
https://corystrand.bandcamp.com/album/untitled
https://corystrand.bandcamp.com/album/untitled-2
https://corystrand.bandcamp.com/album/untitled-3
https://corystrand.bandcamp.com/album/untitled-4
https://corystrand.bandcamp.com/album/vacuum-anthem-cassette-one
https://corystrand.bandcamp.com/album/vacuum-anthem-cassette-two
https://corystrand.bandcamp.com/album/vertigo-a-reinterpretation
https://corystrand.bandcamp.com/album/violence-is-a-dream-an-hnw-tribute-to-sonic-youth
https://corystrand.bandcamp.com/album/void-epitaph
https://corystrand.bandcamp.com/album/void-hymnals
https://corystrand.bandcamp.com/album/whispered-everythings
https://corystrand.bandcamp.com/album/wintertide
https://corystrand.bandcamp.com/album/wish-you-were-here-a-reinterpretation
https://corystrand.bandcamp.com/album/without-you-what-does-my-life-amount-to
https://corystrand.bandcamp.com/album/wolfs-lair-abyss-a-reinterpretation
https://corystrand.bandcamp.com/album/words-and-dreams-and-a-million-screams
https://corystrand.bandcamp.com/album/yanqui-u-x-o-a-reinterpretation
https://corystrand.bandcamp.com/album/youll-be-falling-in-love
https://corystrand.bandcamp.com/track/aftermath-of-a-disagreement-theme-lead-version
https://corystrand.bandcamp.com/track/every-breath-you-take
https://corystrand.bandcamp.com/track/good-time-lovely-and-inane-remix-a-catalogue-of-vacancies
https://corystrand.bandcamp.com/track/hannibal-chew
https://corystrand.bandcamp.com/track/j-f-sebastien
https://corystrand.bandcamp.com/track/love-is-such-a-science
https://corystrand.bandcamp.com/track/party-tonight
https://corystrand.bandcamp.com/track/rachael
https://corystrand.bandcamp.com/track/snuggle-up-to-lakitu-demo
https://corystrand.bandcamp.com/track/song-for-kelly
https://corystrand.bandcamp.com/track/the-long-bright-dark-preview
https://corystrand.bandcamp.com/track/tyrell
https://corystrand.bandcamp.com/track/unconditionally-in-the-background
