https://cranksturgeon.bandcamp.com/album/adventures-with-a-tiny-contact-microphone
https://cranksturgeon.bandcamp.com/album/allied-ogre-softness
https://cranksturgeon.bandcamp.com/album/archives-anti-of-the-bad-triangle-wearer-anthropomorph
https://cranksturgeon.bandcamp.com/album/as-read-by
https://cranksturgeon.bandcamp.com/album/aught-ought-naught
https://cranksturgeon.bandcamp.com/album/bump-twice-for-the-glum-itch
https://cranksturgeon.bandcamp.com/album/cl-o-4-a-i-2nd-jlge
https://cranksturgeon.bandcamp.com/album/collared-out-of-spates
https://cranksturgeon.bandcamp.com/album/csplitcsville
https://cranksturgeon.bandcamp.com/album/dulles-unt-husos
https://cranksturgeon.bandcamp.com/album/fleecing-thesis
https://cranksturgeon.bandcamp.com/album/fyjk-furd
https://cranksturgeon.bandcamp.com/album/hair-on-the-frozen-nial
https://cranksturgeon.bandcamp.com/album/high-fiber-dire
https://cranksturgeon.bandcamp.com/album/hs-digest-episodes-1-4
https://cranksturgeon.bandcamp.com/album/hs-digest-episodes-13-16
https://cranksturgeon.bandcamp.com/album/hs-digest-episodes-17-19
https://cranksturgeon.bandcamp.com/album/hs-digest-episodes-5-8
https://cranksturgeon.bandcamp.com/album/hs-digest-episodes-9-12
https://cranksturgeon.bandcamp.com/album/inadvertent-tree-chastity
https://cranksturgeon.bandcamp.com/album/michael-inconglomerate
https://cranksturgeon.bandcamp.com/album/preparation-anxiety-round-object-enclosed
https://cranksturgeon.bandcamp.com/album/record-the-smudge
https://cranksturgeon.bandcamp.com/album/ruse-two
https://cranksturgeon.bandcamp.com/album/sciatica
https://cranksturgeon.bandcamp.com/album/sentient-on-a-precious-syntax
https://cranksturgeon.bandcamp.com/album/sky-dander-expletive
https://cranksturgeon.bandcamp.com/album/spurious-gist-mister
https://cranksturgeon.bandcamp.com/album/stitch-ouster
https://cranksturgeon.bandcamp.com/album/strep-team-go
https://cranksturgeon.bandcamp.com/album/the-torpor-conniption
https://cranksturgeon.bandcamp.com/album/transponder-milk-shave
https://cranksturgeon.bandcamp.com/album/tres-tress
https://cranksturgeon.bandcamp.com/album/when-we-were-army
https://cranksturgeon.bandcamp.com/track/glace-antithet
https://cranksturgeon.bandcamp.com/track/hi-tides-for-nodes-knowingly-2
