https://bradlaner.bandcamp.com/album/-
https://bradlaner.bandcamp.com/album/04
https://bradlaner.bandcamp.com/album/20-extraneous-2
https://bradlaner.bandcamp.com/album/23-early-summer-modges
https://bradlaner.bandcamp.com/album/23-return-to-modge
https://bradlaner.bandcamp.com/album/26-mixes-for-love
https://bradlaner.bandcamp.com/album/5th-dimension
https://bradlaner.bandcamp.com/album/62-56
https://bradlaner.bandcamp.com/album/a-field-guide-to-the-birds
https://bradlaner.bandcamp.com/album/a-pert-cyclic-omen
https://bradlaner.bandcamp.com/album/always-starting-to-stop
https://bradlaner.bandcamp.com/album/artnoise-complaint-office
https://bradlaner.bandcamp.com/album/asmr-solos
https://bradlaner.bandcamp.com/album/beacon
https://bradlaner.bandcamp.com/album/blind-force
https://bradlaner.bandcamp.com/album/bright-pink-star-birth-regions
https://bradlaner.bandcamp.com/album/cambridge-1995
https://bradlaner.bandcamp.com/album/censure
https://bradlaner.bandcamp.com/album/cherry-flavor-night-time
https://bradlaner.bandcamp.com/album/creative-playthings-appendix
https://bradlaner.bandcamp.com/album/dark-empathy
https://bradlaner.bandcamp.com/album/davids-been-bad
https://bradlaner.bandcamp.com/album/death-dirge-for-america
https://bradlaner.bandcamp.com/album/deaths-a-disco
https://bradlaner.bandcamp.com/album/despues
https://bradlaner.bandcamp.com/album/dexameth
https://bradlaner.bandcamp.com/album/dough-boi
https://bradlaner.bandcamp.com/album/drugs
https://bradlaner.bandcamp.com/album/drumsynth-soli-1
https://bradlaner.bandcamp.com/album/electric-company
https://bradlaner.bandcamp.com/album/electric-company-plays-amnesia
https://bradlaner.bandcamp.com/album/elephant-heart-plumb
https://bradlaner.bandcamp.com/album/elysian-fields-11-7-21
https://bradlaner.bandcamp.com/album/end-of-summer-modge-23
https://bradlaner.bandcamp.com/album/exaktamo
https://bradlaner.bandcamp.com/album/falls
https://bradlaner.bandcamp.com/album/ficus-envy
https://bradlaner.bandcamp.com/album/foaming-agents-1
https://bradlaner.bandcamp.com/album/foaming-agents-2
https://bradlaner.bandcamp.com/album/foaming-agents-3
https://bradlaner.bandcamp.com/album/foaming-agents-4-con-ritmo
https://bradlaner.bandcamp.com/album/for-forty-emergence-pact
https://bradlaner.bandcamp.com/album/for-magnetic-tape
https://bradlaner.bandcamp.com/album/free-personal-vortex-inside
https://bradlaner.bandcamp.com/album/from-an-8x8-bedroom
https://bradlaner.bandcamp.com/album/genoux-et-en-difficult
https://bradlaner.bandcamp.com/album/give-me-that-dog-penis-popsicle
https://bradlaner.bandcamp.com/album/granada-hills-compost-festival
https://bradlaner.bandcamp.com/album/her-highness-premiere-m-lange
https://bradlaner.bandcamp.com/album/highly-morning-b-w-sideshow
https://bradlaner.bandcamp.com/album/hot-august-modge
https://bradlaner.bandcamp.com/album/i-told-mum
https://bradlaner.bandcamp.com/album/i-wont-hurt-you
https://bradlaner.bandcamp.com/album/in-session
https://bradlaner.bandcamp.com/album/inapplicable-concord
https://bradlaner.bandcamp.com/album/interim
https://bradlaner.bandcamp.com/album/invalid-object-series-new
https://bradlaner.bandcamp.com/album/joublie-toujours-le-celer-du-march
https://bradlaner.bandcamp.com/album/joy
https://bradlaner.bandcamp.com/album/la-vue-de-lint-rieur
https://bradlaner.bandcamp.com/album/ligaments-01-05
https://bradlaner.bandcamp.com/album/lingus
https://bradlaner.bandcamp.com/album/live-electronic-music-improvised-in-los-angeles-dive-bars
https://bradlaner.bandcamp.com/album/live-in-chicago-january-30th-1993
https://bradlaner.bandcamp.com/album/live-in-concept
https://bradlaner.bandcamp.com/album/live-island-of-misfit-toys-3-5-19
https://bradlaner.bandcamp.com/album/live-on-glossolalia-kxlu-los-angeles-3-11-19
https://bradlaner.bandcamp.com/album/london-2-25-93
https://bradlaner.bandcamp.com/album/lovely-music
https://bradlaner.bandcamp.com/album/lower-than-the-world
https://bradlaner.bandcamp.com/album/maybe
https://bradlaner.bandcamp.com/album/medicine
https://bradlaner.bandcamp.com/album/medicine-guitar-pedal-board-solos-1
https://bradlaner.bandcamp.com/album/medicine-guitar-pedal-board-solos-2
https://bradlaner.bandcamp.com/album/medicine-guitar-pedal-board-solos-3
https://bradlaner.bandcamp.com/album/microtonal-space-jazz-for-girls-and-boys
https://bradlaner.bandcamp.com/album/minds-eye
https://bradlaner.bandcamp.com/album/mistlite
https://bradlaner.bandcamp.com/album/mod-july-23
https://bradlaner.bandcamp.com/album/modge-23a
https://bradlaner.bandcamp.com/album/modge-24a
https://bradlaner.bandcamp.com/album/modified-mego-muson-music
https://bradlaner.bandcamp.com/album/moist-realtors
https://bradlaner.bandcamp.com/album/music-for-a-general-strike
https://bradlaner.bandcamp.com/album/music-for-beautiful-noise
https://bradlaner.bandcamp.com/album/neighborhood-witch
https://bradlaner.bandcamp.com/album/neon-way
https://bradlaner.bandcamp.com/album/never-creak
https://bradlaner.bandcamp.com/album/night-fever
https://bradlaner.bandcamp.com/album/nocebo
https://bradlaner.bandcamp.com/album/nomenklatura
https://bradlaner.bandcamp.com/album/occurence-fountain
https://bradlaner.bandcamp.com/album/oct23modge
https://bradlaner.bandcamp.com/album/octubre-1
https://bradlaner.bandcamp.com/album/octubre-2
https://bradlaner.bandcamp.com/album/octubre-3
https://bradlaner.bandcamp.com/album/octubre-4
https://bradlaner.bandcamp.com/album/omakase
https://bradlaner.bandcamp.com/album/on-the-bed
https://bradlaner.bandcamp.com/album/only-ghost-in-town
https://bradlaner.bandcamp.com/album/passive-radiation
https://bradlaner.bandcamp.com/album/perfunctory-salutations-etc
https://bradlaner.bandcamp.com/album/personal-electronics-2010
https://bradlaner.bandcamp.com/album/piano-music-for-covid-commercials
https://bradlaner.bandcamp.com/album/prostate-gland-massagers
https://bradlaner.bandcamp.com/album/r-ckkopplung
https://bradlaner.bandcamp.com/album/record-player
https://bradlaner.bandcamp.com/album/robin-diamonds-lungs
https://bradlaner.bandcamp.com/album/san-salvador-day
https://bradlaner.bandcamp.com/album/scarred-for-life-4
https://bradlaner.bandcamp.com/album/scopaesthesia
https://bradlaner.bandcamp.com/album/second-section
https://bradlaner.bandcamp.com/album/secret-messages-from-the-schr-dinger-house
https://bradlaner.bandcamp.com/album/selected-early-recordings-1990-1991
https://bradlaner.bandcamp.com/album/septober-sequence
https://bradlaner.bandcamp.com/album/septomodge24
https://bradlaner.bandcamp.com/album/series-one
https://bradlaner.bandcamp.com/album/sessions-at-le-forte-four-studio
https://bradlaner.bandcamp.com/album/shmear
https://bradlaner.bandcamp.com/album/silences
https://bradlaner.bandcamp.com/album/slow-food
https://bradlaner.bandcamp.com/album/sometimes-live
https://bradlaner.bandcamp.com/album/songs-everyone-knows
https://bradlaner.bandcamp.com/album/sprained-brains-explain
https://bradlaner.bandcamp.com/album/studio-cassette-breaded-era-allsorts
https://bradlaner.bandcamp.com/album/studio-city
https://bradlaner.bandcamp.com/album/the-helix-of-repair
https://bradlaner.bandcamp.com/album/the-interregnum
https://bradlaner.bandcamp.com/album/the-right-kind-of-nothing
https://bradlaner.bandcamp.com/album/the-subterranean-river-caverns-of-los-angeles
https://bradlaner.bandcamp.com/album/the-tarkington-table
https://bradlaner.bandcamp.com/album/the-unintentional-asmr-blues
https://bradlaner.bandcamp.com/album/the-watcher
https://bradlaner.bandcamp.com/album/the-way-life-used-to-be
https://bradlaner.bandcamp.com/album/third-eye
https://bradlaner.bandcamp.com/album/tintinnabulum
https://bradlaner.bandcamp.com/album/torgue-aquilones
https://bradlaner.bandcamp.com/album/utility
https://bradlaner.bandcamp.com/album/vista-del-monte-apartment-archive
https://bradlaner.bandcamp.com/album/volume-1
https://bradlaner.bandcamp.com/album/vox-hum
https://bradlaner.bandcamp.com/album/voyage-au-coeur-de-la-banlieue
https://bradlaner.bandcamp.com/album/we-tones
https://bradlaner.bandcamp.com/album/weird-song-i-dont-know
https://bradlaner.bandcamp.com/album/well-run-away
https://bradlaner.bandcamp.com/album/wet-ones
https://bradlaner.bandcamp.com/album/x
https://bradlaner.bandcamp.com/album/yeaster
