https://bmopsound.bandcamp.com/album/alan-hovhaness-exile-symphony
https://bmopsound.bandcamp.com/album/andrew-norman-play
https://bmopsound.bandcamp.com/album/andy-vores-goback-goback
https://bmopsound.bandcamp.com/album/anthony-davis-notes-from-the-underground
https://bmopsound.bandcamp.com/album/anthony-davis-x-the-life-and-times-of-malcolm-x
https://bmopsound.bandcamp.com/album/anthony-paul-de-ritis-change-and-the-elixir-of-immortality
https://bmopsound.bandcamp.com/album/anthony-paul-de-ritis-devolution
https://bmopsound.bandcamp.com/album/anthony-paul-de-ritis-pop-concerto
https://bmopsound.bandcamp.com/album/arnold-rosner-the-chronicle-of-nine-the-tragedy-of-queen-jane
https://bmopsound.bandcamp.com/album/arthur-berger-words-for-music-perhaps
https://bmopsound.bandcamp.com/album/avner-dorman-sikl-n
https://bmopsound.bandcamp.com/album/carlos-surinach-acrobats-of-god
https://bmopsound.bandcamp.com/album/charles-fussell-cymbeline
https://bmopsound.bandcamp.com/album/charles-fussell-wilde-2
https://bmopsound.bandcamp.com/album/charles-wuorinen-haroun-and-the-sea-of-stories
https://bmopsound.bandcamp.com/album/chen-yi-concertos-for-string-instruments
https://bmopsound.bandcamp.com/album/chinary-ung-singing-inside-aura-2
https://bmopsound.bandcamp.com/album/dalit-hadass-warshaw-sirens
https://bmopsound.bandcamp.com/album/david-del-tredici-child-alice
https://bmopsound.bandcamp.com/album/david-felder-die-d-mmerungen
https://bmopsound.bandcamp.com/album/david-felder-les-quatre-temps-cardinaux
https://bmopsound.bandcamp.com/album/david-rakowski-stolen-moments
https://bmopsound.bandcamp.com/album/david-rakowski-winged-contraption
https://bmopsound.bandcamp.com/album/david-sanford-black-noise
https://bmopsound.bandcamp.com/album/david-stock-concertos
https://bmopsound.bandcamp.com/album/derek-bermel-voices
https://bmopsound.bandcamp.com/album/dominick-argento-jonah-and-the-whale-2
https://bmopsound.bandcamp.com/album/dominick-argento-the-voyage-of-edgar-allan-poe
https://bmopsound.bandcamp.com/album/donald-crockett-blue-earth
https://bmopsound.bandcamp.com/album/elena-ruehr-okeeffe-images
https://bmopsound.bandcamp.com/album/ellen-taaffe-zwilich-symphony-no-5
https://bmopsound.bandcamp.com/album/elliott-carter-ballets
https://bmopsound.bandcamp.com/album/elliott-schwartz-chamber-concertos-i-vi
https://bmopsound.bandcamp.com/album/eric-moe-kick-ride
https://bmopsound.bandcamp.com/album/eric-nathan-the-space-of-a-door
https://bmopsound.bandcamp.com/album/eric-sawyer-civil-disobedience
https://bmopsound.bandcamp.com/album/eric-sawyer-our-american-cousin-2
https://bmopsound.bandcamp.com/album/gail-kubik-symphony-concertante-2
https://bmopsound.bandcamp.com/album/george-antheil-ballet-m-canique
https://bmopsound.bandcamp.com/album/george-perle-serenades
https://bmopsound.bandcamp.com/album/gunther-schuller-journey-into-jazz
https://bmopsound.bandcamp.com/album/gunther-schuller-the-fisherman-and-his-wife
https://bmopsound.bandcamp.com/album/harold-shapero-orchestral-works
https://bmopsound.bandcamp.com/album/irving-fine-complete-orchestral-works
https://bmopsound.bandcamp.com/album/jacob-druckman-lamia
https://bmopsound.bandcamp.com/album/jeremy-gill-before-the-wresting-tides
https://bmopsound.bandcamp.com/album/joan-tower-piano-concerto-homage-to-beethoven
https://bmopsound.bandcamp.com/album/john-adams-chamber-symphony
https://bmopsound.bandcamp.com/album/john-alden-carpenter-complete-ballets
https://bmopsound.bandcamp.com/album/john-cage-sixteen-dances-2
https://bmopsound.bandcamp.com/album/john-corigliano-to-music
https://bmopsound.bandcamp.com/album/john-harbison-concertos-for-string-instruments
https://bmopsound.bandcamp.com/album/john-harbison-diotima
https://bmopsound.bandcamp.com/album/john-harbison-full-moon-in-march-2
https://bmopsound.bandcamp.com/album/john-harbison-ulysses
https://bmopsound.bandcamp.com/album/john-harbison-winters-tale
https://bmopsound.bandcamp.com/album/kati-ag-cs-the-debrecen-passion
https://bmopsound.bandcamp.com/album/keeril-makan-dream-lightly
https://bmopsound.bandcamp.com/album/ken-ueno-talus-2
https://bmopsound.bandcamp.com/album/lee-hoiby-the-italian-lesson
https://bmopsound.bandcamp.com/album/lee-hyla-lives-of-the-saints
https://bmopsound.bandcamp.com/album/lei-liang-a-thousand-mountains-a-million-streams
https://bmopsound.bandcamp.com/album/leon-kirchner-music-for-orchestra-2
https://bmopsound.bandcamp.com/album/lewis-spratlan-apollo-and-daphne-variations
https://bmopsound.bandcamp.com/album/lisa-bielawa-in-medias-res
https://bmopsound.bandcamp.com/album/lou-harrison-la-koro-sutro
https://bmopsound.bandcamp.com/album/louis-andriessen-la-passione-2
https://bmopsound.bandcamp.com/album/lukas-foss-complete-symphonies
https://bmopsound.bandcamp.com/album/lukas-foss-night-music-for-john-lennon
https://bmopsound.bandcamp.com/album/lukas-foss-the-jumping-frog-of-calaveras-county
https://bmopsound.bandcamp.com/album/lukas-foss-the-prairie
https://bmopsound.bandcamp.com/album/martin-boykan-orchestral-works-2
https://bmopsound.bandcamp.com/album/mason-bates-mothership
https://bmopsound.bandcamp.com/album/mathew-rosenblum-m-bius-loop
https://bmopsound.bandcamp.com/album/matthew-aucoin-orphic-moments
https://bmopsound.bandcamp.com/album/michael-colgrass-side-by-side
https://bmopsound.bandcamp.com/album/michael-gandolfi-from-the-institutes-of-groove-2
https://bmopsound.bandcamp.com/album/michael-gandolfi-y2k-compliant
https://bmopsound.bandcamp.com/album/milton-babbitt-all-set
https://bmopsound.bandcamp.com/album/nancy-galbraith-everything-flows-concerto-for-solo-percussion-and-orchestra
https://bmopsound.bandcamp.com/album/norman-dello-joio-the-trial-at-rouen
https://bmopsound.bandcamp.com/album/paul-dooley-masks-and-machines
https://bmopsound.bandcamp.com/album/paul-moravec-northern-lights-electric
https://bmopsound.bandcamp.com/album/paul-moravec-the-blizzard-voices
https://bmopsound.bandcamp.com/album/paul-moravec-the-overlook-hotel-the-suite-from-the-shining
https://bmopsound.bandcamp.com/album/peter-child-shanti
https://bmopsound.bandcamp.com/album/reza-vali-toward-that-endless-plain
https://bmopsound.bandcamp.com/album/robert-carl-white-heron
https://bmopsound.bandcamp.com/album/roger-reynolds-violin-works
https://bmopsound.bandcamp.com/album/ross-lee-finney-landscapes-remembered
https://bmopsound.bandcamp.com/album/samuel-barber-medea
https://bmopsound.bandcamp.com/album/samuel-jones-three-concertos
https://bmopsound.bandcamp.com/album/scott-wheeler-crazy-weather
https://bmopsound.bandcamp.com/album/shuying-li-the-last-hive-mind
https://bmopsound.bandcamp.com/album/stephen-hartke-the-ascent-of-the-equestrian-in-a-balloon
https://bmopsound.bandcamp.com/album/steven-mackey-dreamhouse
https://bmopsound.bandcamp.com/album/steven-mackey-time-release
https://bmopsound.bandcamp.com/album/steven-stucky-american-muse
https://bmopsound.bandcamp.com/album/thomas-oboe-lee-six-concertos
https://bmopsound.bandcamp.com/album/tobias-picker-awakenings
https://bmopsound.bandcamp.com/album/tobias-picker-fantastic-mr-fox
https://bmopsound.bandcamp.com/album/tod-machover-death-and-the-powers
https://bmopsound.bandcamp.com/album/vijay-iyer-trouble
https://bmopsound.bandcamp.com/album/virgil-thomson-four-saints-in-three-acts
https://bmopsound.bandcamp.com/album/virgil-thomson-three-pictures
https://bmopsound.bandcamp.com/album/walter-piston-concerto-for-orchestra
https://bmopsound.bandcamp.com/album/wayne-peterson-transformations
https://bmopsound.bandcamp.com/album/william-schuman-the-witch-of-endor
https://bmopsound.bandcamp.com/album/william-thomas-mckinley-r-a-p
