https://legendarypinkdots1.bandcamp.com/album/090301-enhanced-2014
https://legendarypinkdots1.bandcamp.com/album/10-to-the-power-of-9-chapter-iii
https://legendarypinkdots1.bandcamp.com/album/10-to-the-power-of-9-chapters-1-2
https://legendarypinkdots1.bandcamp.com/album/10-to-the-power-of-9-chapters-iii-iv
https://legendarypinkdots1.bandcamp.com/album/100-seconds-to-midnight
https://legendarypinkdots1.bandcamp.com/album/11111111-2024-remaster
https://legendarypinkdots1.bandcamp.com/album/12-steps-off-the-path
https://legendarypinkdots1.bandcamp.com/album/2020-visions-the-tear-garden-anthology-part-3-2000-to-2020
https://legendarypinkdots1.bandcamp.com/album/40-angels-the-archive
https://legendarypinkdots1.bandcamp.com/album/800-saints-in-a-day-2
https://legendarypinkdots1.bandcamp.com/album/8118
https://legendarypinkdots1.bandcamp.com/album/99-lives-to-ponder-the-tear-garden-anthology-part-2-1990-99
https://legendarypinkdots1.bandcamp.com/album/a-carrington-event
https://legendarypinkdots1.bandcamp.com/album/a-long-red-ladder-to-the-moon-enhanced-2014
https://legendarypinkdots1.bandcamp.com/album/a-monument-to-wasted-tears
https://legendarypinkdots1.bandcamp.com/album/a-perfect-mystery-2012-remaster-redux
https://legendarypinkdots1.bandcamp.com/album/a-pleasure-cruise-through-9-dimensions
https://legendarypinkdots1.bandcamp.com/album/a-public-bath
https://legendarypinkdots1.bandcamp.com/album/a-red-winter-night-s-dream-angel-trombones
https://legendarypinkdots1.bandcamp.com/album/a-ripple-on-the-richter-scale
https://legendarypinkdots1.bandcamp.com/album/a-ripple-on-the-richter-scale-part-2
https://legendarypinkdots1.bandcamp.com/album/a-scented-candle
https://legendarypinkdots1.bandcamp.com/album/a-string-of-zeroes-the-legendary-pink-dots-2000-2010
https://legendarypinkdots1.bandcamp.com/album/a-sunday-in-brighton
https://legendarypinkdots1.bandcamp.com/album/a-ticking-clock-1990-99
https://legendarypinkdots1.bandcamp.com/album/aa-zhyd-china-doll-2013-remaster
https://legendarypinkdots1.bandcamp.com/album/absence-of-evidence-2013-remaster
https://legendarypinkdots1.bandcamp.com/album/after-the-wave-a-one-track-teaser
https://legendarypinkdots1.bandcamp.com/album/alchemical-playschool
https://legendarypinkdots1.bandcamp.com/album/alenas-song-of-the-week
https://legendarypinkdots1.bandcamp.com/album/alien-subspace
https://legendarypinkdots1.bandcamp.com/album/all-the-kings-horses-2012-remaster
https://legendarypinkdots1.bandcamp.com/album/all-the-kings-men-redux-2013-remaster
https://legendarypinkdots1.bandcamp.com/album/all-the-kings-sessions
https://legendarypinkdots1.bandcamp.com/album/an-abandoned-laboratory-volume-1
https://legendarypinkdots1.bandcamp.com/album/an-abandoned-laboratory-volume-2
https://legendarypinkdots1.bandcamp.com/album/an-abandoned-laboratory-volume-3
https://legendarypinkdots1.bandcamp.com/album/an-unlikely-event-2024-remaster
https://legendarypinkdots1.bandcamp.com/album/anagramma
https://legendarypinkdots1.bandcamp.com/album/ancient-daze
https://legendarypinkdots1.bandcamp.com/album/angel-in-the-detail
https://legendarypinkdots1.bandcamp.com/album/angelus-obscuros-live-in-amsterdam-1985-1986
https://legendarypinkdots1.bandcamp.com/album/any-day-now-2012-remaster-redux
https://legendarypinkdots1.bandcamp.com/album/any-day-now-remastered-and-expanded-edition-2018
https://legendarypinkdots1.bandcamp.com/album/any-day-now-secrets
https://legendarypinkdots1.bandcamp.com/album/apparition-2025-expanded-remaster
https://legendarypinkdots1.bandcamp.com/album/apples-big-china-doll
https://legendarypinkdots1.bandcamp.com/album/are-you-receiving-us-planet-earth
https://legendarypinkdots1.bandcamp.com/album/artifact-1996-waschhaus
https://legendarypinkdots1.bandcamp.com/album/assembling-witness
https://legendarypinkdots1.bandcamp.com/album/asylum-2012-remaster
https://legendarypinkdots1.bandcamp.com/album/atomic-roses-remaster-2018
https://legendarypinkdots1.bandcamp.com/album/basilisk-2013-remaster
https://legendarypinkdots1.bandcamp.com/album/blank-for-your-own-message
https://legendarypinkdots1.bandcamp.com/album/blessed-mementos
https://legendarypinkdots1.bandcamp.com/album/brighter-now-2025-remaster
https://legendarypinkdots1.bandcamp.com/album/canta-mientras-puedas
https://legendarypinkdots1.bandcamp.com/album/caste-ograye-skreeens-2023-remaster
https://legendarypinkdots1.bandcamp.com/album/chemical-playschool-10-2012-remaster
https://legendarypinkdots1.bandcamp.com/album/chemical-playschool-15
https://legendarypinkdots1.bandcamp.com/album/chemical-playschool-19-20
https://legendarypinkdots1.bandcamp.com/album/chemical-playschool-volume-25-2
https://legendarypinkdots1.bandcamp.com/album/chemical-playschool-volumes-1-2-2013-remaster
https://legendarypinkdots1.bandcamp.com/album/chemical-playschool-volumes-1112-13-2013-remaster
https://legendarypinkdots1.bandcamp.com/album/chemical-playschool-volumes-16-18
https://legendarypinkdots1.bandcamp.com/album/chemical-playschool-volumes-21-22
https://legendarypinkdots1.bandcamp.com/album/chemical-playschool-volumes-23-24-2
https://legendarypinkdots1.bandcamp.com/album/chemical-playschool-volumes-3-4-2015-remaster
https://legendarypinkdots1.bandcamp.com/album/chemical-playschool-volumes-8-9-2013-remaster
https://legendarypinkdots1.bandcamp.com/album/chemical-snapshots
https://legendarypinkdots1.bandcamp.com/album/chyekk-china-doll-2010-remaster-redux
https://legendarypinkdots1.bandcamp.com/album/code-noir
https://legendarypinkdots1.bandcamp.com/album/come-out-from-the-shadows
https://legendarypinkdots1.bandcamp.com/album/come-out-from-the-shadows-4-live-at-lounge-ax-1993
https://legendarypinkdots1.bandcamp.com/album/come-out-from-the-shadows-volume-3-the-80s-expanded
https://legendarypinkdots1.bandcamp.com/album/come-out-from-the-shadows-volume-5-rotterdam-1983
https://legendarypinkdots1.bandcamp.com/album/conspiracy-of-pylons
https://legendarypinkdots1.bandcamp.com/album/cosmic-space-drone-a-taster-only
https://legendarypinkdots1.bandcamp.com/album/crash-velvet-apocalypse
https://legendarypinkdots1.bandcamp.com/album/crushed-mementos
https://legendarypinkdots1.bandcamp.com/album/crystal-mass
https://legendarypinkdots1.bandcamp.com/album/curse-2021-expanded-remaster
https://legendarypinkdots1.bandcamp.com/album/cyberskapes
https://legendarypinkdots1.bandcamp.com/album/cyberskapes-2
https://legendarypinkdots1.bandcamp.com/album/deciduous-flux
https://legendarypinkdots1.bandcamp.com/album/der-aussiedler
https://legendarypinkdots1.bandcamp.com/album/devascapes-expanded
https://legendarypinkdots1.bandcamp.com/album/disorient-express
https://legendarypinkdots1.bandcamp.com/album/dna-le-draw-d-kee-2013-remaster-redux
https://legendarypinkdots1.bandcamp.com/album/dont-get-lost-enhanced-2026
https://legendarypinkdots1.bandcamp.com/album/dot-to-dot
https://legendarypinkdots1.bandcamp.com/album/dream-cell-2011-remaster
https://legendarypinkdots1.bandcamp.com/album/dream-logik-1
https://legendarypinkdots1.bandcamp.com/album/dream-logik-3-beyond-extras-and-out-takes
https://legendarypinkdots1.bandcamp.com/album/dream-logik-volume-2
https://legendarypinkdots1.bandcamp.com/album/dream-loops-2024-remaster
https://legendarypinkdots1.bandcamp.com/album/easter-in-the-deep-south
https://legendarypinkdots1.bandcamp.com/album/echo-piece
https://legendarypinkdots1.bandcamp.com/album/elemental-2012-remaster
https://legendarypinkdots1.bandcamp.com/album/escape-a-collection-of-songs-straight-out-of-the-asylum-a-brief-teaser
https://legendarypinkdots1.bandcamp.com/album/eye-spy-volume-2-a-mere-taster
https://legendarypinkdots1.bandcamp.com/album/eye-spy-with-my-little-eye-2
https://legendarypinkdots1.bandcamp.com/album/eyes-china-doll
https://legendarypinkdots1.bandcamp.com/album/faces-in-the-fire-2012-remaster
https://legendarypinkdots1.bandcamp.com/album/fainting-by-numbers
https://legendarypinkdots1.bandcamp.com/album/farewell-milky-way-enhanced-2013
https://legendarypinkdots1.bandcamp.com/album/festive
https://legendarypinkdots1.bandcamp.com/album/festive-3
https://legendarypinkdots1.bandcamp.com/album/festive-4
https://legendarypinkdots1.bandcamp.com/album/festive-v
https://legendarypinkdots1.bandcamp.com/album/festive-volume-2-update-december-2021
https://legendarypinkdots1.bandcamp.com/album/finisterre
https://legendarypinkdots1.bandcamp.com/album/fire-island-2024-remaster
https://legendarypinkdots1.bandcamp.com/album/four-days-the-30th-anniversary-remastered-expanded
https://legendarypinkdots1.bandcamp.com/album/from-here-youll-watch-the-world-go-by-redux-2012-remaster
https://legendarypinkdots1.bandcamp.com/album/ghost-logik-2-remastered-2023
https://legendarypinkdots1.bandcamp.com/album/ghost-logik-spectrescapes-1
https://legendarypinkdots1.bandcamp.com/album/greetings-9-premonition-11-2013-remaster
https://legendarypinkdots1.bandcamp.com/album/halloween-at-the-double-door-2002
https://legendarypinkdots1.bandcamp.com/album/hallway-of-the-gods-redux-2012-remaster
https://legendarypinkdots1.bandcamp.com/album/happy-new-year-2024-remaster
https://legendarypinkdots1.bandcamp.com/album/have-a-nice-trip-a-small-taster
https://legendarypinkdots1.bandcamp.com/album/heavens-great-dome-discourse-on-deconstruction-a-single-track-teaser
https://legendarypinkdots1.bandcamp.com/album/high-on-station-yellow-moon-2
https://legendarypinkdots1.bandcamp.com/album/how-to-promote-a-live-grenade
https://legendarypinkdots1.bandcamp.com/album/human-radio-2013-remaster
https://legendarypinkdots1.bandcamp.com/album/i-can-spin-a-rainbow
https://legendarypinkdots1.bandcamp.com/album/ikra-09
https://legendarypinkdots1.bandcamp.com/album/intimacy-live-at-the-rumba-cafe-2010
https://legendarypinkdots1.bandcamp.com/album/island-of-jewels-2012-remaster
https://legendarypinkdots1.bandcamp.com/album/island-of-jewels-2021-expanded-remaster
https://legendarypinkdots1.bandcamp.com/album/junkyard-version-apocalypse-mantis-mantra
https://legendarypinkdots1.bandcamp.com/album/just-a-dream-forgotten-recordings-from-the-80s
https://legendarypinkdots1.bandcamp.com/album/ketvector-fig-23-a-one-song-teaser
https://legendarypinkdots1.bandcamp.com/album/khataclimici-china-doll-2012-remaster
https://legendarypinkdots1.bandcamp.com/album/kissing-frogs-is-fine-enhanced-2014
https://legendarypinkdots1.bandcamp.com/album/kleine-krieg-remaster-2019
https://legendarypinkdots1.bandcamp.com/album/kollabaris-remaster
https://legendarypinkdots1.bandcamp.com/album/laugh-china-doll
https://legendarypinkdots1.bandcamp.com/album/leave-for-good
https://legendarypinkdots1.bandcamp.com/album/lentrepot-2012
https://legendarypinkdots1.bandcamp.com/album/live-89-enhanced-2014
https://legendarypinkdots1.bandcamp.com/album/live-89-volume-2
https://legendarypinkdots1.bandcamp.com/album/live-at-biblioteque-herge-paris-2005
https://legendarypinkdots1.bandcamp.com/album/live-at-cafe-de-la-danse-2013-remaster
https://legendarypinkdots1.bandcamp.com/album/live-at-cafe-desmet-2006
https://legendarypinkdots1.bandcamp.com/album/live-at-cafe-oto
https://legendarypinkdots1.bandcamp.com/album/live-at-extrapool
https://legendarypinkdots1.bandcamp.com/album/live-at-pandoras-music-box-1985
https://legendarypinkdots1.bandcamp.com/album/live-at-the-brainwaves-festival-2006
https://legendarypinkdots1.bandcamp.com/album/live-at-the-fillmore-1998
https://legendarypinkdots1.bandcamp.com/album/live-at-the-metro
https://legendarypinkdots1.bandcamp.com/album/live-at-the-rave-milwaukee-20-june-2000
https://legendarypinkdots1.bandcamp.com/album/live-at-the-stone-coast-brewery
https://legendarypinkdots1.bandcamp.com/album/live-at-the-trocadero-philadelphia-1993
https://legendarypinkdots1.bandcamp.com/album/live-at-wfmu-2010
https://legendarypinkdots1.bandcamp.com/album/live-in-basel-enhanced-2013
https://legendarypinkdots1.bandcamp.com/album/live-in-denver-19-may-2012
https://legendarypinkdots1.bandcamp.com/album/live-in-hildesheim-1992-remastered-2013
https://legendarypinkdots1.bandcamp.com/album/live-in-kontich-1986-divine-providence-flamande
https://legendarypinkdots1.bandcamp.com/album/live-in-los-angeles-2019
https://legendarypinkdots1.bandcamp.com/album/live-in-montpellier-1994
https://legendarypinkdots1.bandcamp.com/album/live-in-sens-2015
https://legendarypinkdots1.bandcamp.com/album/live-in-strasbourg-1986
https://legendarypinkdots1.bandcamp.com/album/live-in-vienna
https://legendarypinkdots1.bandcamp.com/album/live-in-vienna-1988
https://legendarypinkdots1.bandcamp.com/album/lyvv-china-doll-redux-2014-remaster
https://legendarypinkdots1.bandcamp.com/album/malachai-shadow-weaver-part-2-2018-remaster
https://legendarypinkdots1.bandcamp.com/album/midnight-pharmacy
https://legendarypinkdots1.bandcamp.com/album/mimir-3-enhanced-2015
https://legendarypinkdots1.bandcamp.com/album/mimir-revisited
https://legendarypinkdots1.bandcamp.com/album/mimir-the-single
https://legendarypinkdots1.bandcamp.com/album/mimir-version-1-1990
https://legendarypinkdots1.bandcamp.com/album/mimyriad-first-version-cd-enhanced-2015
https://legendarypinkdots1.bandcamp.com/album/mimyriad-vinyl-edition-remastered-2007
https://legendarypinkdots1.bandcamp.com/album/mushroom-clouds-the-tear-garden-anthology-part-1-the-80s
https://legendarypinkdots1.bandcamp.com/album/nature-of-illusion
https://legendarypinkdots1.bandcamp.com/album/negativ-94
https://legendarypinkdots1.bandcamp.com/album/nemesis-online-2013-remaster
https://legendarypinkdots1.bandcamp.com/album/nine-lives-to-wonder-2012-remaster
https://legendarypinkdots1.bandcamp.com/album/o-darkness-o-darkness-remastered-expanded-2024
https://legendarypinkdots1.bandcamp.com/album/oer-a-shalabastr-tyde-strolt-ay
https://legendarypinkdots1.bandcamp.com/album/on-the-rebound
https://legendarypinkdots1.bandcamp.com/album/one-last-pose-before-the-ruin
https://legendarypinkdots1.bandcamp.com/album/only-dreaming
https://legendarypinkdots1.bandcamp.com/album/pages-of-aquarius
https://legendarypinkdots1.bandcamp.com/album/paris-in-the-spring
https://legendarypinkdots1.bandcamp.com/album/permission-to-leave-the-temple-the-deep
https://legendarypinkdots1.bandcamp.com/album/pieces-of-redux-2014
https://legendarypinkdots1.bandcamp.com/album/plus-a-change
https://legendarypinkdots1.bandcamp.com/album/plutonium-blonde-redux
https://legendarypinkdots1.bandcamp.com/album/plutonium-live
https://legendarypinkdots1.bandcamp.com/album/poppy-variations-2013-remaster
https://legendarypinkdots1.bandcamp.com/album/portals-in-the-storm-2
https://legendarypinkdots1.bandcamp.com/album/prayer-for-aradia-2014-remaster
https://legendarypinkdots1.bandcamp.com/album/premonition-2014-remaster
https://legendarypinkdots1.bandcamp.com/album/premonition-the-bonus-disc
https://legendarypinkdots1.bandcamp.com/album/prints-of-darkness-2
https://legendarypinkdots1.bandcamp.com/album/public-disturbance-enhanced-2014
https://legendarypinkdots1.bandcamp.com/album/quantum-primitiv
https://legendarypinkdots1.bandcamp.com/album/red-letters-2012-remaster
https://legendarypinkdots1.bandcamp.com/album/red-sky-at-night-enhanced-2014
https://legendarypinkdots1.bandcamp.com/album/remember-you-are-an-actor-2
https://legendarypinkdots1.bandcamp.com/album/requiem-settings-2013-remaster
https://legendarypinkdots1.bandcamp.com/album/revolutions-in-the-head
https://legendarypinkdots1.bandcamp.com/album/saucers-over-lincoln-redux-2025-remaster
https://legendarypinkdots1.bandcamp.com/album/seconds-late-for-the-brighton-line-redux
https://legendarypinkdots1.bandcamp.com/album/see-it-alone
https://legendarypinkdots1.bandcamp.com/album/shadow-weaver-2012-remaster
https://legendarypinkdots1.bandcamp.com/album/shadow-weaver-remastered-and-expanded-edition-2018
https://legendarypinkdots1.bandcamp.com/album/sheila-liked-the-rodeo-2012-remaster
https://legendarypinkdots1.bandcamp.com/album/silvermandalas-2012-remaster
https://legendarypinkdots1.bandcamp.com/album/so-lonely-in-heaven-2
https://legendarypinkdots1.bandcamp.com/album/songs-of-solitude
https://legendarypinkdots1.bandcamp.com/album/spectral-artifact-2013-remaster
https://legendarypinkdots1.bandcamp.com/album/spectrescapes-2
https://legendarypinkdots1.bandcamp.com/album/spectrescapes-volume-3-2024-remaster
https://legendarypinkdots1.bandcamp.com/album/spirit-guide
https://legendarypinkdots1.bandcamp.com/album/state-of-union-enhanced-2014
https://legendarypinkdots1.bandcamp.com/album/sun-with-a-beating-heart
https://legendarypinkdots1.bandcamp.com/album/synesthesia-2013-remaster-expanded
https://legendarypinkdots1.bandcamp.com/album/tales-from-the-trenches
https://legendarypinkdots1.bandcamp.com/album/tanith-the-lion-tree-2020-remaster
https://legendarypinkdots1.bandcamp.com/album/taos-hum
https://legendarypinkdots1.bandcamp.com/album/tease-seize-apply-5
https://legendarypinkdots1.bandcamp.com/album/the-13th-step
https://legendarypinkdots1.bandcamp.com/album/the-25th-anniversary-single
https://legendarypinkdots1.bandcamp.com/album/the-30-year-itch-enhanced-2020
https://legendarypinkdots1.bandcamp.com/album/the-40-year-scratch
https://legendarypinkdots1.bandcamp.com/album/the-9th-day-of-christmas
https://legendarypinkdots1.bandcamp.com/album/the-blue-room-2024-remaster-redux
https://legendarypinkdots1.bandcamp.com/album/the-brown-acid-caveat-a-mere-taster
https://legendarypinkdots1.bandcamp.com/album/the-byte-of-spring-2023-remaster
https://legendarypinkdots1.bandcamp.com/album/the-concrete-diaries
https://legendarypinkdots1.bandcamp.com/album/the-creature-that-tasted-sound
https://legendarypinkdots1.bandcamp.com/album/the-crushed-velvet-apocalypse-2010-remaster
https://legendarypinkdots1.bandcamp.com/album/the-curse-of-marie-antoinette
https://legendarypinkdots1.bandcamp.com/album/the-fragments-of-illumina-2024-remaster
https://legendarypinkdots1.bandcamp.com/album/the-french-collection
https://legendarypinkdots1.bandcamp.com/album/the-gethsemane-option-2
https://legendarypinkdots1.bandcamp.com/album/the-golden-age-2018-remaster
https://legendarypinkdots1.bandcamp.com/album/the-great-outdoors
https://legendarypinkdots1.bandcamp.com/album/the-greenhouse-effect
https://legendarypinkdots1.bandcamp.com/album/the-human-cannonball
https://legendarypinkdots1.bandcamp.com/album/the-last-10-years-a-compilation-for-the-courageous
https://legendarypinkdots1.bandcamp.com/album/the-last-man-to-fly-2012-remaster
https://legendarypinkdots1.bandcamp.com/album/the-legendary-pink-box-2012-remaster
https://legendarypinkdots1.bandcamp.com/album/the-lovers-2012-remaster
https://legendarypinkdots1.bandcamp.com/album/the-man-who-floated-away-a-misleading-teaser
https://legendarypinkdots1.bandcamp.com/album/the-maria-dimension-2012-remaster
https://legendarypinkdots1.bandcamp.com/album/the-maria-sessions-volumes-1-2
https://legendarypinkdots1.bandcamp.com/album/the-minus-touch-redux
https://legendarypinkdots1.bandcamp.com/album/the-misery-book-a-taster-only
https://legendarypinkdots1.bandcamp.com/album/the-moon-cracked-over-albion-2
https://legendarypinkdots1.bandcamp.com/album/the-more-it-changes-live-in-tel-aviv-june-2013
https://legendarypinkdots1.bandcamp.com/album/the-museum-of-human-happiness
https://legendarypinkdots1.bandcamp.com/album/the-painted-river-of-regrets
https://legendarypinkdots1.bandcamp.com/album/the-patriot
https://legendarypinkdots1.bandcamp.com/album/the-perfect-patch-berlin-amsterdam-in-the-80s
https://legendarypinkdots1.bandcamp.com/album/the-pre-millennial-single-extended-2012-remaster
https://legendarypinkdots1.bandcamp.com/album/the-random-time-machine-dark-window-wave-2
https://legendarypinkdots1.bandcamp.com/album/the-scarlet-trail-of-stinging-tears
https://legendarypinkdots1.bandcamp.com/album/the-scriptures-of-illumina-2024-remaster
https://legendarypinkdots1.bandcamp.com/album/the-secret-experiment
https://legendarypinkdots1.bandcamp.com/album/the-seismic-bleats-of-quantum-sheep-remastered-expanded
https://legendarypinkdots1.bandcamp.com/album/the-shock-exchange
https://legendarypinkdots1.bandcamp.com/album/the-singles-remastered-expanded
https://legendarypinkdots1.bandcamp.com/album/the-space-station-chapel
https://legendarypinkdots1.bandcamp.com/album/the-stone-age-1980-89
https://legendarypinkdots1.bandcamp.com/album/the-sympathy-portal
https://legendarypinkdots1.bandcamp.com/album/the-terminal-kaleidoscope-legendary-pink-dots-live-in-the-netherlands-and-switzerland-1984
https://legendarypinkdots1.bandcamp.com/album/the-textures-of-illumina-2024-remaster
https://legendarypinkdots1.bandcamp.com/album/the-tower-2012-remaster
https://legendarypinkdots1.bandcamp.com/album/the-tunnel
https://legendarypinkdots1.bandcamp.com/album/the-victoria-dimension
https://legendarypinkdots1.bandcamp.com/album/the-wednesday-mass
https://legendarypinkdots1.bandcamp.com/album/the-whispering-wall
https://legendarypinkdots1.bandcamp.com/album/this-saturated-land
https://legendarypinkdots1.bandcamp.com/album/time-on-thin-ice
https://legendarypinkdots1.bandcamp.com/album/tired-eyes-slowly-burning-2012-remaster
https://legendarypinkdots1.bandcamp.com/album/to-be-an-angel-blind-the-cripple-soul-divide
https://legendarypinkdots1.bandcamp.com/album/tour-aquarian-2016
https://legendarypinkdots1.bandcamp.com/album/transmit-abstraction-acoustique-three-a-taster
https://legendarypinkdots1.bandcamp.com/album/trapped-in-amber
https://legendarypinkdots1.bandcamp.com/album/traumstadt-2
https://legendarypinkdots1.bandcamp.com/album/traumstadt-3-enhanced-2013
https://legendarypinkdots1.bandcamp.com/album/traumstadt-4-enhanced-2013
https://legendarypinkdots1.bandcamp.com/album/traumstadt-5-remastered-2018
https://legendarypinkdots1.bandcamp.com/album/ulkomaalaiset
https://legendarypinkdots1.bandcamp.com/album/ulkomaalaiset-2
https://legendarypinkdots1.bandcamp.com/album/walls-of-snow-the-swedish-radio-special
https://legendarypinkdots1.bandcamp.com/album/well-get-around-to-you
https://legendarypinkdots1.bandcamp.com/album/what-do-you-fear-the-most
https://legendarypinkdots1.bandcamp.com/album/whispering-wail
https://legendarypinkdots1.bandcamp.com/album/woodland-calling
https://legendarypinkdots1.bandcamp.com/album/your-children-placate-you-from-premature-graves
https://legendarypinkdots1.bandcamp.com/track/center-bullet-live-in-strasbourg-151988
