https://anthonybraxtonleo.bandcamp.com/album/11-compositions-duo-1995
https://anthonybraxtonleo.bandcamp.com/album/14-compositions-traditional-1996
https://anthonybraxtonleo.bandcamp.com/album/19-standards-quartet-2003
https://anthonybraxtonleo.bandcamp.com/album/2-compositions-j-rvenp-1988
https://anthonybraxtonleo.bandcamp.com/album/20-standards-quartet-2003
https://anthonybraxtonleo.bandcamp.com/album/23-standards-quartet-2003
https://anthonybraxtonleo.bandcamp.com/album/4-compositions-ulrichsberg-2005-phonomanie-viii
https://anthonybraxtonleo.bandcamp.com/album/4-improvisations-duets-2004
https://anthonybraxtonleo.bandcamp.com/album/anthony-braxton-with-the-creative-jazz-orchestra
https://anthonybraxtonleo.bandcamp.com/album/composition-192
https://anthonybraxtonleo.bandcamp.com/album/composition-no-169-186-206-214
https://anthonybraxtonleo.bandcamp.com/album/composition-no-174
https://anthonybraxtonleo.bandcamp.com/album/composition-no-247
https://anthonybraxtonleo.bandcamp.com/album/composition-no-94-for-three-instrumentalists-1980
https://anthonybraxtonleo.bandcamp.com/album/composition-no-96
https://anthonybraxtonleo.bandcamp.com/album/duo-london-1993
https://anthonybraxtonleo.bandcamp.com/album/ensemble-montaigne-bau-4-2013
https://anthonybraxtonleo.bandcamp.com/album/gtm-outpost-2003
https://anthonybraxtonleo.bandcamp.com/album/gtm-syntax-2003
https://anthonybraxtonleo.bandcamp.com/album/knitting-factory-piano-quartet-1994-vol-1
https://anthonybraxtonleo.bandcamp.com/album/knitting-factory-piano-quartet-1994-vol-2
https://anthonybraxtonleo.bandcamp.com/album/ninetet-yoshis-1997-vol-1
https://anthonybraxtonleo.bandcamp.com/album/ninetet-yoshis-1997-vol-2
https://anthonybraxtonleo.bandcamp.com/album/ninetet-yoshis-1997-vol-3
https://anthonybraxtonleo.bandcamp.com/album/ninetet-yoshis-1997-vol-4
https://anthonybraxtonleo.bandcamp.com/album/piano-music-1968-2000
https://anthonybraxtonleo.bandcamp.com/album/quartet-birmingham-1985
https://anthonybraxtonleo.bandcamp.com/album/quartet-coventry-1985
https://anthonybraxtonleo.bandcamp.com/album/quartet-london-1985
https://anthonybraxtonleo.bandcamp.com/album/quartet-moscow-2008
https://anthonybraxtonleo.bandcamp.com/album/quintet-london-2004
https://anthonybraxtonleo.bandcamp.com/album/solo-koln-1978
https://anthonybraxtonleo.bandcamp.com/album/solo-pisa-1982
https://anthonybraxtonleo.bandcamp.com/album/trio-glasgow-2005
https://anthonybraxtonleo.bandcamp.com/album/trio-london-1993
https://anthonybraxtonleo.bandcamp.com/album/triotone
https://anthonybraxtonleo.bandcamp.com/album/two-compositions-trio-1998
