https://conradschnitzler.bandcamp.com/album/auf-dem-schwarzen-kanal
https://conradschnitzler.bandcamp.com/album/blau
https://conradschnitzler.bandcamp.com/album/cas-con-ii-konzert-in-der-erl-serkirche-ost-berlin-391986
https://conradschnitzler.bandcamp.com/album/con
https://conradschnitzler.bandcamp.com/album/con-3
https://conradschnitzler.bandcamp.com/album/con-84
https://conradschnitzler.bandcamp.com/album/con-struct
https://conradschnitzler.bandcamp.com/album/con-struct-2
https://conradschnitzler.bandcamp.com/album/conditions-of-the-gas-giant
https://conradschnitzler.bandcamp.com/album/congratulacion
https://conradschnitzler.bandcamp.com/album/conrad-sohn-bonus-edition
https://conradschnitzler.bandcamp.com/album/consequenz
https://conradschnitzler.bandcamp.com/album/consequenz-ii
https://conradschnitzler.bandcamp.com/album/consequenz-iii
https://conradschnitzler.bandcamp.com/album/contempora-bonus-edition
https://conradschnitzler.bandcamp.com/album/control
https://conradschnitzler.bandcamp.com/album/convex
https://conradschnitzler.bandcamp.com/album/filmmusik-1
https://conradschnitzler.bandcamp.com/album/filmmusik-2
https://conradschnitzler.bandcamp.com/album/gelb
https://conradschnitzler.bandcamp.com/album/gold
https://conradschnitzler.bandcamp.com/album/gr-n
https://conradschnitzler.bandcamp.com/album/paracon-the-paragon-session-outtakes-1978-1979
https://conradschnitzler.bandcamp.com/album/rot
https://conradschnitzler.bandcamp.com/album/silber
https://conradschnitzler.bandcamp.com/album/slow-motion
