https://saintelisabeth.bandcamp.com/album/-
https://saintelisabeth.bandcamp.com/album/1916-twilight-of-the-french-cavalry
https://saintelisabeth.bandcamp.com/album/a-hammer-of-throws
https://saintelisabeth.bandcamp.com/album/a-horseman-cometh
https://saintelisabeth.bandcamp.com/album/adolphus
https://saintelisabeth.bandcamp.com/album/anatomicus
https://saintelisabeth.bandcamp.com/album/annunciation
https://saintelisabeth.bandcamp.com/album/audax
https://saintelisabeth.bandcamp.com/album/baptism-of-christ
https://saintelisabeth.bandcamp.com/album/birth-memory
https://saintelisabeth.bandcamp.com/album/broken-signal
https://saintelisabeth.bandcamp.com/album/christ-crowned-with-thorns-ecce-homo-and-the-mourning-virgin
https://saintelisabeth.bandcamp.com/album/christ-in-the-desert
https://saintelisabeth.bandcamp.com/album/christ-mary-john
https://saintelisabeth.bandcamp.com/album/christus
https://saintelisabeth.bandcamp.com/album/christus-est-veritas
https://saintelisabeth.bandcamp.com/album/conspirator
https://saintelisabeth.bandcamp.com/album/conversion-on-the-way-to-damascus
https://saintelisabeth.bandcamp.com/album/crack-of-doom
https://saintelisabeth.bandcamp.com/album/crucifixion-of-saint-peter-2
https://saintelisabeth.bandcamp.com/album/dante-2
https://saintelisabeth.bandcamp.com/album/death-of-the-virgin
https://saintelisabeth.bandcamp.com/album/death-on-the-pale-horse
https://saintelisabeth.bandcamp.com/album/descent-from-the-cross
https://saintelisabeth.bandcamp.com/album/flagellants
https://saintelisabeth.bandcamp.com/album/four-horsemen-of-the-apocalypse
https://saintelisabeth.bandcamp.com/album/ghost-rail
https://saintelisabeth.bandcamp.com/album/godless-2
https://saintelisabeth.bandcamp.com/album/golgotha
https://saintelisabeth.bandcamp.com/album/histrionic
https://saintelisabeth.bandcamp.com/album/hospice
https://saintelisabeth.bandcamp.com/album/i-am-informed-that-general-buford-will-not-survive-the-day
https://saintelisabeth.bandcamp.com/album/i-ann-s-baptista
https://saintelisabeth.bandcamp.com/album/i-often-dream-of-john-the-revelator
https://saintelisabeth.bandcamp.com/album/immaculata
https://saintelisabeth.bandcamp.com/album/inferno
https://saintelisabeth.bandcamp.com/album/isolation
https://saintelisabeth.bandcamp.com/album/job
https://saintelisabeth.bandcamp.com/album/judas-kiss
https://saintelisabeth.bandcamp.com/album/madonna-and-child
https://saintelisabeth.bandcamp.com/album/madonna-of-the-harpies
https://saintelisabeth.bandcamp.com/album/marble-red
https://saintelisabeth.bandcamp.com/album/mars-venus
https://saintelisabeth.bandcamp.com/album/mary-of-the-seven-sorrows
https://saintelisabeth.bandcamp.com/album/mask-drills
https://saintelisabeth.bandcamp.com/album/matthias-holy-roman-emperor
https://saintelisabeth.bandcamp.com/album/mechanical-antiquity
https://saintelisabeth.bandcamp.com/album/mother
https://saintelisabeth.bandcamp.com/album/neurotic-dread
https://saintelisabeth.bandcamp.com/album/plutonia
https://saintelisabeth.bandcamp.com/album/plutonia-2-disintegration
https://saintelisabeth.bandcamp.com/album/plutonia-3-per-aspera-ad-astra
https://saintelisabeth.bandcamp.com/album/railroad-sickness
https://saintelisabeth.bandcamp.com/album/saint-elisabeth
https://saintelisabeth.bandcamp.com/album/saint-elisabeth-movements-2
https://saintelisabeth.bandcamp.com/album/saint-elisabeth-stalk-market
https://saintelisabeth.bandcamp.com/album/saint-francis-in-ecstasy-2
https://saintelisabeth.bandcamp.com/album/saint-james-the-greater
https://saintelisabeth.bandcamp.com/album/saint-julia-crucified
https://saintelisabeth.bandcamp.com/album/sallow-logic
https://saintelisabeth.bandcamp.com/album/silence
https://saintelisabeth.bandcamp.com/album/study-of-christ
https://saintelisabeth.bandcamp.com/album/the-burning
https://saintelisabeth.bandcamp.com/album/the-communion-of-saint-teresa
https://saintelisabeth.bandcamp.com/album/the-cross
https://saintelisabeth.bandcamp.com/album/the-crowning-with-thorns
https://saintelisabeth.bandcamp.com/album/the-dead-christ-death-will-not-take-hold
https://saintelisabeth.bandcamp.com/album/the-dead-christ-supported-by-an-angel
https://saintelisabeth.bandcamp.com/album/the-entombment
https://saintelisabeth.bandcamp.com/album/the-last-droid-final-transmission
https://saintelisabeth.bandcamp.com/album/the-man-of-sorrows-in-the-arms-of-the-virgin
https://saintelisabeth.bandcamp.com/album/the-suffering-of-job
https://saintelisabeth.bandcamp.com/album/the-undying-god
https://saintelisabeth.bandcamp.com/album/the-virgin-in-prayer
https://saintelisabeth.bandcamp.com/album/the-vision-of-saint-francis-of-assisi
https://saintelisabeth.bandcamp.com/album/the-waterseller-of-seville-2
https://saintelisabeth.bandcamp.com/album/turin
https://saintelisabeth.bandcamp.com/album/undoer-of-knots
https://saintelisabeth.bandcamp.com/album/untitled-1
https://saintelisabeth.bandcamp.com/album/vel-zquez-part-4-the-painter
https://saintelisabeth.bandcamp.com/album/vel-zquez-part-5-paul
https://saintelisabeth.bandcamp.com/album/vel-zquez-part-6-phillip-iv
https://saintelisabeth.bandcamp.com/album/vel-zquez-part-7-christ-crucified-2
https://saintelisabeth.bandcamp.com/album/vel-zquez-part-three-the-three-musicians
https://saintelisabeth.bandcamp.com/album/vel-zquez-part-two-old-woman-frying-eggs
https://saintelisabeth.bandcamp.com/album/virgin-christ
https://saintelisabeth.bandcamp.com/album/virgin-of-carmel-saving-souls-in-purgatory
