https://celer.bandcamp.com/album/a-chance-isnt-really-a-chance-at-all
https://celer.bandcamp.com/album/advert-subversion-2
https://celer.bandcamp.com/album/akagi
https://celer.bandcamp.com/album/alcoves
https://celer.bandcamp.com/album/all-at-once-is-what-eternity-is
https://celer.bandcamp.com/album/an-immensity-merely-to-save-life
https://celer.bandcamp.com/album/avalon
https://celer.bandcamp.com/album/because-of-all-you-want
https://celer.bandcamp.com/album/before-you-know-it
https://celer.bandcamp.com/album/being-below
https://celer.bandcamp.com/album/belsslsssll
https://celer.bandcamp.com/album/bliksem
https://celer.bandcamp.com/album/breeze-of-roses
https://celer.bandcamp.com/album/callisto
https://celer.bandcamp.com/album/canopy
https://celer.bandcamp.com/album/cantus-libres-remastered
https://celer.bandcamp.com/album/capri-2009-cd-edition
https://celer.bandcamp.com/album/capri-remastered-deluxe-edition
https://celer.bandcamp.com/album/cascade-or-a-mass-of-severe-stages
https://celer.bandcamp.com/album/catalina
https://celer.bandcamp.com/album/ceylon-remastered
https://celer.bandcamp.com/album/channeling-your-demons
https://celer.bandcamp.com/album/climbing-formation
https://celer.bandcamp.com/album/close-proximity-and-the-unhindered-care-all
https://celer.bandcamp.com/album/cold-traps
https://celer.bandcamp.com/album/collected-depths
https://celer.bandcamp.com/album/commissioned-music
https://celer.bandcamp.com/album/compendium-collected-singles-and-remixes
https://celer.bandcamp.com/album/compositions-for-cassette
https://celer.bandcamp.com/album/continents-remastered
https://celer.bandcamp.com/album/coral-sea
https://celer.bandcamp.com/album/could-i-not-be-saved-after-all-that
https://celer.bandcamp.com/album/cursory-asperses-2
https://celer.bandcamp.com/album/dearest-ices
https://celer.bandcamp.com/album/descender
https://celer.bandcamp.com/album/dilu
https://celer.bandcamp.com/album/discourses-of-the-withered-remastered
https://celer.bandcamp.com/album/diving-into-the-plasma-pool
https://celer.bandcamp.com/album/dont-stop-saying-goodbye
https://celer.bandcamp.com/album/drawback
https://celer.bandcamp.com/album/dwell-in-possibility
https://celer.bandcamp.com/album/dying-star
https://celer.bandcamp.com/album/emotion
https://celer.bandcamp.com/album/endes
https://celer.bandcamp.com/album/ends-zabriskie-point
https://celer.bandcamp.com/album/engaged-touches-expanded-and-remastered
https://celer.bandcamp.com/album/epicentral-examples-of-the-more-or-less
https://celer.bandcamp.com/album/euromaidan
https://celer.bandcamp.com/album/evaporate-wonder
https://celer.bandcamp.com/album/ever-irreplaceable-beauty
https://celer.bandcamp.com/album/everyday-after
https://celer.bandcamp.com/album/foolish-causes-of-fail-and-ruin
https://celer.bandcamp.com/album/four-pieces-four
https://celer.bandcamp.com/album/four-pieces-one
https://celer.bandcamp.com/album/four-pieces-three
https://celer.bandcamp.com/album/four-pieces-two
https://celer.bandcamp.com/album/fragile-that-eventually-breaks
https://celer.bandcamp.com/album/future-predictions
https://celer.bandcamp.com/album/gems-i
https://celer.bandcamp.com/album/gems-ii
https://celer.bandcamp.com/album/gems-iii
https://celer.bandcamp.com/album/gems-iv
https://celer.bandcamp.com/album/gems-v
https://celer.bandcamp.com/album/gems-vi
https://celer.bandcamp.com/album/generic-city
https://celer.bandcamp.com/album/give-up-the-idea-of-being-content
https://celer.bandcamp.com/album/gotha
https://celer.bandcamp.com/album/greetings-from-celer-machinefabriek
https://celer.bandcamp.com/album/heartache-heartache-and-heartache
https://celer.bandcamp.com/album/hei-sou
https://celer.bandcamp.com/album/hell-detoured
https://celer.bandcamp.com/album/hidden-for-once
https://celer.bandcamp.com/album/honey-moon
https://celer.bandcamp.com/album/how-could-you-believe-me-when-i-said-i-loved-you-when-you-know-ive-been-a-liar-all-my-life
https://celer.bandcamp.com/album/how-could-you-believe-me-when-i-said-i-loved-you-when-you-know-ive-been-a-liar-all-my-life-cassette-version
https://celer.bandcamp.com/album/i-anatomy
https://celer.bandcamp.com/album/i-anatomy-alternate-version
https://celer.bandcamp.com/album/i-love-you-so-much-i-cant-even-title-this
https://celer.bandcamp.com/album/i-wish-you-could
https://celer.bandcamp.com/album/in-escaping-lakes
https://celer.bandcamp.com/album/in-light-of-blues
https://celer.bandcamp.com/album/in-the-air-in-the-wind-upon-us
https://celer.bandcamp.com/album/in-the-end-youll-just-disappear
https://celer.bandcamp.com/album/in-the-finger-painted-fields-of-the-eyes
https://celer.bandcamp.com/album/infinite-set
https://celer.bandcamp.com/album/isolated-demands
https://celer.bandcamp.com/album/it-would-be-giving-up
https://celer.bandcamp.com/album/it-would-have-but-it-wasnt-2
https://celer.bandcamp.com/album/jima
https://celer.bandcamp.com/album/k-ttei
https://celer.bandcamp.com/album/landmarks-remastered
https://celer.bandcamp.com/album/levitation-and-breaking-points
https://celer.bandcamp.com/album/lightness-and-irresponsibility
https://celer.bandcamp.com/album/love-exposure
https://celer.bandcamp.com/album/maastunnel-mt-mitake
https://celer.bandcamp.com/album/malaria
https://celer.bandcamp.com/album/mature-occluding
https://celer.bandcamp.com/album/memory-repetitions
https://celer.bandcamp.com/album/menggayakan
https://celer.bandcamp.com/album/mesoscaphe
https://celer.bandcamp.com/album/moonbeams-meant-for-me
https://celer.bandcamp.com/album/nacreous-clouds-remastered
https://celer.bandcamp.com/album/nature-chamber-1-4
https://celer.bandcamp.com/album/neon-remastered
https://celer.bandcamp.com/album/not-far-enough-from-home
https://celer.bandcamp.com/album/nothing-so-mystical
https://celer.bandcamp.com/album/numa-penarie
https://celer.bandcamp.com/album/o-emoambu-va
https://celer.bandcamp.com/album/optimism-is-the-killer
https://celer.bandcamp.com/album/panoramic-dreams-bathed-in-seldomness
https://celer.bandcamp.com/album/para-remastered
https://celer.bandcamp.com/album/perfectly-beneath-us-2
https://celer.bandcamp.com/album/plays-bizet
https://celer.bandcamp.com/album/plays-liberace
https://celer.bandcamp.com/album/plays-ravel
https://celer.bandcamp.com/album/plays-schubert
https://celer.bandcamp.com/album/pockets-of-wheat
https://celer.bandcamp.com/album/poulaine-2
https://celer.bandcamp.com/album/radish
https://celer.bandcamp.com/album/rags-of-contentment
https://celer.bandcamp.com/album/red-seals-remastered
https://celer.bandcamp.com/album/redness-perplexity
https://celer.bandcamp.com/album/regret-seems-to-last-forever
https://celer.bandcamp.com/album/relief-and-altruism
https://celer.bandcamp.com/album/sadha-remastered
https://celer.bandcamp.com/album/salvaged-violets
https://celer.bandcamp.com/album/scols-remastered
https://celer.bandcamp.com/album/shima
https://celer.bandcamp.com/album/sieline
https://celer.bandcamp.com/album/sky-limits
https://celer.bandcamp.com/album/solitary-states
https://celer.bandcamp.com/album/something-cathartic
https://celer.bandcamp.com/album/soryu
https://celer.bandcamp.com/album/spumes-mistaken-for-snow
https://celer.bandcamp.com/album/sunlir-remastered
https://celer.bandcamp.com/album/sunspots
https://celer.bandcamp.com/album/swallowed-from-within
https://celer.bandcamp.com/album/tanto-montare
https://celer.bandcamp.com/album/tell-me-when-you-come-back
https://celer.bandcamp.com/album/tempelhof
https://celer.bandcamp.com/album/the-die-thats-caste
https://celer.bandcamp.com/album/the-everything-and-the-nothing-remastered
https://celer.bandcamp.com/album/the-past-that
https://celer.bandcamp.com/album/the-subject-is-a-religious-one
https://celer.bandcamp.com/album/there-were-more-failures-than-this
https://celer.bandcamp.com/album/thoughts-or-feelings
https://celer.bandcamp.com/album/tightrope
https://celer.bandcamp.com/album/time-this
https://celer.bandcamp.com/album/tone-demon
https://celer.bandcamp.com/album/torn-to-ribbons
https://celer.bandcamp.com/album/tropical
https://celer.bandcamp.com/album/truth-abandons
https://celer.bandcamp.com/album/two-days-and-one-night
https://celer.bandcamp.com/album/ulterior-sense
https://celer.bandcamp.com/album/vain-shapes-and-intricate-parapets-remastered
https://celer.bandcamp.com/album/valdez
https://celer.bandcamp.com/album/vamps
https://celer.bandcamp.com/album/vestiges-of-an-inherent-melancholy
https://celer.bandcamp.com/album/viewpoint
https://celer.bandcamp.com/album/voodoo-crowds-remastered
https://celer.bandcamp.com/album/voyeur
https://celer.bandcamp.com/album/wait-for-a-little-longer
https://celer.bandcamp.com/album/wasted-in-the-waiting
https://celer.bandcamp.com/album/weavings-of-a-rapid-disenchantment
https://celer.bandcamp.com/album/with-and-not-without
https://celer.bandcamp.com/album/xi-xie
https://celer.bandcamp.com/album/yes-sometime
https://celer.bandcamp.com/album/you-and-i-cant-ever-change-expanded
https://celer.bandcamp.com/album/you-only-see-the-way-up
https://celer.bandcamp.com/album/youll-never-understand-me
https://celer.bandcamp.com/album/zigzag
https://celer.bandcamp.com/track/climate-change
https://celer.bandcamp.com/track/for-the-meantime
https://celer.bandcamp.com/track/untitled-september
