https://0340.bandcamp.com/album/-
https://0340.bandcamp.com/album/ad-infinitum
https://0340.bandcamp.com/album/dejection-reh
https://0340.bandcamp.com/album/divine-in-aeternum-2025
https://0340.bandcamp.com/album/divine-in-aeternum-instrumental
https://0340.bandcamp.com/album/improv-17-12-23
https://0340.bandcamp.com/album/melancholia
https://0340.bandcamp.com/album/mutilation-of-reason-2025
https://0340.bandcamp.com/album/mutilation-of-reason-instrumental
https://0340.bandcamp.com/album/of-light
https://0340.bandcamp.com/album/open-your-mind
https://0340.bandcamp.com/album/rehearsal-improv-29-07-23
https://0340.bandcamp.com/album/solitude-instrumental
https://0340.bandcamp.com/album/the-beauty-of-darkness
https://0340.bandcamp.com/album/the-veil
https://0340.bandcamp.com/album/untitled
https://0340.bandcamp.com/album/untitled-2
https://0340.bandcamp.com/album/untitled-4
https://0340.bandcamp.com/album/untitled-5
https://0340.bandcamp.com/album/untitled-6
https://0340.bandcamp.com/album/untitled-reh
https://0340.bandcamp.com/album/untitled-reh-29-01-25
https://0340.bandcamp.com/track/untitled
https://0340.bandcamp.com/track/untitled-7
