https://briangrainger.bandcamp.com/album/a-bleeding-prismatic-bridge-between-realities
https://briangrainger.bandcamp.com/album/a-giant-hand
https://briangrainger.bandcamp.com/album/a-milemarker-in-the-rainsoaked-urth
https://briangrainger.bandcamp.com/album/a-radiant-line-traced-through-continuous-darkness
https://briangrainger.bandcamp.com/album/a-white-light-in-the-woods
https://briangrainger.bandcamp.com/album/a-wolf-impaled-on-the-hands-of-a-clock
https://briangrainger.bandcamp.com/album/adapted-playthroughs-for-higher-pressure-thresholds
https://briangrainger.bandcamp.com/album/alluvial-impulses
https://briangrainger.bandcamp.com/album/an-empty-sea
https://briangrainger.bandcamp.com/album/an-open-palm-allows-us-passage-through-dim-catacombs
https://briangrainger.bandcamp.com/album/anthelion-complete-2008-sessions
https://briangrainger.bandcamp.com/album/anthelion-complete-2019-2020-seasonal-sessions
https://briangrainger.bandcamp.com/album/artifacts-on-tape
https://briangrainger.bandcamp.com/album/auguries-in-infernal-smoke
https://briangrainger.bandcamp.com/album/autumn-soil-feedback-expanded-2
https://briangrainger.bandcamp.com/album/benthic-ice-barrows
https://briangrainger.bandcamp.com/album/black-anthelion
https://briangrainger.bandcamp.com/album/black-curtain-warmth
https://briangrainger.bandcamp.com/album/blue-anthelion
https://briangrainger.bandcamp.com/album/blue-wheatfield
https://briangrainger.bandcamp.com/album/broadcast-reprocess
https://briangrainger.bandcamp.com/album/bronzeworks-faceplate
https://briangrainger.bandcamp.com/album/burnt-crest-of-falls-coronation
https://briangrainger.bandcamp.com/album/carrier
https://briangrainger.bandcamp.com/album/compost-springtime-shed
https://briangrainger.bandcamp.com/album/coruscation
https://briangrainger.bandcamp.com/album/cubic-surfaces
https://briangrainger.bandcamp.com/album/diamond-tears-on-slate
https://briangrainger.bandcamp.com/album/diamond-tears-on-slate-expanded-reissue
https://briangrainger.bandcamp.com/album/distillation-isolate
https://briangrainger.bandcamp.com/album/ec-dt
https://briangrainger.bandcamp.com/album/eight-held-tones-for-athabasca
https://briangrainger.bandcamp.com/album/eight-held-tones-for-aujuittuq
https://briangrainger.bandcamp.com/album/eight-held-tones-for-mendenhall
https://briangrainger.bandcamp.com/album/eight-held-tones-for-qori-kalis
https://briangrainger.bandcamp.com/album/eight-held-tones-for-speilsalen
https://briangrainger.bandcamp.com/album/eight-held-tones-for-the-north-cascades
https://briangrainger.bandcamp.com/album/eight-held-tones-for-the-northwall-firn
https://briangrainger.bandcamp.com/album/eight-held-tones-for-therma
https://briangrainger.bandcamp.com/album/eight-held-tones-for-thwaites
https://briangrainger.bandcamp.com/album/eight-held-tones-for-trift
https://briangrainger.bandcamp.com/album/eight-held-tones-for-triloknath
https://briangrainger.bandcamp.com/album/eight-held-tones-for-vanch-yakh
https://briangrainger.bandcamp.com/album/eighteen-oscillators
https://briangrainger.bandcamp.com/album/evidence-of-holes-in-parallel-realities
https://briangrainger.bandcamp.com/album/feast-of-the-libertines
https://briangrainger.bandcamp.com/album/five-held-tones-for-elugelab
https://briangrainger.bandcamp.com/album/five-held-tones-for-etemenanki
https://briangrainger.bandcamp.com/album/five-held-tones-for-monks-mound
https://briangrainger.bandcamp.com/album/five-held-tones-for-rama-setu
https://briangrainger.bandcamp.com/album/five-held-tones-for-the-barringer-crater
https://briangrainger.bandcamp.com/album/five-held-tones-for-the-bering-land-bridge
https://briangrainger.bandcamp.com/album/five-held-tones-for-the-draupner-wave
https://briangrainger.bandcamp.com/album/five-held-tones-for-the-foundation-stone
https://briangrainger.bandcamp.com/album/five-held-tones-for-the-nekoma-pyramid
https://briangrainger.bandcamp.com/album/five-held-tones-for-the-roanoke-colony
https://briangrainger.bandcamp.com/album/five-held-tones-for-the-runit-dome
https://briangrainger.bandcamp.com/album/five-held-tones-for-the-sikhote-alin-meteorite-2
https://briangrainger.bandcamp.com/album/five-improvisations-for-solo-guitar
https://briangrainger.bandcamp.com/album/forcefield
https://briangrainger.bandcamp.com/album/foxfur
https://briangrainger.bandcamp.com/album/gardensoil
https://briangrainger.bandcamp.com/album/glassrain-haloprism-claustrophobia
https://briangrainger.bandcamp.com/album/golden-anthelion
https://briangrainger.bandcamp.com/album/green-again
https://briangrainger.bandcamp.com/album/green-anthelion
https://briangrainger.bandcamp.com/album/grey-anthelion
https://briangrainger.bandcamp.com/album/hospital-white
https://briangrainger.bandcamp.com/album/humid-porch-fantasies
https://briangrainger.bandcamp.com/album/humidity
https://briangrainger.bandcamp.com/album/hypnosis-via-glowing-thurible
https://briangrainger.bandcamp.com/album/iiiii-iiiii-iiiii-iiiii-iiiii
https://briangrainger.bandcamp.com/album/invisible-frequencies-from-the-underground-chrome-monolith-1994-1995
https://briangrainger.bandcamp.com/album/latent-cloak
https://briangrainger.bandcamp.com/album/litho
https://briangrainger.bandcamp.com/album/maine-sander
https://briangrainger.bandcamp.com/album/microdot-transmissions
https://briangrainger.bandcamp.com/album/microdot-transmissions-compleat-sessions-2020-2024
https://briangrainger.bandcamp.com/album/microdot-transmissions-diffusion-terminus-a
https://briangrainger.bandcamp.com/album/microdot-transmissions-diffusion-terminus-b
https://briangrainger.bandcamp.com/album/microdot-transmissions-diffusions-i-iv
https://briangrainger.bandcamp.com/album/microdot-transmissions-diffusions-ix-xii
https://briangrainger.bandcamp.com/album/microdot-transmissions-diffusions-v-viii
https://briangrainger.bandcamp.com/album/microdot-transmissions-diffusions-xiii-xvi
https://briangrainger.bandcamp.com/album/microdot-transmissions-diffusions-xvii-xx
https://briangrainger.bandcamp.com/album/microdot-transmissions-diffusions-xxi-xxiv
https://briangrainger.bandcamp.com/album/microdot-transmissions-volume-ii
https://briangrainger.bandcamp.com/album/microdot-transmissions-volume-iii
https://briangrainger.bandcamp.com/album/microdot-transmissions-volume-iv
https://briangrainger.bandcamp.com/album/mml039-expanded
https://briangrainger.bandcamp.com/album/night-anthelion
https://briangrainger.bandcamp.com/album/nine-billion-names
https://briangrainger.bandcamp.com/album/notes-on-the-exploration-of-petrified-forestry
https://briangrainger.bandcamp.com/album/noxious-variations
https://briangrainger.bandcamp.com/album/noxious-variations-expanded-remastered
https://briangrainger.bandcamp.com/album/olympus-mons
https://briangrainger.bandcamp.com/album/ombilical-brainwave-tether
https://briangrainger.bandcamp.com/album/one-bleak-try
https://briangrainger.bandcamp.com/album/one-hundred-days
https://briangrainger.bandcamp.com/album/open-fields-of-burnt-crops-kneel-down-under-a-swollen-purple-sky
https://briangrainger.bandcamp.com/album/orange-anthelion
https://briangrainger.bandcamp.com/album/orange-lamplight-on-a-blue-wall
https://briangrainger.bandcamp.com/album/oubliette
https://briangrainger.bandcamp.com/album/pareidoliad
https://briangrainger.bandcamp.com/album/perfumes-made-from-the-dusts-of-sunken-kingdoms
https://briangrainger.bandcamp.com/album/photoplay-music
https://briangrainger.bandcamp.com/album/play-ancient-hylian-folk-songs-volume-ii
https://briangrainger.bandcamp.com/album/porch-hash-logbook
https://briangrainger.bandcamp.com/album/porous-variations
https://briangrainger.bandcamp.com/album/porous-variations-expanded-remastered
https://briangrainger.bandcamp.com/album/poured-out
https://briangrainger.bandcamp.com/album/red-anthelion
https://briangrainger.bandcamp.com/album/royal-ash-scattered-across-the-black-mountains
https://briangrainger.bandcamp.com/album/sections-of-a-large-beasts-skeleton-protrude-from-the-leafy-floor-of-the-ravine
https://briangrainger.bandcamp.com/album/sembre-side-one
https://briangrainger.bandcamp.com/album/sembre-side-three
https://briangrainger.bandcamp.com/album/sembre-side-two
https://briangrainger.bandcamp.com/album/seven-held-tones-for-elia-vouvon
https://briangrainger.bandcamp.com/album/seven-held-tones-for-great-grandfather
https://briangrainger.bandcamp.com/album/seven-held-tones-for-italus
https://briangrainger.bandcamp.com/album/seven-held-tones-for-j-mon-sugi
https://briangrainger.bandcamp.com/album/seven-held-tones-for-koca-katran
https://briangrainger.bandcamp.com/album/seven-held-tones-for-methuselah
https://briangrainger.bandcamp.com/album/seven-held-tones-for-raintree
https://briangrainger.bandcamp.com/album/seven-held-tones-for-the-black-river-cypress
https://briangrainger.bandcamp.com/album/seven-held-tones-for-the-jaya-sri-mara-bodhi
https://briangrainger.bandcamp.com/album/seven-held-tones-for-the-llangernyw-yew
https://briangrainger.bandcamp.com/album/seven-held-tones-for-the-vassununga-patriarch
https://briangrainger.bandcamp.com/album/seven-held-tones-for-the-zoroastrian-sarv
https://briangrainger.bandcamp.com/album/signal-received-from-dead-martian-city
https://briangrainger.bandcamp.com/album/silver-anthelion
https://briangrainger.bandcamp.com/album/silver-horns-heard-over-green-hills
https://briangrainger.bandcamp.com/album/silver-horns-heard-over-green-hills-expanded-reissue
https://briangrainger.bandcamp.com/album/silver-surfaces-washed-white
https://briangrainger.bandcamp.com/album/six-held-tones-for-fengxian
https://briangrainger.bandcamp.com/album/six-held-tones-for-svartifoss
https://briangrainger.bandcamp.com/album/six-held-tones-for-the-almaden-tower
https://briangrainger.bandcamp.com/album/six-held-tones-for-the-antikythera-shipwreck
https://briangrainger.bandcamp.com/album/six-held-tones-for-the-geodetic-arc
https://briangrainger.bandcamp.com/album/six-held-tones-for-the-great-blue-hole
https://briangrainger.bandcamp.com/album/six-held-tones-for-the-mirror-wall
https://briangrainger.bandcamp.com/album/six-held-tones-for-the-oak-island-pit
https://briangrainger.bandcamp.com/album/six-held-tones-for-the-octagon-earthworks
https://briangrainger.bandcamp.com/album/six-held-tones-for-the-porter-creek-bridge
https://briangrainger.bandcamp.com/album/six-held-tones-for-the-unfinished-obelisk
https://briangrainger.bandcamp.com/album/six-held-tones-for-titanpointe
https://briangrainger.bandcamp.com/album/slow-eons-of-sun-bleached-pillars
https://briangrainger.bandcamp.com/album/smokers-minor-in-white
https://briangrainger.bandcamp.com/album/starshield
https://briangrainger.bandcamp.com/album/starshield-10th-anniversary-expanded-remaster
https://briangrainger.bandcamp.com/album/stellar-metals
https://briangrainger.bandcamp.com/album/summer-blues-for-vacant-houses
https://briangrainger.bandcamp.com/album/sun-day-the-complete-box-set
https://briangrainger.bandcamp.com/album/sun-dazed
https://briangrainger.bandcamp.com/album/sun-trails-2006-2011
https://briangrainger.bandcamp.com/album/the-ambient-tapes
https://briangrainger.bandcamp.com/album/the-cosmic-stone-evades-my-grasp-and-i-am-left-powerless
https://briangrainger.bandcamp.com/album/the-fieldtriqp-reconstructions
https://briangrainger.bandcamp.com/album/the-inescapable-gravity-of-collapsing-suns
https://briangrainger.bandcamp.com/album/the-plucked-seed
https://briangrainger.bandcamp.com/album/the-silver-pioneer-crossing-the-threshold-of-neptune
https://briangrainger.bandcamp.com/album/to-wash-a-body-in-black-sleep
https://briangrainger.bandcamp.com/album/tortoiseshell-other-improvisations
https://briangrainger.bandcamp.com/album/train-line-triads
https://briangrainger.bandcamp.com/album/train-line-triads-revisited
https://briangrainger.bandcamp.com/album/tuesday-april-10th-2012
https://briangrainger.bandcamp.com/album/ultraboreal
https://briangrainger.bandcamp.com/album/umber-anthelion
https://briangrainger.bandcamp.com/album/v-r-h
https://briangrainger.bandcamp.com/album/variants
https://briangrainger.bandcamp.com/album/venus-wall
https://briangrainger.bandcamp.com/album/venusian-canals
https://briangrainger.bandcamp.com/album/violet-anthelion
https://briangrainger.bandcamp.com/album/visions-in-a-mirage
https://briangrainger.bandcamp.com/album/voyeuristic-pillow
https://briangrainger.bandcamp.com/album/we-find-truth-in-the-bliss-of-sleep
https://briangrainger.bandcamp.com/album/white-anthelion
https://briangrainger.bandcamp.com/album/white-demon-disco
https://briangrainger.bandcamp.com/album/white-dust
https://briangrainger.bandcamp.com/album/white-kingdoms
https://briangrainger.bandcamp.com/album/white-kingdoms-expanded-reissue
https://briangrainger.bandcamp.com/album/winterspheres
https://briangrainger.bandcamp.com/album/womb-oscillations
https://briangrainger.bandcamp.com/album/workingmans-drone-series
https://briangrainger.bandcamp.com/album/workingmans-drone-year-five
https://briangrainger.bandcamp.com/album/workingmans-drone-year-four
https://briangrainger.bandcamp.com/album/workingmans-drone-year-one-expanded-edition
https://briangrainger.bandcamp.com/album/workingmans-drone-year-six
https://briangrainger.bandcamp.com/album/workingmans-drone-year-three
https://briangrainger.bandcamp.com/album/workingmans-drone-year-two
https://briangrainger.bandcamp.com/album/workingmans-drone-year-two-expanded-edition
https://briangrainger.bandcamp.com/album/yellow-anthelion
https://briangrainger.bandcamp.com/album/yellowed
https://briangrainger.bandcamp.com/album/you-cant-hide-sadness-from-stone
https://briangrainger.bandcamp.com/album/zyuaxohtvimivthoxauys
