https://tlov.bandcamp.com/album/90s-bj-rks-cim
https://tlov.bandcamp.com/album/a-minute-is-actually-an-immense-space-of-time
https://tlov.bandcamp.com/album/agathocles-sz-rnyas-lucifer
https://tlov.bandcamp.com/album/an-introduction-to-apologetic-freedom-as-viewed-from-a-dirty-asshole
https://tlov.bandcamp.com/album/anal-analyzer
https://tlov.bandcamp.com/album/anal-seppuku
https://tlov.bandcamp.com/album/ancient-pressure-reduction
https://tlov.bandcamp.com/album/archaic-vertebrae
https://tlov.bandcamp.com/album/are-you-fucking-kidding-me
https://tlov.bandcamp.com/album/arrival-of-eiriel
https://tlov.bandcamp.com/album/arsch-noise
https://tlov.bandcamp.com/album/ascension-descension
https://tlov.bandcamp.com/album/b-rmelyik-m-sodpercben-megszakadhat-a-val-s-ggal-val-kapcsolatom
https://tlov.bandcamp.com/album/badly
https://tlov.bandcamp.com/album/bash-in
https://tlov.bandcamp.com/album/basshole
https://tlov.bandcamp.com/album/be-mine-scopolamine
https://tlov.bandcamp.com/album/benzydamine
https://tlov.bandcamp.com/album/beta-serpentis
https://tlov.bandcamp.com/album/beyond-slave-bone-structures
https://tlov.bandcamp.com/album/blossoming-dementia
https://tlov.bandcamp.com/album/boiling-wind
https://tlov.bandcamp.com/album/bombardments
https://tlov.bandcamp.com/album/boppers-ride-a-noxious-tomorrow
https://tlov.bandcamp.com/album/born-to-fuck
https://tlov.bandcamp.com/album/borneo-white
https://tlov.bandcamp.com/album/box-of-melancholy
https://tlov.bandcamp.com/album/box-of-tragedy
https://tlov.bandcamp.com/album/brillez
https://tlov.bandcamp.com/album/burner
https://tlov.bandcamp.com/album/buzzing-charcoal
https://tlov.bandcamp.com/album/cannibal-ritual
https://tlov.bandcamp.com/album/chantage-au-gaz
https://tlov.bandcamp.com/album/come-on-baby-give-me-what-i-really-want
https://tlov.bandcamp.com/album/concrete-flare
https://tlov.bandcamp.com/album/conquer-motion-sickness-once-and-for-all
https://tlov.bandcamp.com/album/corpsegazer
https://tlov.bandcamp.com/album/cosmic-shrine-visit
https://tlov.bandcamp.com/album/costumes-and-masks-1
https://tlov.bandcamp.com/album/crisp-barrage
https://tlov.bandcamp.com/album/d-h-ng-szarvasember
https://tlov.bandcamp.com/album/dead-dad
https://tlov.bandcamp.com/album/delete
https://tlov.bandcamp.com/album/depressed-yet-unable-to-die
https://tlov.bandcamp.com/album/destroying-arts
https://tlov.bandcamp.com/album/diversity
https://tlov.bandcamp.com/album/do-not-leave-the-club-yet
https://tlov.bandcamp.com/album/electrical-fire
https://tlov.bandcamp.com/album/elegant-oblivion
https://tlov.bandcamp.com/album/elmebeteg-szemek
https://tlov.bandcamp.com/album/embedded-in-the-barrier-of-the-deceased
https://tlov.bandcamp.com/album/endings
https://tlov.bandcamp.com/album/eternal-afterimages
https://tlov.bandcamp.com/album/eternally-suppressed-to-these-moments
https://tlov.bandcamp.com/album/fake-wizard
https://tlov.bandcamp.com/album/feeling-so-lovely-tonight
https://tlov.bandcamp.com/album/fierce
https://tlov.bandcamp.com/album/finno-ugric-madness
https://tlov.bandcamp.com/album/flesh-mess
https://tlov.bandcamp.com/album/forbidden-planet
https://tlov.bandcamp.com/album/foster-your-prison
https://tlov.bandcamp.com/album/four-headed-cyclops
https://tlov.bandcamp.com/album/freezing-depth-of-tears
https://tlov.bandcamp.com/album/funerals-became-garbage-disposals
https://tlov.bandcamp.com/album/geiger-fetus-heat-unit
https://tlov.bandcamp.com/album/geophony
https://tlov.bandcamp.com/album/golem
https://tlov.bandcamp.com/album/half-hearted-attempt-at-kindness
https://tlov.bandcamp.com/album/hello-winner
https://tlov.bandcamp.com/album/her-gold-filled-skull-became-ashen
https://tlov.bandcamp.com/album/hiroshimian-wonderment
https://tlov.bandcamp.com/album/hold
https://tlov.bandcamp.com/album/i-am-merzbow
https://tlov.bandcamp.com/album/i-cant-be-the-only-one-who-feels-this-way
https://tlov.bandcamp.com/album/i-have-missed-you-so-much
https://tlov.bandcamp.com/album/i-hope-this-will-be-enough-to-end-ourselves
https://tlov.bandcamp.com/album/in-furs
https://tlov.bandcamp.com/album/incapacitating-pandemic
https://tlov.bandcamp.com/album/interminable-pyre
https://tlov.bandcamp.com/album/ionascetic
https://tlov.bandcamp.com/album/ira
https://tlov.bandcamp.com/album/its-time-to-choke-yourself-to-death-with-the-worst-quality-of-gravesoil
https://tlov.bandcamp.com/album/jjjjdjjjkgfxkhhvdtgb
https://tlov.bandcamp.com/album/just-wondering
https://tlov.bandcamp.com/album/kiss-of-the-whip
https://tlov.bandcamp.com/album/krazy-kat-kombat
https://tlov.bandcamp.com/album/la-fleur-lilac
https://tlov.bandcamp.com/album/landforms
https://tlov.bandcamp.com/album/lapse
https://tlov.bandcamp.com/album/lende
https://tlov.bandcamp.com/album/les-arts-anales
https://tlov.bandcamp.com/album/les-orbites-dans-les-d-combre
https://tlov.bandcamp.com/album/lesser-sucky-mucky-desire
https://tlov.bandcamp.com/album/let-the-men-die-under-her-feet
https://tlov.bandcamp.com/album/life-is-so-beautiful
https://tlov.bandcamp.com/album/life-on-the-sun
https://tlov.bandcamp.com/album/limited-confession
https://tlov.bandcamp.com/album/longing-farewell-from-autumn
https://tlov.bandcamp.com/album/loud-harsh-noise
https://tlov.bandcamp.com/album/lovemelovemeloveme
https://tlov.bandcamp.com/album/lsd-culture
https://tlov.bandcamp.com/album/masochist-church-of-mickey-mouse
https://tlov.bandcamp.com/album/massive-fire-ravished-apartment-complex
https://tlov.bandcamp.com/album/megaliths
https://tlov.bandcamp.com/album/microdosing-a-lethal-substance
https://tlov.bandcamp.com/album/miroviainsomnium
https://tlov.bandcamp.com/album/murkier
https://tlov.bandcamp.com/album/neon-orange-stallion-miniatures
https://tlov.bandcamp.com/album/no-more-reason-left-for-him-to-die-for-her-now
https://tlov.bandcamp.com/album/no-title
https://tlov.bandcamp.com/album/nobody-will-remember-nobody-will-care
https://tlov.bandcamp.com/album/nothing-changes-yet-everything-is-forever-lost
https://tlov.bandcamp.com/album/oberdada
https://tlov.bandcamp.com/album/onpa
https://tlov.bandcamp.com/album/our-time-together-will-be-forgotten
https://tlov.bandcamp.com/album/over-the-counter-under-the-influence
https://tlov.bandcamp.com/album/pewter-armageddon
https://tlov.bandcamp.com/album/playing-tricks
https://tlov.bandcamp.com/album/psychostimulant-i
https://tlov.bandcamp.com/album/psychostimulant-ii
https://tlov.bandcamp.com/album/putrid-low-end
https://tlov.bandcamp.com/album/random-space-porn
https://tlov.bandcamp.com/album/respiratory-failure-in-practice
https://tlov.bandcamp.com/album/reversed
https://tlov.bandcamp.com/album/ritualistic-fractures
https://tlov.bandcamp.com/album/salvaged-remains
https://tlov.bandcamp.com/album/seepage-shockwave
https://tlov.bandcamp.com/album/sete-star-sept-sz-rnyas-lucifer
https://tlov.bandcamp.com/album/sexual-desire-manipulate-my-spiritual-world
https://tlov.bandcamp.com/album/shine
https://tlov.bandcamp.com/album/simulacrum
https://tlov.bandcamp.com/album/sins-of-the-dolphins
https://tlov.bandcamp.com/album/smooth-season
https://tlov.bandcamp.com/album/some-small-soundscapes-dedicated-to-george-nelson
https://tlov.bandcamp.com/album/sounds-bad
https://tlov.bandcamp.com/album/statues-of-grievance-and-indifference
https://tlov.bandcamp.com/album/stealth
https://tlov.bandcamp.com/album/sz-rnyas-lucifer-hatvankilenc-t-mad-sa
https://tlov.bandcamp.com/album/t-boly
https://tlov.bandcamp.com/album/taboos-embedded-into-the-soul
https://tlov.bandcamp.com/album/take-me-to-the-place-where-dreams-collide
https://tlov.bandcamp.com/album/terror-shield
https://tlov.bandcamp.com/album/the-burden
https://tlov.bandcamp.com/album/the-darkness
https://tlov.bandcamp.com/album/the-grief-never-ends
https://tlov.bandcamp.com/album/the-insipid
https://tlov.bandcamp.com/album/the-kolima-experience
https://tlov.bandcamp.com/album/the-peak-of-nothingness
https://tlov.bandcamp.com/album/the-righteous-light-go-through-the-life-giving-rain
https://tlov.bandcamp.com/album/the-same-pitch-black-light-blinds-me-since-more-than-thirty-years
https://tlov.bandcamp.com/album/the-terrible-treble
https://tlov.bandcamp.com/album/the-unjust
https://tlov.bandcamp.com/album/their-skin-was-like-scorched-paper
https://tlov.bandcamp.com/album/there-is-no-wrath-in-me
https://tlov.bandcamp.com/album/they-will-annoy-you-for-hours
https://tlov.bandcamp.com/album/thigh-bones
https://tlov.bandcamp.com/album/time-spent
https://tlov.bandcamp.com/album/tired
https://tlov.bandcamp.com/album/toe-technique-source-v2
https://tlov.bandcamp.com/album/together-death-means-nothing
https://tlov.bandcamp.com/album/towards-singularity
https://tlov.bandcamp.com/album/train-wrecks-trip-disasters
https://tlov.bandcamp.com/album/tunes-of-malaria
https://tlov.bandcamp.com/album/two-sons-of-a-balkan-bitch
https://tlov.bandcamp.com/album/tzaraism
https://tlov.bandcamp.com/album/unfair-tales
https://tlov.bandcamp.com/album/untitled
https://tlov.bandcamp.com/album/untitled-10
https://tlov.bandcamp.com/album/untitled-11
https://tlov.bandcamp.com/album/untitled-12
https://tlov.bandcamp.com/album/untitled-13
https://tlov.bandcamp.com/album/untitled-1980
https://tlov.bandcamp.com/album/untitled-2
https://tlov.bandcamp.com/album/untitled-3
https://tlov.bandcamp.com/album/untitled-4
https://tlov.bandcamp.com/album/untitled-5
https://tlov.bandcamp.com/album/untitled-6
https://tlov.bandcamp.com/album/untitled-7
https://tlov.bandcamp.com/album/untitled-8
https://tlov.bandcamp.com/album/untitled-9
https://tlov.bandcamp.com/album/vasoconstriction
https://tlov.bandcamp.com/album/vast-session-of-sensory-deprivation-practices
https://tlov.bandcamp.com/album/venustraphobia-live-lo-fi
https://tlov.bandcamp.com/album/vertigo-dokumentary
https://tlov.bandcamp.com/album/very-tired
https://tlov.bandcamp.com/album/victims-of-gas-tanker-explosion-scattered-naked-on-the-highway
https://tlov.bandcamp.com/album/violence-silence
https://tlov.bandcamp.com/album/wall-n-roll
https://tlov.bandcamp.com/album/we-made-a-tea
https://tlov.bandcamp.com/album/we-should-finish-this
https://tlov.bandcamp.com/album/when-being-good-stops-working
https://tlov.bandcamp.com/album/when-my-tears-evaporate-in-the-heat-of-the-summer
https://tlov.bandcamp.com/album/with-each-passing-second-the-meaning-of-existence-fades-away
https://tlov.bandcamp.com/album/withdrawals
https://tlov.bandcamp.com/album/yeah
https://tlov.bandcamp.com/album/youre-only-scratching-the-surface
