https://aldotdivino.bandcamp.com/album/abndnt-deluxe-edition
https://aldotdivino.bandcamp.com/album/abrakadabra-alakazam
https://aldotdivino.bandcamp.com/album/akiraonacid
https://aldotdivino.bandcamp.com/album/ccxxxvii
https://aldotdivino.bandcamp.com/album/d-e-s-t-i-n-y
https://aldotdivino.bandcamp.com/album/divino-edition
https://aldotdivino.bandcamp.com/album/divino-edition-2
https://aldotdivino.bandcamp.com/album/facemelt
https://aldotdivino.bandcamp.com/album/facemelt-2
https://aldotdivino.bandcamp.com/album/facemelt-3
https://aldotdivino.bandcamp.com/album/facemelt-4
https://aldotdivino.bandcamp.com/album/firewater
https://aldotdivino.bandcamp.com/album/fishscale
https://aldotdivino.bandcamp.com/album/funkshun
https://aldotdivino.bandcamp.com/album/gl1tch-2
https://aldotdivino.bandcamp.com/album/guns-butter
https://aldotdivino.bandcamp.com/album/have-a-bad-day
https://aldotdivino.bandcamp.com/album/i-just-want-to-play-a-rave-in-london
https://aldotdivino.bandcamp.com/album/jus2feelsumn-side-a
https://aldotdivino.bandcamp.com/album/jus2feelsumn-side-b
https://aldotdivino.bandcamp.com/album/king-midas
https://aldotdivino.bandcamp.com/album/legacy
https://aldotdivino.bandcamp.com/album/maleficis-artibus
https://aldotdivino.bandcamp.com/album/mgntk-2
https://aldotdivino.bandcamp.com/album/monumentality
https://aldotdivino.bandcamp.com/album/naomi
https://aldotdivino.bandcamp.com/album/nbrkznr
https://aldotdivino.bandcamp.com/album/nikola
https://aldotdivino.bandcamp.com/album/prkoswv
https://aldotdivino.bandcamp.com/album/pyroglyphs-2
https://aldotdivino.bandcamp.com/album/self-phone
https://aldotdivino.bandcamp.com/album/sheet-music-vol-1000
https://aldotdivino.bandcamp.com/album/sheet-music-vol-2000-2
https://aldotdivino.bandcamp.com/album/sunraw
https://aldotdivino.bandcamp.com/album/the-door
https://aldotdivino.bandcamp.com/album/villains-in-villas
https://aldotdivino.bandcamp.com/album/what-u-waiting-for
https://aldotdivino.bandcamp.com/album/wheel-up-2
https://aldotdivino.bandcamp.com/album/wile-coyote
https://aldotdivino.bandcamp.com/album/yinizm
https://aldotdivino.bandcamp.com/track/osama-tezuka
