https://aidanbaker.bandcamp.com/album/a-year-in-minutes
https://aidanbaker.bandcamp.com/album/aberration
https://aidanbaker.bandcamp.com/album/acoustic-variations-on-a-loop
https://aidanbaker.bandcamp.com/album/already-drowning
https://aidanbaker.bandcamp.com/album/an-instance-of-rising-liminoid
https://aidanbaker.bandcamp.com/album/an-intricate-course-of-deception
https://aidanbaker.bandcamp.com/album/aneira
https://aidanbaker.bandcamp.com/album/antithesis
https://aidanbaker.bandcamp.com/album/at-the-base-of-the-mind-is-coiled-a-serpent
https://aidanbaker.bandcamp.com/album/at-the-fountain-of-thirst
https://aidanbaker.bandcamp.com/album/bach-eingeschaltet-vierter-band
https://aidanbaker.bandcamp.com/album/blue-figures
https://aidanbaker.bandcamp.com/album/book-of-nods
https://aidanbaker.bandcamp.com/album/broken-remade
https://aidanbaker.bandcamp.com/album/butterfly-bones
https://aidanbaker.bandcamp.com/album/candescence
https://aidanbaker.bandcamp.com/album/children-of-the-sun-ost
https://aidanbaker.bandcamp.com/album/chrome-mouth
https://aidanbaker.bandcamp.com/album/closure-axioms
https://aidanbaker.bandcamp.com/album/concretion
https://aidanbaker.bandcamp.com/album/conversations-with-myself
https://aidanbaker.bandcamp.com/album/dance-of-lonely-molecules
https://aidanbaker.bandcamp.com/album/deer-park
https://aidanbaker.bandcamp.com/album/diaphaneities
https://aidanbaker.bandcamp.com/album/dog-fox-gone-to-ground
https://aidanbaker.bandcamp.com/album/drone-fields
https://aidanbaker.bandcamp.com/album/dry
https://aidanbaker.bandcamp.com/album/dualism
https://aidanbaker.bandcamp.com/album/ecliptic-plane
https://aidanbaker.bandcamp.com/album/element
https://aidanbaker.bandcamp.com/album/engenderine
https://aidanbaker.bandcamp.com/album/everything-is-like-always-until-it-is-not
https://aidanbaker.bandcamp.com/album/exoskeleton-heart
https://aidanbaker.bandcamp.com/album/eye-of-day
https://aidanbaker.bandcamp.com/album/field-of-drones
https://aidanbaker.bandcamp.com/album/figures
https://aidanbaker.bandcamp.com/album/fluss
https://aidanbaker.bandcamp.com/album/gathering-blue
https://aidanbaker.bandcamp.com/album/gauge-amber-tone
https://aidanbaker.bandcamp.com/album/green-cold
https://aidanbaker.bandcamp.com/album/green-figures
https://aidanbaker.bandcamp.com/album/half-lives-as-i-walked-on-dead-earth
https://aidanbaker.bandcamp.com/album/half-lives-mountains-sweat-clouds
https://aidanbaker.bandcamp.com/album/homo-sapiens-soundtrack-for-a-film
https://aidanbaker.bandcamp.com/album/i-fall-into-you
https://aidanbaker.bandcamp.com/album/i-will-always-forever-hold-you-in-my-heart-mind
https://aidanbaker.bandcamp.com/album/i-wish-too-to-be-absorbed
https://aidanbaker.bandcamp.com/album/ice-against-my-skin
https://aidanbaker.bandcamp.com/album/ichneumon
https://aidanbaker.bandcamp.com/album/letters
https://aidanbaker.bandcamp.com/album/liminoid-lifeforms
https://aidanbaker.bandcamp.com/album/live-at-bishops-house
https://aidanbaker.bandcamp.com/album/live-at-theater-am-pumpenhaus-m-nster
https://aidanbaker.bandcamp.com/album/live-estate50hz
https://aidanbaker.bandcamp.com/album/loop-studies
https://aidanbaker.bandcamp.com/album/lost-in-the-rat-maze
https://aidanbaker.bandcamp.com/album/m-tamorphose-en-sept-tages
https://aidanbaker.bandcamp.com/album/mtl-20080307
https://aidanbaker.bandcamp.com/album/nalepa
https://aidanbaker.bandcamp.com/album/noise-of-silence
https://aidanbaker.bandcamp.com/album/objekts
https://aidanbaker.bandcamp.com/album/oneiromancer
https://aidanbaker.bandcamp.com/album/only-stories
https://aidanbaker.bandcamp.com/album/origins-evolutions
https://aidanbaker.bandcamp.com/album/pendulum
https://aidanbaker.bandcamp.com/album/periodic
https://aidanbaker.bandcamp.com/album/pithovirii
https://aidanbaker.bandcamp.com/album/plague-fantasies
https://aidanbaker.bandcamp.com/album/plague-of-fantasies-sorry-for-what-i-said-to-you-in-your-dream
https://aidanbaker.bandcamp.com/album/plague-of-fantasies-vinyl-versions
https://aidanbaker.bandcamp.com/album/portraits
https://aidanbaker.bandcamp.com/album/pretending-to-be-fearless-dreammares
https://aidanbaker.bandcamp.com/album/pure-drone
https://aidanbaker.bandcamp.com/album/rehearsal-tapes
https://aidanbaker.bandcamp.com/album/rictus-ep-collection
https://aidanbaker.bandcamp.com/album/same-river-twice
https://aidanbaker.bandcamp.com/album/scalpel
https://aidanbaker.bandcamp.com/album/seeing-past-what-things-seem
https://aidanbaker.bandcamp.com/album/soil
https://aidanbaker.bandcamp.com/album/songs-of-flowers-skin
https://aidanbaker.bandcamp.com/album/songs-of-undoing
https://aidanbaker.bandcamp.com/album/sorry-for-what-i-said-to-you-in-your-dream
https://aidanbaker.bandcamp.com/album/souvenirs-of-the-eternal-present
https://aidanbaker.bandcamp.com/album/still-life
https://aidanbaker.bandcamp.com/album/still-my-beating-heart-beats
https://aidanbaker.bandcamp.com/album/stimmt
https://aidanbaker.bandcamp.com/album/strung
https://aidanbaker.bandcamp.com/album/tableau-kanon-f-r-vier-t-nzer-innen
https://aidanbaker.bandcamp.com/album/tenebrist
https://aidanbaker.bandcamp.com/album/tense-surfaces
https://aidanbaker.bandcamp.com/album/the-confessional-tapes
https://aidanbaker.bandcamp.com/album/the-evelyn-tables
https://aidanbaker.bandcamp.com/album/the-forever-tapes
https://aidanbaker.bandcamp.com/album/the-forever-tapes-ambient-version
https://aidanbaker.bandcamp.com/album/the-forever-tapes-forever-versions
https://aidanbaker.bandcamp.com/album/the-sea-swells-a-bit
https://aidanbaker.bandcamp.com/album/the-sheep-look-up
https://aidanbaker.bandcamp.com/album/the-silent-world
https://aidanbaker.bandcamp.com/album/the-spectrum-of-distraction
https://aidanbaker.bandcamp.com/album/the-spectrum-of-distraction-complete-sessions-2
https://aidanbaker.bandcamp.com/album/there-not-there
https://aidanbaker.bandcamp.com/album/thoughtspan
https://aidanbaker.bandcamp.com/album/threnody-one
https://aidanbaker.bandcamp.com/album/tout-juste-sous-la-surface-je-guette
https://aidanbaker.bandcamp.com/album/traumerei
https://aidanbaker.bandcamp.com/album/treml
https://aidanbaker.bandcamp.com/album/triptychs-variations-on-a-melody
https://aidanbaker.bandcamp.com/album/true-dreaming-to-bend-the-world
https://aidanbaker.bandcamp.com/album/wound-culture
https://aidanbaker.bandcamp.com/album/you-are-all-at-once
https://aidanbaker.bandcamp.com/album/you-still-fall-in
