https://cosmiclaceonbrokenbones.bandcamp.com/album/100-paths-to-the-divine-creator
https://cosmiclaceonbrokenbones.bandcamp.com/album/16mm-film
https://cosmiclaceonbrokenbones.bandcamp.com/album/600
https://cosmiclaceonbrokenbones.bandcamp.com/album/a-cosmic-allegory
https://cosmiclaceonbrokenbones.bandcamp.com/album/a-drop-of-frozen-dark
https://cosmiclaceonbrokenbones.bandcamp.com/album/a-fixed-point
https://cosmiclaceonbrokenbones.bandcamp.com/album/a-hole-in-the-sky
https://cosmiclaceonbrokenbones.bandcamp.com/album/a-hostile-home
https://cosmiclaceonbrokenbones.bandcamp.com/album/a-lone-astronaut
https://cosmiclaceonbrokenbones.bandcamp.com/album/a-long-long-way
https://cosmiclaceonbrokenbones.bandcamp.com/album/a-old-horizon
https://cosmiclaceonbrokenbones.bandcamp.com/album/a-place-of-encounter
https://cosmiclaceonbrokenbones.bandcamp.com/album/a-point-of-orientation
https://cosmiclaceonbrokenbones.bandcamp.com/album/a-roll-of-the-dice
https://cosmiclaceonbrokenbones.bandcamp.com/album/a-step-away-from-realisation
https://cosmiclaceonbrokenbones.bandcamp.com/album/a-teeming-multitude
https://cosmiclaceonbrokenbones.bandcamp.com/album/a-terrifying-dream
https://cosmiclaceonbrokenbones.bandcamp.com/album/a-tribute-to-the-one
https://cosmiclaceonbrokenbones.bandcamp.com/album/abduction
https://cosmiclaceonbrokenbones.bandcamp.com/album/above-the-distant-moon
https://cosmiclaceonbrokenbones.bandcamp.com/album/absence-of-evidence-for-the-others
https://cosmiclaceonbrokenbones.bandcamp.com/album/absolute-aloneness
https://cosmiclaceonbrokenbones.bandcamp.com/album/accreation
https://cosmiclaceonbrokenbones.bandcamp.com/album/achieving-satori
https://cosmiclaceonbrokenbones.bandcamp.com/album/affinity
https://cosmiclaceonbrokenbones.bandcamp.com/album/after-the-word
https://cosmiclaceonbrokenbones.bandcamp.com/album/afterglow
https://cosmiclaceonbrokenbones.bandcamp.com/album/age-of-conflict
https://cosmiclaceonbrokenbones.bandcamp.com/album/aion-time-unbounded
https://cosmiclaceonbrokenbones.bandcamp.com/album/akasha
https://cosmiclaceonbrokenbones.bandcamp.com/album/alchemy
https://cosmiclaceonbrokenbones.bandcamp.com/album/alien-caverns
https://cosmiclaceonbrokenbones.bandcamp.com/album/alien-planet
https://cosmiclaceonbrokenbones.bandcamp.com/album/alien-shape
https://cosmiclaceonbrokenbones.bandcamp.com/album/alien-trespass
https://cosmiclaceonbrokenbones.bandcamp.com/album/all-the-desserts-of-all-the-stars
https://cosmiclaceonbrokenbones.bandcamp.com/album/amaunet-the-hidden-one
https://cosmiclaceonbrokenbones.bandcamp.com/album/among-old-stars
https://cosmiclaceonbrokenbones.bandcamp.com/album/ancestral-conceit
https://cosmiclaceonbrokenbones.bandcamp.com/album/ancient-black-hole
https://cosmiclaceonbrokenbones.bandcamp.com/album/ancient-journey
https://cosmiclaceonbrokenbones.bandcamp.com/album/ancient-seafarers
https://cosmiclaceonbrokenbones.bandcamp.com/album/and-the-word-became-flesh
https://cosmiclaceonbrokenbones.bandcamp.com/album/and-then-they-came
https://cosmiclaceonbrokenbones.bandcamp.com/album/angelic
https://cosmiclaceonbrokenbones.bandcamp.com/album/angustia
https://cosmiclaceonbrokenbones.bandcamp.com/album/ankhesenamun
https://cosmiclaceonbrokenbones.bandcamp.com/album/anomaly
https://cosmiclaceonbrokenbones.bandcamp.com/album/anput-goddess-of-the-dead
https://cosmiclaceonbrokenbones.bandcamp.com/album/anthill
https://cosmiclaceonbrokenbones.bandcamp.com/album/antipode-of-everything
https://cosmiclaceonbrokenbones.bandcamp.com/album/anuket-embracer-of-the-waters
https://cosmiclaceonbrokenbones.bandcamp.com/album/arcanum
https://cosmiclaceonbrokenbones.bandcamp.com/album/archaic
https://cosmiclaceonbrokenbones.bandcamp.com/album/arctic-archaeological-expedition
https://cosmiclaceonbrokenbones.bandcamp.com/album/arctic-expedition
https://cosmiclaceonbrokenbones.bandcamp.com/album/arctic-expedition-2
https://cosmiclaceonbrokenbones.bandcamp.com/album/around-the-sun-2
https://cosmiclaceonbrokenbones.bandcamp.com/album/artifact
https://cosmiclaceonbrokenbones.bandcamp.com/album/as-above-so-everywhere
https://cosmiclaceonbrokenbones.bandcamp.com/album/as-the-gods-came-we-were-in-terror
https://cosmiclaceonbrokenbones.bandcamp.com/album/as-the-legend-tells
https://cosmiclaceonbrokenbones.bandcamp.com/album/as-within-so-without
https://cosmiclaceonbrokenbones.bandcamp.com/album/ascendance
https://cosmiclaceonbrokenbones.bandcamp.com/album/ascetic-star
https://cosmiclaceonbrokenbones.bandcamp.com/album/at-night
https://cosmiclaceonbrokenbones.bandcamp.com/album/at-the-end
https://cosmiclaceonbrokenbones.bandcamp.com/album/at-the-end-of-our-world
https://cosmiclaceonbrokenbones.bandcamp.com/album/at-the-feet-of-the-infinite
https://cosmiclaceonbrokenbones.bandcamp.com/album/at-the-outermost-gates
https://cosmiclaceonbrokenbones.bandcamp.com/album/at-the-pinnacle-of-everything
https://cosmiclaceonbrokenbones.bandcamp.com/album/atoms-in-nothingness
https://cosmiclaceonbrokenbones.bandcamp.com/album/avidya
https://cosmiclaceonbrokenbones.bandcamp.com/album/awakening
https://cosmiclaceonbrokenbones.bandcamp.com/album/axis-mundi
https://cosmiclaceonbrokenbones.bandcamp.com/album/back-in-the-sand
https://cosmiclaceonbrokenbones.bandcamp.com/album/baryon-asymmetry
https://cosmiclaceonbrokenbones.bandcamp.com/album/before-the-unbroken-antarctica-wall
https://cosmiclaceonbrokenbones.bandcamp.com/album/behind-antarctica
https://cosmiclaceonbrokenbones.bandcamp.com/album/behind-the-black-horizon
https://cosmiclaceonbrokenbones.bandcamp.com/album/behind-the-curtains
https://cosmiclaceonbrokenbones.bandcamp.com/album/behind-the-light
https://cosmiclaceonbrokenbones.bandcamp.com/album/behind-the-light-2
https://cosmiclaceonbrokenbones.bandcamp.com/album/behind-the-mind
https://cosmiclaceonbrokenbones.bandcamp.com/album/behind-the-threshold
https://cosmiclaceonbrokenbones.bandcamp.com/album/behind-the-visible
https://cosmiclaceonbrokenbones.bandcamp.com/album/belly-of-the-spaceship
https://cosmiclaceonbrokenbones.bandcamp.com/album/bending-of-light
https://cosmiclaceonbrokenbones.bandcamp.com/album/bending-of-light-2
https://cosmiclaceonbrokenbones.bandcamp.com/album/between-heaven-and-earth
https://cosmiclaceonbrokenbones.bandcamp.com/album/between-planets
https://cosmiclaceonbrokenbones.bandcamp.com/album/between-worlds
https://cosmiclaceonbrokenbones.bandcamp.com/album/bi-location
https://cosmiclaceonbrokenbones.bandcamp.com/album/binary-back-hole
https://cosmiclaceonbrokenbones.bandcamp.com/album/bird-of-passage
https://cosmiclaceonbrokenbones.bandcamp.com/album/black-hole-wave
https://cosmiclaceonbrokenbones.bandcamp.com/album/black-horizon
https://cosmiclaceonbrokenbones.bandcamp.com/album/black-infrasound
https://cosmiclaceonbrokenbones.bandcamp.com/album/black-ink-buddha-meditation
https://cosmiclaceonbrokenbones.bandcamp.com/album/black-stars
https://cosmiclaceonbrokenbones.bandcamp.com/album/blind-pilotage
https://cosmiclaceonbrokenbones.bandcamp.com/album/blind-quest
https://cosmiclaceonbrokenbones.bandcamp.com/album/blinded-by-the-void
https://cosmiclaceonbrokenbones.bandcamp.com/album/blood-on-their-minds
https://cosmiclaceonbrokenbones.bandcamp.com/album/blood-red-world
https://cosmiclaceonbrokenbones.bandcamp.com/album/bodhicitta
https://cosmiclaceonbrokenbones.bandcamp.com/album/bottomless
https://cosmiclaceonbrokenbones.bandcamp.com/album/bridewell-at-the-end-of-the-world
https://cosmiclaceonbrokenbones.bandcamp.com/album/broken-commandments
https://cosmiclaceonbrokenbones.bandcamp.com/album/broken-science-the-tides
https://cosmiclaceonbrokenbones.bandcamp.com/album/burial-shroud
https://cosmiclaceonbrokenbones.bandcamp.com/album/buried-throne
https://cosmiclaceonbrokenbones.bandcamp.com/album/bygone-ages
https://cosmiclaceonbrokenbones.bandcamp.com/album/bygone-ages-2
https://cosmiclaceonbrokenbones.bandcamp.com/album/captives-of-the-ice
https://cosmiclaceonbrokenbones.bandcamp.com/album/carried-by-the-tide
https://cosmiclaceonbrokenbones.bandcamp.com/album/cataclysmic
https://cosmiclaceonbrokenbones.bandcamp.com/album/caves-on-the-moon
https://cosmiclaceonbrokenbones.bandcamp.com/album/cerberus
https://cosmiclaceonbrokenbones.bandcamp.com/album/chamber-resonance
https://cosmiclaceonbrokenbones.bandcamp.com/album/chthonic-serpents
https://cosmiclaceonbrokenbones.bandcamp.com/album/clairaudience
https://cosmiclaceonbrokenbones.bandcamp.com/album/clairvoyance
https://cosmiclaceonbrokenbones.bandcamp.com/album/clarity
https://cosmiclaceonbrokenbones.bandcamp.com/album/coiled-around-the-soul
https://cosmiclaceonbrokenbones.bandcamp.com/album/cold-hard-facts
https://cosmiclaceonbrokenbones.bandcamp.com/album/collapsing-black-stars
https://cosmiclaceonbrokenbones.bandcamp.com/album/coming-in-accelerating
https://cosmiclaceonbrokenbones.bandcamp.com/album/composite-photograph
https://cosmiclaceonbrokenbones.bandcamp.com/album/conjunction
https://cosmiclaceonbrokenbones.bandcamp.com/album/conjunction-2
https://cosmiclaceonbrokenbones.bandcamp.com/album/connecting-points-in-space
https://cosmiclaceonbrokenbones.bandcamp.com/album/consciousness
https://cosmiclaceonbrokenbones.bandcamp.com/album/control-tower
https://cosmiclaceonbrokenbones.bandcamp.com/album/coronation
https://cosmiclaceonbrokenbones.bandcamp.com/album/corossion
https://cosmiclaceonbrokenbones.bandcamp.com/album/corposant
https://cosmiclaceonbrokenbones.bandcamp.com/album/cosmic-black-cloud
https://cosmiclaceonbrokenbones.bandcamp.com/album/cosmic-dust
https://cosmiclaceonbrokenbones.bandcamp.com/album/cosmic-engram
https://cosmiclaceonbrokenbones.bandcamp.com/album/cosmic-geometry
https://cosmiclaceonbrokenbones.bandcamp.com/album/cosmic-lace-on-a-broken-face
https://cosmiclaceonbrokenbones.bandcamp.com/album/cosmogony
https://cosmiclaceonbrokenbones.bandcamp.com/album/countdown-to-obscurity
https://cosmiclaceonbrokenbones.bandcamp.com/album/crash-landing
https://cosmiclaceonbrokenbones.bandcamp.com/album/creators-of-stardust
https://cosmiclaceonbrokenbones.bandcamp.com/album/cross-behind-the-distant-horizon-my-friend
https://cosmiclaceonbrokenbones.bandcamp.com/album/crucible-of-spirit
https://cosmiclaceonbrokenbones.bandcamp.com/album/cryogenic-dreams
https://cosmiclaceonbrokenbones.bandcamp.com/album/cube
https://cosmiclaceonbrokenbones.bandcamp.com/album/culmination
https://cosmiclaceonbrokenbones.bandcamp.com/album/dark-astrology
https://cosmiclaceonbrokenbones.bandcamp.com/album/dark-days
https://cosmiclaceonbrokenbones.bandcamp.com/album/dark-epoch
https://cosmiclaceonbrokenbones.bandcamp.com/album/dark-horizon
https://cosmiclaceonbrokenbones.bandcamp.com/album/dark-puppeteers
https://cosmiclaceonbrokenbones.bandcamp.com/album/dark-tempest
https://cosmiclaceonbrokenbones.bandcamp.com/album/dark-winds
https://cosmiclaceonbrokenbones.bandcamp.com/album/dark-worlds-series-isolation
https://cosmiclaceonbrokenbones.bandcamp.com/album/dark-worlds-series-shadows
https://cosmiclaceonbrokenbones.bandcamp.com/album/dark-worlds-series-silence
https://cosmiclaceonbrokenbones.bandcamp.com/album/darkening-curtain
https://cosmiclaceonbrokenbones.bandcamp.com/album/darkness-on-the-horizon
https://cosmiclaceonbrokenbones.bandcamp.com/album/dawn-of-the-gods
https://cosmiclaceonbrokenbones.bandcamp.com/album/death-itself
https://cosmiclaceonbrokenbones.bandcamp.com/album/deaths-light
https://cosmiclaceonbrokenbones.bandcamp.com/album/deep-dive
https://cosmiclaceonbrokenbones.bandcamp.com/album/deep-ether
https://cosmiclaceonbrokenbones.bandcamp.com/album/deep-freeze
https://cosmiclaceonbrokenbones.bandcamp.com/album/deep-in-the-abyss
https://cosmiclaceonbrokenbones.bandcamp.com/album/deep-meditation
https://cosmiclaceonbrokenbones.bandcamp.com/album/deep-sleep
https://cosmiclaceonbrokenbones.bandcamp.com/album/deep-space-intricacy
https://cosmiclaceonbrokenbones.bandcamp.com/album/deep-sun
https://cosmiclaceonbrokenbones.bandcamp.com/album/delirium-and-alienation
https://cosmiclaceonbrokenbones.bandcamp.com/album/demarcation-line
https://cosmiclaceonbrokenbones.bandcamp.com/album/demon-of-the-empire
https://cosmiclaceonbrokenbones.bandcamp.com/album/demons
https://cosmiclaceonbrokenbones.bandcamp.com/album/deranged-cosmic-songs
https://cosmiclaceonbrokenbones.bandcamp.com/album/descending
https://cosmiclaceonbrokenbones.bandcamp.com/album/desert-solitude
https://cosmiclaceonbrokenbones.bandcamp.com/album/desert-solitude-2
https://cosmiclaceonbrokenbones.bandcamp.com/album/desolate
https://cosmiclaceonbrokenbones.bandcamp.com/album/destiny-as-your-habit
https://cosmiclaceonbrokenbones.bandcamp.com/album/destiny-of-an-atom
https://cosmiclaceonbrokenbones.bandcamp.com/album/digital-orison
https://cosmiclaceonbrokenbones.bandcamp.com/album/dimensions
https://cosmiclaceonbrokenbones.bandcamp.com/album/direct-knowledge
https://cosmiclaceonbrokenbones.bandcamp.com/album/disregarded-and-forgotten
https://cosmiclaceonbrokenbones.bandcamp.com/album/dissension
https://cosmiclaceonbrokenbones.bandcamp.com/album/dissimulation
https://cosmiclaceonbrokenbones.bandcamp.com/album/dissipation
https://cosmiclaceonbrokenbones.bandcamp.com/album/dissolution-of-the-heavens
https://cosmiclaceonbrokenbones.bandcamp.com/album/distant-cold
https://cosmiclaceonbrokenbones.bandcamp.com/album/distant-lighthouses
https://cosmiclaceonbrokenbones.bandcamp.com/album/distant-skies
https://cosmiclaceonbrokenbones.bandcamp.com/album/distant-stone-columns
https://cosmiclaceonbrokenbones.bandcamp.com/album/divergence
https://cosmiclaceonbrokenbones.bandcamp.com/album/divination-time
https://cosmiclaceonbrokenbones.bandcamp.com/album/divine-epoch
https://cosmiclaceonbrokenbones.bandcamp.com/album/divine-locus
https://cosmiclaceonbrokenbones.bandcamp.com/album/do-not-speak-for-god
https://cosmiclaceonbrokenbones.bandcamp.com/album/doctrine-of-silence
https://cosmiclaceonbrokenbones.bandcamp.com/album/doorway
https://cosmiclaceonbrokenbones.bandcamp.com/album/downfall-of-all
https://cosmiclaceonbrokenbones.bandcamp.com/album/dream-of-infinity
https://cosmiclaceonbrokenbones.bandcamp.com/album/dream-of-infinity-2
https://cosmiclaceonbrokenbones.bandcamp.com/album/dreams-from-deep-space-stasis-feeling-and-desire
https://cosmiclaceonbrokenbones.bandcamp.com/album/dreams-from-deep-space-stasis-succubus
https://cosmiclaceonbrokenbones.bandcamp.com/album/dreams-from-deep-space-stasis-yearning
https://cosmiclaceonbrokenbones.bandcamp.com/album/dreams-of-our-ancestors
https://cosmiclaceonbrokenbones.bandcamp.com/album/dreams-within-nightmares
https://cosmiclaceonbrokenbones.bandcamp.com/album/droplets
https://cosmiclaceonbrokenbones.bandcamp.com/album/duality-resolved
https://cosmiclaceonbrokenbones.bandcamp.com/album/due-south
https://cosmiclaceonbrokenbones.bandcamp.com/album/dying-sun
https://cosmiclaceonbrokenbones.bandcamp.com/album/earth-core
https://cosmiclaceonbrokenbones.bandcamp.com/album/earth-whisper
https://cosmiclaceonbrokenbones.bandcamp.com/album/echo-chamber
https://cosmiclaceonbrokenbones.bandcamp.com/album/eclipsing-binary
https://cosmiclaceonbrokenbones.bandcamp.com/album/ectoplasm-emanation
https://cosmiclaceonbrokenbones.bandcamp.com/album/egress
https://cosmiclaceonbrokenbones.bandcamp.com/album/ejected
https://cosmiclaceonbrokenbones.bandcamp.com/album/elementals
https://cosmiclaceonbrokenbones.bandcamp.com/album/eleventh-hour
https://cosmiclaceonbrokenbones.bandcamp.com/album/elysian-hypnosis
https://cosmiclaceonbrokenbones.bandcamp.com/album/emergence
https://cosmiclaceonbrokenbones.bandcamp.com/album/emergency-landing
https://cosmiclaceonbrokenbones.bandcamp.com/album/empire-of-demons
https://cosmiclaceonbrokenbones.bandcamp.com/album/empty-halls
https://cosmiclaceonbrokenbones.bandcamp.com/album/empty-spaces
https://cosmiclaceonbrokenbones.bandcamp.com/album/en-route-to-the-sun
https://cosmiclaceonbrokenbones.bandcamp.com/album/end-of-history
https://cosmiclaceonbrokenbones.bandcamp.com/album/enticement
https://cosmiclaceonbrokenbones.bandcamp.com/album/entities-of-the-fog
https://cosmiclaceonbrokenbones.bandcamp.com/album/entrance
https://cosmiclaceonbrokenbones.bandcamp.com/album/eous
https://cosmiclaceonbrokenbones.bandcamp.com/album/epics-of-the-ancients-volume-one
https://cosmiclaceonbrokenbones.bandcamp.com/album/epics-of-the-ancients-volume-two
https://cosmiclaceonbrokenbones.bandcamp.com/album/eter
https://cosmiclaceonbrokenbones.bandcamp.com/album/eternal-goodby
https://cosmiclaceonbrokenbones.bandcamp.com/album/eternal-vibration
https://cosmiclaceonbrokenbones.bandcamp.com/album/everlasting-search
https://cosmiclaceonbrokenbones.bandcamp.com/album/everything-cyclic
https://cosmiclaceonbrokenbones.bandcamp.com/album/evil-genesis
https://cosmiclaceonbrokenbones.bandcamp.com/album/evil-or-profane
https://cosmiclaceonbrokenbones.bandcamp.com/album/exalted-consciousness
https://cosmiclaceonbrokenbones.bandcamp.com/album/exodus
https://cosmiclaceonbrokenbones.bandcamp.com/album/expedition-to-the-surface
https://cosmiclaceonbrokenbones.bandcamp.com/album/face-to-face
https://cosmiclaceonbrokenbones.bandcamp.com/album/falling
https://cosmiclaceonbrokenbones.bandcamp.com/album/false-dichotomy
https://cosmiclaceonbrokenbones.bandcamp.com/album/faraway-earth
https://cosmiclaceonbrokenbones.bandcamp.com/album/faraway-realm
https://cosmiclaceonbrokenbones.bandcamp.com/album/field-of-stars
https://cosmiclaceonbrokenbones.bandcamp.com/album/field-of-stars-2
https://cosmiclaceonbrokenbones.bandcamp.com/album/final-conflagration
https://cosmiclaceonbrokenbones.bandcamp.com/album/final-everything
https://cosmiclaceonbrokenbones.bandcamp.com/album/final-orbit
https://cosmiclaceonbrokenbones.bandcamp.com/album/firmament
https://cosmiclaceonbrokenbones.bandcamp.com/album/first-to-kneel
https://cosmiclaceonbrokenbones.bandcamp.com/album/first-woman
https://cosmiclaceonbrokenbones.bandcamp.com/album/fisur
https://cosmiclaceonbrokenbones.bandcamp.com/album/flickering
https://cosmiclaceonbrokenbones.bandcamp.com/album/floating
https://cosmiclaceonbrokenbones.bandcamp.com/album/flyby
https://cosmiclaceonbrokenbones.bandcamp.com/album/follow-your-light
https://cosmiclaceonbrokenbones.bandcamp.com/album/follow-your-light-2
https://cosmiclaceonbrokenbones.bandcamp.com/album/foreignness
https://cosmiclaceonbrokenbones.bandcamp.com/album/forever
https://cosmiclaceonbrokenbones.bandcamp.com/album/forge-of-infinity
https://cosmiclaceonbrokenbones.bandcamp.com/album/forgotten-mystery
https://cosmiclaceonbrokenbones.bandcamp.com/album/forgotten-planet
https://cosmiclaceonbrokenbones.bandcamp.com/album/found-empty
https://cosmiclaceonbrokenbones.bandcamp.com/album/fractured-reality
https://cosmiclaceonbrokenbones.bandcamp.com/album/from-nowhere
https://cosmiclaceonbrokenbones.bandcamp.com/album/from-out-there
https://cosmiclaceonbrokenbones.bandcamp.com/album/from-the-depths-of-the-darkest-space
https://cosmiclaceonbrokenbones.bandcamp.com/album/from-whence-it-comes
https://cosmiclaceonbrokenbones.bandcamp.com/album/from-where-the-holy-one-arises
https://cosmiclaceonbrokenbones.bandcamp.com/album/frozen-cosmonaut
https://cosmiclaceonbrokenbones.bandcamp.com/album/frozen-nothingness
https://cosmiclaceonbrokenbones.bandcamp.com/album/fulcrum-of-the-world
https://cosmiclaceonbrokenbones.bandcamp.com/album/future-illumination
https://cosmiclaceonbrokenbones.bandcamp.com/album/galactic-dance
https://cosmiclaceonbrokenbones.bandcamp.com/album/galactic-skies
https://cosmiclaceonbrokenbones.bandcamp.com/album/gate-deity
https://cosmiclaceonbrokenbones.bandcamp.com/album/gehinnom-valley-of-hinnom
https://cosmiclaceonbrokenbones.bandcamp.com/album/glass-lizard-from-without
https://cosmiclaceonbrokenbones.bandcamp.com/album/go-in-that-space
https://cosmiclaceonbrokenbones.bandcamp.com/album/god-king
https://cosmiclaceonbrokenbones.bandcamp.com/album/god-the-object-of-meditation
https://cosmiclaceonbrokenbones.bandcamp.com/album/god-vibration
https://cosmiclaceonbrokenbones.bandcamp.com/album/gods-on-high
https://cosmiclaceonbrokenbones.bandcamp.com/album/gone-forever
https://cosmiclaceonbrokenbones.bandcamp.com/album/grace-divine
https://cosmiclaceonbrokenbones.bandcamp.com/album/gravitation-anomaly
https://cosmiclaceonbrokenbones.bandcamp.com/album/gravity
https://cosmiclaceonbrokenbones.bandcamp.com/album/gravity-well
https://cosmiclaceonbrokenbones.bandcamp.com/album/gray-firmament
https://cosmiclaceonbrokenbones.bandcamp.com/album/guiding-star
https://cosmiclaceonbrokenbones.bandcamp.com/album/hafnium-light
https://cosmiclaceonbrokenbones.bandcamp.com/album/hall-of-intonation
https://cosmiclaceonbrokenbones.bandcamp.com/album/hall-of-the-sacrificed-ones
https://cosmiclaceonbrokenbones.bandcamp.com/album/harpy
https://cosmiclaceonbrokenbones.bandcamp.com/album/haunted-humanity
https://cosmiclaceonbrokenbones.bandcamp.com/album/he-came-from-the-stars
https://cosmiclaceonbrokenbones.bandcamp.com/album/head-game
https://cosmiclaceonbrokenbones.bandcamp.com/album/heaven-and-fall
https://cosmiclaceonbrokenbones.bandcamp.com/album/heavenward-flight-volume-one
https://cosmiclaceonbrokenbones.bandcamp.com/album/heavy-skies
https://cosmiclaceonbrokenbones.bandcamp.com/album/heliolatry
https://cosmiclaceonbrokenbones.bandcamp.com/album/helix-of-the-ages
https://cosmiclaceonbrokenbones.bandcamp.com/album/hell-on-earth
https://cosmiclaceonbrokenbones.bandcamp.com/album/hexakosioihexekontahexaphobia
https://cosmiclaceonbrokenbones.bandcamp.com/album/hexameron
https://cosmiclaceonbrokenbones.bandcamp.com/album/hibernation
https://cosmiclaceonbrokenbones.bandcamp.com/album/hidden-water
https://cosmiclaceonbrokenbones.bandcamp.com/album/high-altitude
https://cosmiclaceonbrokenbones.bandcamp.com/album/high-seas-encounter
https://cosmiclaceonbrokenbones.bandcamp.com/album/history
https://cosmiclaceonbrokenbones.bandcamp.com/album/holy-children
https://cosmiclaceonbrokenbones.bandcamp.com/album/holy-lady
https://cosmiclaceonbrokenbones.bandcamp.com/album/holy-ones-falling-from-on-high
https://cosmiclaceonbrokenbones.bandcamp.com/album/homecoming-signal
https://cosmiclaceonbrokenbones.bandcamp.com/album/homeworld
https://cosmiclaceonbrokenbones.bandcamp.com/album/hues-of-light-blue
https://cosmiclaceonbrokenbones.bandcamp.com/album/hues-of-light-green
https://cosmiclaceonbrokenbones.bandcamp.com/album/hues-of-light-indigo
https://cosmiclaceonbrokenbones.bandcamp.com/album/hues-of-light-orange
https://cosmiclaceonbrokenbones.bandcamp.com/album/hues-of-light-red
https://cosmiclaceonbrokenbones.bandcamp.com/album/hues-of-light-violet
https://cosmiclaceonbrokenbones.bandcamp.com/album/hues-of-light-yellow
https://cosmiclaceonbrokenbones.bandcamp.com/album/humility
https://cosmiclaceonbrokenbones.bandcamp.com/album/hypnotized-by-the-light
https://cosmiclaceonbrokenbones.bandcamp.com/album/icon
https://cosmiclaceonbrokenbones.bandcamp.com/album/iconoclast
https://cosmiclaceonbrokenbones.bandcamp.com/album/icy-blackness
https://cosmiclaceonbrokenbones.bandcamp.com/album/icy-monuments
https://cosmiclaceonbrokenbones.bandcamp.com/album/illusions-of-desperation
https://cosmiclaceonbrokenbones.bandcamp.com/album/immersion-behind-the-abyss
https://cosmiclaceonbrokenbones.bandcamp.com/album/imminent-collapse
https://cosmiclaceonbrokenbones.bandcamp.com/album/immortal-flame
https://cosmiclaceonbrokenbones.bandcamp.com/album/impact-hypothesis
https://cosmiclaceonbrokenbones.bandcamp.com/album/impelled-from-within
https://cosmiclaceonbrokenbones.bandcamp.com/album/impending-chimerical
https://cosmiclaceonbrokenbones.bandcamp.com/album/imperceptible-arrival
https://cosmiclaceonbrokenbones.bandcamp.com/album/impermanence-of-movement
https://cosmiclaceonbrokenbones.bandcamp.com/album/implausible-worlds
https://cosmiclaceonbrokenbones.bandcamp.com/album/implausible-worlds-where-the-hidden-is-in-the-dark
https://cosmiclaceonbrokenbones.bandcamp.com/album/impossible-destination
https://cosmiclaceonbrokenbones.bandcamp.com/album/improbable
https://cosmiclaceonbrokenbones.bandcamp.com/album/in-absentia
https://cosmiclaceonbrokenbones.bandcamp.com/album/in-darkness-we-dwell
https://cosmiclaceonbrokenbones.bandcamp.com/album/in-honor-of-nikolaus-s
https://cosmiclaceonbrokenbones.bandcamp.com/album/in-pain-they-scream
https://cosmiclaceonbrokenbones.bandcamp.com/album/in-the-bowels-of-pandemonium
https://cosmiclaceonbrokenbones.bandcamp.com/album/in-the-cave-of-shadows
https://cosmiclaceonbrokenbones.bandcamp.com/album/in-the-deep
https://cosmiclaceonbrokenbones.bandcamp.com/album/in-the-distance
https://cosmiclaceonbrokenbones.bandcamp.com/album/in-the-holy-halls-of-yourself
https://cosmiclaceonbrokenbones.bandcamp.com/album/in-the-last-days
https://cosmiclaceonbrokenbones.bandcamp.com/album/in-the-shadows-of-the-moons
https://cosmiclaceonbrokenbones.bandcamp.com/album/incandescence-and-radiation
https://cosmiclaceonbrokenbones.bandcamp.com/album/incapable-of-divinity
https://cosmiclaceonbrokenbones.bandcamp.com/album/inexorable
https://cosmiclaceonbrokenbones.bandcamp.com/album/infinite-future
https://cosmiclaceonbrokenbones.bandcamp.com/album/infinite-sun
https://cosmiclaceonbrokenbones.bandcamp.com/album/infinity-in-you
https://cosmiclaceonbrokenbones.bandcamp.com/album/infinity-squared
https://cosmiclaceonbrokenbones.bandcamp.com/album/initial-stirring
https://cosmiclaceonbrokenbones.bandcamp.com/album/inner-search
https://cosmiclaceonbrokenbones.bandcamp.com/album/inner-vibration
https://cosmiclaceonbrokenbones.bandcamp.com/album/insolate
https://cosmiclaceonbrokenbones.bandcamp.com/album/interdimensional
https://cosmiclaceonbrokenbones.bandcamp.com/album/into-the-light-the-end-of-the-transmission
https://cosmiclaceonbrokenbones.bandcamp.com/album/inverted-666
https://cosmiclaceonbrokenbones.bandcamp.com/album/inviolable-mankind
https://cosmiclaceonbrokenbones.bandcamp.com/album/inward-collapse
https://cosmiclaceonbrokenbones.bandcamp.com/album/it-came-with-the-dark-waves
https://cosmiclaceonbrokenbones.bandcamp.com/album/its-everywhere
https://cosmiclaceonbrokenbones.bandcamp.com/album/judgment
https://cosmiclaceonbrokenbones.bandcamp.com/album/just-one-story
https://cosmiclaceonbrokenbones.bandcamp.com/album/kinematics-of-the-solar-wind
https://cosmiclaceonbrokenbones.bandcamp.com/album/laodikeia-of-antiochus-ii-theos
https://cosmiclaceonbrokenbones.bandcamp.com/album/last-stand
https://cosmiclaceonbrokenbones.bandcamp.com/album/leave-all-your-faces-behind
https://cosmiclaceonbrokenbones.bandcamp.com/album/left-behind
https://cosmiclaceonbrokenbones.bandcamp.com/album/legends-of-the-dark
https://cosmiclaceonbrokenbones.bandcamp.com/album/less-than-a-presence
https://cosmiclaceonbrokenbones.bandcamp.com/album/letters-in-sound-for-cristina
https://cosmiclaceonbrokenbones.bandcamp.com/album/levitation
https://cosmiclaceonbrokenbones.bandcamp.com/album/lie
https://cosmiclaceonbrokenbones.bandcamp.com/album/life-states
https://cosmiclaceonbrokenbones.bandcamp.com/album/light-of-the-guide
https://cosmiclaceonbrokenbones.bandcamp.com/album/light-of-the-sky
https://cosmiclaceonbrokenbones.bandcamp.com/album/light-speed
https://cosmiclaceonbrokenbones.bandcamp.com/album/light-undulation
https://cosmiclaceonbrokenbones.bandcamp.com/album/lightyear
https://cosmiclaceonbrokenbones.bandcamp.com/album/lightyears-away-from-home
https://cosmiclaceonbrokenbones.bandcamp.com/album/listening-for-infinity
https://cosmiclaceonbrokenbones.bandcamp.com/album/long-distance-observation
https://cosmiclaceonbrokenbones.bandcamp.com/album/long-wandering
https://cosmiclaceonbrokenbones.bandcamp.com/album/lord-shiva-2
https://cosmiclaceonbrokenbones.bandcamp.com/album/lost-invocation
https://cosmiclaceonbrokenbones.bandcamp.com/album/lost-life-under-the-white-sun
https://cosmiclaceonbrokenbones.bandcamp.com/album/lost-never-to-be-found-again
https://cosmiclaceonbrokenbones.bandcamp.com/album/lygos
https://cosmiclaceonbrokenbones.bandcamp.com/album/macro-cosmology
https://cosmiclaceonbrokenbones.bandcamp.com/album/maelstrom
https://cosmiclaceonbrokenbones.bandcamp.com/album/maelstrom-2
https://cosmiclaceonbrokenbones.bandcamp.com/album/magnetic-fields
https://cosmiclaceonbrokenbones.bandcamp.com/album/master-key
https://cosmiclaceonbrokenbones.bandcamp.com/album/may-my-mothers-soul-travel-light
https://cosmiclaceonbrokenbones.bandcamp.com/album/meanwhile-on-the-moon
https://cosmiclaceonbrokenbones.bandcamp.com/album/meditations-on-light
https://cosmiclaceonbrokenbones.bandcamp.com/album/megastructure
https://cosmiclaceonbrokenbones.bandcamp.com/album/menhit-she-who-sacrifices
https://cosmiclaceonbrokenbones.bandcamp.com/album/message
https://cosmiclaceonbrokenbones.bandcamp.com/album/messages-of-the-void
https://cosmiclaceonbrokenbones.bandcamp.com/album/metamorphic-stage
https://cosmiclaceonbrokenbones.bandcamp.com/album/mired-in-nightmares
https://cosmiclaceonbrokenbones.bandcamp.com/album/mirror-interaction
https://cosmiclaceonbrokenbones.bandcamp.com/album/missing-buddha
https://cosmiclaceonbrokenbones.bandcamp.com/album/mnemotechnical
https://cosmiclaceonbrokenbones.bandcamp.com/album/moments
https://cosmiclaceonbrokenbones.bandcamp.com/album/monad-of-the-sun
https://cosmiclaceonbrokenbones.bandcamp.com/album/monitoring-station
https://cosmiclaceonbrokenbones.bandcamp.com/album/monolith
https://cosmiclaceonbrokenbones.bandcamp.com/album/monolith-of-unknown-origin
https://cosmiclaceonbrokenbones.bandcamp.com/album/moon-companion
https://cosmiclaceonbrokenbones.bandcamp.com/album/moon-devouring-the-red-sun
https://cosmiclaceonbrokenbones.bandcamp.com/album/movers-and-shakers
https://cosmiclaceonbrokenbones.bandcamp.com/album/multiverse
https://cosmiclaceonbrokenbones.bandcamp.com/album/multiverse-2
https://cosmiclaceonbrokenbones.bandcamp.com/album/mutagenesis
https://cosmiclaceonbrokenbones.bandcamp.com/album/my-visible-world
https://cosmiclaceonbrokenbones.bandcamp.com/album/myriad-of-details
https://cosmiclaceonbrokenbones.bandcamp.com/album/mysterious-moon
https://cosmiclaceonbrokenbones.bandcamp.com/album/mystery
https://cosmiclaceonbrokenbones.bandcamp.com/album/mystery-sun
https://cosmiclaceonbrokenbones.bandcamp.com/album/naked-truth
https://cosmiclaceonbrokenbones.bandcamp.com/album/namelessness
https://cosmiclaceonbrokenbones.bandcamp.com/album/near-the-end
https://cosmiclaceonbrokenbones.bandcamp.com/album/negative-sun-spots
https://cosmiclaceonbrokenbones.bandcamp.com/album/new-path
https://cosmiclaceonbrokenbones.bandcamp.com/album/new-portal
https://cosmiclaceonbrokenbones.bandcamp.com/album/night-vision
https://cosmiclaceonbrokenbones.bandcamp.com/album/no-end
https://cosmiclaceonbrokenbones.bandcamp.com/album/no-lifes-breath
https://cosmiclaceonbrokenbones.bandcamp.com/album/no-refraction
https://cosmiclaceonbrokenbones.bandcamp.com/album/nocturnes-volume-13
https://cosmiclaceonbrokenbones.bandcamp.com/album/non-turmoil
https://cosmiclaceonbrokenbones.bandcamp.com/album/non-violence
https://cosmiclaceonbrokenbones.bandcamp.com/album/not-star-children
https://cosmiclaceonbrokenbones.bandcamp.com/album/not-the-same-one
https://cosmiclaceonbrokenbones.bandcamp.com/album/not-the-same-stream
https://cosmiclaceonbrokenbones.bandcamp.com/album/novices
https://cosmiclaceonbrokenbones.bandcamp.com/album/obscure-symbol
https://cosmiclaceonbrokenbones.bandcamp.com/album/occult-meditation
https://cosmiclaceonbrokenbones.bandcamp.com/album/occult-rituals
https://cosmiclaceonbrokenbones.bandcamp.com/album/odyssey-among-stars
https://cosmiclaceonbrokenbones.bandcamp.com/album/of-sky-and-the-underworld
https://cosmiclaceonbrokenbones.bandcamp.com/album/of-the-middle-ages
https://cosmiclaceonbrokenbones.bandcamp.com/album/of-the-outlands
https://cosmiclaceonbrokenbones.bandcamp.com/album/of-the-spirit
https://cosmiclaceonbrokenbones.bandcamp.com/album/old-as-time
https://cosmiclaceonbrokenbones.bandcamp.com/album/old-light
https://cosmiclaceonbrokenbones.bandcamp.com/album/old-space
https://cosmiclaceonbrokenbones.bandcamp.com/album/old-wives-tales
https://cosmiclaceonbrokenbones.bandcamp.com/album/omen-in-the-firmament
https://cosmiclaceonbrokenbones.bandcamp.com/album/on-a-black-sky
https://cosmiclaceonbrokenbones.bandcamp.com/album/on-alien-shores
https://cosmiclaceonbrokenbones.bandcamp.com/album/on-strings-of-the-puppeteers
https://cosmiclaceonbrokenbones.bandcamp.com/album/on-the-circumference-of-all
https://cosmiclaceonbrokenbones.bandcamp.com/album/on-the-cusp
https://cosmiclaceonbrokenbones.bandcamp.com/album/on-the-other-side
https://cosmiclaceonbrokenbones.bandcamp.com/album/on-the-precipice-of-haughtiness
https://cosmiclaceonbrokenbones.bandcamp.com/album/orb
https://cosmiclaceonbrokenbones.bandcamp.com/album/orbital-decay
https://cosmiclaceonbrokenbones.bandcamp.com/album/orbital-gradient
https://cosmiclaceonbrokenbones.bandcamp.com/album/orbital-motion
https://cosmiclaceonbrokenbones.bandcamp.com/album/originator
https://cosmiclaceonbrokenbones.bandcamp.com/album/our-glory
https://cosmiclaceonbrokenbones.bandcamp.com/album/our-people
https://cosmiclaceonbrokenbones.bandcamp.com/album/our-story-alien-origins
https://cosmiclaceonbrokenbones.bandcamp.com/album/our-story-ancient-myths
https://cosmiclaceonbrokenbones.bandcamp.com/album/our-story-depth-of-time
https://cosmiclaceonbrokenbones.bandcamp.com/album/our-story-human-kind
https://cosmiclaceonbrokenbones.bandcamp.com/album/our-story-incandescence-of-the-spirit
https://cosmiclaceonbrokenbones.bandcamp.com/album/our-story-our-long-odyssey
https://cosmiclaceonbrokenbones.bandcamp.com/album/our-story-slavedom
https://cosmiclaceonbrokenbones.bandcamp.com/album/our-story-the-dark-ages
https://cosmiclaceonbrokenbones.bandcamp.com/album/our-story-the-rulers
https://cosmiclaceonbrokenbones.bandcamp.com/album/our-story-the-visitors
https://cosmiclaceonbrokenbones.bandcamp.com/album/out-of-the-corner-of-my-eye
https://cosmiclaceonbrokenbones.bandcamp.com/album/out-of-the-dark-the-transmission
https://cosmiclaceonbrokenbones.bandcamp.com/album/out-of-the-night-sky
https://cosmiclaceonbrokenbones.bandcamp.com/album/out-of-there
https://cosmiclaceonbrokenbones.bandcamp.com/album/out-there
https://cosmiclaceonbrokenbones.bandcamp.com/album/outermost
https://cosmiclaceonbrokenbones.bandcamp.com/album/outward
https://cosmiclaceonbrokenbones.bandcamp.com/album/overlord
https://cosmiclaceonbrokenbones.bandcamp.com/album/pantheism
https://cosmiclaceonbrokenbones.bandcamp.com/album/passage-to-nowhere
https://cosmiclaceonbrokenbones.bandcamp.com/album/passageway
https://cosmiclaceonbrokenbones.bandcamp.com/album/passing-from-without
https://cosmiclaceonbrokenbones.bandcamp.com/album/path-of-transformation
https://cosmiclaceonbrokenbones.bandcamp.com/album/peculiar-something
https://cosmiclaceonbrokenbones.bandcamp.com/album/perfect-adaptation
https://cosmiclaceonbrokenbones.bandcamp.com/album/personality
https://cosmiclaceonbrokenbones.bandcamp.com/album/pervaded-by-illusion
https://cosmiclaceonbrokenbones.bandcamp.com/album/photic-retinopathy
https://cosmiclaceonbrokenbones.bandcamp.com/album/pilgrimage-without-return
https://cosmiclaceonbrokenbones.bandcamp.com/album/pineal
https://cosmiclaceonbrokenbones.bandcamp.com/album/pit-of-demons
https://cosmiclaceonbrokenbones.bandcamp.com/album/pitch-black-spacecraft
https://cosmiclaceonbrokenbones.bandcamp.com/album/planes-of-existence-the-visible-reality
https://cosmiclaceonbrokenbones.bandcamp.com/album/planes-of-existence-the-world-of-light-and-blessedness
https://cosmiclaceonbrokenbones.bandcamp.com/album/planes-of-existence-the-world-of-the-planetary-spheres
https://cosmiclaceonbrokenbones.bandcamp.com/album/planes-of-existence-workings-as-thought
https://cosmiclaceonbrokenbones.bandcamp.com/album/planes-of-reality
https://cosmiclaceonbrokenbones.bandcamp.com/album/portal
https://cosmiclaceonbrokenbones.bandcamp.com/album/portent
https://cosmiclaceonbrokenbones.bandcamp.com/album/post-eclipse-world
https://cosmiclaceonbrokenbones.bandcamp.com/album/posthuman-world
https://cosmiclaceonbrokenbones.bandcamp.com/album/posthumously
https://cosmiclaceonbrokenbones.bandcamp.com/album/pre-existing
https://cosmiclaceonbrokenbones.bandcamp.com/album/precipice
https://cosmiclaceonbrokenbones.bandcamp.com/album/preternatural-appearance
https://cosmiclaceonbrokenbones.bandcamp.com/album/progenitors
https://cosmiclaceonbrokenbones.bandcamp.com/album/pruriency
https://cosmiclaceonbrokenbones.bandcamp.com/album/pyramid-of-stone
https://cosmiclaceonbrokenbones.bandcamp.com/album/quantum-strings
https://cosmiclaceonbrokenbones.bandcamp.com/album/quantum-vibrations
https://cosmiclaceonbrokenbones.bandcamp.com/album/raising
https://cosmiclaceonbrokenbones.bandcamp.com/album/ramifications
https://cosmiclaceonbrokenbones.bandcamp.com/album/ray-of-power
https://cosmiclaceonbrokenbones.bandcamp.com/album/reascending
https://cosmiclaceonbrokenbones.bandcamp.com/album/red-in-tooth-and-claw
https://cosmiclaceonbrokenbones.bandcamp.com/album/refraining-from-speaking
https://cosmiclaceonbrokenbones.bandcamp.com/album/remember-the-mission
https://cosmiclaceonbrokenbones.bandcamp.com/album/remembrance
https://cosmiclaceonbrokenbones.bandcamp.com/album/remote-places
https://cosmiclaceonbrokenbones.bandcamp.com/album/reorientate
https://cosmiclaceonbrokenbones.bandcamp.com/album/resting-on-nothing
https://cosmiclaceonbrokenbones.bandcamp.com/album/retrocognition
https://cosmiclaceonbrokenbones.bandcamp.com/album/revolution-of-the-dead
https://cosmiclaceonbrokenbones.bandcamp.com/album/rhea
https://cosmiclaceonbrokenbones.bandcamp.com/album/rhythmic
https://cosmiclaceonbrokenbones.bandcamp.com/album/ripped-space
https://cosmiclaceonbrokenbones.bandcamp.com/album/roiled-heavens
https://cosmiclaceonbrokenbones.bandcamp.com/album/rota
https://cosmiclaceonbrokenbones.bandcamp.com/album/sacra
https://cosmiclaceonbrokenbones.bandcamp.com/album/sagas-of-the-seas
https://cosmiclaceonbrokenbones.bandcamp.com/album/sagas-of-the-sky-horizon-tales
https://cosmiclaceonbrokenbones.bandcamp.com/album/sagas-of-the-sky-the-sun-s-epic
https://cosmiclaceonbrokenbones.bandcamp.com/album/sage-of-the-non-thoughts
https://cosmiclaceonbrokenbones.bandcamp.com/album/sail-the-desert-of-your-nothingness
https://cosmiclaceonbrokenbones.bandcamp.com/album/samatha
https://cosmiclaceonbrokenbones.bandcamp.com/album/sands
https://cosmiclaceonbrokenbones.bandcamp.com/album/sands-upon-sands
https://cosmiclaceonbrokenbones.bandcamp.com/album/searching-for-the-light
https://cosmiclaceonbrokenbones.bandcamp.com/album/secretum
https://cosmiclaceonbrokenbones.bandcamp.com/album/seek-ilumination
https://cosmiclaceonbrokenbones.bandcamp.com/album/selenelion
https://cosmiclaceonbrokenbones.bandcamp.com/album/sequentially
https://cosmiclaceonbrokenbones.bandcamp.com/album/seraphic-space
https://cosmiclaceonbrokenbones.bandcamp.com/album/serenity-in-the-void
https://cosmiclaceonbrokenbones.bandcamp.com/album/shadows-of-the-woods
https://cosmiclaceonbrokenbones.bandcamp.com/album/shangri-la
https://cosmiclaceonbrokenbones.bandcamp.com/album/shapeless-arising-stars
https://cosmiclaceonbrokenbones.bandcamp.com/album/ship-of-the-sad
https://cosmiclaceonbrokenbones.bandcamp.com/album/shipwrecked-on-the-other-side
https://cosmiclaceonbrokenbones.bandcamp.com/album/siberian-arctic
https://cosmiclaceonbrokenbones.bandcamp.com/album/sidereal-pull
https://cosmiclaceonbrokenbones.bandcamp.com/album/signs-in-the-sky
https://cosmiclaceonbrokenbones.bandcamp.com/album/signs-in-the-sky-2
https://cosmiclaceonbrokenbones.bandcamp.com/album/signum
https://cosmiclaceonbrokenbones.bandcamp.com/album/singularity
https://cosmiclaceonbrokenbones.bandcamp.com/album/sixth-sense
https://cosmiclaceonbrokenbones.bandcamp.com/album/sky-calendar
https://cosmiclaceonbrokenbones.bandcamp.com/album/sky-cry
https://cosmiclaceonbrokenbones.bandcamp.com/album/sky-fire
https://cosmiclaceonbrokenbones.bandcamp.com/album/slash-in-the-sky
https://cosmiclaceonbrokenbones.bandcamp.com/album/slave-to-the-power
https://cosmiclaceonbrokenbones.bandcamp.com/album/soaring
https://cosmiclaceonbrokenbones.bandcamp.com/album/sol-1000000
https://cosmiclaceonbrokenbones.bandcamp.com/album/sol-black
https://cosmiclaceonbrokenbones.bandcamp.com/album/sol-black-hegira
https://cosmiclaceonbrokenbones.bandcamp.com/album/solar-blackness
https://cosmiclaceonbrokenbones.bandcamp.com/album/solar-turbulance
https://cosmiclaceonbrokenbones.bandcamp.com/album/solaris-meditation-of-one
https://cosmiclaceonbrokenbones.bandcamp.com/album/something-untamed-this-way-comes
https://cosmiclaceonbrokenbones.bandcamp.com/album/soul-desecration
https://cosmiclaceonbrokenbones.bandcamp.com/album/soul-initiation
https://cosmiclaceonbrokenbones.bandcamp.com/album/southernmost
https://cosmiclaceonbrokenbones.bandcamp.com/album/space-ark
https://cosmiclaceonbrokenbones.bandcamp.com/album/space-of-eternity
https://cosmiclaceonbrokenbones.bandcamp.com/album/space-of-milk-and-honey-arrival
https://cosmiclaceonbrokenbones.bandcamp.com/album/space-sirens
https://cosmiclaceonbrokenbones.bandcamp.com/album/space-sonar-echo
https://cosmiclaceonbrokenbones.bandcamp.com/album/space-station-moon
https://cosmiclaceonbrokenbones.bandcamp.com/album/space-tides
https://cosmiclaceonbrokenbones.bandcamp.com/album/space-without-volume
https://cosmiclaceonbrokenbones.bandcamp.com/album/spatial-inflection
https://cosmiclaceonbrokenbones.bandcamp.com/album/specter
https://cosmiclaceonbrokenbones.bandcamp.com/album/sphere-of-consciousness
https://cosmiclaceonbrokenbones.bandcamp.com/album/spiders-spawn
https://cosmiclaceonbrokenbones.bandcamp.com/album/spiderwebs-of-emptiness
https://cosmiclaceonbrokenbones.bandcamp.com/album/spiral
https://cosmiclaceonbrokenbones.bandcamp.com/album/spiral-galaxy
https://cosmiclaceonbrokenbones.bandcamp.com/album/spiraling-down
https://cosmiclaceonbrokenbones.bandcamp.com/album/spiritual-octagon
https://cosmiclaceonbrokenbones.bandcamp.com/album/star-of-bethlehem
https://cosmiclaceonbrokenbones.bandcamp.com/album/star-of-our-land
https://cosmiclaceonbrokenbones.bandcamp.com/album/starmap
https://cosmiclaceonbrokenbones.bandcamp.com/album/stars-in-disarray
https://cosmiclaceonbrokenbones.bandcamp.com/album/stars-in-motion
https://cosmiclaceonbrokenbones.bandcamp.com/album/starship-infinity
https://cosmiclaceonbrokenbones.bandcamp.com/album/state-of-motionlessness
https://cosmiclaceonbrokenbones.bandcamp.com/album/stellar
https://cosmiclaceonbrokenbones.bandcamp.com/album/stellar-abyss
https://cosmiclaceonbrokenbones.bandcamp.com/album/stellar-entanglement
https://cosmiclaceonbrokenbones.bandcamp.com/album/stellar-inferno
https://cosmiclaceonbrokenbones.bandcamp.com/album/steps
https://cosmiclaceonbrokenbones.bandcamp.com/album/stone-in-the-sky
https://cosmiclaceonbrokenbones.bandcamp.com/album/stone-stelas
https://cosmiclaceonbrokenbones.bandcamp.com/album/strange-happenings-in-the-watery-sky
https://cosmiclaceonbrokenbones.bandcamp.com/album/strange-object-in-the-sky
https://cosmiclaceonbrokenbones.bandcamp.com/album/strange-sudden-appearances-artifact
https://cosmiclaceonbrokenbones.bandcamp.com/album/strangeness
https://cosmiclaceonbrokenbones.bandcamp.com/album/subatomic-creation
https://cosmiclaceonbrokenbones.bandcamp.com/album/submerged-in-no-thing
https://cosmiclaceonbrokenbones.bandcamp.com/album/sudden-collision
https://cosmiclaceonbrokenbones.bandcamp.com/album/taking-down-the-moon
https://cosmiclaceonbrokenbones.bandcamp.com/album/tartaria
https://cosmiclaceonbrokenbones.bandcamp.com/album/temple-of-man
https://cosmiclaceonbrokenbones.bandcamp.com/album/templum-domini
https://cosmiclaceonbrokenbones.bandcamp.com/album/temporal-transit
https://cosmiclaceonbrokenbones.bandcamp.com/album/that-which-can-not-but-be-true
https://cosmiclaceonbrokenbones.bandcamp.com/album/that-which-shines
https://cosmiclaceonbrokenbones.bandcamp.com/album/the-abandoned-world
https://cosmiclaceonbrokenbones.bandcamp.com/album/the-acolyte
https://cosmiclaceonbrokenbones.bandcamp.com/album/the-age-whitout-a-last-moment
https://cosmiclaceonbrokenbones.bandcamp.com/album/the-alien-hunter
https://cosmiclaceonbrokenbones.bandcamp.com/album/the-alien-ship
https://cosmiclaceonbrokenbones.bandcamp.com/album/the-anchor-fulcrum
https://cosmiclaceonbrokenbones.bandcamp.com/album/the-ancient-ones
https://cosmiclaceonbrokenbones.bandcamp.com/album/the-angel-of-iniquity
https://cosmiclaceonbrokenbones.bandcamp.com/album/the-angry-god
https://cosmiclaceonbrokenbones.bandcamp.com/album/the-antarctic-discovery
https://cosmiclaceonbrokenbones.bandcamp.com/album/the-apprenticeship
https://cosmiclaceonbrokenbones.bandcamp.com/album/the-approach
https://cosmiclaceonbrokenbones.bandcamp.com/album/the-approaching-event
https://cosmiclaceonbrokenbones.bandcamp.com/album/the-automated-probe
https://cosmiclaceonbrokenbones.bandcamp.com/album/the-babylonian-neberu
https://cosmiclaceonbrokenbones.bandcamp.com/album/the-beast-slayer
https://cosmiclaceonbrokenbones.bandcamp.com/album/the-black-box-of-knowledge-evolution
https://cosmiclaceonbrokenbones.bandcamp.com/album/the-black-box-of-knowledge-origins
https://cosmiclaceonbrokenbones.bandcamp.com/album/the-black-box-of-knowledge-the-ultimate-problem-of-consciousness
https://cosmiclaceonbrokenbones.bandcamp.com/album/the-black-silhouette
https://cosmiclaceonbrokenbones.bandcamp.com/album/the-black-something
https://cosmiclaceonbrokenbones.bandcamp.com/album/the-bottom-of-the-trench
https://cosmiclaceonbrokenbones.bandcamp.com/album/the-bottom-of-the-universe
https://cosmiclaceonbrokenbones.bandcamp.com/album/the-boundary-marker
https://cosmiclaceonbrokenbones.bandcamp.com/album/the-bringer
https://cosmiclaceonbrokenbones.bandcamp.com/album/the-bucegi-mountains
https://cosmiclaceonbrokenbones.bandcamp.com/album/the-building-of-a-moon
https://cosmiclaceonbrokenbones.bandcamp.com/album/the-child-in-the-dreams
https://cosmiclaceonbrokenbones.bandcamp.com/album/the-chosen
https://cosmiclaceonbrokenbones.bandcamp.com/album/the-city-that-never-was-missing
https://cosmiclaceonbrokenbones.bandcamp.com/album/the-climb
https://cosmiclaceonbrokenbones.bandcamp.com/album/the-closed-portal
https://cosmiclaceonbrokenbones.bandcamp.com/album/the-code-of-ur-nammu
https://cosmiclaceonbrokenbones.bandcamp.com/album/the-cold-out-there
https://cosmiclaceonbrokenbones.bandcamp.com/album/the-cold-star
https://cosmiclaceonbrokenbones.bandcamp.com/album/the-collector-of-empty-human-shells
https://cosmiclaceonbrokenbones.bandcamp.com/album/the-coming-giant
https://cosmiclaceonbrokenbones.bandcamp.com/album/the-coming-of-the-moon
https://cosmiclaceonbrokenbones.bandcamp.com/album/the-coming-world
https://cosmiclaceonbrokenbones.bandcamp.com/album/the-cosmic-labyrinth
https://cosmiclaceonbrokenbones.bandcamp.com/album/the-creators-of-karma
https://cosmiclaceonbrokenbones.bandcamp.com/album/the-crimson-expanse-alone-out-there
https://cosmiclaceonbrokenbones.bandcamp.com/album/the-crimson-expanse-borderless
https://cosmiclaceonbrokenbones.bandcamp.com/album/the-crimson-expanse-celestial-origination
https://cosmiclaceonbrokenbones.bandcamp.com/album/the-crimson-expanse-ghost-shape
https://cosmiclaceonbrokenbones.bandcamp.com/album/the-crimson-expanse-hindrance-in-the-sky
https://cosmiclaceonbrokenbones.bandcamp.com/album/the-crimson-expanse-infinite-dense-object
https://cosmiclaceonbrokenbones.bandcamp.com/album/the-crimson-expanse-infinity-probe
https://cosmiclaceonbrokenbones.bandcamp.com/album/the-crimson-expanse-polluted-vision
https://cosmiclaceonbrokenbones.bandcamp.com/album/the-crimson-expanse-starlight
https://cosmiclaceonbrokenbones.bandcamp.com/album/the-crimson-expanse-the-entropy-of-the-light-spectrum
https://cosmiclaceonbrokenbones.bandcamp.com/album/the-crimson-expanse-the-inscrutable-machine
https://cosmiclaceonbrokenbones.bandcamp.com/album/the-crimson-expanse-the-wandering-giant
https://cosmiclaceonbrokenbones.bandcamp.com/album/the-crimson-expanse-unsealed
https://cosmiclaceonbrokenbones.bandcamp.com/album/the-crimson-expanse-void-of-matter
https://cosmiclaceonbrokenbones.bandcamp.com/album/the-cydonia-anomaly
https://cosmiclaceonbrokenbones.bandcamp.com/album/the-cyprian-centaurs
https://cosmiclaceonbrokenbones.bandcamp.com/album/the-daily-journey-across-the-sky
https://cosmiclaceonbrokenbones.bandcamp.com/album/the-dark-pit-of-distance
https://cosmiclaceonbrokenbones.bandcamp.com/album/the-dark-satellite
https://cosmiclaceonbrokenbones.bandcamp.com/album/the-dark-side-of-the-sun
https://cosmiclaceonbrokenbones.bandcamp.com/album/the-dark-space-signal
https://cosmiclaceonbrokenbones.bandcamp.com/album/the-day-of-the-last-judgment
https://cosmiclaceonbrokenbones.bandcamp.com/album/the-day-of-the-sacrifice
https://cosmiclaceonbrokenbones.bandcamp.com/album/the-deep-of-reality
https://cosmiclaceonbrokenbones.bandcamp.com/album/the-deep-sleep
https://cosmiclaceonbrokenbones.bandcamp.com/album/the-demonic-face-of-humanity
https://cosmiclaceonbrokenbones.bandcamp.com/album/the-demons-door
https://cosmiclaceonbrokenbones.bandcamp.com/album/the-desert-of-deep-time
https://cosmiclaceonbrokenbones.bandcamp.com/album/the-downward-path
https://cosmiclaceonbrokenbones.bandcamp.com/album/the-dream
https://cosmiclaceonbrokenbones.bandcamp.com/album/the-dream-of-a-buddha
https://cosmiclaceonbrokenbones.bandcamp.com/album/the-dreaming-ship
https://cosmiclaceonbrokenbones.bandcamp.com/album/the-edge-of-outer-space
https://cosmiclaceonbrokenbones.bandcamp.com/album/the-egyptian-stargate
https://cosmiclaceonbrokenbones.bandcamp.com/album/the-empty-throne
https://cosmiclaceonbrokenbones.bandcamp.com/album/the-encounter
https://cosmiclaceonbrokenbones.bandcamp.com/album/the-end-of-the-light-is-coming
https://cosmiclaceonbrokenbones.bandcamp.com/album/the-end-of-the-signal
https://cosmiclaceonbrokenbones.bandcamp.com/album/the-end-of-the-universe
https://cosmiclaceonbrokenbones.bandcamp.com/album/the-epic-of-the-heavens
https://cosmiclaceonbrokenbones.bandcamp.com/album/the-erased-message-of-the-ghost
https://cosmiclaceonbrokenbones.bandcamp.com/album/the-eternal-aether
https://cosmiclaceonbrokenbones.bandcamp.com/album/the-eternal-non-self
https://cosmiclaceonbrokenbones.bandcamp.com/album/the-eternal-orbit
https://cosmiclaceonbrokenbones.bandcamp.com/album/the-eternal-search
https://cosmiclaceonbrokenbones.bandcamp.com/album/the-eye
https://cosmiclaceonbrokenbones.bandcamp.com/album/the-faction
https://cosmiclaceonbrokenbones.bandcamp.com/album/the-fading-of-the-sun
https://cosmiclaceonbrokenbones.bandcamp.com/album/the-fall
https://cosmiclaceonbrokenbones.bandcamp.com/album/the-farthermost-unknown
https://cosmiclaceonbrokenbones.bandcamp.com/album/the-farthest-arm-of-the-galaxy
https://cosmiclaceonbrokenbones.bandcamp.com/album/the-farthest-sun
https://cosmiclaceonbrokenbones.bandcamp.com/album/the-female-dragon
https://cosmiclaceonbrokenbones.bandcamp.com/album/the-field-of-desolation
https://cosmiclaceonbrokenbones.bandcamp.com/album/the-final-crossing
https://cosmiclaceonbrokenbones.bandcamp.com/album/the-final-epoch
https://cosmiclaceonbrokenbones.bandcamp.com/album/the-firmament
https://cosmiclaceonbrokenbones.bandcamp.com/album/the-first-atom
https://cosmiclaceonbrokenbones.bandcamp.com/album/the-first-day-of-creation
https://cosmiclaceonbrokenbones.bandcamp.com/album/the-first-image
https://cosmiclaceonbrokenbones.bandcamp.com/album/the-fleet-commander
https://cosmiclaceonbrokenbones.bandcamp.com/album/the-fog-people
https://cosmiclaceonbrokenbones.bandcamp.com/album/the-forbidden-approach
https://cosmiclaceonbrokenbones.bandcamp.com/album/the-forbidden-coordinates
https://cosmiclaceonbrokenbones.bandcamp.com/album/the-foretold-transit
https://cosmiclaceonbrokenbones.bandcamp.com/album/the-fork-in-the-road-pride-first
https://cosmiclaceonbrokenbones.bandcamp.com/album/the-fortress-of-babylon
https://cosmiclaceonbrokenbones.bandcamp.com/album/the-girl
https://cosmiclaceonbrokenbones.bandcamp.com/album/the-glory-of-all-creation
https://cosmiclaceonbrokenbones.bandcamp.com/album/the-gods-transcended
https://cosmiclaceonbrokenbones.bandcamp.com/album/the-golden-path
https://cosmiclaceonbrokenbones.bandcamp.com/album/the-good-by
https://cosmiclaceonbrokenbones.bandcamp.com/album/the-grand-illusion
https://cosmiclaceonbrokenbones.bandcamp.com/album/the-great-hall-of-initiation
https://cosmiclaceonbrokenbones.bandcamp.com/album/the-great-storm
https://cosmiclaceonbrokenbones.bandcamp.com/album/the-hall-of-creation
https://cosmiclaceonbrokenbones.bandcamp.com/album/the-harlot-priestess
https://cosmiclaceonbrokenbones.bandcamp.com/album/the-heart-of-the-matter
https://cosmiclaceonbrokenbones.bandcamp.com/album/the-heiress
https://cosmiclaceonbrokenbones.bandcamp.com/album/the-hidden-object
https://cosmiclaceonbrokenbones.bandcamp.com/album/the-hidden-orb-the-impact-of-the-light
https://cosmiclaceonbrokenbones.bandcamp.com/album/the-hidden-orb-trilogy-implosion-of-the-laws
https://cosmiclaceonbrokenbones.bandcamp.com/album/the-hidden-orb-trilogy-trust-in-the-real
https://cosmiclaceonbrokenbones.bandcamp.com/album/the-hollowness-of-the-distance
https://cosmiclaceonbrokenbones.bandcamp.com/album/the-holy-order-of-the-occult-sisterhood-postulancy
https://cosmiclaceonbrokenbones.bandcamp.com/album/the-holy-order-of-the-occult-sisterhood-sister-barxacax
https://cosmiclaceonbrokenbones.bandcamp.com/album/the-holy-order-of-the-occult-sisterhood-the-military-arm
https://cosmiclaceonbrokenbones.bandcamp.com/album/the-horror
https://cosmiclaceonbrokenbones.bandcamp.com/album/the-horse-deception
https://cosmiclaceonbrokenbones.bandcamp.com/album/the-hub
https://cosmiclaceonbrokenbones.bandcamp.com/album/the-human-polygraph
https://cosmiclaceonbrokenbones.bandcamp.com/album/the-hunters-of-the-unicorn
https://cosmiclaceonbrokenbones.bandcamp.com/album/the-imminentness-of-lonliness
https://cosmiclaceonbrokenbones.bandcamp.com/album/the-imperfect-knowledge-of-man
https://cosmiclaceonbrokenbones.bandcamp.com/album/the-incredible-find
https://cosmiclaceonbrokenbones.bandcamp.com/album/the-indestructible-gate
https://cosmiclaceonbrokenbones.bandcamp.com/album/the-infinity-above-our-heads
https://cosmiclaceonbrokenbones.bandcamp.com/album/the-initiation-complex
https://cosmiclaceonbrokenbones.bandcamp.com/album/the-inner-workings-of-the-universe
https://cosmiclaceonbrokenbones.bandcamp.com/album/the-labyrinth-of-doubt
https://cosmiclaceonbrokenbones.bandcamp.com/album/the-labyrinth-of-our-lives
https://cosmiclaceonbrokenbones.bandcamp.com/album/the-last-alignment
https://cosmiclaceonbrokenbones.bandcamp.com/album/the-last-conjuration
https://cosmiclaceonbrokenbones.bandcamp.com/album/the-last-hour
https://cosmiclaceonbrokenbones.bandcamp.com/album/the-last-plague
https://cosmiclaceonbrokenbones.bandcamp.com/album/the-last-stage-of-meditation
https://cosmiclaceonbrokenbones.bandcamp.com/album/the-last-thing-you-will-see
https://cosmiclaceonbrokenbones.bandcamp.com/album/the-last-tower
https://cosmiclaceonbrokenbones.bandcamp.com/album/the-last-transmission
https://cosmiclaceonbrokenbones.bandcamp.com/album/the-levitation-masters
https://cosmiclaceonbrokenbones.bandcamp.com/album/the-light-of-us-all
https://cosmiclaceonbrokenbones.bandcamp.com/album/the-linchpin-of-history
https://cosmiclaceonbrokenbones.bandcamp.com/album/the-long-line-of-the-holy-ones-st-abigail
https://cosmiclaceonbrokenbones.bandcamp.com/album/the-lost-empire
https://cosmiclaceonbrokenbones.bandcamp.com/album/the-lost-goodbye
https://cosmiclaceonbrokenbones.bandcamp.com/album/the-lost-pictures
https://cosmiclaceonbrokenbones.bandcamp.com/album/the-maidens-of-vesta
https://cosmiclaceonbrokenbones.bandcamp.com/album/the-mandala-within
https://cosmiclaceonbrokenbones.bandcamp.com/album/the-measurements-of-the-abyss-the-eighteenth-measure
https://cosmiclaceonbrokenbones.bandcamp.com/album/the-measurements-of-the-abyss-the-eighth-measure
https://cosmiclaceonbrokenbones.bandcamp.com/album/the-measurements-of-the-abyss-the-eleventh-measure
https://cosmiclaceonbrokenbones.bandcamp.com/album/the-measurements-of-the-abyss-the-fifteenth-measure
https://cosmiclaceonbrokenbones.bandcamp.com/album/the-measurements-of-the-abyss-the-fifth-measure
https://cosmiclaceonbrokenbones.bandcamp.com/album/the-measurements-of-the-abyss-the-first-measure
https://cosmiclaceonbrokenbones.bandcamp.com/album/the-measurements-of-the-abyss-the-fourteen-measure
https://cosmiclaceonbrokenbones.bandcamp.com/album/the-measurements-of-the-abyss-the-fourth-measure
https://cosmiclaceonbrokenbones.bandcamp.com/album/the-measurements-of-the-abyss-the-nineteenth-measure
https://cosmiclaceonbrokenbones.bandcamp.com/album/the-measurements-of-the-abyss-the-ninth-measure
https://cosmiclaceonbrokenbones.bandcamp.com/album/the-measurements-of-the-abyss-the-second-measure
https://cosmiclaceonbrokenbones.bandcamp.com/album/the-measurements-of-the-abyss-the-seventeenth-measure
https://cosmiclaceonbrokenbones.bandcamp.com/album/the-measurements-of-the-abyss-the-seventh-measure
https://cosmiclaceonbrokenbones.bandcamp.com/album/the-measurements-of-the-abyss-the-sixteenth-measure
https://cosmiclaceonbrokenbones.bandcamp.com/album/the-measurements-of-the-abyss-the-sixth-measure
https://cosmiclaceonbrokenbones.bandcamp.com/album/the-measurements-of-the-abyss-the-tenth-measure
https://cosmiclaceonbrokenbones.bandcamp.com/album/the-measurements-of-the-abyss-the-third-measure
https://cosmiclaceonbrokenbones.bandcamp.com/album/the-measurements-of-the-abyss-the-thirteen-measure
https://cosmiclaceonbrokenbones.bandcamp.com/album/the-measurements-of-the-abyss-the-twelfth-measure
https://cosmiclaceonbrokenbones.bandcamp.com/album/the-measurements-of-the-abyss-the-twentieth-measure
https://cosmiclaceonbrokenbones.bandcamp.com/album/the-message-is-alpha
https://cosmiclaceonbrokenbones.bandcamp.com/album/the-metal-universe
https://cosmiclaceonbrokenbones.bandcamp.com/album/the-mind-river
https://cosmiclaceonbrokenbones.bandcamp.com/album/the-molten-sun
https://cosmiclaceonbrokenbones.bandcamp.com/album/the-moon-mystery
https://cosmiclaceonbrokenbones.bandcamp.com/album/the-mortal-blow
https://cosmiclaceonbrokenbones.bandcamp.com/album/the-multitude-of-your-iniquities
https://cosmiclaceonbrokenbones.bandcamp.com/album/the-mystery-of-the-floating-stone
https://cosmiclaceonbrokenbones.bandcamp.com/album/the-naked-souls-at-the-last-gates
https://cosmiclaceonbrokenbones.bandcamp.com/album/the-navigator
https://cosmiclaceonbrokenbones.bandcamp.com/album/the-nazca-riddle
https://cosmiclaceonbrokenbones.bandcamp.com/album/the-negative-of-the-positive
https://cosmiclaceonbrokenbones.bandcamp.com/album/the-new-developing-reality
https://cosmiclaceonbrokenbones.bandcamp.com/album/the-non-force
https://cosmiclaceonbrokenbones.bandcamp.com/album/the-null-horizon
https://cosmiclaceonbrokenbones.bandcamp.com/album/the-odyssey
https://cosmiclaceonbrokenbones.bandcamp.com/album/the-old-world
https://cosmiclaceonbrokenbones.bandcamp.com/album/the-one-body-problem
https://cosmiclaceonbrokenbones.bandcamp.com/album/the-one-thousandth-dimension
https://cosmiclaceonbrokenbones.bandcamp.com/album/the-other-antarctica
https://cosmiclaceonbrokenbones.bandcamp.com/album/the-other-kingdom
https://cosmiclaceonbrokenbones.bandcamp.com/album/the-other-peak
https://cosmiclaceonbrokenbones.bandcamp.com/album/the-other-savior
https://cosmiclaceonbrokenbones.bandcamp.com/album/the-owl-connection
https://cosmiclaceonbrokenbones.bandcamp.com/album/the-owl-experience
https://cosmiclaceonbrokenbones.bandcamp.com/album/the-passageway-in-the-sky
https://cosmiclaceonbrokenbones.bandcamp.com/album/the-pilgrim
https://cosmiclaceonbrokenbones.bandcamp.com/album/the-pillars-of-the-world
https://cosmiclaceonbrokenbones.bandcamp.com/album/the-pitch-black-object
https://cosmiclaceonbrokenbones.bandcamp.com/album/the-pitch-black-object-emitting
https://cosmiclaceonbrokenbones.bandcamp.com/album/the-place-of-no-consequence
https://cosmiclaceonbrokenbones.bandcamp.com/album/the-power-to-foreknow
https://cosmiclaceonbrokenbones.bandcamp.com/album/the-practice-of-magic
https://cosmiclaceonbrokenbones.bandcamp.com/album/the-prioress
https://cosmiclaceonbrokenbones.bandcamp.com/album/the-prison
https://cosmiclaceonbrokenbones.bandcamp.com/album/the-prisoners-delusion
https://cosmiclaceonbrokenbones.bandcamp.com/album/the-pull-of-eternity
https://cosmiclaceonbrokenbones.bandcamp.com/album/the-pull-of-life-2
https://cosmiclaceonbrokenbones.bandcamp.com/album/the-pulse-of-infinity
https://cosmiclaceonbrokenbones.bandcamp.com/album/the-pure-ones
https://cosmiclaceonbrokenbones.bandcamp.com/album/the-queen
https://cosmiclaceonbrokenbones.bandcamp.com/album/the-quest
https://cosmiclaceonbrokenbones.bandcamp.com/album/the-red-becoming
https://cosmiclaceonbrokenbones.bandcamp.com/album/the-red-star-expedition-dire-warning
https://cosmiclaceonbrokenbones.bandcamp.com/album/the-research-ship-event-eight
https://cosmiclaceonbrokenbones.bandcamp.com/album/the-research-ship-event-eighteen
https://cosmiclaceonbrokenbones.bandcamp.com/album/the-research-ship-event-eleven
https://cosmiclaceonbrokenbones.bandcamp.com/album/the-research-ship-event-fifteen
https://cosmiclaceonbrokenbones.bandcamp.com/album/the-research-ship-event-five
https://cosmiclaceonbrokenbones.bandcamp.com/album/the-research-ship-event-four
https://cosmiclaceonbrokenbones.bandcamp.com/album/the-research-ship-event-fourteen
https://cosmiclaceonbrokenbones.bandcamp.com/album/the-research-ship-event-nine
https://cosmiclaceonbrokenbones.bandcamp.com/album/the-research-ship-event-nineteen
https://cosmiclaceonbrokenbones.bandcamp.com/album/the-research-ship-event-one
https://cosmiclaceonbrokenbones.bandcamp.com/album/the-research-ship-event-seven
https://cosmiclaceonbrokenbones.bandcamp.com/album/the-research-ship-event-seventeen
https://cosmiclaceonbrokenbones.bandcamp.com/album/the-research-ship-event-six
https://cosmiclaceonbrokenbones.bandcamp.com/album/the-research-ship-event-sixteen
https://cosmiclaceonbrokenbones.bandcamp.com/album/the-research-ship-event-ten
https://cosmiclaceonbrokenbones.bandcamp.com/album/the-research-ship-event-thirteen
https://cosmiclaceonbrokenbones.bandcamp.com/album/the-research-ship-event-three
https://cosmiclaceonbrokenbones.bandcamp.com/album/the-research-ship-event-twelve
https://cosmiclaceonbrokenbones.bandcamp.com/album/the-research-ship-event-twenty
https://cosmiclaceonbrokenbones.bandcamp.com/album/the-research-ship-event-two
https://cosmiclaceonbrokenbones.bandcamp.com/album/the-return-of-ra
https://cosmiclaceonbrokenbones.bandcamp.com/album/the-revolution-of-a-circle
https://cosmiclaceonbrokenbones.bandcamp.com/album/the-sacred-number
https://cosmiclaceonbrokenbones.bandcamp.com/album/the-sacrificial-place
https://cosmiclaceonbrokenbones.bandcamp.com/album/the-saviour
https://cosmiclaceonbrokenbones.bandcamp.com/album/the-scientific-journey
https://cosmiclaceonbrokenbones.bandcamp.com/album/the-scintillation-of-illumination
https://cosmiclaceonbrokenbones.bandcamp.com/album/the-search-for-the-element
https://cosmiclaceonbrokenbones.bandcamp.com/album/the-second-fall
https://cosmiclaceonbrokenbones.bandcamp.com/album/the-sentinel
https://cosmiclaceonbrokenbones.bandcamp.com/album/the-serpent-and-his-kingdom
https://cosmiclaceonbrokenbones.bandcamp.com/album/the-serpent-in-the-sky
https://cosmiclaceonbrokenbones.bandcamp.com/album/the-shedding-of-the-scales
https://cosmiclaceonbrokenbones.bandcamp.com/album/the-simulation
https://cosmiclaceonbrokenbones.bandcamp.com/album/the-sisterhood-of-the-four-moons
https://cosmiclaceonbrokenbones.bandcamp.com/album/the-sisterhood-of-the-great-wall-knowledge
https://cosmiclaceonbrokenbones.bandcamp.com/album/the-sisterhood-of-the-great-wall-the-elder-sister
https://cosmiclaceonbrokenbones.bandcamp.com/album/the-snake-destroyer
https://cosmiclaceonbrokenbones.bandcamp.com/album/the-solar-incident
https://cosmiclaceonbrokenbones.bandcamp.com/album/the-songs-of-gravity
https://cosmiclaceonbrokenbones.bandcamp.com/album/the-sound-out-of-the-darkness
https://cosmiclaceonbrokenbones.bandcamp.com/album/the-space-egg
https://cosmiclaceonbrokenbones.bandcamp.com/album/the-space-nightmare
https://cosmiclaceonbrokenbones.bandcamp.com/album/the-spark-giver
https://cosmiclaceonbrokenbones.bandcamp.com/album/the-stained-heaven
https://cosmiclaceonbrokenbones.bandcamp.com/album/the-star-fraternity
https://cosmiclaceonbrokenbones.bandcamp.com/album/the-star-shadows
https://cosmiclaceonbrokenbones.bandcamp.com/album/the-still-earth
https://cosmiclaceonbrokenbones.bandcamp.com/album/the-stolen-sun
https://cosmiclaceonbrokenbones.bandcamp.com/album/the-stone-gates
https://cosmiclaceonbrokenbones.bandcamp.com/album/the-story-of-all-stars
https://cosmiclaceonbrokenbones.bandcamp.com/album/the-strangest-question-who-am-i
https://cosmiclaceonbrokenbones.bandcamp.com/album/the-summon
https://cosmiclaceonbrokenbones.bandcamp.com/album/the-summoning
https://cosmiclaceonbrokenbones.bandcamp.com/album/the-sun-age
https://cosmiclaceonbrokenbones.bandcamp.com/album/the-sun-cult
https://cosmiclaceonbrokenbones.bandcamp.com/album/the-sunspot
https://cosmiclaceonbrokenbones.bandcamp.com/album/the-superior-force
https://cosmiclaceonbrokenbones.bandcamp.com/album/the-symbol-of-the-truth
https://cosmiclaceonbrokenbones.bandcamp.com/album/the-taker-of-all
https://cosmiclaceonbrokenbones.bandcamp.com/album/the-taker-of-souls-obizuth
https://cosmiclaceonbrokenbones.bandcamp.com/album/the-taker-of-worlds
https://cosmiclaceonbrokenbones.bandcamp.com/album/the-teacher-is-always-you
https://cosmiclaceonbrokenbones.bandcamp.com/album/the-teeth-of-decay
https://cosmiclaceonbrokenbones.bandcamp.com/album/the-terraforming-installation-inauguration
https://cosmiclaceonbrokenbones.bandcamp.com/album/the-thought-cage
https://cosmiclaceonbrokenbones.bandcamp.com/album/the-threshold-of-experience
https://cosmiclaceonbrokenbones.bandcamp.com/album/the-throne-of-the-world
https://cosmiclaceonbrokenbones.bandcamp.com/album/the-time-its-gone
https://cosmiclaceonbrokenbones.bandcamp.com/album/the-time-traveler
https://cosmiclaceonbrokenbones.bandcamp.com/album/the-transparent-moon
https://cosmiclaceonbrokenbones.bandcamp.com/album/the-tribute-gate
https://cosmiclaceonbrokenbones.bandcamp.com/album/the-true-nature-of-angels
https://cosmiclaceonbrokenbones.bandcamp.com/album/the-trying-stone
https://cosmiclaceonbrokenbones.bandcamp.com/album/the-twin-planet
https://cosmiclaceonbrokenbones.bandcamp.com/album/the-ultimate-delusion
https://cosmiclaceonbrokenbones.bandcamp.com/album/the-unafraid-explorer
https://cosmiclaceonbrokenbones.bandcamp.com/album/the-uncovering
https://cosmiclaceonbrokenbones.bandcamp.com/album/the-unknown-space
https://cosmiclaceonbrokenbones.bandcamp.com/album/the-vacuum-of-the-sphere
https://cosmiclaceonbrokenbones.bandcamp.com/album/the-veil-is-drawn-aside
https://cosmiclaceonbrokenbones.bandcamp.com/album/the-velocity-curve
https://cosmiclaceonbrokenbones.bandcamp.com/album/the-visible-horizon
https://cosmiclaceonbrokenbones.bandcamp.com/album/the-visited-valley
https://cosmiclaceonbrokenbones.bandcamp.com/album/the-visitors-from-far-away
https://cosmiclaceonbrokenbones.bandcamp.com/album/the-vital-force
https://cosmiclaceonbrokenbones.bandcamp.com/album/the-voiceless
https://cosmiclaceonbrokenbones.bandcamp.com/album/the-void-within
https://cosmiclaceonbrokenbones.bandcamp.com/album/the-wailing
https://cosmiclaceonbrokenbones.bandcamp.com/album/the-walker-on-the-path
https://cosmiclaceonbrokenbones.bandcamp.com/album/the-wallace-line
https://cosmiclaceonbrokenbones.bandcamp.com/album/the-watcher
https://cosmiclaceonbrokenbones.bandcamp.com/album/the-waves-rise
https://cosmiclaceonbrokenbones.bandcamp.com/album/the-whisperer-from-within
https://cosmiclaceonbrokenbones.bandcamp.com/album/the-why
https://cosmiclaceonbrokenbones.bandcamp.com/album/the-wooden-seal
https://cosmiclaceonbrokenbones.bandcamp.com/album/the-x-tangent
https://cosmiclaceonbrokenbones.bandcamp.com/album/the-x-th-dimension
https://cosmiclaceonbrokenbones.bandcamp.com/album/they-were-here
https://cosmiclaceonbrokenbones.bandcamp.com/album/thought-reading
https://cosmiclaceonbrokenbones.bandcamp.com/album/time-lapse
https://cosmiclaceonbrokenbones.bandcamp.com/album/timeless
https://cosmiclaceonbrokenbones.bandcamp.com/album/to-the-stars
https://cosmiclaceonbrokenbones.bandcamp.com/album/tomb-station
https://cosmiclaceonbrokenbones.bandcamp.com/album/toward-within
https://cosmiclaceonbrokenbones.bandcamp.com/album/trajectory-without-explanation
https://cosmiclaceonbrokenbones.bandcamp.com/album/transference
https://cosmiclaceonbrokenbones.bandcamp.com/album/transference-2
https://cosmiclaceonbrokenbones.bandcamp.com/album/transient-signals
https://cosmiclaceonbrokenbones.bandcamp.com/album/trapped-forever-in-hell
https://cosmiclaceonbrokenbones.bandcamp.com/album/traveling-on-the-river-of-light
https://cosmiclaceonbrokenbones.bandcamp.com/album/trek-of-the-last-ones
https://cosmiclaceonbrokenbones.bandcamp.com/album/tribute
https://cosmiclaceonbrokenbones.bandcamp.com/album/trinity
https://cosmiclaceonbrokenbones.bandcamp.com/album/triune-reality
https://cosmiclaceonbrokenbones.bandcamp.com/album/troubadour
https://cosmiclaceonbrokenbones.bandcamp.com/album/true-genesis-this-side-of-the-mirror
https://cosmiclaceonbrokenbones.bandcamp.com/album/tunturi
https://cosmiclaceonbrokenbones.bandcamp.com/album/twin-reflection
https://cosmiclaceonbrokenbones.bandcamp.com/album/two-suns
https://cosmiclaceonbrokenbones.bandcamp.com/album/twofold-reality
https://cosmiclaceonbrokenbones.bandcamp.com/album/unbroken-past
https://cosmiclaceonbrokenbones.bandcamp.com/album/under-the-fog
https://cosmiclaceonbrokenbones.bandcamp.com/album/under-the-influence
https://cosmiclaceonbrokenbones.bandcamp.com/album/underwater
https://cosmiclaceonbrokenbones.bandcamp.com/album/underworld-lake
https://cosmiclaceonbrokenbones.bandcamp.com/album/unexplainable
https://cosmiclaceonbrokenbones.bandcamp.com/album/unfocused
https://cosmiclaceonbrokenbones.bandcamp.com/album/unforgotten-ambitions
https://cosmiclaceonbrokenbones.bandcamp.com/album/unhallowed
https://cosmiclaceonbrokenbones.bandcamp.com/album/universal-teachings
https://cosmiclaceonbrokenbones.bandcamp.com/album/unknown-force
https://cosmiclaceonbrokenbones.bandcamp.com/album/unknown-origin
https://cosmiclaceonbrokenbones.bandcamp.com/album/unnatural-light
https://cosmiclaceonbrokenbones.bandcamp.com/album/unoccupied-space
https://cosmiclaceonbrokenbones.bandcamp.com/album/unseen-scintillation
https://cosmiclaceonbrokenbones.bandcamp.com/album/unthinkable
https://cosmiclaceonbrokenbones.bandcamp.com/album/upekkha
https://cosmiclaceonbrokenbones.bandcamp.com/album/uranian-moons-ariel
https://cosmiclaceonbrokenbones.bandcamp.com/album/uranian-moons-cordelia
https://cosmiclaceonbrokenbones.bandcamp.com/album/uranian-moons-miranda-the-small
https://cosmiclaceonbrokenbones.bandcamp.com/album/vacuity
https://cosmiclaceonbrokenbones.bandcamp.com/album/vaticinator
https://cosmiclaceonbrokenbones.bandcamp.com/album/vessel-2
https://cosmiclaceonbrokenbones.bandcamp.com/album/vestige
https://cosmiclaceonbrokenbones.bandcamp.com/album/vibrating-sun
https://cosmiclaceonbrokenbones.bandcamp.com/album/vibrations
https://cosmiclaceonbrokenbones.bandcamp.com/album/vimanas-the-flying-cities
https://cosmiclaceonbrokenbones.bandcamp.com/album/vision
https://cosmiclaceonbrokenbones.bandcamp.com/album/vision-without-understanding
https://cosmiclaceonbrokenbones.bandcamp.com/album/visionary
https://cosmiclaceonbrokenbones.bandcamp.com/album/visitation
https://cosmiclaceonbrokenbones.bandcamp.com/album/visitor
https://cosmiclaceonbrokenbones.bandcamp.com/album/waking-nightmare
https://cosmiclaceonbrokenbones.bandcamp.com/album/wall-of-nothingness
https://cosmiclaceonbrokenbones.bandcamp.com/album/wall-of-stars
https://cosmiclaceonbrokenbones.bandcamp.com/album/wall-of-void
https://cosmiclaceonbrokenbones.bandcamp.com/album/war-in-heaven-the-path
https://cosmiclaceonbrokenbones.bandcamp.com/album/water-birth
https://cosmiclaceonbrokenbones.bandcamp.com/album/water-of-life
https://cosmiclaceonbrokenbones.bandcamp.com/album/wave-particle-duality
https://cosmiclaceonbrokenbones.bandcamp.com/album/waves-of-light
https://cosmiclaceonbrokenbones.bandcamp.com/album/we-are-god-s-handiwork
https://cosmiclaceonbrokenbones.bandcamp.com/album/we-are-unique
https://cosmiclaceonbrokenbones.bandcamp.com/album/weightlessness
https://cosmiclaceonbrokenbones.bandcamp.com/album/where-are-the-stars
https://cosmiclaceonbrokenbones.bandcamp.com/album/where-is-everybody
https://cosmiclaceonbrokenbones.bandcamp.com/album/white-noise-under-a-black-sphere
https://cosmiclaceonbrokenbones.bandcamp.com/album/within-the-all
https://cosmiclaceonbrokenbones.bandcamp.com/album/worlds-apart
https://cosmiclaceonbrokenbones.bandcamp.com/album/worship
https://cosmiclaceonbrokenbones.bandcamp.com/album/wrecked-explorer
https://cosmiclaceonbrokenbones.bandcamp.com/album/yoga-sutra-book-one
https://cosmiclaceonbrokenbones.bandcamp.com/album/yoga-sutra-book-one-2
https://cosmiclaceonbrokenbones.bandcamp.com/album/you-dont-know-the-truth
https://cosmiclaceonbrokenbones.bandcamp.com/album/young-moon
https://cosmiclaceonbrokenbones.bandcamp.com/track/gravitys-spiral
https://cosmiclaceonbrokenbones.bandcamp.com/track/introversion
