https://bardotodolmonofonia.bandcamp.com/album/a-magnetic-road-to-hell
https://bardotodolmonofonia.bandcamp.com/album/adzer
https://bardotodolmonofonia.bandcamp.com/album/agrupaci-n-transandina-aves-sin-nido
https://bardotodolmonofonia.bandcamp.com/album/ambiente-w-rks-2012-2021
https://bardotodolmonofonia.bandcamp.com/album/aqu-se-veneraba-un-drag-n-orage-des-roses
https://bardotodolmonofonia.bandcamp.com/album/aves-argentum-y-dos-especies-de-ranas
https://bardotodolmonofonia.bandcamp.com/album/bday-lampazo-trompeta
https://bardotodolmonofonia.bandcamp.com/album/canciones-para-la-luna
https://bardotodolmonofonia.bandcamp.com/album/el-dios-immaterial-de-los-p-jaros
https://bardotodolmonofonia.bandcamp.com/album/el-origen-de-la-niebla
https://bardotodolmonofonia.bandcamp.com/album/el-origen-del-pensamiento-m-gico
https://bardotodolmonofonia.bandcamp.com/album/el-viol-n-dorado-el-viol-n-rabe
https://bardotodolmonofonia.bandcamp.com/album/electronic-neorruralism-music-in-viarava-charava
https://bardotodolmonofonia.bandcamp.com/album/elegir-el-amor-por-sobre-la-felicidad
https://bardotodolmonofonia.bandcamp.com/album/i-was-born-blind-traditional-dances-of-euphoria
https://bardotodolmonofonia.bandcamp.com/album/icaros-de-vida-muerte-y-resurreci-n
https://bardotodolmonofonia.bandcamp.com/album/il-flauto-delleremita
https://bardotodolmonofonia.bandcamp.com/album/international-dictaphone-relations
https://bardotodolmonofonia.bandcamp.com/album/invasiones
https://bardotodolmonofonia.bandcamp.com/album/king-of-the-tierra-lord-of-the-giles-and-master-serene-serigne
https://bardotodolmonofonia.bandcamp.com/album/la-cinta-negra
https://bardotodolmonofonia.bandcamp.com/album/la-miel-de-los-cr-teres
https://bardotodolmonofonia.bandcamp.com/album/la-siembra-eterna
https://bardotodolmonofonia.bandcamp.com/album/lamentos-de-p-jaro-viejo
https://bardotodolmonofonia.bandcamp.com/album/land-of-rituals
https://bardotodolmonofonia.bandcamp.com/album/le-trompeta-morse-walrus-concreta
https://bardotodolmonofonia.bandcamp.com/album/lento-fantasma-cacarena-sol-ceo-adagio-acueducto-en-ciudad-adagio
https://bardotodolmonofonia.bandcamp.com/album/mi-suenos-son-ballenas-con-puntos-rojos-en-la-frente
https://bardotodolmonofonia.bandcamp.com/album/mis-sue-os-son-chorizos-de-carne-de-delf-n
https://bardotodolmonofonia.bandcamp.com/album/music-4-strings-sintetizador-agua-una-flauta-y-electr-nika-vol-1
https://bardotodolmonofonia.bandcamp.com/album/noches-mumedas-preparandose-para-la-simbra-eterna
https://bardotodolmonofonia.bandcamp.com/album/nocturna-gamelan-mu-sica-for-bells-electro-nika-suen-o
https://bardotodolmonofonia.bandcamp.com/album/que-bonita-sale-la-luna
https://bardotodolmonofonia.bandcamp.com/album/respiran
https://bardotodolmonofonia.bandcamp.com/album/s-lo-una-pobre-canci-n-da-vueltas-por-mi-guitarra
https://bardotodolmonofonia.bandcamp.com/album/sonop-dia
https://bardotodolmonofonia.bandcamp.com/album/tape-morditorium
https://bardotodolmonofonia.bandcamp.com/album/tape-music-for-electric-guitar-and-hurdy-gurdy
https://bardotodolmonofonia.bandcamp.com/album/the-bombastic-and-repetitive-sound-of-tashi-ling-buddhas-in-pokhara-nepal
https://bardotodolmonofonia.bandcamp.com/album/the-elektronical-path
https://bardotodolmonofonia.bandcamp.com/album/the-nanjing-audio-diaries
https://bardotodolmonofonia.bandcamp.com/album/trompetas-eran-las-de-antes
https://bardotodolmonofonia.bandcamp.com/album/tu-cara-estirada-por-el-extasis
https://bardotodolmonofonia.bandcamp.com/album/un-barrio-demasiado-grande
https://bardotodolmonofonia.bandcamp.com/album/un-super-groupe-nomm-sapito
https://bardotodolmonofonia.bandcamp.com/album/una-voz-ronca
https://bardotodolmonofonia.bandcamp.com/album/valle-de-galgos-el-domo-spitzerwelt
