https://laudanumforwhatailsyou.bandcamp.com/album/a-creeping-sense-of-unease
https://laudanumforwhatailsyou.bandcamp.com/album/a-frozen-wasteland
https://laudanumforwhatailsyou.bandcamp.com/album/a-ghost-with-no-home
https://laudanumforwhatailsyou.bandcamp.com/album/a-glimmer-of-hope-burns-somewhere-in-the-universe
https://laudanumforwhatailsyou.bandcamp.com/album/a-hidden-sadness
https://laudanumforwhatailsyou.bandcamp.com/album/a-hundred-billion-suns-i
https://laudanumforwhatailsyou.bandcamp.com/album/a-hundred-billion-suns-ii
https://laudanumforwhatailsyou.bandcamp.com/album/a-hundred-billion-suns-iii
https://laudanumforwhatailsyou.bandcamp.com/album/a-quiet-stroll-along-the-lakeshore
https://laudanumforwhatailsyou.bandcamp.com/album/a-recollection-of-an-echo-from-a-daydream
https://laudanumforwhatailsyou.bandcamp.com/album/a-solitary-voyage
https://laudanumforwhatailsyou.bandcamp.com/album/a-sudden-summer-downpour
https://laudanumforwhatailsyou.bandcamp.com/album/a-tunnel-to-the-past-present-and-future
https://laudanumforwhatailsyou.bandcamp.com/album/a-wandering-galaxy
https://laudanumforwhatailsyou.bandcamp.com/album/abandoned-places-and-empty-spaces
https://laudanumforwhatailsyou.bandcamp.com/album/across-the-great-divide
https://laudanumforwhatailsyou.bandcamp.com/album/adrift-on-the-river-of-stars
https://laudanumforwhatailsyou.bandcamp.com/album/alien-landscapes
https://laudanumforwhatailsyou.bandcamp.com/album/all-at-sea
https://laudanumforwhatailsyou.bandcamp.com/album/all-memories-fade-in-time-some-just-slower-than-others
https://laudanumforwhatailsyou.bandcamp.com/album/all-that-came-before
https://laudanumforwhatailsyou.bandcamp.com/album/all-those-bright-ideas
https://laudanumforwhatailsyou.bandcamp.com/album/always-by-your-side
https://laudanumforwhatailsyou.bandcamp.com/album/an-audience-with-amun-ra
https://laudanumforwhatailsyou.bandcamp.com/album/an-ethereal-realm
https://laudanumforwhatailsyou.bandcamp.com/album/an-unending-celestial-dance
https://laudanumforwhatailsyou.bandcamp.com/album/ancient-beliefs-of-future-civilizations
https://laudanumforwhatailsyou.bandcamp.com/album/are-these-memories-or-daydreams
https://laudanumforwhatailsyou.bandcamp.com/album/artefacts
https://laudanumforwhatailsyou.bandcamp.com/album/backroads-and-scenic-byways
https://laudanumforwhatailsyou.bandcamp.com/album/badlands-parts-i-ii
https://laudanumforwhatailsyou.bandcamp.com/album/born-under-a-nebulous-sky
https://laudanumforwhatailsyou.bandcamp.com/album/breaking-free-of-the-cosmic-strings
https://laudanumforwhatailsyou.bandcamp.com/album/broken-robots
https://laudanumforwhatailsyou.bandcamp.com/album/calm-waters
https://laudanumforwhatailsyou.bandcamp.com/album/canyons
https://laudanumforwhatailsyou.bandcamp.com/album/caught-between-the-wilderness-and-home
https://laudanumforwhatailsyou.bandcamp.com/album/caught-on-the-solar-wind
https://laudanumforwhatailsyou.bandcamp.com/album/cave-art
https://laudanumforwhatailsyou.bandcamp.com/album/choral-evensong-for-dissolved-monasteries
https://laudanumforwhatailsyou.bandcamp.com/album/city-of-a-thousand-suns
https://laudanumforwhatailsyou.bandcamp.com/album/coral-a-study-of-colonial-polyps
https://laudanumforwhatailsyou.bandcamp.com/album/could-this-be-home
https://laudanumforwhatailsyou.bandcamp.com/album/creating-landscapes-from-memory
https://laudanumforwhatailsyou.bandcamp.com/album/darkness-and-the-dying-sun-2
https://laudanumforwhatailsyou.bandcamp.com/album/days-turn-into-years
https://laudanumforwhatailsyou.bandcamp.com/album/dont-be-alone-tonight
https://laudanumforwhatailsyou.bandcamp.com/album/dreaming-in-perpetuity
https://laudanumforwhatailsyou.bandcamp.com/album/dreaming-on-the-seabed
https://laudanumforwhatailsyou.bandcamp.com/album/driftwood
https://laudanumforwhatailsyou.bandcamp.com/album/early-morning-light
https://laudanumforwhatailsyou.bandcamp.com/album/endings-and-beginnings
https://laudanumforwhatailsyou.bandcamp.com/album/endless-cycles-of-life-death-and-rebirth
https://laudanumforwhatailsyou.bandcamp.com/album/endless-passageways
https://laudanumforwhatailsyou.bandcamp.com/album/endless-space
https://laudanumforwhatailsyou.bandcamp.com/album/entropy-and-the-end-of-days
https://laudanumforwhatailsyou.bandcamp.com/album/everything-must-run-its-course
https://laudanumforwhatailsyou.bandcamp.com/album/excerpts-from-a-much-longer-journey
https://laudanumforwhatailsyou.bandcamp.com/album/exoplanet-topography-for-beginners
https://laudanumforwhatailsyou.bandcamp.com/album/extended-moments-in-a-place-of-wonder
https://laudanumforwhatailsyou.bandcamp.com/album/falling-through-space-and-time-again
https://laudanumforwhatailsyou.bandcamp.com/album/far-beyond-the-stars
https://laudanumforwhatailsyou.bandcamp.com/album/fever-dreams-i
https://laudanumforwhatailsyou.bandcamp.com/album/fever-dreams-ii
https://laudanumforwhatailsyou.bandcamp.com/album/fever-dreams-iii
https://laudanumforwhatailsyou.bandcamp.com/album/fever-dreams-iv
https://laudanumforwhatailsyou.bandcamp.com/album/fleeting-moments-of-natures-beauty
https://laudanumforwhatailsyou.bandcamp.com/album/flotsam-jetsam
https://laudanumforwhatailsyou.bandcamp.com/album/flowers-caught-in-the-breeze
https://laudanumforwhatailsyou.bandcamp.com/album/glacial-movements
https://laudanumforwhatailsyou.bandcamp.com/album/high-plains-desert-dronescapes
https://laudanumforwhatailsyou.bandcamp.com/album/hoodoos
https://laudanumforwhatailsyou.bandcamp.com/album/hypnotic-melodies-whispering-in-the-tall-grass
https://laudanumforwhatailsyou.bandcamp.com/album/i-see-you-moon
https://laudanumforwhatailsyou.bandcamp.com/album/if-you-see-me-drowning
https://laudanumforwhatailsyou.bandcamp.com/album/in-the-arms-of-morpheus
https://laudanumforwhatailsyou.bandcamp.com/album/in-the-blink-of-a-dragons-eye
https://laudanumforwhatailsyou.bandcamp.com/album/in-the-land-of-the-midnight-sun
https://laudanumforwhatailsyou.bandcamp.com/album/in-the-realm-of-the-ocean-forests
https://laudanumforwhatailsyou.bandcamp.com/album/incidental-music-for-end-of-the-world-scenarios
https://laudanumforwhatailsyou.bandcamp.com/album/into-the-blue
https://laudanumforwhatailsyou.bandcamp.com/album/involuntary-autobiographical-memories-a-soundtrack-for-daydreaming
https://laudanumforwhatailsyou.bandcamp.com/album/it-all-blurs-into-one
https://laudanumforwhatailsyou.bandcamp.com/album/journeys-through-a-troubled-mind-a-tale-in-eight-acts
https://laudanumforwhatailsyou.bandcamp.com/album/jovian-postcards
https://laudanumforwhatailsyou.bandcamp.com/album/just-before-sunset
https://laudanumforwhatailsyou.bandcamp.com/album/like-black-holes-in-the-sky
https://laudanumforwhatailsyou.bandcamp.com/album/living-at-a-slower-pace
https://laudanumforwhatailsyou.bandcamp.com/album/lost-amongst-the-dunes-with-only-my-shadow-for-company
https://laudanumforwhatailsyou.bandcamp.com/album/lost-in-the-colours-of-your-mind
https://laudanumforwhatailsyou.bandcamp.com/album/lost-inside-myself
https://laudanumforwhatailsyou.bandcamp.com/album/low-winter-sun
https://laudanumforwhatailsyou.bandcamp.com/album/man-on-fire
https://laudanumforwhatailsyou.bandcamp.com/album/meet-me-where-the-land-ends-and-the-sky-begins
https://laudanumforwhatailsyou.bandcamp.com/album/microscopic-worlds
https://laudanumforwhatailsyou.bandcamp.com/album/mine-is-the-voice-one-cannot-hear-that-whispers-in-the-darkened-heart-of-fear
https://laudanumforwhatailsyou.bandcamp.com/album/mining-asteroids-for-a-living
https://laudanumforwhatailsyou.bandcamp.com/album/mirroring
https://laudanumforwhatailsyou.bandcamp.com/album/moab-sunset
https://laudanumforwhatailsyou.bandcamp.com/album/moments-frozen-in-time-i
https://laudanumforwhatailsyou.bandcamp.com/album/moments-frozen-in-time-ii
https://laudanumforwhatailsyou.bandcamp.com/album/more-machine-than-human-now
https://laudanumforwhatailsyou.bandcamp.com/album/music-for-starry-nights
https://laudanumforwhatailsyou.bandcamp.com/album/navigating-the-past
https://laudanumforwhatailsyou.bandcamp.com/album/neither-heaven-nor-hell
https://laudanumforwhatailsyou.bandcamp.com/album/new-horizons
https://laudanumforwhatailsyou.bandcamp.com/album/newly-formed
https://laudanumforwhatailsyou.bandcamp.com/album/night-drones
https://laudanumforwhatailsyou.bandcamp.com/album/nights-in-the-city
https://laudanumforwhatailsyou.bandcamp.com/album/on-reflection-end-titles-for-never-to-be-made-films
https://laudanumforwhatailsyou.bandcamp.com/album/on-the-way-to-pastures-new
https://laudanumforwhatailsyou.bandcamp.com/album/otherworldly-visions
https://laudanumforwhatailsyou.bandcamp.com/album/perpetual-movements
https://laudanumforwhatailsyou.bandcamp.com/album/planetary-rings
https://laudanumforwhatailsyou.bandcamp.com/album/positive-negative-charges
https://laudanumforwhatailsyou.bandcamp.com/album/quiet-contemplation
https://laudanumforwhatailsyou.bandcamp.com/album/reflection-refraction
https://laudanumforwhatailsyou.bandcamp.com/album/reflections-of-reality
https://laudanumforwhatailsyou.bandcamp.com/album/remember-that-time-at-the-lake-house
https://laudanumforwhatailsyou.bandcamp.com/album/road-of-endless-dreams
https://laudanumforwhatailsyou.bandcamp.com/album/searching-in-the-shadowlands
https://laudanumforwhatailsyou.bandcamp.com/album/seen-better-days
https://laudanumforwhatailsyou.bandcamp.com/album/set-sail-to-new-lands
https://laudanumforwhatailsyou.bandcamp.com/album/shadows-in-the-woods
https://laudanumforwhatailsyou.bandcamp.com/album/silent-all-these-years
https://laudanumforwhatailsyou.bandcamp.com/album/silent-witness-to-an-ever-changing-world
https://laudanumforwhatailsyou.bandcamp.com/album/skulking-in-the-shadows
https://laudanumforwhatailsyou.bandcamp.com/album/sleep-cycles
https://laudanumforwhatailsyou.bandcamp.com/album/slow-waves-2
https://laudanumforwhatailsyou.bandcamp.com/album/soaring
https://laudanumforwhatailsyou.bandcamp.com/album/some-days-are-darker-than-others
https://laudanumforwhatailsyou.bandcamp.com/album/something-magical-came-ashore-with-the-mist
https://laudanumforwhatailsyou.bandcamp.com/album/somewhere-secluded
https://laudanumforwhatailsyou.bandcamp.com/album/spectral-hallucinations
https://laudanumforwhatailsyou.bandcamp.com/album/spiralling-guitars
https://laudanumforwhatailsyou.bandcamp.com/album/standing-on-the-shore
https://laudanumforwhatailsyou.bandcamp.com/album/stark-but-beautiful-landscapes
https://laudanumforwhatailsyou.bandcamp.com/album/stellar-nurseries
https://laudanumforwhatailsyou.bandcamp.com/album/strange-frontiers
https://laudanumforwhatailsyou.bandcamp.com/album/submerged
https://laudanumforwhatailsyou.bandcamp.com/album/sundown-at-white-sands
https://laudanumforwhatailsyou.bandcamp.com/album/sunrise-at-angkor-sunset-at-angkor
https://laudanumforwhatailsyou.bandcamp.com/album/sunrise-on-osiris
https://laudanumforwhatailsyou.bandcamp.com/album/supernatural-visitations
https://laudanumforwhatailsyou.bandcamp.com/album/supernova-stages-in-the-death-of-a-star
https://laudanumforwhatailsyou.bandcamp.com/album/surviving-in-a-hostile-land
https://laudanumforwhatailsyou.bandcamp.com/album/teleporting-between-distant-galaxies
https://laudanumforwhatailsyou.bandcamp.com/album/the-emptiness-within
https://laudanumforwhatailsyou.bandcamp.com/album/the-last-days-of-shangri-la
https://laudanumforwhatailsyou.bandcamp.com/album/the-meandering-river
https://laudanumforwhatailsyou.bandcamp.com/album/the-otherness-of-dreams
https://laudanumforwhatailsyou.bandcamp.com/album/the-secret-lives-of-erythrocytes
https://laudanumforwhatailsyou.bandcamp.com/album/the-sky-goes-on-forever
https://laudanumforwhatailsyou.bandcamp.com/album/the-spaces-in-between
https://laudanumforwhatailsyou.bandcamp.com/album/the-well-trodden-path-to-enlightenment
https://laudanumforwhatailsyou.bandcamp.com/album/there-are-many-paths-to-home
https://laudanumforwhatailsyou.bandcamp.com/album/thoughts-like-ripples-on-a-millpond
https://laudanumforwhatailsyou.bandcamp.com/album/tides-of-the-moon
https://laudanumforwhatailsyou.bandcamp.com/album/time-to-stop-and-wonder
https://laudanumforwhatailsyou.bandcamp.com/album/to-the-old-gods-of-the-sea
https://laudanumforwhatailsyou.bandcamp.com/album/towering-spires-of-awe
https://laudanumforwhatailsyou.bandcamp.com/album/transfixed-by-the-wings-of-a-dragonfly
https://laudanumforwhatailsyou.bandcamp.com/album/transmigration
https://laudanumforwhatailsyou.bandcamp.com/album/transneptunian-objects
https://laudanumforwhatailsyou.bandcamp.com/album/travelling-through-wormholes
https://laudanumforwhatailsyou.bandcamp.com/album/twin-pillars-of-dawn
https://laudanumforwhatailsyou.bandcamp.com/album/venturing-into-the-unknown
https://laudanumforwhatailsyou.bandcamp.com/album/waiting-for-the-fog-to-clear
https://laudanumforwhatailsyou.bandcamp.com/album/watching-clouds
https://laudanumforwhatailsyou.bandcamp.com/album/waves-of-joy-and-sadness
https://laudanumforwhatailsyou.bandcamp.com/album/we-leave-with-the-tide
https://laudanumforwhatailsyou.bandcamp.com/album/were-we-even-here
https://laudanumforwhatailsyou.bandcamp.com/album/when-it-seems-like-the-world-is-ending
https://laudanumforwhatailsyou.bandcamp.com/album/when-the-sun-goes-down
https://laudanumforwhatailsyou.bandcamp.com/album/why-cant-a-moment-with-you-last-forever
https://laudanumforwhatailsyou.bandcamp.com/album/you-cant-stop-the-tide
https://laudanumforwhatailsyou.bandcamp.com/album/you-left-but-never-said-goodbye
https://laudanumforwhatailsyou.bandcamp.com/album/you-might-as-well-worship-the-sun
https://laudanumforwhatailsyou.bandcamp.com/track/a-doorway-to-your-dreams
https://laudanumforwhatailsyou.bandcamp.com/track/a-landscape-remembered-from-a-dream
https://laudanumforwhatailsyou.bandcamp.com/track/a-lonely-place-to-be
https://laudanumforwhatailsyou.bandcamp.com/track/a-lost-afternoon-in-the-park
https://laudanumforwhatailsyou.bandcamp.com/track/a-new-day-a-new-beginning
https://laudanumforwhatailsyou.bandcamp.com/track/a-portal-to-another-time-and-place
https://laudanumforwhatailsyou.bandcamp.com/track/a-s-ance-for-the-not-quite-dead
https://laudanumforwhatailsyou.bandcamp.com/track/a-walk-we-all-must-take
https://laudanumforwhatailsyou.bandcamp.com/track/an-eerie-calm-descended-all-around
https://laudanumforwhatailsyou.bandcamp.com/track/an-indescribable-and-unexplainable-encounter
https://laudanumforwhatailsyou.bandcamp.com/track/an-unrelenting-force
https://laudanumforwhatailsyou.bandcamp.com/track/another-mountain-to-climb
https://laudanumforwhatailsyou.bandcamp.com/track/as-above-so-below
https://laudanumforwhatailsyou.bandcamp.com/track/as-another-day-draws-to-a-close
https://laudanumforwhatailsyou.bandcamp.com/track/autumnal-feelings
https://laudanumforwhatailsyou.bandcamp.com/track/breaking-through-to-the-light
https://laudanumforwhatailsyou.bandcamp.com/track/breathe
https://laudanumforwhatailsyou.bandcamp.com/track/caught-by-the-undertow
https://laudanumforwhatailsyou.bandcamp.com/track/caught-in-limbo
https://laudanumforwhatailsyou.bandcamp.com/track/chasing-the-sun
https://laudanumforwhatailsyou.bandcamp.com/track/closer-to-heaven
https://laudanumforwhatailsyou.bandcamp.com/track/crystals
https://laudanumforwhatailsyou.bandcamp.com/track/daybreak-viewed-from-a-slow-moving-train
https://laudanumforwhatailsyou.bandcamp.com/track/desert-meditation
https://laudanumforwhatailsyou.bandcamp.com/track/dont-feel-so-sad-theyll-be-back-again
https://laudanumforwhatailsyou.bandcamp.com/track/drawn-by-a-sense-of-wonder
https://laudanumforwhatailsyou.bandcamp.com/track/dream-10765
https://laudanumforwhatailsyou.bandcamp.com/track/evening-comes-soon-enough
https://laudanumforwhatailsyou.bandcamp.com/track/feeling-out-of-step
https://laudanumforwhatailsyou.bandcamp.com/track/first-contact
https://laudanumforwhatailsyou.bandcamp.com/track/flying-free-above-the-clouds
https://laudanumforwhatailsyou.bandcamp.com/track/follow-your-own-path
https://laudanumforwhatailsyou.bandcamp.com/track/for-those-who-feel-alone-in-a-crowded-place
https://laudanumforwhatailsyou.bandcamp.com/track/heading-to-the-rapture
https://laudanumforwhatailsyou.bandcamp.com/track/hidden-deep-within-these-walls
https://laudanumforwhatailsyou.bandcamp.com/track/hold-on-youll-get-there
https://laudanumforwhatailsyou.bandcamp.com/track/im-so-glad-i-found-you
https://laudanumforwhatailsyou.bandcamp.com/track/imagined-recordings-i-water-pump-windmill
https://laudanumforwhatailsyou.bandcamp.com/track/in-all-directions-at-once
https://laudanumforwhatailsyou.bandcamp.com/track/it-takes-an-age
https://laudanumforwhatailsyou.bandcamp.com/track/just-relax-and-let-it-read-your-mind
https://laudanumforwhatailsyou.bandcamp.com/track/life-beneath-the-ice
https://laudanumforwhatailsyou.bandcamp.com/track/lost-in-a-primordial-sea
https://laudanumforwhatailsyou.bandcamp.com/track/mountain-meditation
https://laudanumforwhatailsyou.bandcamp.com/track/ocean-meditation
https://laudanumforwhatailsyou.bandcamp.com/track/on-a-desolate-road
https://laudanumforwhatailsyou.bandcamp.com/track/outside-of-space-and-time
https://laudanumforwhatailsyou.bandcamp.com/track/pyramids-for-the-new-gods
https://laudanumforwhatailsyou.bandcamp.com/track/resistance-is-never-futile
https://laudanumforwhatailsyou.bandcamp.com/track/rest-here-awhile
https://laudanumforwhatailsyou.bandcamp.com/track/rising-up-from-the-darkness
https://laudanumforwhatailsyou.bandcamp.com/track/searching-for-the-key
https://laudanumforwhatailsyou.bandcamp.com/track/set-your-imagination-free
https://laudanumforwhatailsyou.bandcamp.com/track/shepherds-delight
https://laudanumforwhatailsyou.bandcamp.com/track/slowly-unraveling
https://laudanumforwhatailsyou.bandcamp.com/track/something-out-of-nothing
https://laudanumforwhatailsyou.bandcamp.com/track/somewhere-near-the-end
https://laudanumforwhatailsyou.bandcamp.com/track/such-transient-beauty
https://laudanumforwhatailsyou.bandcamp.com/track/take-pleasure-in-the-never-to-be-seen-again
https://laudanumforwhatailsyou.bandcamp.com/track/take-the-road-less-travelled
https://laudanumforwhatailsyou.bandcamp.com/track/the-light-will-always-find-you
https://laudanumforwhatailsyou.bandcamp.com/track/the-strangest-dawn
https://laudanumforwhatailsyou.bandcamp.com/track/they-see-everything
https://laudanumforwhatailsyou.bandcamp.com/track/tidal-pools
https://laudanumforwhatailsyou.bandcamp.com/track/time-has-no-meaning-here
https://laudanumforwhatailsyou.bandcamp.com/track/transfiguration
https://laudanumforwhatailsyou.bandcamp.com/track/trapped-in-my-own-little-universe
https://laudanumforwhatailsyou.bandcamp.com/track/tunguska
https://laudanumforwhatailsyou.bandcamp.com/track/unfathomable-distances
https://laudanumforwhatailsyou.bandcamp.com/track/wake-up-youve-been-asleep-for-far-too-long
https://laudanumforwhatailsyou.bandcamp.com/track/waking-from-a-slowly-fading-dream
https://laudanumforwhatailsyou.bandcamp.com/track/wandering-through-a-prison-of-my-own-making
https://laudanumforwhatailsyou.bandcamp.com/track/watching-westerns-with-my-dad
https://laudanumforwhatailsyou.bandcamp.com/track/waxing-and-waning
https://laudanumforwhatailsyou.bandcamp.com/track/we-meet-in-dreams
https://laudanumforwhatailsyou.bandcamp.com/track/wrinkles-in-space-time
