https://stigerklev.bandcamp.com/album/agonize
https://stigerklev.bandcamp.com/album/agonize-instrumental
https://stigerklev.bandcamp.com/album/agony
https://stigerklev.bandcamp.com/album/agony-instrumental
https://stigerklev.bandcamp.com/album/avskum-single
https://stigerklev.bandcamp.com/album/citizen-erazed-there-are-things-growing-2018
https://stigerklev.bandcamp.com/album/dear-depression
https://stigerklev.bandcamp.com/album/dear-depression-instrumental
https://stigerklev.bandcamp.com/album/decadence
https://stigerklev.bandcamp.com/album/defense-wounds-single-edit
https://stigerklev.bandcamp.com/album/doomsday-single
https://stigerklev.bandcamp.com/album/i-gave-you-my-heart-and-your-darkness-consumed-me
https://stigerklev.bandcamp.com/album/i-gave-you-my-heart-and-your-darkness-consumed-me-instrumental
https://stigerklev.bandcamp.com/album/in-sickness-2
https://stigerklev.bandcamp.com/album/in-sickness-instrumental
https://stigerklev.bandcamp.com/album/in-sickness-remastered
https://stigerklev.bandcamp.com/album/monolith
https://stigerklev.bandcamp.com/album/monolith-instrumental
https://stigerklev.bandcamp.com/album/my-blood-hates-me-short-edit
https://stigerklev.bandcamp.com/album/plague-diaries
https://stigerklev.bandcamp.com/album/plague-diaries-instrumental
https://stigerklev.bandcamp.com/album/sorrow
https://stigerklev.bandcamp.com/album/the-loser-tapes-instrumental
https://stigerklev.bandcamp.com/album/the-loser-tapes-pt-2-instrumental
https://stigerklev.bandcamp.com/album/there-are-things-growing
https://stigerklev.bandcamp.com/album/there-are-things-growing-instrumental
https://stigerklev.bandcamp.com/album/when-everyone-leaves
https://stigerklev.bandcamp.com/album/when-everyone-leaves-instrumental
https://stigerklev.bandcamp.com/album/wither
https://stigerklev.bandcamp.com/album/wounds
https://stigerklev.bandcamp.com/track/anima-single
https://stigerklev.bandcamp.com/track/call-of-the-void-single
https://stigerklev.bandcamp.com/track/grandfather-clock-single
