https://eatdis.bandcamp.com/album/140
https://eatdis.bandcamp.com/album/2hr
https://eatdis.bandcamp.com/album/2hr-2
https://eatdis.bandcamp.com/album/2hr-3
https://eatdis.bandcamp.com/album/2hr-4
https://eatdis.bandcamp.com/album/btfo
https://eatdis.bandcamp.com/album/eat-dis-2021
https://eatdis.bandcamp.com/album/eat-dis-sorry-records-present-tony-g-one-more-time-ep
https://eatdis.bandcamp.com/album/fukkduppp-ep
https://eatdis.bandcamp.com/album/hardtechno-bootcamp-vol-1
https://eatdis.bandcamp.com/album/headwound-girl
https://eatdis.bandcamp.com/album/high-affinity
https://eatdis.bandcamp.com/album/i-yield-my-time
https://eatdis.bandcamp.com/album/ideology
https://eatdis.bandcamp.com/album/imni
https://eatdis.bandcamp.com/album/limits
https://eatdis.bandcamp.com/album/lost-mecha-tools
https://eatdis.bandcamp.com/album/particle-blast-ep
https://eatdis.bandcamp.com/album/produkt-remixes
https://eatdis.bandcamp.com/album/rhythmic-noise-4-harsh-m8s-vol-1
https://eatdis.bandcamp.com/album/riteskeeper-i
https://eatdis.bandcamp.com/album/rungbeller
https://eatdis.bandcamp.com/album/saffron-rails
https://eatdis.bandcamp.com/album/she-tracks-sappho-erotica
https://eatdis.bandcamp.com/album/summer-minidisc
https://eatdis.bandcamp.com/album/the-dj-girl-ep
https://eatdis.bandcamp.com/album/the-otherside
https://eatdis.bandcamp.com/album/theyre-catching-on
https://eatdis.bandcamp.com/album/timbales-ep
https://eatdis.bandcamp.com/album/transition-ep
https://eatdis.bandcamp.com/album/turbo-gallery-usb
https://eatdis.bandcamp.com/album/vibes-comp
https://eatdis.bandcamp.com/album/weapons
https://eatdis.bandcamp.com/track/music-for-an-untitled-film
