https://gydencomatose.bandcamp.com/album/a-floating-moon
https://gydencomatose.bandcamp.com/album/a-study-in-faith-and-resilience
https://gydencomatose.bandcamp.com/album/atrocities-committed-in-the-name-of-christianity
https://gydencomatose.bandcamp.com/album/bleeding-jesus-run-fast
https://gydencomatose.bandcamp.com/album/bury-me-here
https://gydencomatose.bandcamp.com/album/finding-peace-in-the-chaos-i
https://gydencomatose.bandcamp.com/album/finding-peace-in-the-chaos-ii
https://gydencomatose.bandcamp.com/album/finding-peace-in-the-chaos-iii
https://gydencomatose.bandcamp.com/album/finding-peace-in-the-chaos-iv
https://gydencomatose.bandcamp.com/album/finding-peace-in-the-chaos-ix
https://gydencomatose.bandcamp.com/album/finding-peace-in-the-chaos-v
https://gydencomatose.bandcamp.com/album/finding-peace-in-the-chaos-vi
https://gydencomatose.bandcamp.com/album/finding-peace-in-the-chaos-vii
https://gydencomatose.bandcamp.com/album/finding-peace-in-the-chaos-viii
https://gydencomatose.bandcamp.com/album/finding-peace-in-the-chaos-x
https://gydencomatose.bandcamp.com/album/finding-peace-in-the-chaos-xi
https://gydencomatose.bandcamp.com/album/finding-peace-in-the-chaos-xii
https://gydencomatose.bandcamp.com/album/finding-peace-in-the-chaos-xiii
https://gydencomatose.bandcamp.com/album/finding-peace-in-the-chaos-xiv
https://gydencomatose.bandcamp.com/album/finding-peace-in-the-chaos-xix
https://gydencomatose.bandcamp.com/album/finding-peace-in-the-chaos-xv
https://gydencomatose.bandcamp.com/album/finding-peace-in-the-chaos-xvi
https://gydencomatose.bandcamp.com/album/finding-peace-in-the-chaos-xvii
https://gydencomatose.bandcamp.com/album/finding-peace-in-the-chaos-xviii
https://gydencomatose.bandcamp.com/album/finding-peace-in-the-chaos-xx
https://gydencomatose.bandcamp.com/album/finding-the-correct-number-is-simplicity-itself
https://gydencomatose.bandcamp.com/album/from-despair-to-hope-the-journey-of-jesus
https://gydencomatose.bandcamp.com/album/god-as-a-statement
https://gydencomatose.bandcamp.com/album/golden-feathers-burrow-into-a-velvet-glove-that-was-once-soft-but-with-time-has-been-hardened
https://gydencomatose.bandcamp.com/album/happy-birthday-pigface-christus
https://gydencomatose.bandcamp.com/album/having-pity-on-those-who-needed-it
https://gydencomatose.bandcamp.com/album/it-hurts-to-know-everything-we-knew-wasnt-true-as-the-final-days-of-our-lives-creeps-in-and-we-have-no-choice-but-to-weep-and-forget-about-it-all
https://gydencomatose.bandcamp.com/album/it-looks-at-you-i
https://gydencomatose.bandcamp.com/album/it-looks-at-you-ii
https://gydencomatose.bandcamp.com/album/it-looks-at-you-iii
https://gydencomatose.bandcamp.com/album/it-looks-at-you-iv
https://gydencomatose.bandcamp.com/album/its-not-an-option
https://gydencomatose.bandcamp.com/album/jesus-death-mother-the-kid-hears-voices-and-carries-a-gun
https://gydencomatose.bandcamp.com/album/jesus-in-the-wilderness
https://gydencomatose.bandcamp.com/album/mock-turtles
https://gydencomatose.bandcamp.com/album/my-god-and-his-lies
https://gydencomatose.bandcamp.com/album/odious-and-evil-numbers
https://gydencomatose.bandcamp.com/album/selling-infinitestimal-values-to-your-profit-conscious-friends
https://gydencomatose.bandcamp.com/album/sharing-out-other-kinds-of-nut
https://gydencomatose.bandcamp.com/album/silence-modified
https://gydencomatose.bandcamp.com/album/split-22
https://gydencomatose.bandcamp.com/album/the-blurred-face-of-a-woman-lost-in-her-prayer-and-her-religion
https://gydencomatose.bandcamp.com/album/the-darkness-of-satan-is-all-encompassing
https://gydencomatose.bandcamp.com/album/the-descent-of-the-goddess-to-reclaim-her-power
https://gydencomatose.bandcamp.com/album/the-joy-of-salvation
https://gydencomatose.bandcamp.com/album/the-lights-of-many-flickering-candles
https://gydencomatose.bandcamp.com/album/the-lonely-road-to-the-cross
https://gydencomatose.bandcamp.com/album/the-weight-of-guilt-carrying-the-burden-of-the-past
https://gydencomatose.bandcamp.com/album/the-winds-will-take-you-to-the-right-path
https://gydencomatose.bandcamp.com/album/trading-corpses-with-god
https://gydencomatose.bandcamp.com/album/untitled-1
https://gydencomatose.bandcamp.com/album/untitled-10
https://gydencomatose.bandcamp.com/album/untitled-11
https://gydencomatose.bandcamp.com/album/untitled-12
https://gydencomatose.bandcamp.com/album/untitled-13
https://gydencomatose.bandcamp.com/album/untitled-14
https://gydencomatose.bandcamp.com/album/untitled-15
https://gydencomatose.bandcamp.com/album/untitled-2-2
https://gydencomatose.bandcamp.com/album/untitled-4
https://gydencomatose.bandcamp.com/album/untitled-6
https://gydencomatose.bandcamp.com/album/untitled-7
https://gydencomatose.bandcamp.com/album/untitled-9-2
https://gydencomatose.bandcamp.com/album/when-time-comes-we-will-no-longer-be-here
https://gydencomatose.bandcamp.com/album/why-long-is-long
