https://kostat.bandcamp.com/album/--10
https://kostat.bandcamp.com/album/--100
https://kostat.bandcamp.com/album/--101
https://kostat.bandcamp.com/album/--102
https://kostat.bandcamp.com/album/--104
https://kostat.bandcamp.com/album/--105
https://kostat.bandcamp.com/album/--106
https://kostat.bandcamp.com/album/--107
https://kostat.bandcamp.com/album/--108
https://kostat.bandcamp.com/album/--109
https://kostat.bandcamp.com/album/--11
https://kostat.bandcamp.com/album/--110
https://kostat.bandcamp.com/album/--111
https://kostat.bandcamp.com/album/--113
https://kostat.bandcamp.com/album/--115
https://kostat.bandcamp.com/album/--118
https://kostat.bandcamp.com/album/--119
https://kostat.bandcamp.com/album/--12
https://kostat.bandcamp.com/album/--120
https://kostat.bandcamp.com/album/--121
https://kostat.bandcamp.com/album/--125
https://kostat.bandcamp.com/album/--126
https://kostat.bandcamp.com/album/--127
https://kostat.bandcamp.com/album/--128
https://kostat.bandcamp.com/album/--13
https://kostat.bandcamp.com/album/--14
https://kostat.bandcamp.com/album/--140
https://kostat.bandcamp.com/album/--148
https://kostat.bandcamp.com/album/--149
https://kostat.bandcamp.com/album/--150
https://kostat.bandcamp.com/album/--151
https://kostat.bandcamp.com/album/--152
https://kostat.bandcamp.com/album/--153
https://kostat.bandcamp.com/album/--154
https://kostat.bandcamp.com/album/--155
https://kostat.bandcamp.com/album/--156
https://kostat.bandcamp.com/album/--157
https://kostat.bandcamp.com/album/--158
https://kostat.bandcamp.com/album/--159
https://kostat.bandcamp.com/album/--16
https://kostat.bandcamp.com/album/--160
https://kostat.bandcamp.com/album/--161
https://kostat.bandcamp.com/album/--162
https://kostat.bandcamp.com/album/--163
https://kostat.bandcamp.com/album/--164
https://kostat.bandcamp.com/album/--165
https://kostat.bandcamp.com/album/--166
https://kostat.bandcamp.com/album/--168
https://kostat.bandcamp.com/album/--169
https://kostat.bandcamp.com/album/--17
https://kostat.bandcamp.com/album/--170
https://kostat.bandcamp.com/album/--171
https://kostat.bandcamp.com/album/--173
https://kostat.bandcamp.com/album/--174
https://kostat.bandcamp.com/album/--175
https://kostat.bandcamp.com/album/--176
https://kostat.bandcamp.com/album/--177
https://kostat.bandcamp.com/album/--178
https://kostat.bandcamp.com/album/--179
https://kostat.bandcamp.com/album/--18
https://kostat.bandcamp.com/album/--180
https://kostat.bandcamp.com/album/--181
https://kostat.bandcamp.com/album/--182
https://kostat.bandcamp.com/album/--183
https://kostat.bandcamp.com/album/--184
https://kostat.bandcamp.com/album/--185
https://kostat.bandcamp.com/album/--186
https://kostat.bandcamp.com/album/--187
https://kostat.bandcamp.com/album/--188
https://kostat.bandcamp.com/album/--189
https://kostat.bandcamp.com/album/--19
https://kostat.bandcamp.com/album/--190
https://kostat.bandcamp.com/album/--191
https://kostat.bandcamp.com/album/--2
https://kostat.bandcamp.com/album/--20
https://kostat.bandcamp.com/album/--21
https://kostat.bandcamp.com/album/--22
https://kostat.bandcamp.com/album/--23
https://kostat.bandcamp.com/album/--24
https://kostat.bandcamp.com/album/--26
https://kostat.bandcamp.com/album/--27
https://kostat.bandcamp.com/album/--28
https://kostat.bandcamp.com/album/--29
https://kostat.bandcamp.com/album/--3
https://kostat.bandcamp.com/album/--30
https://kostat.bandcamp.com/album/--31
https://kostat.bandcamp.com/album/--32
https://kostat.bandcamp.com/album/--33
https://kostat.bandcamp.com/album/--34
https://kostat.bandcamp.com/album/--35
https://kostat.bandcamp.com/album/--36
https://kostat.bandcamp.com/album/--37
https://kostat.bandcamp.com/album/--39
https://kostat.bandcamp.com/album/--4
https://kostat.bandcamp.com/album/--40
https://kostat.bandcamp.com/album/--41
https://kostat.bandcamp.com/album/--42
https://kostat.bandcamp.com/album/--43
https://kostat.bandcamp.com/album/--45
https://kostat.bandcamp.com/album/--46
https://kostat.bandcamp.com/album/--47
https://kostat.bandcamp.com/album/--48
https://kostat.bandcamp.com/album/--49
https://kostat.bandcamp.com/album/--5
https://kostat.bandcamp.com/album/--50
https://kostat.bandcamp.com/album/--51
https://kostat.bandcamp.com/album/--52
https://kostat.bandcamp.com/album/--53
https://kostat.bandcamp.com/album/--54
https://kostat.bandcamp.com/album/--55
https://kostat.bandcamp.com/album/--56
https://kostat.bandcamp.com/album/--57
https://kostat.bandcamp.com/album/--58
https://kostat.bandcamp.com/album/--59
https://kostat.bandcamp.com/album/--6
https://kostat.bandcamp.com/album/--60
https://kostat.bandcamp.com/album/--61
https://kostat.bandcamp.com/album/--62
https://kostat.bandcamp.com/album/--63
https://kostat.bandcamp.com/album/--64
https://kostat.bandcamp.com/album/--65
https://kostat.bandcamp.com/album/--66
https://kostat.bandcamp.com/album/--67
https://kostat.bandcamp.com/album/--68
https://kostat.bandcamp.com/album/--69
https://kostat.bandcamp.com/album/--70
https://kostat.bandcamp.com/album/--71
https://kostat.bandcamp.com/album/--73
https://kostat.bandcamp.com/album/--74
https://kostat.bandcamp.com/album/--75
https://kostat.bandcamp.com/album/--76
https://kostat.bandcamp.com/album/--77
https://kostat.bandcamp.com/album/--78
https://kostat.bandcamp.com/album/--79
https://kostat.bandcamp.com/album/--8
https://kostat.bandcamp.com/album/--80
https://kostat.bandcamp.com/album/--81
https://kostat.bandcamp.com/album/--82
https://kostat.bandcamp.com/album/--83
https://kostat.bandcamp.com/album/--84
https://kostat.bandcamp.com/album/--85
https://kostat.bandcamp.com/album/--86
https://kostat.bandcamp.com/album/--87
https://kostat.bandcamp.com/album/--89
https://kostat.bandcamp.com/album/--9
https://kostat.bandcamp.com/album/--90
https://kostat.bandcamp.com/album/--91
https://kostat.bandcamp.com/album/--92
https://kostat.bandcamp.com/album/--93
https://kostat.bandcamp.com/album/--94
https://kostat.bandcamp.com/album/--95
https://kostat.bandcamp.com/album/--96
https://kostat.bandcamp.com/album/--97
https://kostat.bandcamp.com/album/--98
https://kostat.bandcamp.com/album/--99
https://kostat.bandcamp.com/album/18
https://kostat.bandcamp.com/album/18-2
https://kostat.bandcamp.com/album/18-3
https://kostat.bandcamp.com/album/2
https://kostat.bandcamp.com/album/3
https://kostat.bandcamp.com/album/33
https://kostat.bandcamp.com/album/35-17
https://kostat.bandcamp.com/album/4
https://kostat.bandcamp.com/album/5
https://kostat.bandcamp.com/album/538c
https://kostat.bandcamp.com/album/5623
https://kostat.bandcamp.com/album/6
https://kostat.bandcamp.com/album/7
https://kostat.bandcamp.com/album/7-days
https://kostat.bandcamp.com/album/8
https://kostat.bandcamp.com/album/9
https://kostat.bandcamp.com/album/a
https://kostat.bandcamp.com/album/alive
https://kostat.bandcamp.com/album/allbiom
https://kostat.bandcamp.com/album/ask
https://kostat.bandcamp.com/album/beart
https://kostat.bandcamp.com/album/buheirb
https://kostat.bandcamp.com/album/caprice
https://kostat.bandcamp.com/album/castello-di-trokai
https://kostat.bandcamp.com/album/chegodlya
https://kostat.bandcamp.com/album/con-go
https://kostat.bandcamp.com/album/constantin
https://kostat.bandcamp.com/album/ctrl
https://kostat.bandcamp.com/album/d-collet
https://kostat.bandcamp.com/album/depresushi
https://kostat.bandcamp.com/album/dno
https://kostat.bandcamp.com/album/govor
https://kostat.bandcamp.com/album/h-a-i-r
https://kostat.bandcamp.com/album/haxyi
https://kostat.bandcamp.com/album/hz
https://kostat.bandcamp.com/album/ii
https://kostat.bandcamp.com/album/iii
https://kostat.bandcamp.com/album/ili
https://kostat.bandcamp.com/album/indian-s
https://kostat.bandcamp.com/album/j-s-bach-grave
https://kostat.bandcamp.com/album/junk
https://kostat.bandcamp.com/album/kalina
https://kostat.bandcamp.com/album/kosta-t
https://kostat.bandcamp.com/album/kroogi
https://kostat.bandcamp.com/album/leto-18
https://kostat.bandcamp.com/album/live
https://kostat.bandcamp.com/album/live-2
https://kostat.bandcamp.com/album/live-3
https://kostat.bandcamp.com/album/live-4
https://kostat.bandcamp.com/album/live-5
https://kostat.bandcamp.com/album/lo-fi
https://kostat.bandcamp.com/album/lomki
https://kostat.bandcamp.com/album/ma
https://kostat.bandcamp.com/album/maf-n
https://kostat.bandcamp.com/album/marlizhinka
https://kostat.bandcamp.com/album/mecca
https://kostat.bandcamp.com/album/meeting
https://kostat.bandcamp.com/album/mmmmmmmmmmacbeth
https://kostat.bandcamp.com/album/nl
https://kostat.bandcamp.com/album/o-idiot
https://kostat.bandcamp.com/album/ok
https://kostat.bandcamp.com/album/once
https://kostat.bandcamp.com/album/pd
https://kostat.bandcamp.com/album/pereezd
https://kostat.bandcamp.com/album/piu
https://kostat.bandcamp.com/album/purple
https://kostat.bandcamp.com/album/put
https://kostat.bandcamp.com/album/rec-on
https://kostat.bandcamp.com/album/relax-violin
https://kostat.bandcamp.com/album/relax-violin-2
https://kostat.bandcamp.com/album/room
https://kostat.bandcamp.com/album/salo
https://kostat.bandcamp.com/album/schi-loves-me
https://kostat.bandcamp.com/album/second
https://kostat.bandcamp.com/album/solo-lo-fi-violin-free-improvisation
https://kostat.bandcamp.com/album/soul-sand
https://kostat.bandcamp.com/album/sounspital
https://kostat.bandcamp.com/album/sunny-days
https://kostat.bandcamp.com/album/swist
https://kostat.bandcamp.com/album/t
https://kostat.bandcamp.com/album/t-4
https://kostat.bandcamp.com/album/tembr
https://kostat.bandcamp.com/album/u-l-y-o-t
https://kostat.bandcamp.com/album/urbanscapes
https://kostat.bandcamp.com/album/util
https://kostat.bandcamp.com/album/v
https://kostat.bandcamp.com/album/valentines-day
https://kostat.bandcamp.com/album/whisper-about
https://kostat.bandcamp.com/album/x-lion
https://kostat.bandcamp.com/album/xix
https://kostat.bandcamp.com/album/yh
https://kostat.bandcamp.com/track/dmk
