https://ortet.bandcamp.com/album/27-figments-for-small-ensemble
https://ortet.bandcamp.com/album/47-s-deadly-sins-vol-2
https://ortet.bandcamp.com/album/47s-deadly-sins-vol-01
https://ortet.bandcamp.com/album/47s-deadly-sins-vol-10
https://ortet.bandcamp.com/album/47s-deadly-sins-vol-11
https://ortet.bandcamp.com/album/47s-deadly-sins-vol-12
https://ortet.bandcamp.com/album/47s-deadly-sins-vol-13
https://ortet.bandcamp.com/album/47s-deadly-sins-vol-14
https://ortet.bandcamp.com/album/47s-deadly-sins-vol-3
https://ortet.bandcamp.com/album/47s-deadly-sins-vol-4
https://ortet.bandcamp.com/album/47s-deadly-sins-vol-5
https://ortet.bandcamp.com/album/47s-deadly-sins-vol-6
https://ortet.bandcamp.com/album/47s-deadly-sins-vol-7
https://ortet.bandcamp.com/album/47s-deadly-sins-vol-8
https://ortet.bandcamp.com/album/47s-deadly-sins-vol-9
https://ortet.bandcamp.com/album/elements
https://ortet.bandcamp.com/album/etymologies-of-strata
https://ortet.bandcamp.com/album/festive-af-in-december-2024
https://ortet.bandcamp.com/album/like-i-know
https://ortet.bandcamp.com/album/metals-a-uffspheres
https://ortet.bandcamp.com/album/six-realms
https://ortet.bandcamp.com/album/three-dimensional-o
https://ortet.bandcamp.com/album/two-pointed-triangle
https://ortet.bandcamp.com/album/un-control
https://ortet.bandcamp.com/album/whats-for-dinner
https://ortet.bandcamp.com/track/1-4x20s
https://ortet.bandcamp.com/track/18-1-d-n
https://ortet.bandcamp.com/track/20220508-001
https://ortet.bandcamp.com/track/20220515-004
https://ortet.bandcamp.com/track/20220522-002
https://ortet.bandcamp.com/track/20220530-002
https://ortet.bandcamp.com/track/20220605-006
https://ortet.bandcamp.com/track/20220612-002b
https://ortet.bandcamp.com/track/20220619-005
https://ortet.bandcamp.com/track/20220626-plan-4t1-03
https://ortet.bandcamp.com/track/20220703-002
https://ortet.bandcamp.com/track/20220710-plan-4t1
https://ortet.bandcamp.com/track/20220717-002
https://ortet.bandcamp.com/track/20220724-004
https://ortet.bandcamp.com/track/20220731-plan-4t1-02
https://ortet.bandcamp.com/track/20220807-002
https://ortet.bandcamp.com/track/20220814-004
https://ortet.bandcamp.com/track/20220821-003-soft-start-with-john-carpenter-riff
https://ortet.bandcamp.com/track/20220821-004-what-we-do-with-tony
https://ortet.bandcamp.com/track/20220828-002-nmt-power-trio
https://ortet.bandcamp.com/track/20220911-004-last-ten-of-thirty
https://ortet.bandcamp.com/track/20221016-the-prodigal-quintet-returns
https://ortet.bandcamp.com/track/6-circus-ring-3
https://ortet.bandcamp.com/track/a-gonzo-city-in-a-gonzo-state
https://ortet.bandcamp.com/track/a-stewardship-of-any-kind
https://ortet.bandcamp.com/track/all-the-time-in-the-world-happy-apple-delta-remix
https://ortet.bandcamp.com/track/ambient-selections-from-the-indiana-state-sanitorium
https://ortet.bandcamp.com/track/anthology-what-my-date-said
https://ortet.bandcamp.com/track/be-prepared
https://ortet.bandcamp.com/track/can-you-go-on
https://ortet.bandcamp.com/track/cons-t-nt
https://ortet.bandcamp.com/track/consciousness-is-looking-at-eternity
https://ortet.bandcamp.com/track/corona-and-what-comes-after
https://ortet.bandcamp.com/track/escape-clause
https://ortet.bandcamp.com/track/fear-the-urban-deer
https://ortet.bandcamp.com/track/fff-ing-daylight-savings-time
https://ortet.bandcamp.com/track/flight-of-the-ralld-eagle
https://ortet.bandcamp.com/track/free-jazz-tuning
https://ortet.bandcamp.com/track/fresh-frozen-fabricated
https://ortet.bandcamp.com/track/i-dont-know-what-to-do
https://ortet.bandcamp.com/track/i-ve-got-nothing-to-say
https://ortet.bandcamp.com/track/infrequent-quartet
https://ortet.bandcamp.com/track/jaap-blonk-damon-smith-ortet
https://ortet.bandcamp.com/track/jazz-hands
https://ortet.bandcamp.com/track/just-keep-showing-up
https://ortet.bandcamp.com/track/live-at-backspace-16-dec-2022
https://ortet.bandcamp.com/track/live-at-the-blockhouse-9-nov-2022
https://ortet.bandcamp.com/track/live-on-kopn-895-fm
https://ortet.bandcamp.com/track/look-whos-coming-to-dinner
https://ortet.bandcamp.com/track/low-tone-joe-stone
https://ortet.bandcamp.com/track/many-vocalizations-et-compte-en-fran-ais
https://ortet.bandcamp.com/track/metamorphosis
https://ortet.bandcamp.com/track/molly-blooms-soliloquy-excerpt
https://ortet.bandcamp.com/track/more-urban-deer
https://ortet.bandcamp.com/track/mostly-acoustic-slightly-electric
https://ortet.bandcamp.com/track/never-liked-those-guys
https://ortet.bandcamp.com/track/no-net-nonet
https://ortet.bandcamp.com/track/on-the-clock
https://ortet.bandcamp.com/track/one-of-those-stress-dreams
https://ortet.bandcamp.com/track/opening-with-less-637k
https://ortet.bandcamp.com/track/our-fifth-beatle-is-jerry
https://ortet.bandcamp.com/track/outcome-of-unity
https://ortet.bandcamp.com/track/p2o22wer-trio09
https://ortet.bandcamp.com/track/peacock-satin-flame
https://ortet.bandcamp.com/track/playing-cards
https://ortet.bandcamp.com/track/poison-is-medicine
https://ortet.bandcamp.com/track/power-trio-apr-s-une-pause
https://ortet.bandcamp.com/track/power-trio-at-backspace
https://ortet.bandcamp.com/track/problems-supreme
https://ortet.bandcamp.com/track/quartet-on-cadillac-ranch
https://ortet.bandcamp.com/track/quintet-vs-live-field-recording
https://ortet.bandcamp.com/track/rca-park
https://ortet.bandcamp.com/track/reverberations-of-a-chance-encounter
https://ortet.bandcamp.com/track/right-to-assemble
https://ortet.bandcamp.com/track/s-lti-n
https://ortet.bandcamp.com/track/sax-players-of-the-jungle-band
https://ortet.bandcamp.com/track/scene-on-campus
https://ortet.bandcamp.com/track/shark-smile-excerpt
https://ortet.bandcamp.com/track/sixty-five
https://ortet.bandcamp.com/track/slap-tongue
https://ortet.bandcamp.com/track/solstice-supercut
https://ortet.bandcamp.com/track/square-wave-bossanova
https://ortet.bandcamp.com/track/ste-008-wir-flow-teng
https://ortet.bandcamp.com/track/storm-system
https://ortet.bandcamp.com/track/target
https://ortet.bandcamp.com/track/ten-twenty-two-twenty-twenty-two-with-tenor-bookends
https://ortet.bandcamp.com/track/the-alarm-sounds-like-school-bells
https://ortet.bandcamp.com/track/truth-or-consequences
https://ortet.bandcamp.com/track/try-angles
https://ortet.bandcamp.com/track/twenty-six-minutes-altogether
https://ortet.bandcamp.com/track/two-to-begin
https://ortet.bandcamp.com/track/urban-deer
https://ortet.bandcamp.com/track/vhs-generation
https://ortet.bandcamp.com/track/we-la
https://ortet.bandcamp.com/track/welcome-back
https://ortet.bandcamp.com/track/why-y-y-y-y
https://ortet.bandcamp.com/track/yeshi-and-the-band-after-the-bardo
https://ortet.bandcamp.com/track/zenzizenzic
