https://hrrecordings.bandcamp.com/album/-
https://hrrecordings.bandcamp.com/album/4-hard-juke-trax
https://hrrecordings.bandcamp.com/album/a-red-icon
https://hrrecordings.bandcamp.com/album/a-windy-sunday-afternoon
https://hrrecordings.bandcamp.com/album/animal-yokocho
https://hrrecordings.bandcamp.com/album/another-invocation
https://hrrecordings.bandcamp.com/album/assorted-clips-2006-2015
https://hrrecordings.bandcamp.com/album/bangs-20
https://hrrecordings.bandcamp.com/album/bass-fairy
https://hrrecordings.bandcamp.com/album/beb
https://hrrecordings.bandcamp.com/album/biodegradable-son
https://hrrecordings.bandcamp.com/album/centre-blanky
https://hrrecordings.bandcamp.com/album/cross-glades-2
https://hrrecordings.bandcamp.com/album/crushing-union
https://hrrecordings.bandcamp.com/album/crushing-union-ii
https://hrrecordings.bandcamp.com/album/crushing-union-iii
https://hrrecordings.bandcamp.com/album/crushing-union-iv
https://hrrecordings.bandcamp.com/album/crushing-union-v
https://hrrecordings.bandcamp.com/album/crushing-union-vi
https://hrrecordings.bandcamp.com/album/crushing-union-vii
https://hrrecordings.bandcamp.com/album/crushing-union-viii
https://hrrecordings.bandcamp.com/album/cryforward
https://hrrecordings.bandcamp.com/album/datajuke
https://hrrecordings.bandcamp.com/album/days-go-by
https://hrrecordings.bandcamp.com/album/degio-2009
https://hrrecordings.bandcamp.com/album/distant-dream
https://hrrecordings.bandcamp.com/album/do-u-fuck-w-ep
https://hrrecordings.bandcamp.com/album/dreamlike-inlight-ep
https://hrrecordings.bandcamp.com/album/emo-bunny-ep
https://hrrecordings.bandcamp.com/album/eviction-notice
https://hrrecordings.bandcamp.com/album/eviction-notice-ii
https://hrrecordings.bandcamp.com/album/faded-memory
https://hrrecordings.bandcamp.com/album/footwork-radicals
https://hrrecordings.bandcamp.com/album/from-the-hills
https://hrrecordings.bandcamp.com/album/gray-sun-vol-1
https://hrrecordings.bandcamp.com/album/gray-sun-vol-2
https://hrrecordings.bandcamp.com/album/greening-this-place
https://hrrecordings.bandcamp.com/album/grieving-song
https://hrrecordings.bandcamp.com/album/hostile-impulse-nsn-juke
https://hrrecordings.bandcamp.com/album/hypercube
https://hrrecordings.bandcamp.com/album/hyperpop-2
https://hrrecordings.bandcamp.com/album/hyperpop-2-part-2
https://hrrecordings.bandcamp.com/album/hyperpop-3
https://hrrecordings.bandcamp.com/album/ibiza
https://hrrecordings.bandcamp.com/album/idgaf
https://hrrecordings.bandcamp.com/album/im-discovering-days-of-my-life
https://hrrecordings.bandcamp.com/album/im-quitting-music-forever-ep
https://hrrecordings.bandcamp.com/album/io-io-field-rmx-92
https://hrrecordings.bandcamp.com/album/its-ep
https://hrrecordings.bandcamp.com/album/killaz
https://hrrecordings.bandcamp.com/album/leaded-pipe-data-malfunktion
https://hrrecordings.bandcamp.com/album/lets-transit-vol-1
https://hrrecordings.bandcamp.com/album/linear-extra-horizon
https://hrrecordings.bandcamp.com/album/live-in-chicago-2006
https://hrrecordings.bandcamp.com/album/loners-attitude
https://hrrecordings.bandcamp.com/album/low-pressure
https://hrrecordings.bandcamp.com/album/met-life-mix
https://hrrecordings.bandcamp.com/album/my-tru-feelings
https://hrrecordings.bandcamp.com/album/neet-autopsy-ep
https://hrrecordings.bandcamp.com/album/never
https://hrrecordings.bandcamp.com/album/no-subrange-ep
https://hrrecordings.bandcamp.com/album/nxcxtc-ep
https://hrrecordings.bandcamp.com/album/oppression-nodes
https://hrrecordings.bandcamp.com/album/pointless-living
https://hrrecordings.bandcamp.com/album/poyo-mix
https://hrrecordings.bandcamp.com/album/pretty-bitch
https://hrrecordings.bandcamp.com/album/puppy-cat-download-hamster-real
https://hrrecordings.bandcamp.com/album/pussy-angel
https://hrrecordings.bandcamp.com/album/really-cool-tracks
https://hrrecordings.bandcamp.com/album/reflective-asmr
https://hrrecordings.bandcamp.com/album/rejection-nondi
https://hrrecordings.bandcamp.com/album/rural-ghetto
https://hrrecordings.bandcamp.com/album/salted-light-ep
https://hrrecordings.bandcamp.com/album/scraps-ep
https://hrrecordings.bandcamp.com/album/seasalt-refraction-ep
https://hrrecordings.bandcamp.com/album/see-sun-vision-episodic-play
https://hrrecordings.bandcamp.com/album/seefall-ep
https://hrrecordings.bandcamp.com/album/selected-terri-works-2016-2016
https://hrrecordings.bandcamp.com/album/shadow
https://hrrecordings.bandcamp.com/album/shifting-blame
https://hrrecordings.bandcamp.com/album/sketches-and-memories
https://hrrecordings.bandcamp.com/album/soapy-series
https://hrrecordings.bandcamp.com/album/some-tracks
https://hrrecordings.bandcamp.com/album/soultek
https://hrrecordings.bandcamp.com/album/speedlove
https://hrrecordings.bandcamp.com/album/squishy-moments
https://hrrecordings.bandcamp.com/album/techno-for-women-bisexual-techno
https://hrrecordings.bandcamp.com/album/terri-howards-ep
https://hrrecordings.bandcamp.com/album/tough-science-ep
https://hrrecordings.bandcamp.com/album/trax-from-across-the-river
https://hrrecordings.bandcamp.com/album/tree-festival-broken-future
https://hrrecordings.bandcamp.com/album/untitled-ep
https://hrrecordings.bandcamp.com/album/vi
https://hrrecordings.bandcamp.com/album/worthless-mvp-been-drowned
https://hrrecordings.bandcamp.com/track/we-are-proud-to-announce
