https://skum.bandcamp.com/album/10-stone-swan-songs
https://skum.bandcamp.com/album/a-day-out-in-forest-fields
https://skum.bandcamp.com/album/a-public-homage-to-armitage-shanks
https://skum.bandcamp.com/album/a-requisite-thirst
https://skum.bandcamp.com/album/alien-landscapes
https://skum.bandcamp.com/album/all-decked-out
https://skum.bandcamp.com/album/apes-in-hell
https://skum.bandcamp.com/album/backmask-to-black
https://skum.bandcamp.com/album/backwards-widdershins-2xcd-disc-two-recorded-1982-1993-digitally-remastered-edited-2017
https://skum.bandcamp.com/album/best-worst-of-entirety
https://skum.bandcamp.com/album/black-light-and-the-sounds-within
https://skum.bandcamp.com/album/blood-lover-my-body-of-flesh
https://skum.bandcamp.com/album/digital-evidence
https://skum.bandcamp.com/album/displaced-space
https://skum.bandcamp.com/album/distractions-live-church-of-sound-nottm-19-06-14-includes-24-minute-bonus-track
https://skum.bandcamp.com/album/drowning-in-eternity-part-one
https://skum.bandcamp.com/album/earth-inferno-austin-osman-spare
https://skum.bandcamp.com/album/europa-dystopia
https://skum.bandcamp.com/album/f-ilte
https://skum.bandcamp.com/album/fist-fuckers-anonymous-first-last-assaults
https://skum.bandcamp.com/album/force-all-hands-to-pack
https://skum.bandcamp.com/album/gap-the-mind
https://skum.bandcamp.com/album/gash-under-a-different-banner
https://skum.bandcamp.com/album/geimhreadh
https://skum.bandcamp.com/album/gneostic
https://skum.bandcamp.com/album/godflush
https://skum.bandcamp.com/album/if-its-not-broke-break-it
https://skum.bandcamp.com/album/industry-punk
https://skum.bandcamp.com/album/infinite-beatnik
https://skum.bandcamp.com/album/infrastructure-of-skum
https://skum.bandcamp.com/album/kleine-schwarze-kleiderordnung
https://skum.bandcamp.com/album/laird-of-hell
https://skum.bandcamp.com/album/love-me-tender-love-me-to-death
https://skum.bandcamp.com/album/manacles
https://skum.bandcamp.com/album/mass-dysfunction
https://skum.bandcamp.com/album/missing-parts
https://skum.bandcamp.com/album/motherfucker-kostenloser-viren-eingeschlossen-werden-wenn-gestohlen
https://skum.bandcamp.com/album/musesick-anonymosity
https://skum.bandcamp.com/album/n-bac-leis-an-tarbh-anseo
https://skum.bandcamp.com/album/nowhere-fast-1-punk-4-the-homeless-bonus-tracks
https://skum.bandcamp.com/album/rubber-mind
https://skum.bandcamp.com/album/skum-of-the-earth
https://skum.bandcamp.com/album/soundtracks-for-the-aftermath-of-violence
https://skum.bandcamp.com/album/spitune-we-know-where-you-live
https://skum.bandcamp.com/album/stone-swan-songs
https://skum.bandcamp.com/album/stoning-saints
https://skum.bandcamp.com/album/swinging-lovers
https://skum.bandcamp.com/album/tears-of-ochre-one
https://skum.bandcamp.com/album/the-grey-era
https://skum.bandcamp.com/album/the-man-who-fixed-the-world
https://skum.bandcamp.com/album/the-paracusian-demonic-possession-society
https://skum.bandcamp.com/album/the-poor-geezers-patchwork-punk
https://skum.bandcamp.com/album/the-ritual-stage-livextrakts
https://skum.bandcamp.com/album/the-sadness-of-it-all
https://skum.bandcamp.com/album/thee-symbol-out-of-darkness-cometh-light
https://skum.bandcamp.com/album/thor-daye-logick
https://skum.bandcamp.com/album/unplugged-from-sentience
https://skum.bandcamp.com/album/unune-analogue-fixation-for-anal-retention
https://skum.bandcamp.com/album/unune-ayo-seo-hane
https://skum.bandcamp.com/album/unune-bi-polar-variables
https://skum.bandcamp.com/album/unune-fixing-up-the-aged
https://skum.bandcamp.com/album/unune-maid-with-cum-in-her-flaxen-hair
https://skum.bandcamp.com/album/unune-metathesis-misanthropy
https://skum.bandcamp.com/album/unune-pounding-the-flesh
https://skum.bandcamp.com/album/variations-in-disorder
https://skum.bandcamp.com/album/war-in-my-head
https://skum.bandcamp.com/album/what-on-earth
https://skum.bandcamp.com/album/whistle-down-the-wind
https://skum.bandcamp.com/album/whorls-apart
https://skum.bandcamp.com/album/widdershins-archives
https://skum.bandcamp.com/album/zen-for-the-deep-insider
https://skum.bandcamp.com/album/zyklon-pope
https://skum.bandcamp.com/track/ballade-de-la-coil-ternelle-2
https://skum.bandcamp.com/track/beauty-experimental-mix-extended
https://skum.bandcamp.com/track/berlin-wall-hadrians-wall
