https://ambidextrous.bandcamp.com/album/geek-mythology?label=3930492250&tab=music
https://apollonorth.bandcamp.com/album/crossing-the-atlantic?label=3930492250&tab=music
https://architectsofexistence.bandcamp.com/album/architects-of-existence?label=3930492250&tab=music
https://architectsofexistence.bandcamp.com/album/fragments-of-existence?label=3930492250&tab=music
https://architectsofexistence.bandcamp.com/album/three-deep-breaths?label=3930492250&tab=music
https://autumnofcommunion.bandcamp.com/album/autumn-of-communion-4-2?label=3930492250&tab=music
https://aythar.bandcamp.com/album/astronautica-2?label=3930492250&tab=music
https://aythar.bandcamp.com/album/cosmic-resonances-2?label=3930492250&tab=music
https://borislelong.bandcamp.com/album/fireflies-in-gondwana?label=3930492250&tab=music
https://carpesonum.bandcamp.com/album/a-frozen-stream
https://carpesonum.bandcamp.com/album/a-silent-movement
https://carpesonum.bandcamp.com/album/ack-now-ledge
https://carpesonum.bandcamp.com/album/ad-astra-per-musica
https://carpesonum.bandcamp.com/album/adversus-sonum-ne-loquitor
https://carpesonum.bandcamp.com/album/audio-ergo-sum
https://carpesonum.bandcamp.com/album/biomechanical
https://carpesonum.bandcamp.com/album/brain-storm-adventures-in-hypoxia
https://carpesonum.bandcamp.com/album/breathe
https://carpesonum.bandcamp.com/album/carpe-sonum-on-morning-sound-alternative
https://carpesonum.bandcamp.com/album/carpilation
https://carpesonum.bandcamp.com/album/chords-of-forgiveness
https://carpesonum.bandcamp.com/album/cirrus-facts
https://carpesonum.bandcamp.com/album/daniel-pemberton-bedroom-30th-anniversary
https://carpesonum.bandcamp.com/album/downgliding
https://carpesonum.bandcamp.com/album/dum-spiro-audire
https://carpesonum.bandcamp.com/album/e60
https://carpesonum.bandcamp.com/album/ego-te-audio
https://carpesonum.bandcamp.com/album/elemental-studies
https://carpesonum.bandcamp.com/album/forgotten-world
https://carpesonum.bandcamp.com/album/in-musicorum-sanitas
https://carpesonum.bandcamp.com/album/indiana-drones
https://carpesonum.bandcamp.com/album/learn-to-hack
https://carpesonum.bandcamp.com/album/live-on-the-roadblog
https://carpesonum.bandcamp.com/album/memento-musiciere
https://carpesonum.bandcamp.com/album/multiverse-2
https://carpesonum.bandcamp.com/album/musica-inclinant-sed-non-obligant
https://carpesonum.bandcamp.com/album/musica-non-verba
https://carpesonum.bandcamp.com/album/new-space
https://carpesonum.bandcamp.com/album/octopus-4
https://carpesonum.bandcamp.com/album/ouija
https://carpesonum.bandcamp.com/album/our-stolen-wilderness-projector
https://carpesonum.bandcamp.com/album/pauca-sed-bona-a-nother-sampler-of-upcoming-releases
https://carpesonum.bandcamp.com/album/quantized-memories
https://carpesonum.bandcamp.com/album/quantum-worlds
https://carpesonum.bandcamp.com/album/r-chauff
https://carpesonum.bandcamp.com/album/rco-radical-chill-out
https://carpesonum.bandcamp.com/album/safe-travels
https://carpesonum.bandcamp.com/album/sampler-of-upcoming-releases
https://carpesonum.bandcamp.com/album/sinine-platoo
https://carpesonum.bandcamp.com/album/small-theater
https://carpesonum.bandcamp.com/album/soni-non-verba-a-sampler-of-currently-available-carpe-sonum-releases
https://carpesonum.bandcamp.com/album/sonitas-omnia-vincit
https://carpesonum.bandcamp.com/album/sonitus-liberabit-vos
https://carpesonum.bandcamp.com/album/sonus-ex-machina
https://carpesonum.bandcamp.com/album/spoke-of-several
https://carpesonum.bandcamp.com/album/the-in-sound-from-way-out
https://carpesonum.bandcamp.com/album/the-perfection-misguided
https://carpesonum.bandcamp.com/album/travelling-alone
https://carpesonum.bandcamp.com/album/veni-vidi-audivi
https://carpesonum.bandcamp.com/album/verba-volant-musica-manent
https://carpesonum.bandcamp.com/track/dave-on-electronic-air-11-29-25
https://carpesonum.bandcamp.com/track/dave-on-under-the-floorboards-11-29-25
https://chaircrusher.bandcamp.com/album/sinedub-other-numbers-2?label=3930492250&tab=music
https://cravagoide.bandcamp.com/album/arborea-remaster?label=3930492250&tab=music
https://davidmorley.bandcamp.com/album/the-origin-of-storms?label=3930492250&tab=music
https://dodovskidimitar.bandcamp.com/album/d-rive-2?label=3930492250&tab=music
https://dratmo.bandcamp.com/album/nubali-2?label=3930492250&tab=music
https://dratmo.bandcamp.com/album/to-you-humanity?label=3930492250&tab=music
https://dron.bandcamp.com/album/comm?label=3930492250&tab=music
https://dyad3.bandcamp.com/album/dormant-expanded-edition?label=3930492250&tab=music
https://ethernetmusic.bandcamp.com/album/eternal-flame-2?label=3930492250&tab=music
https://ethernetmusic.bandcamp.com/album/outside-of-time-2?label=3930492250&tab=music
https://faexoptim.bandcamp.com/album/lets-pretend?label=3930492250&tab=music
https://faexoptim.bandcamp.com/album/look-around-you?label=3930492250&tab=music
https://faexoptim.bandcamp.com/album/tris-kai-dek-a-pho-bi-a?label=3930492250&tab=music
https://faru.bandcamp.com/album/utasava?label=3930492250&tab=music
https://futureresearchtechnology.bandcamp.com/album/3-6-9?label=3930492250&tab=music
https://gabriellemar.bandcamp.com/album/berlin-guitar?label=3930492250&tab=music
https://gabriellemar.bandcamp.com/album/into-sonic-states-compact-disc?label=3930492250&tab=music
https://gabriellemar.bandcamp.com/album/shared-fictions-beatless-version?label=3930492250&tab=music
https://gabriellemar.bandcamp.com/album/shared-fictions?label=3930492250&tab=music
https://gapfield.bandcamp.com/album/sending-the-past?label=3930492250&tab=music
https://glasslocus.bandcamp.com/album/escapism-2?label=3930492250&tab=music
https://jacobnewman.bandcamp.com/album/biospherica?label=3930492250&tab=music
https://kenneth-werner.bandcamp.com/album/10-views-from-a-different-angle?label=3930492250&tab=music
https://khamsakhala.bandcamp.com/album/room-with-no-walls?label=3930492250&tab=music
https://krystianshek.bandcamp.com/album/al-q-hirah?label=3930492250&tab=music
https://krystianshek.bandcamp.com/album/celestial-court?label=3930492250&tab=music
https://krystianshek.bandcamp.com/album/despite-our-silence?label=3930492250&tab=music
https://krystianshek.bandcamp.com/album/love?label=3930492250&tab=music
https://krystianshek.bandcamp.com/album/sometimes-not?label=3930492250&tab=music
https://krystianshek.bandcamp.com/album/what-was-before?label=3930492250&tab=music
https://leeanthonynorrisporyahatami.bandcamp.com/album/the-longing-daylight-3?label=3930492250&tab=music
https://lingualustra.bandcamp.com/album/holo-deep?label=3930492250&tab=music
https://lingualustra.bandcamp.com/album/portal?label=3930492250&tab=music
https://memexemem.bandcamp.com/album/memory-index?label=3930492250&tab=music
https://mickchillage.bandcamp.com/album/between-the-endless-silence?label=3930492250&tab=music
https://mickchillage.bandcamp.com/album/m-odes?label=3930492250&tab=music
https://mickchillage.bandcamp.com/album/saudade-2?label=3930492250&tab=music
https://mickchillage.bandcamp.com/album/variants-of-perception-2?label=3930492250&tab=music
https://middlemarch.bandcamp.com/album/the-mirror-and-the-light?label=3930492250&tab=music
https://mossgarden1.bandcamp.com/album/in-the-silence-of-the-subconscious-3?label=3930492250&tab=music
https://motionfield.bandcamp.com/album/capsula?label=3930492250&tab=music
https://multicast.bandcamp.com/album/bahian-coastal-highway?label=3930492250&tab=music
https://multicast.bandcamp.com/album/travelogue?label=3930492250&tab=music
https://nachtplank.bandcamp.com/album/alien-2?label=3930492250&tab=music
https://offland.bandcamp.com/album/afterglow-relics?label=3930492250&tab=music
https://offland.bandcamp.com/album/excursion?label=3930492250&tab=music
https://offland.bandcamp.com/album/relics?label=3930492250&tab=music
https://patientuk.bandcamp.com/album/vintage?label=3930492250&tab=music
https://qstmusic.bandcamp.com/album/collecting-space?label=3930492250&tab=music
https://simatthews.bandcamp.com/album/across-the-ether?label=3930492250&tab=music
https://simatthews.bandcamp.com/album/tales-of-ten-worlds-2?label=3930492250&tab=music
https://slowlydrifting.bandcamp.com/album/a-tremendous-river?label=3930492250&tab=music
https://socratako.bandcamp.com/album/sc-tk?label=3930492250&tab=music
https://solipsism.bandcamp.com/album/kismet?label=3930492250&tab=music
https://spacetimecontinuumitsowninfiniteflower.bandcamp.com/album/empress-eyes-compact-disc?label=3930492250&tab=music
https://spectacieraarbee.bandcamp.com/album/unified-formations?label=3930492250&tab=music
https://svenkoesslerandsimatthews.bandcamp.com/album/bridges-to-sechura?label=3930492250&tab=music
https://umlaut.bandcamp.com/album/the-sacred-drift?label=3930492250&tab=music
https://umlaut.bandcamp.com/album/vasco-da-gama?label=3930492250&tab=music
https://urbanmeditation.bandcamp.com/album/20-years-in-space?label=3930492250&tab=music
https://urbanmeditation.bandcamp.com/album/headspace-3?label=3930492250&tab=music
