https://smnl.bandcamp.com/album/bacillariophyceae
https://smnl.bandcamp.com/album/beginning-again
https://smnl.bandcamp.com/album/collision-energy-of-8tev
https://smnl.bandcamp.com/album/drift
https://smnl.bandcamp.com/album/granular-synthesis-vol-i
https://smnl.bandcamp.com/album/granular-synthesis-vol-ii
https://smnl.bandcamp.com/album/granular-synthesis-vol-iii
https://smnl.bandcamp.com/album/granular-synthesis-vol-iv
https://smnl.bandcamp.com/album/hollow-mounds
https://smnl.bandcamp.com/album/images-became-meta-images-additive-synthesis-vol-iii
https://smnl.bandcamp.com/album/kozmoszi-nek
https://smnl.bandcamp.com/album/le-monde-dans-une-chambre-vide
https://smnl.bandcamp.com/album/like-the-sleeves-of-a-silken-pajama-additive-synthesis-vol-i
https://smnl.bandcamp.com/album/minimal-hour
https://smnl.bandcamp.com/album/minimal-hour-ii
https://smnl.bandcamp.com/album/observations-in-staticism-and-noise-volume-1
https://smnl.bandcamp.com/album/quantum-degeneracy-pressure-i-chandrasekhar-limit
https://smnl.bandcamp.com/album/quantum-degeneracy-pressure-ii-tov-limit
https://smnl.bandcamp.com/album/quantum-degeneracy-pressure-iii-fermi-dirac-statistics
https://smnl.bandcamp.com/album/quantum-degeneracy-pressure-iv-b-e-statistics
https://smnl.bandcamp.com/album/quantum-degeneracy-pressure-v-quark-star
https://smnl.bandcamp.com/album/quantum-degeneracy-pressure-vi-preon-star
https://smnl.bandcamp.com/album/schwarzschild-radius
https://smnl.bandcamp.com/album/solace-in-constancy-and-solitude-volume-1
https://smnl.bandcamp.com/album/solace-in-constancy-and-solitude-volume-2
https://smnl.bandcamp.com/album/spirit-of-lonely-places-volume-1
https://smnl.bandcamp.com/album/spirit-of-lonely-places-volume-2
https://smnl.bandcamp.com/album/static-hyperparallelism-in-hjelmslev-transformations-of-the-klein-model
https://smnl.bandcamp.com/album/study-on-perception-and-stochastic-processes-spaces-lines-shapes-densities
https://smnl.bandcamp.com/album/the-rain-that-falls-secretly-and-soundlessly-additive-synthesis-vol-ii
