https://coppicehalifax.bandcamp.com/album/111
https://coppicehalifax.bandcamp.com/album/1983-edition-iv-triptych
https://coppicehalifax.bandcamp.com/album/1983-expanded-reissue
https://coppicehalifax.bandcamp.com/album/333-sol
https://coppicehalifax.bandcamp.com/album/a-blue-fume
https://coppicehalifax.bandcamp.com/album/a-t
https://coppicehalifax.bandcamp.com/album/ab1-ganymede-icecaps
https://coppicehalifax.bandcamp.com/album/ab10-beach-glass
https://coppicehalifax.bandcamp.com/album/ab11-dry-seasons
https://coppicehalifax.bandcamp.com/album/ab12-endless-dusk
https://coppicehalifax.bandcamp.com/album/ab2-porcelain-surfaces
https://coppicehalifax.bandcamp.com/album/ab3-red-valerian
https://coppicehalifax.bandcamp.com/album/ab4-falling-ovals
https://coppicehalifax.bandcamp.com/album/ab5-southland-mirror
https://coppicehalifax.bandcamp.com/album/ab6-cinnamon-smoke
https://coppicehalifax.bandcamp.com/album/ab7-pine-yellow
https://coppicehalifax.bandcamp.com/album/ab8-submarine-green
https://coppicehalifax.bandcamp.com/album/ab9-blackforest-dirt
https://coppicehalifax.bandcamp.com/album/abx10
https://coppicehalifax.bandcamp.com/album/accumulation-dubs
https://coppicehalifax.bandcamp.com/album/aerate
https://coppicehalifax.bandcamp.com/album/aeriformic-forests
https://coppicehalifax.bandcamp.com/album/alkemiisto
https://coppicehalifax.bandcamp.com/album/amaso-accumulation
https://coppicehalifax.bandcamp.com/album/amber-castles
https://coppicehalifax.bandcamp.com/album/ambusilicate
https://coppicehalifax.bandcamp.com/album/an-extract-of-keystone-flowers
https://coppicehalifax.bandcamp.com/album/analog-botany-compleat
https://coppicehalifax.bandcamp.com/album/analog-botany-expanded-compleat
https://coppicehalifax.bandcamp.com/album/ankora-still
https://coppicehalifax.bandcamp.com/album/anstatauo-replacement
https://coppicehalifax.bandcamp.com/album/antidote
https://coppicehalifax.bandcamp.com/album/appleblue-dram
https://coppicehalifax.bandcamp.com/album/appleviolet
https://coppicehalifax.bandcamp.com/album/ar-ento-dormo-silver-sleeping
https://coppicehalifax.bandcamp.com/album/arbaro-liberigo
https://coppicehalifax.bandcamp.com/album/arborists-excavations
https://coppicehalifax.bandcamp.com/album/arctic-liner-disintegration-expanded
https://coppicehalifax.bandcamp.com/album/argentine-confiture
https://coppicehalifax.bandcamp.com/album/armerio-sea-pink
https://coppicehalifax.bandcamp.com/album/aro-set
https://coppicehalifax.bandcamp.com/album/ash-cloak
https://coppicehalifax.bandcamp.com/album/astral-salons-cobalt-phase
https://coppicehalifax.bandcamp.com/album/astral-salons-compleat
https://coppicehalifax.bandcamp.com/album/astral-salons-phase-1
https://coppicehalifax.bandcamp.com/album/astral-salons-phase-2
https://coppicehalifax.bandcamp.com/album/astral-salons-phase-3
https://coppicehalifax.bandcamp.com/album/astral-salons-phase-4
https://coppicehalifax.bandcamp.com/album/astral-salons-phase-5
https://coppicehalifax.bandcamp.com/album/astral-salons-phase-6
https://coppicehalifax.bandcamp.com/album/astral-salons-phase-7
https://coppicehalifax.bandcamp.com/album/astral-salons-phase-8
https://coppicehalifax.bandcamp.com/album/astral-salons-phase-9
https://coppicehalifax.bandcamp.com/album/astral-salons-quartz-phase
https://coppicehalifax.bandcamp.com/album/astral-salons-vermilion-phase
https://coppicehalifax.bandcamp.com/album/at-waters-edge
https://coppicehalifax.bandcamp.com/album/atendi-wait
https://coppicehalifax.bandcamp.com/album/aubreeze
https://coppicehalifax.bandcamp.com/album/auburn-botany
https://coppicehalifax.bandcamp.com/album/audioholistics
https://coppicehalifax.bandcamp.com/album/auroral-phases
https://coppicehalifax.bandcamp.com/album/autochromata
https://coppicehalifax.bandcamp.com/album/autochromata-ii
https://coppicehalifax.bandcamp.com/album/autochromata-iii
https://coppicehalifax.bandcamp.com/album/autochromata-iv
https://coppicehalifax.bandcamp.com/album/autumn-botany
https://coppicehalifax.bandcamp.com/album/autumn-contrast
https://coppicehalifax.bandcamp.com/album/autumn-excavation
https://coppicehalifax.bandcamp.com/album/baseband-dub
https://coppicehalifax.bandcamp.com/album/bcr-dub
https://coppicehalifax.bandcamp.com/album/bedroom-carpet
https://coppicehalifax.bandcamp.com/album/biorhexistasis
https://coppicehalifax.bandcamp.com/album/blue-air
https://coppicehalifax.bandcamp.com/album/blue-cloak
https://coppicehalifax.bandcamp.com/album/blue-compost
https://coppicehalifax.bandcamp.com/album/blue-shape
https://coppicehalifax.bandcamp.com/album/blue-shape-expanded-edition
https://coppicehalifax.bandcamp.com/album/blue-vale-snowdream
https://coppicehalifax.bandcamp.com/album/blueweather
https://coppicehalifax.bandcamp.com/album/by-a-river
https://coppicehalifax.bandcamp.com/album/c
https://coppicehalifax.bandcamp.com/album/cedar-mast
https://coppicehalifax.bandcamp.com/album/cedar-mast-axs-versions
https://coppicehalifax.bandcamp.com/album/cedar-mast-expanded-remastered
https://coppicehalifax.bandcamp.com/album/cedar-mast-reduced
https://coppicehalifax.bandcamp.com/album/cedar-mastodon-1
https://coppicehalifax.bandcamp.com/album/cedar-mastodon-2
https://coppicehalifax.bandcamp.com/album/cedar-mixes
https://coppicehalifax.bandcamp.com/album/chemist-cloak
https://coppicehalifax.bandcamp.com/album/chloroformic-forests
https://coppicehalifax.bandcamp.com/album/cirkauita-surrounded
https://coppicehalifax.bandcamp.com/album/cloudburst
https://coppicehalifax.bandcamp.com/album/cmr-pillar-excavation
https://coppicehalifax.bandcamp.com/album/cmx
https://coppicehalifax.bandcamp.com/album/cmx-ii
https://coppicehalifax.bandcamp.com/album/cmx-iii
https://coppicehalifax.bandcamp.com/album/cmx-iv
https://coppicehalifax.bandcamp.com/album/cmx-ix
https://coppicehalifax.bandcamp.com/album/cmx-v
https://coppicehalifax.bandcamp.com/album/cmx-vi
https://coppicehalifax.bandcamp.com/album/cmx-vii
https://coppicehalifax.bandcamp.com/album/cmx-viii
https://coppicehalifax.bandcamp.com/album/cmx-volumes-i-vii
https://coppicehalifax.bandcamp.com/album/cmx-volumes-viii-xv
https://coppicehalifax.bandcamp.com/album/cmx-x-remix-appendix
https://coppicehalifax.bandcamp.com/album/cmx-xi
https://coppicehalifax.bandcamp.com/album/cmx-xii
https://coppicehalifax.bandcamp.com/album/cmx-xiii
https://coppicehalifax.bandcamp.com/album/cmx-xiv
https://coppicehalifax.bandcamp.com/album/cmx-xv
https://coppicehalifax.bandcamp.com/album/coastal-reveries
https://coppicehalifax.bandcamp.com/album/collected-drone-works
https://coppicehalifax.bandcamp.com/album/compost-dub
https://coppicehalifax.bandcamp.com/album/composting-techniques-for-more-fruitful-gardening
https://coppicehalifax.bandcamp.com/album/coppice-halifax
https://coppicehalifax.bandcamp.com/album/cornucopiad
https://coppicehalifax.bandcamp.com/album/cubic-surf
https://coppicehalifax.bandcamp.com/album/cvx3
https://coppicehalifax.bandcamp.com/album/cyan-evaporant
https://coppicehalifax.bandcamp.com/album/da-rigo-continuation
https://coppicehalifax.bandcamp.com/album/de-sat-ph-apm
https://coppicehalifax.bandcamp.com/album/deep-earth-year-five-compleat
https://coppicehalifax.bandcamp.com/album/deep-earth-year-four-compleat
https://coppicehalifax.bandcamp.com/album/deep-earth-year-one-compleat
https://coppicehalifax.bandcamp.com/album/deep-earth-year-six-compleat
https://coppicehalifax.bandcamp.com/album/deep-earth-year-three-compleat
https://coppicehalifax.bandcamp.com/album/deep-earth-year-two-compleat
https://coppicehalifax.bandcamp.com/album/deep-works-2012-2016
https://coppicehalifax.bandcamp.com/album/deepwoods-mixture
https://coppicehalifax.bandcamp.com/album/depth-analysis
https://coppicehalifax.bandcamp.com/album/dilate-erode
https://coppicehalifax.bandcamp.com/album/disfalo-disintegration
https://coppicehalifax.bandcamp.com/album/disradii-emit
https://coppicehalifax.bandcamp.com/album/dissendilo-transmitter
https://coppicehalifax.bandcamp.com/album/distances
https://coppicehalifax.bandcamp.com/album/dunesurfer
https://coppicehalifax.bandcamp.com/album/dusk-lion
https://coppicehalifax.bandcamp.com/album/dusk-relict
https://coppicehalifax.bandcamp.com/album/dusk-versions
https://coppicehalifax.bandcamp.com/album/dusk-versions-10th-anniversary-expanded-remaster
https://coppicehalifax.bandcamp.com/album/dusty-acre
https://coppicehalifax.bandcamp.com/album/early-botany
https://coppicehalifax.bandcamp.com/album/earth-dub
https://coppicehalifax.bandcamp.com/album/earth-eraser
https://coppicehalifax.bandcamp.com/album/earthworks-compleat
https://coppicehalifax.bandcamp.com/album/earthworks-i
https://coppicehalifax.bandcamp.com/album/earthworks-ii
https://coppicehalifax.bandcamp.com/album/ebla-possible
https://coppicehalifax.bandcamp.com/album/ebleco-possibility
https://coppicehalifax.bandcamp.com/album/electric-fields
https://coppicehalifax.bandcamp.com/album/elektro-electricity
https://coppicehalifax.bandcamp.com/album/eluvian
https://coppicehalifax.bandcamp.com/album/eluvian-ii
https://coppicehalifax.bandcamp.com/album/endless-acre
https://coppicehalifax.bandcamp.com/album/ero-part
https://coppicehalifax.bandcamp.com/album/etchings-in-rust
https://coppicehalifax.bandcamp.com/album/evapour-version
https://coppicehalifax.bandcamp.com/album/familiar-shores-2
https://coppicehalifax.bandcamp.com/album/ferine-alembix-cide-a
https://coppicehalifax.bandcamp.com/album/ferine-alembix-cide-b
https://coppicehalifax.bandcamp.com/album/ferine-alembix-cide-c
https://coppicehalifax.bandcamp.com/album/ferine-alembix-cide-d
https://coppicehalifax.bandcamp.com/album/ferrolog
https://coppicehalifax.bandcamp.com/album/filtered-artifacts
https://coppicehalifax.bandcamp.com/album/filtered-artifacts-ii
https://coppicehalifax.bandcamp.com/album/filtered-artifacts-iii
https://coppicehalifax.bandcamp.com/album/fissured-beach
https://coppicehalifax.bandcamp.com/album/floodlights
https://coppicehalifax.bandcamp.com/album/foresto-absence
https://coppicehalifax.bandcamp.com/album/forgesita-forgotten
https://coppicehalifax.bandcamp.com/album/forlaso-abandonment
https://coppicehalifax.bandcamp.com/album/gemstones-in-ice
https://coppicehalifax.bandcamp.com/album/glacial-fortress
https://coppicehalifax.bandcamp.com/album/glissandic
https://coppicehalifax.bandcamp.com/album/golden-compost
https://coppicehalifax.bandcamp.com/album/green-compost
https://coppicehalifax.bandcamp.com/album/green-pharming
https://coppicehalifax.bandcamp.com/album/green-shade
https://coppicehalifax.bandcamp.com/album/green-shape
https://coppicehalifax.bandcamp.com/album/green-shape-complete-sessions-i-ii-iii
https://coppicehalifax.bandcamp.com/album/green-shape-ii
https://coppicehalifax.bandcamp.com/album/green-shape-iii
https://coppicehalifax.bandcamp.com/album/grey-shape
https://coppicehalifax.bandcamp.com/album/growth-markers-phase-six-rhythmic-processing-recontextualization
https://coppicehalifax.bandcamp.com/album/gs-3a3x
https://coppicehalifax.bandcamp.com/album/h-c-r
https://coppicehalifax.bandcamp.com/album/halifaxian
https://coppicehalifax.bandcamp.com/album/halifaxian-cantos-i
https://coppicehalifax.bandcamp.com/album/halifaxian-cantos-ii
https://coppicehalifax.bandcamp.com/album/halifaxian-cantos-iii
https://coppicehalifax.bandcamp.com/album/halifaxian-cantos-iv
https://coppicehalifax.bandcamp.com/album/harvesters-dub
https://coppicehalifax.bandcamp.com/album/heavy-orbit
https://coppicehalifax.bandcamp.com/album/heavy-orbit-m31
https://coppicehalifax.bandcamp.com/album/hexad-lands
https://coppicehalifax.bandcamp.com/album/high-hawaiian-fog-lp-version
https://coppicehalifax.bandcamp.com/album/high-lights
https://coppicehalifax.bandcamp.com/album/hightide-crush
https://coppicehalifax.bandcamp.com/album/ianthine-fruits
https://coppicehalifax.bandcamp.com/album/ice-forest
https://coppicehalifax.bandcamp.com/album/iced-white
https://coppicehalifax.bandcamp.com/album/ielarko-rainbow
https://coppicehalifax.bandcamp.com/album/imperial-grey
https://coppicehalifax.bandcamp.com/album/inland-by-night
https://coppicehalifax.bandcamp.com/album/inland-by-night-10th-anniversary-expanded-reissue
https://coppicehalifax.bandcamp.com/album/interkovris-overlapped
https://coppicehalifax.bandcamp.com/album/into-fog
https://coppicehalifax.bandcamp.com/album/inundis-flood
https://coppicehalifax.bandcamp.com/album/irondrum-dub
https://coppicehalifax.bandcamp.com/album/iunokta-pluvo-nightly-rain
https://coppicehalifax.bandcamp.com/album/jel-gun
https://coppicehalifax.bandcamp.com/album/kadro-frame
https://coppicehalifax.bandcamp.com/album/kolizii-collisions
https://coppicehalifax.bandcamp.com/album/komenca-initial
https://coppicehalifax.bandcamp.com/album/kosma-cosmic
https://coppicehalifax.bandcamp.com/album/kurento-current
https://coppicehalifax.bandcamp.com/album/leaf-cloak
https://coppicehalifax.bandcamp.com/album/leaf-cloak-tenth-anniversary-compleat
https://coppicehalifax.bandcamp.com/album/linio-line
https://coppicehalifax.bandcamp.com/album/lioness
https://coppicehalifax.bandcamp.com/album/lioness-ii
https://coppicehalifax.bandcamp.com/album/litho
https://coppicehalifax.bandcamp.com/album/lowlights
https://coppicehalifax.bandcamp.com/album/lusts-nightly-glories
https://coppicehalifax.bandcamp.com/album/m-s-d
https://coppicehalifax.bandcamp.com/album/m31
https://coppicehalifax.bandcamp.com/album/malaperis-disappeared
https://coppicehalifax.bandcamp.com/album/malplena-empty
https://coppicehalifax.bandcamp.com/album/malsekeco-moisture
https://coppicehalifax.bandcamp.com/album/marais
https://coppicehalifax.bandcamp.com/album/marakvo-seawater
https://coppicehalifax.bandcamp.com/album/marine-halide
https://coppicehalifax.bandcamp.com/album/mastodon-dub
https://coppicehalifax.bandcamp.com/album/memory-maker-the-analog-botany-mixes
https://coppicehalifax.bandcamp.com/album/mensogema-absent-mind
https://coppicehalifax.bandcamp.com/album/midnight-snax
https://coppicehalifax.bandcamp.com/album/midnight-snax-remastered-expanded
https://coppicehalifax.bandcamp.com/album/midsummer-acre
https://coppicehalifax.bandcamp.com/album/migration
https://coppicehalifax.bandcamp.com/album/milk-quaaludes
https://coppicehalifax.bandcamp.com/album/milkwhite-plastic-galaxy-maker
https://coppicehalifax.bandcamp.com/album/milkwhite-plastic-galaxy-maker-expanded-reissue
https://coppicehalifax.bandcamp.com/album/mistmorning
https://coppicehalifax.bandcamp.com/album/mm14-fx
https://coppicehalifax.bandcamp.com/album/monument
https://coppicehalifax.bandcamp.com/album/moss-and-green
https://coppicehalifax.bandcamp.com/album/mountain-interval
https://coppicehalifax.bandcamp.com/album/my-earths
https://coppicehalifax.bandcamp.com/album/narcotic-months
https://coppicehalifax.bandcamp.com/album/naskigi-to-be-born
https://coppicehalifax.bandcamp.com/album/nepenthesol
https://coppicehalifax.bandcamp.com/album/night-soil
https://coppicehalifax.bandcamp.com/album/nights-drunken-splendour
https://coppicehalifax.bandcamp.com/album/nights-moisture
https://coppicehalifax.bandcamp.com/album/nitrous-oxide-loops
https://coppicehalifax.bandcamp.com/album/nokto-sen-esa-night-unending
https://coppicehalifax.bandcamp.com/album/ocean-lion
https://coppicehalifax.bandcamp.com/album/ocean-lion-ii
https://coppicehalifax.bandcamp.com/album/ocean-lion-iii-part-one
https://coppicehalifax.bandcamp.com/album/ocean-lion-iii-part-three
https://coppicehalifax.bandcamp.com/album/ocean-lion-iii-part-two
https://coppicehalifax.bandcamp.com/album/ocean-lion-iv
https://coppicehalifax.bandcamp.com/album/ocean-lion-mml040
https://coppicehalifax.bandcamp.com/album/ocean-lion-mml066
https://coppicehalifax.bandcamp.com/album/okazi-enkorpigita
https://coppicehalifax.bandcamp.com/album/okcidenta-west
https://coppicehalifax.bandcamp.com/album/ombro-shadow
https://coppicehalifax.bandcamp.com/album/ondoj-waves
https://coppicehalifax.bandcamp.com/album/opal-droned
https://coppicehalifax.bandcamp.com/album/orange-compost
https://coppicehalifax.bandcamp.com/album/outpost
https://coppicehalifax.bandcamp.com/album/ovo-egg
https://coppicehalifax.bandcamp.com/album/pacific-opal-hex
https://coppicehalifax.bandcamp.com/album/pawleys-island
https://coppicehalifax.bandcamp.com/album/pawleys-island-10th-anniversary-dub
https://coppicehalifax.bandcamp.com/album/perfume-triad
https://coppicehalifax.bandcamp.com/album/pharmlands-complete-sessions
https://coppicehalifax.bandcamp.com/album/pharmlands-ii-cide-a
https://coppicehalifax.bandcamp.com/album/pharmlands-ii-cide-b
https://coppicehalifax.bandcamp.com/album/pharmlands-ii-cide-c
https://coppicehalifax.bandcamp.com/album/pharmlands-ii-cide-d
https://coppicehalifax.bandcamp.com/album/pharmlands-ii-complete-sessions
https://coppicehalifax.bandcamp.com/album/photo-fluor
https://coppicehalifax.bandcamp.com/album/photostasis
https://coppicehalifax.bandcamp.com/album/photovoltaic-fragments
https://coppicehalifax.bandcamp.com/album/phyllex-1-greenpaint
https://coppicehalifax.bandcamp.com/album/phyllex-2-greenfilter
https://coppicehalifax.bandcamp.com/album/phyllex-3-greencarpet
https://coppicehalifax.bandcamp.com/album/phyllex-4-greenspace
https://coppicehalifax.bandcamp.com/album/phyllex-5-greensmoke
https://coppicehalifax.bandcamp.com/album/pink-acre
https://coppicehalifax.bandcamp.com/album/pink-acre-plastic-acre
https://coppicehalifax.bandcamp.com/album/plastic-acre
https://coppicehalifax.bandcamp.com/album/pol-secondo
https://coppicehalifax.bandcamp.com/album/polysom
https://coppicehalifax.bandcamp.com/album/porch-compost-in-ash
https://coppicehalifax.bandcamp.com/album/porch-compost-in-shade
https://coppicehalifax.bandcamp.com/album/porch-hash-v-c-green-thursday-rehash
https://coppicehalifax.bandcamp.com/album/porch-hash-variations-cide-a
https://coppicehalifax.bandcamp.com/album/porch-hash-variations-cide-b
https://coppicehalifax.bandcamp.com/album/port-lux
https://coppicehalifax.bandcamp.com/album/post-process
https://coppicehalifax.bandcamp.com/album/postscript
https://coppicehalifax.bandcamp.com/album/profunda-ministo-deep-mining
https://coppicehalifax.bandcamp.com/album/prova-o-test
https://coppicehalifax.bandcamp.com/album/pulverizer
https://coppicehalifax.bandcamp.com/album/q-trax
https://coppicehalifax.bandcamp.com/album/quinth
https://coppicehalifax.bandcamp.com/album/radians
https://coppicehalifax.bandcamp.com/album/radians-10th-anniversary-expanded-remaster
https://coppicehalifax.bandcamp.com/album/raft
https://coppicehalifax.bandcamp.com/album/raft-and-river-tenth-anniversary-compleat
https://coppicehalifax.bandcamp.com/album/rainthaw
https://coppicehalifax.bandcamp.com/album/rainwater-chrestomathiad
https://coppicehalifax.bandcamp.com/album/reclaimed-acres
https://coppicehalifax.bandcamp.com/album/recollected-vagaries-phase-i
https://coppicehalifax.bandcamp.com/album/recollected-vagaries-phase-ii
https://coppicehalifax.bandcamp.com/album/reflector-10th-anniversary-expanded-remaster
https://coppicehalifax.bandcamp.com/album/refocus-ii
https://coppicehalifax.bandcamp.com/album/rekursia-recursive
https://coppicehalifax.bandcamp.com/album/remedial-botany
https://coppicehalifax.bandcamp.com/album/renkonti-to-meet
https://coppicehalifax.bandcamp.com/album/retrosciigo-feedback
https://coppicehalifax.bandcamp.com/album/ritmo-en-fokuso-rhythm-in-focus
https://coppicehalifax.bandcamp.com/album/river-mural
https://coppicehalifax.bandcamp.com/album/river-tableaux
https://coppicehalifax.bandcamp.com/album/riverblue
https://coppicehalifax.bandcamp.com/album/riverblur
https://coppicehalifax.bandcamp.com/album/roralaxis
https://coppicehalifax.bandcamp.com/album/sacral-phases
https://coppicehalifax.bandcamp.com/album/saturigo-saturation
https://coppicehalifax.bandcamp.com/album/sea-leveler
https://coppicehalifax.bandcamp.com/album/seas
https://coppicehalifax.bandcamp.com/album/seas-2
https://coppicehalifax.bandcamp.com/album/sediments-reclaimed
https://coppicehalifax.bandcamp.com/album/sen-without
https://coppicehalifax.bandcamp.com/album/ser-i-to-seek
https://coppicehalifax.bandcamp.com/album/serurtruo-keyhole
https://coppicehalifax.bandcamp.com/album/shades-of-night-in-green-minor
https://coppicehalifax.bandcamp.com/album/sift
https://coppicehalifax.bandcamp.com/album/silhouettes
https://coppicehalifax.bandcamp.com/album/silhouettes-ii
https://coppicehalifax.bandcamp.com/album/silver-compost
https://coppicehalifax.bandcamp.com/album/silverine
https://coppicehalifax.bandcamp.com/album/silverine-blueshade-mixes
https://coppicehalifax.bandcamp.com/album/silverine-milkwhite-mixes
https://coppicehalifax.bandcamp.com/album/singles
https://coppicehalifax.bandcamp.com/album/sinking-magenta
https://coppicehalifax.bandcamp.com/album/sleeping-under-furs
https://coppicehalifax.bandcamp.com/album/slosilo-key
https://coppicehalifax.bandcamp.com/album/slow-earth-ritual
https://coppicehalifax.bandcamp.com/album/smoke-recitation
https://coppicehalifax.bandcamp.com/album/sno-dreem
https://coppicehalifax.bandcamp.com/album/snow-vessel
https://coppicehalifax.bandcamp.com/album/soft-dirt-expanded
https://coppicehalifax.bandcamp.com/album/soft-shelter
https://coppicehalifax.bandcamp.com/album/softwater-pinwheel
https://coppicehalifax.bandcamp.com/album/sol-ii-variad
https://coppicehalifax.bandcamp.com/album/solus
https://coppicehalifax.bandcamp.com/album/solus-2
https://coppicehalifax.bandcamp.com/album/solus-3
https://coppicehalifax.bandcamp.com/album/solus-compleat
https://coppicehalifax.bandcamp.com/album/solus-variations
https://coppicehalifax.bandcamp.com/album/somx
https://coppicehalifax.bandcamp.com/album/south-sentral-positronix
https://coppicehalifax.bandcamp.com/album/spring-blend
https://coppicehalifax.bandcamp.com/album/springthaw-i
https://coppicehalifax.bandcamp.com/album/springthaw-ii
https://coppicehalifax.bandcamp.com/album/static-farm
https://coppicehalifax.bandcamp.com/album/static-pharming-year-one
https://coppicehalifax.bandcamp.com/album/static-pharming-year-two
https://coppicehalifax.bandcamp.com/album/static-physics
https://coppicehalifax.bandcamp.com/album/sublimated-ivorine-reagents
https://coppicehalifax.bandcamp.com/album/substak-procesis-1
https://coppicehalifax.bandcamp.com/album/substak-procesis-2
https://coppicehalifax.bandcamp.com/album/substak-procesis-3
https://coppicehalifax.bandcamp.com/album/subtropix
https://coppicehalifax.bandcamp.com/album/sufokita-drowned
https://coppicehalifax.bandcamp.com/album/sun-vessel
https://coppicehalifax.bandcamp.com/album/sunsoaked-dub
https://coppicehalifax.bandcamp.com/album/sunworn
https://coppicehalifax.bandcamp.com/album/tetrachromatisol
https://coppicehalifax.bandcamp.com/album/the-deep-tapes
https://coppicehalifax.bandcamp.com/album/the-dreaming-eye-buried-in-the-rainsoaked-valley
https://coppicehalifax.bandcamp.com/album/the-groundskeepers-almanac-2019-2020
https://coppicehalifax.bandcamp.com/album/the-invisible-subcontinent
https://coppicehalifax.bandcamp.com/album/the-mosaic-wind
https://coppicehalifax.bandcamp.com/album/the-revisionists-matterhorn-excavation
https://coppicehalifax.bandcamp.com/album/thrujack-dub
https://coppicehalifax.bandcamp.com/album/tigress
https://coppicehalifax.bandcamp.com/album/tone-canal-continent
https://coppicehalifax.bandcamp.com/album/tra-through
https://coppicehalifax.bandcamp.com/album/trans-vibro-across-vibration
https://coppicehalifax.bandcamp.com/album/transient-logics
https://coppicehalifax.bandcamp.com/album/transiro-transition
https://coppicehalifax.bandcamp.com/album/travelogue-botany-10th-anniversary-retrospective
https://coppicehalifax.bandcamp.com/album/treader-versions
https://coppicehalifax.bandcamp.com/album/u-p-b
https://coppicehalifax.bandcamp.com/album/umber-compost
https://coppicehalifax.bandcamp.com/album/unuopa-ojn-singles
https://coppicehalifax.bandcamp.com/album/urth-redux-volume-1
https://coppicehalifax.bandcamp.com/album/vagante-wandering
https://coppicehalifax.bandcamp.com/album/valley-filter-issue-no-0001
https://coppicehalifax.bandcamp.com/album/valley-filter-issue-no-0002
https://coppicehalifax.bandcamp.com/album/valley-filter-issue-no-0003
https://coppicehalifax.bandcamp.com/album/valley-filter-issue-no-0004
https://coppicehalifax.bandcamp.com/album/valley-filter-issue-no-0005
https://coppicehalifax.bandcamp.com/album/valley-filter-issue-no-0006
https://coppicehalifax.bandcamp.com/album/valley-filter-issue-no-0007
https://coppicehalifax.bandcamp.com/album/valley-filter-issue-no-0008
https://coppicehalifax.bandcamp.com/album/valley-filter-issue-no-0009
https://coppicehalifax.bandcamp.com/album/valley-filter-issue-no-0010
https://coppicehalifax.bandcamp.com/album/valley-filter-issue-no-0011
https://coppicehalifax.bandcamp.com/album/valley-filter-issue-no-0012
https://coppicehalifax.bandcamp.com/album/valley-filter-issue-no-0013
https://coppicehalifax.bandcamp.com/album/valley-filter-issue-no-0014
https://coppicehalifax.bandcamp.com/album/valley-filter-issue-no-0015
https://coppicehalifax.bandcamp.com/album/valley-filter-issue-no-0016
https://coppicehalifax.bandcamp.com/album/valley-filter-issue-no-0017
https://coppicehalifax.bandcamp.com/album/valley-filter-issue-no-0018
https://coppicehalifax.bandcamp.com/album/valley-filter-issue-no-0019
https://coppicehalifax.bandcamp.com/album/valley-filter-issue-no-0020
https://coppicehalifax.bandcamp.com/album/valley-filter-issue-no-0021
https://coppicehalifax.bandcamp.com/album/valley-filter-issue-no-0022
https://coppicehalifax.bandcamp.com/album/valley-filter-issue-no-0023
https://coppicehalifax.bandcamp.com/album/valley-filter-issue-no-0024
https://coppicehalifax.bandcamp.com/album/valley-filter-issue-no-0025
https://coppicehalifax.bandcamp.com/album/valley-filter-issue-no-0026
https://coppicehalifax.bandcamp.com/album/valley-filter-issue-no-0027
https://coppicehalifax.bandcamp.com/album/valley-filter-issue-no-0028
https://coppicehalifax.bandcamp.com/album/valley-filter-issue-no-0029
https://coppicehalifax.bandcamp.com/album/valley-filter-issue-no-0030
https://coppicehalifax.bandcamp.com/album/valley-filter-issue-no-0031
https://coppicehalifax.bandcamp.com/album/valley-filter-issue-no-0032
https://coppicehalifax.bandcamp.com/album/valley-filter-issue-no-0033
https://coppicehalifax.bandcamp.com/album/valley-filter-issue-no-0034
https://coppicehalifax.bandcamp.com/album/valley-filter-issue-no-0035
https://coppicehalifax.bandcamp.com/album/valley-filter-issue-no-0036
https://coppicehalifax.bandcamp.com/album/valley-in-repose
https://coppicehalifax.bandcamp.com/album/valleyfoam
https://coppicehalifax.bandcamp.com/album/vapor-acre
https://coppicehalifax.bandcamp.com/album/vaporized-forest-index
https://coppicehalifax.bandcamp.com/album/vaporized-forestry-commission
https://coppicehalifax.bandcamp.com/album/vaporous-post
https://coppicehalifax.bandcamp.com/album/varmo-warmth
https://coppicehalifax.bandcamp.com/album/varosha
https://coppicehalifax.bandcamp.com/album/veka-awake
https://coppicehalifax.bandcamp.com/album/verdant-acre-complete-box-set
https://coppicehalifax.bandcamp.com/album/verdant-acre-volume-five
https://coppicehalifax.bandcamp.com/album/verdant-acre-volume-four
https://coppicehalifax.bandcamp.com/album/verdant-acre-volume-one
https://coppicehalifax.bandcamp.com/album/verdant-acre-volume-six
https://coppicehalifax.bandcamp.com/album/verdant-acre-volume-three
https://coppicehalifax.bandcamp.com/album/verdant-acre-volume-two
https://coppicehalifax.bandcamp.com/album/verdant-compost
https://coppicehalifax.bandcamp.com/album/verdant-dusk
https://coppicehalifax.bandcamp.com/album/verdant-night
https://coppicehalifax.bandcamp.com/album/verdant-overgrowth
https://coppicehalifax.bandcamp.com/album/verdant-versions
https://coppicehalifax.bandcamp.com/album/vibrafoam-dub
https://coppicehalifax.bandcamp.com/album/vintra-mallumo-winter-darkness
https://coppicehalifax.bandcamp.com/album/vintro-winter
https://coppicehalifax.bandcamp.com/album/violet-compost
https://coppicehalifax.bandcamp.com/album/violet-cultivars
https://coppicehalifax.bandcamp.com/album/vojeto-path
https://coppicehalifax.bandcamp.com/album/voltaic
https://coppicehalifax.bandcamp.com/album/warm-earth-variations
https://coppicehalifax.bandcamp.com/album/white-pillar
https://coppicehalifax.bandcamp.com/album/white-pillar-compleat-sessions
https://coppicehalifax.bandcamp.com/album/white-pillar-ii
https://coppicehalifax.bandcamp.com/album/white-pillar-iii
https://coppicehalifax.bandcamp.com/album/white-pillar-iv
https://coppicehalifax.bandcamp.com/album/white-pillar-ix
https://coppicehalifax.bandcamp.com/album/white-pillar-recalled
https://coppicehalifax.bandcamp.com/album/white-pillar-v
https://coppicehalifax.bandcamp.com/album/white-pillar-vi
https://coppicehalifax.bandcamp.com/album/white-pillar-vii
https://coppicehalifax.bandcamp.com/album/white-pillar-viii
https://coppicehalifax.bandcamp.com/album/white-pillar-x
https://coppicehalifax.bandcamp.com/album/white-shape
https://coppicehalifax.bandcamp.com/album/whitehope
https://coppicehalifax.bandcamp.com/album/whitehope-compleat
https://coppicehalifax.bandcamp.com/album/whitehope-versions
https://coppicehalifax.bandcamp.com/album/whm-residual-mixes
https://coppicehalifax.bandcamp.com/album/window-cill
https://coppicehalifax.bandcamp.com/album/winter-arch
https://coppicehalifax.bandcamp.com/album/winter-blurring
https://coppicehalifax.bandcamp.com/album/winter-botany-10th-anniversary-retrospective
https://coppicehalifax.bandcamp.com/album/winterhearth-monolith
https://coppicehalifax.bandcamp.com/album/winterhope
https://coppicehalifax.bandcamp.com/album/winterthaw
https://coppicehalifax.bandcamp.com/album/worktop-dub
https://coppicehalifax.bandcamp.com/album/worktop-thrujack
https://coppicehalifax.bandcamp.com/album/woven
https://coppicehalifax.bandcamp.com/album/wpx-versions
https://coppicehalifax.bandcamp.com/album/yellow-compost
https://coppicehalifax.bandcamp.com/track/rx-25
https://coppicehalifax.bandcamp.com/track/rx-26
https://coppicehalifax.bandcamp.com/track/rx-27
https://coppicehalifax.bandcamp.com/track/rx-28
https://coppicehalifax.bandcamp.com/track/rx-29
https://coppicehalifax.bandcamp.com/track/rx-30
https://coppicehalifax.bandcamp.com/track/rx-31
https://coppicehalifax.bandcamp.com/track/rx-32
https://coppicehalifax.bandcamp.com/track/rx-33
https://coppicehalifax.bandcamp.com/track/rx-34
https://coppicehalifax.bandcamp.com/track/rx-35
https://coppicehalifax.bandcamp.com/track/rx-36
