https://ingentingkollektiva.bandcamp.com/album/a-flemish-visitor-2
https://ingentingkollektiva.bandcamp.com/album/an-anatomy-of-melancholy
https://ingentingkollektiva.bandcamp.com/album/aokigahara-the-black-sea-of-trees
https://ingentingkollektiva.bandcamp.com/album/dream-evocation-2
https://ingentingkollektiva.bandcamp.com/album/dream-vision-version-one
https://ingentingkollektiva.bandcamp.com/album/dream-vision-version-two
https://ingentingkollektiva.bandcamp.com/album/drowned-by-voices-somewhat-rather-slowly
https://ingentingkollektiva.bandcamp.com/album/elixir
https://ingentingkollektiva.bandcamp.com/album/fragments-of-night
https://ingentingkollektiva.bandcamp.com/album/gaspard-de-la-nuit
https://ingentingkollektiva.bandcamp.com/album/hares-bells
https://ingentingkollektiva.bandcamp.com/album/live-in-messina
https://ingentingkollektiva.bandcamp.com/album/live-in-santa-maria-delle-grazie-milano
https://ingentingkollektiva.bandcamp.com/album/lost-beyond-telling
https://ingentingkollektiva.bandcamp.com/album/night-vision
https://ingentingkollektiva.bandcamp.com/album/return-to-messina-and-death
https://ingentingkollektiva.bandcamp.com/album/so-with-their-eyes-as-only-to-weep-for
https://ingentingkollektiva.bandcamp.com/album/st-francis-receives-the-stigmata
https://ingentingkollektiva.bandcamp.com/album/the-castle-at-c-then
https://ingentingkollektiva.bandcamp.com/album/the-country-of-the-blind
https://ingentingkollektiva.bandcamp.com/album/the-eye-of-the-watching-sea
https://ingentingkollektiva.bandcamp.com/album/the-one-who-modifies-time-and-light
https://ingentingkollektiva.bandcamp.com/album/the-trail-loops-back
https://ingentingkollektiva.bandcamp.com/album/une-histoire-de-bleu
