https://richardramirez.bandcamp.com/album/-
https://richardramirez.bandcamp.com/album/100
https://richardramirez.bandcamp.com/album/1993
https://richardramirez.bandcamp.com/album/3
https://richardramirez.bandcamp.com/album/3-2
https://richardramirez.bandcamp.com/album/30-years-of-sado-obsessions
https://richardramirez.bandcamp.com/album/7
https://richardramirez.bandcamp.com/album/a-comme-assassino
https://richardramirez.bandcamp.com/album/a-crime-for-two
https://richardramirez.bandcamp.com/album/a-curious-way-to-love
https://richardramirez.bandcamp.com/album/a-dead-silence
https://richardramirez.bandcamp.com/album/a-disgrace-of-misfortune
https://richardramirez.bandcamp.com/album/a-drill
https://richardramirez.bandcamp.com/album/a-history-of-perversion
https://richardramirez.bandcamp.com/album/a-hyena-in-the-safe
https://richardramirez.bandcamp.com/album/a-kilencfark-macska
https://richardramirez.bandcamp.com/album/a-lizard-in-a-womans-skin
https://richardramirez.bandcamp.com/album/a-n-t-i
https://richardramirez.bandcamp.com/album/a-new-location
https://richardramirez.bandcamp.com/album/a-night-to-remember
https://richardramirez.bandcamp.com/album/a-sick-cow
https://richardramirez.bandcamp.com/album/a-study-in-dead-audio-tape
https://richardramirez.bandcamp.com/album/a-twisted-mind-sending-thoughts
https://richardramirez.bandcamp.com/album/above-the-madness-of-the-sky
https://richardramirez.bandcamp.com/album/accident-report
https://richardramirez.bandcamp.com/album/advisory-speed-limit
https://richardramirez.bandcamp.com/album/after-dinner-treat
https://richardramirez.bandcamp.com/album/all-of-our-thwarted-dreams
https://richardramirez.bandcamp.com/album/all-souls-day
https://richardramirez.bandcamp.com/album/all-that-matters
https://richardramirez.bandcamp.com/album/all-the-screams-of-silence
https://richardramirez.bandcamp.com/album/all-tied-up-and-nowhere-to-go
https://richardramirez.bandcamp.com/album/altering-activity
https://richardramirez.bandcamp.com/album/an-act-of-revenge
https://richardramirez.bandcamp.com/album/an-innocent-young-throat-cutter
https://richardramirez.bandcamp.com/album/an-l-summer
https://richardramirez.bandcamp.com/album/anallovers-1994-2017
https://richardramirez.bandcamp.com/album/anger-built-machine
https://richardramirez.bandcamp.com/album/animals-graciously-offered-their-facilities
https://richardramirez.bandcamp.com/album/anorexia-dada
https://richardramirez.bandcamp.com/album/anti
https://richardramirez.bandcamp.com/album/anti-music
https://richardramirez.bandcamp.com/album/antigenic-shift
https://richardramirez.bandcamp.com/album/anwar
https://richardramirez.bandcamp.com/album/anything-but-the-girl
https://richardramirez.bandcamp.com/album/apple
https://richardramirez.bandcamp.com/album/archived-2011-2022
https://richardramirez.bandcamp.com/album/as-wolves-watch
https://richardramirez.bandcamp.com/album/assassino-senza-volto
https://richardramirez.bandcamp.com/album/at-a-loss
https://richardramirez.bandcamp.com/album/at-midnight
https://richardramirez.bandcamp.com/album/atal-h-y-k
https://richardramirez.bandcamp.com/album/athlete
https://richardramirez.bandcamp.com/album/audio-negativism
https://richardramirez.bandcamp.com/album/aural-aversion-therapy
https://richardramirez.bandcamp.com/album/automatism
https://richardramirez.bandcamp.com/album/automatonophobia
https://richardramirez.bandcamp.com/album/b-ndage
https://richardramirez.bandcamp.com/album/babysitter
https://richardramirez.bandcamp.com/album/backlash-a-guide-to-the-porn-agenda
https://richardramirez.bandcamp.com/album/bacteria-2
https://richardramirez.bandcamp.com/album/bacteria-culture
https://richardramirez.bandcamp.com/album/badlands
https://richardramirez.bandcamp.com/album/baiser-du-soir
https://richardramirez.bandcamp.com/album/baptism-verse
https://richardramirez.bandcamp.com/album/barbed-wire-wrap
https://richardramirez.bandcamp.com/album/bathhouse
https://richardramirez.bandcamp.com/album/beat
https://richardramirez.bandcamp.com/album/becomes-the-scene-of-the-crime
https://richardramirez.bandcamp.com/album/bed-of-violent-desires
https://richardramirez.bandcamp.com/album/behind-enemy-lines
https://richardramirez.bandcamp.com/album/between-splendor-and-prison
https://richardramirez.bandcamp.com/album/beyond-the-door
https://richardramirez.bandcamp.com/album/big-machines-vol-2
https://richardramirez.bandcamp.com/album/birth-death
https://richardramirez.bandcamp.com/album/biskupia-g-rka
https://richardramirez.bandcamp.com/album/black-chapel
https://richardramirez.bandcamp.com/album/black-fire-by-two
https://richardramirez.bandcamp.com/album/black-glove-mania
https://richardramirez.bandcamp.com/album/black-kiss-first-plague
https://richardramirez.bandcamp.com/album/black-leather-jesus
https://richardramirez.bandcamp.com/album/black-leather-jesus-jsh
https://richardramirez.bandcamp.com/album/black-leather-jesus-richard-ramirez
https://richardramirez.bandcamp.com/album/black-ritual
https://richardramirez.bandcamp.com/album/black-sorrow
https://richardramirez.bandcamp.com/album/blackonblack
https://richardramirez.bandcamp.com/album/blackout
https://richardramirez.bandcamp.com/album/blacksex
https://richardramirez.bandcamp.com/album/blast-splendor
https://richardramirez.bandcamp.com/album/bless-258221
https://richardramirez.bandcamp.com/album/blindness
https://richardramirez.bandcamp.com/album/blonde-girl-number-42
https://richardramirez.bandcamp.com/album/blood-and-black-lace
https://richardramirez.bandcamp.com/album/blood-bank
https://richardramirez.bandcamp.com/album/blood-black-lace-the-girl-in-room-2a
https://richardramirez.bandcamp.com/album/blood-blood-blood
https://richardramirez.bandcamp.com/album/blood-drinkers
https://richardramirez.bandcamp.com/album/blood-libel
https://richardramirez.bandcamp.com/album/blood-mark
https://richardramirez.bandcamp.com/album/blood-offering
https://richardramirez.bandcamp.com/album/blood-portrait-no-1
https://richardramirez.bandcamp.com/album/blood-promises
https://richardramirez.bandcamp.com/album/blood-red-coming
https://richardramirez.bandcamp.com/album/blood-ritual-sol-s
https://richardramirez.bandcamp.com/album/blood-seed
https://richardramirez.bandcamp.com/album/blood-soaked-carpet
https://richardramirez.bandcamp.com/album/blood-song
https://richardramirez.bandcamp.com/album/blood-stained-lips-smell-of-blood
https://richardramirez.bandcamp.com/album/blood-tonight-in-room-2a
https://richardramirez.bandcamp.com/album/blood-verses
https://richardramirez.bandcamp.com/album/bloodbath
https://richardramirez.bandcamp.com/album/bloodletting
https://richardramirez.bandcamp.com/album/bloodrushes
https://richardramirez.bandcamp.com/album/bloodthirst-bloodlust
https://richardramirez.bandcamp.com/album/bloody-fragments-on-white-walls
https://richardramirez.bandcamp.com/album/blown-pa-performance
https://richardramirez.bandcamp.com/album/blues
https://richardramirez.bandcamp.com/album/body-count
https://richardramirez.bandcamp.com/album/body-in-the-lake
https://richardramirez.bandcamp.com/album/body-puzzle
https://richardramirez.bandcamp.com/album/bodycount-state
https://richardramirez.bandcamp.com/album/bodytalking
https://richardramirez.bandcamp.com/album/bog-queen
https://richardramirez.bandcamp.com/album/boggy-creek
https://richardramirez.bandcamp.com/album/bondage-mechanism
https://richardramirez.bandcamp.com/album/borders
https://richardramirez.bandcamp.com/album/bound-and-gagged
https://richardramirez.bandcamp.com/album/bouquet-messiah
https://richardramirez.bandcamp.com/album/bride-of-the-lamb
https://richardramirez.bandcamp.com/album/brides-of-blood
https://richardramirez.bandcamp.com/album/brides-of-blood-island
https://richardramirez.bandcamp.com/album/brides-of-the-beast
https://richardramirez.bandcamp.com/album/brilliant-extremes
https://richardramirez.bandcamp.com/album/bring-the-flood-waters
https://richardramirez.bandcamp.com/album/brothel-themes
https://richardramirez.bandcamp.com/album/bruises
https://richardramirez.bandcamp.com/album/bruit-vide
https://richardramirez.bandcamp.com/album/brut-de-brut
https://richardramirez.bandcamp.com/album/bukwas
https://richardramirez.bandcamp.com/album/bunkhouse
https://richardramirez.bandcamp.com/album/burn-nini-to-death
https://richardramirez.bandcamp.com/album/burned-into-the-worlds-memory
https://richardramirez.bandcamp.com/album/burning-sulfur
https://richardramirez.bandcamp.com/album/called-sada-abe
https://richardramirez.bandcamp.com/album/callg-rls66
https://richardramirez.bandcamp.com/album/calling-all-cars
https://richardramirez.bandcamp.com/album/candyblisters
https://richardramirez.bandcamp.com/album/carnal-contact
https://richardramirez.bandcamp.com/album/caste-system
https://richardramirez.bandcamp.com/album/casting-couch
https://richardramirez.bandcamp.com/album/cataclastic-fracture-vol-1
https://richardramirez.bandcamp.com/album/cataclastic-fracture-vol-2
https://richardramirez.bandcamp.com/album/catch
https://richardramirez.bandcamp.com/album/catch-the-murderer
https://richardramirez.bandcamp.com/album/catholic-celibate
https://richardramirez.bandcamp.com/album/catullus-16
https://richardramirez.bandcamp.com/album/cause-of-death
https://richardramirez.bandcamp.com/album/celebrate-madness
https://richardramirez.bandcamp.com/album/centerfold
https://richardramirez.bandcamp.com/album/certain-cruelty
https://richardramirez.bandcamp.com/album/chapeltown
https://richardramirez.bandcamp.com/album/chapter-1
https://richardramirez.bandcamp.com/album/chapter-2
https://richardramirez.bandcamp.com/album/chapter-3
https://richardramirez.bandcamp.com/album/chapter-4
https://richardramirez.bandcamp.com/album/charmer
https://richardramirez.bandcamp.com/album/cheap-wh-re-with-glittering-tongue
https://richardramirez.bandcamp.com/album/chelsea-darling
https://richardramirez.bandcamp.com/album/choking-hazard-small-parts
https://richardramirez.bandcamp.com/album/church-songs
https://richardramirez.bandcamp.com/album/ciak-si-muore
https://richardramirez.bandcamp.com/album/cinderella-goes-to-the-morgue-2
https://richardramirez.bandcamp.com/album/civilization-hysteria
https://richardramirez.bandcamp.com/album/claw
https://richardramirez.bandcamp.com/album/clinical-mishaps
https://richardramirez.bandcamp.com/album/close
https://richardramirez.bandcamp.com/album/closer
https://richardramirez.bandcamp.com/album/col-cuore-in-gola
https://richardramirez.bandcamp.com/album/collaboration-3
https://richardramirez.bandcamp.com/album/collaboration-6
https://richardramirez.bandcamp.com/album/collaborations
https://richardramirez.bandcamp.com/album/collaborations-1-2
https://richardramirez.bandcamp.com/album/commands-torture
https://richardramirez.bandcamp.com/album/communion
https://richardramirez.bandcamp.com/album/companionship-can-be-hard-to-find
https://richardramirez.bandcamp.com/album/concertare
https://richardramirez.bandcamp.com/album/concrete-textures-vol-1
https://richardramirez.bandcamp.com/album/concrete-textures-vol-2
https://richardramirez.bandcamp.com/album/concrete-verge
https://richardramirez.bandcamp.com/album/concussion-material-in-the-process
https://richardramirez.bandcamp.com/album/cottaging
https://richardramirez.bandcamp.com/album/count-me-out
https://richardramirez.bandcamp.com/album/cracked-paint
https://richardramirez.bandcamp.com/album/crash-at-every-speed-2
https://richardramirez.bandcamp.com/album/crash-burn
https://richardramirez.bandcamp.com/album/crash-site-3-killed-5-injured
https://richardramirez.bandcamp.com/album/crimes-of-the-black-cat
https://richardramirez.bandcamp.com/album/cross-bearer
https://richardramirez.bandcamp.com/album/crossburnt-2
https://richardramirez.bandcamp.com/album/crowded
https://richardramirez.bandcamp.com/album/cruel-map-of-womens-bodies-4
https://richardramirez.bandcamp.com/album/cruel-map-of-womens-bodies-5
https://richardramirez.bandcamp.com/album/cruel-map-of-womens-bodies-i
https://richardramirez.bandcamp.com/album/cruel-map-of-womens-bodies-ii
https://richardramirez.bandcamp.com/album/crystal-plumage
https://richardramirez.bandcamp.com/album/cultural-blockade
https://richardramirez.bandcamp.com/album/cursed-object
https://richardramirez.bandcamp.com/album/cuts-her-throat
https://richardramirez.bandcamp.com/album/d-dsf-lden
https://richardramirez.bandcamp.com/album/daniela-slitting
https://richardramirez.bandcamp.com/album/dark-night-of-the-scarecrow-2
https://richardramirez.bandcamp.com/album/dark-purpose
https://richardramirez.bandcamp.com/album/day-of-the-zombies-day-of-the-rimmer
https://richardramirez.bandcamp.com/album/dead-body-love-werewolf-jerusalem
https://richardramirez.bandcamp.com/album/dead-but-laughing
https://richardramirez.bandcamp.com/album/dead-fetus-in-the-womb
https://richardramirez.bandcamp.com/album/dead-machines
https://richardramirez.bandcamp.com/album/dead-mans-curve
https://richardramirez.bandcamp.com/album/dead-now
https://richardramirez.bandcamp.com/album/deadly-sweet
https://richardramirez.bandcamp.com/album/death-and-the-maiden
https://richardramirez.bandcamp.com/album/death-arrives-at-midnight
https://richardramirez.bandcamp.com/album/death-before-midnight
https://richardramirez.bandcamp.com/album/death-calls-at-ten
https://richardramirez.bandcamp.com/album/death-has-no-sex
https://richardramirez.bandcamp.com/album/death-has-no-sex-3
https://richardramirez.bandcamp.com/album/death-has-no-sex-ii
https://richardramirez.bandcamp.com/album/death-of-the-chambermaid
https://richardramirez.bandcamp.com/album/death-of-the-handmaiden
https://richardramirez.bandcamp.com/album/death-walks-on-high-heels
https://richardramirez.bandcamp.com/album/deaths-from-the-hornets-nest
https://richardramirez.bandcamp.com/album/decay-heat
https://richardramirez.bandcamp.com/album/decaying-behavior
https://richardramirez.bandcamp.com/album/deceit
https://richardramirez.bandcamp.com/album/deconstructed-hand-device
https://richardramirez.bandcamp.com/album/delerium
https://richardramirez.bandcamp.com/album/deported-women-of-the-ss-special-section
https://richardramirez.bandcamp.com/album/depress-regress-vol-2
https://richardramirez.bandcamp.com/album/der-rote-kreis
https://richardramirez.bandcamp.com/album/destroys-the-music-of-the-haters
https://richardramirez.bandcamp.com/album/die-nacht-der-lebenden-toten
https://richardramirez.bandcamp.com/album/direct-response
https://richardramirez.bandcamp.com/album/disabled-senses-in-memory-of-luis-jimenez
https://richardramirez.bandcamp.com/album/diseased-translation-exploding-boys
https://richardramirez.bandcamp.com/album/dishonor
https://richardramirez.bandcamp.com/album/disrupted-courting
https://richardramirez.bandcamp.com/album/distant-fading
https://richardramirez.bandcamp.com/album/dive
https://richardramirez.bandcamp.com/album/document-iv
https://richardramirez.bandcamp.com/album/dogshit
https://richardramirez.bandcamp.com/album/dont
https://richardramirez.bandcamp.com/album/dont-answer-the-phone-dont-panic
https://richardramirez.bandcamp.com/album/dont-go-in-the-bedroom-dont-look-in-the-basement
https://richardramirez.bandcamp.com/album/dont-go-in-the-house-dont-go-near-the-park
https://richardramirez.bandcamp.com/album/dont-go-in-the-woods-alone-dont-scream
https://richardramirez.bandcamp.com/album/dont-look-now
https://richardramirez.bandcamp.com/album/dont-open-the-door-dont-go-to-sleep
https://richardramirez.bandcamp.com/album/dont-stop-on-my-account
https://richardramirez.bandcamp.com/album/double-creature-feature
https://richardramirez.bandcamp.com/album/dragging-meat-r-pe
https://richardramirez.bandcamp.com/album/drazewar
https://richardramirez.bandcamp.com/album/dressed-in-black-stripped-in-blood
https://richardramirez.bandcamp.com/album/drifter
https://richardramirez.bandcamp.com/album/drummer
https://richardramirez.bandcamp.com/album/drunkenm-nage-trois-iii
https://richardramirez.bandcamp.com/album/dull-knife-on-dirt-floor
https://richardramirez.bandcamp.com/album/dyatlov-pass
https://richardramirez.bandcamp.com/album/dying-to-have-a-good-time
https://richardramirez.bandcamp.com/album/e-v-b-2003-2006
https://richardramirez.bandcamp.com/album/early-morning-session
https://richardramirez.bandcamp.com/album/einsatzgruppenaktion
https://richardramirez.bandcamp.com/album/el-gato-de-9-colas
https://richardramirez.bandcamp.com/album/eldorado
https://richardramirez.bandcamp.com/album/elephant-minors
https://richardramirez.bandcamp.com/album/emetic
https://richardramirez.bandcamp.com/album/emetic-2
https://richardramirez.bandcamp.com/album/emmanuelle
https://richardramirez.bandcamp.com/album/empty-streets-stalker-lurking
https://richardramirez.bandcamp.com/album/en-noir-dans-lobscurit
https://richardramirez.bandcamp.com/album/escalofrio
https://richardramirez.bandcamp.com/album/escape-by-night
https://richardramirez.bandcamp.com/album/escorts-only
https://richardramirez.bandcamp.com/album/escuela-nocturna
https://richardramirez.bandcamp.com/album/etruscan
https://richardramirez.bandcamp.com/album/eurosleaze-tour-2023
https://richardramirez.bandcamp.com/album/event
https://richardramirez.bandcamp.com/album/evidence-of-a-struggle
https://richardramirez.bandcamp.com/album/excite-me
https://richardramirez.bandcamp.com/album/eye-contact-2
https://richardramirez.bandcamp.com/album/f-ck
https://richardramirez.bandcamp.com/album/face-the-natives
https://richardramirez.bandcamp.com/album/faith
https://richardramirez.bandcamp.com/album/false-alarm
https://richardramirez.bandcamp.com/album/false-machinery-loaded
https://richardramirez.bandcamp.com/album/family-portraits
https://richardramirez.bandcamp.com/album/fantom-killer
https://richardramirez.bandcamp.com/album/fatima-priest
https://richardramirez.bandcamp.com/album/faust
https://richardramirez.bandcamp.com/album/fear
https://richardramirez.bandcamp.com/album/feast-flesh
https://richardramirez.bandcamp.com/album/feast-live-worship
https://richardramirez.bandcamp.com/album/feast-of-psychotic-socialists
https://richardramirez.bandcamp.com/album/feast-of-the-black-nazarene
https://richardramirez.bandcamp.com/album/feedbareback
https://richardramirez.bandcamp.com/album/fifth-kill
https://richardramirez.bandcamp.com/album/fig-4-diver-1-who-died-on-the-spot
https://richardramirez.bandcamp.com/album/fig-6-diver-3-who-died-on-the-spot
https://richardramirez.bandcamp.com/album/filth
https://richardramirez.bandcamp.com/album/filth-is-the-only-language
https://richardramirez.bandcamp.com/album/fire-below-a-spread-seed
https://richardramirez.bandcamp.com/album/first-kill
https://richardramirez.bandcamp.com/album/first-love
https://richardramirez.bandcamp.com/album/first-you-destroy-their-faith
https://richardramirez.bandcamp.com/album/flesh
https://richardramirez.bandcamp.com/album/flesh-market
https://richardramirez.bandcamp.com/album/flowers-blood-red
https://richardramirez.bandcamp.com/album/forced-fem
https://richardramirez.bandcamp.com/album/forced-into-br-thels
https://richardramirez.bandcamp.com/album/forensic
https://richardramirez.bandcamp.com/album/forever-and-five-days
https://richardramirez.bandcamp.com/album/forge
https://richardramirez.bandcamp.com/album/fouke-ar
https://richardramirez.bandcamp.com/album/foxhole
https://richardramirez.bandcamp.com/album/french-sex-murders
https://richardramirez.bandcamp.com/album/frenchsex
https://richardramirez.bandcamp.com/album/frenzy-culture
https://richardramirez.bandcamp.com/album/from-ear-to-ear
https://richardramirez.bandcamp.com/album/from-the-wreckage
https://richardramirez.bandcamp.com/album/further-static-studies
https://richardramirez.bandcamp.com/album/futureozbek
https://richardramirez.bandcamp.com/album/gashes
https://richardramirez.bandcamp.com/album/gathering-broadcasts
https://richardramirez.bandcamp.com/album/gauze
https://richardramirez.bandcamp.com/album/gelt-trade
https://richardramirez.bandcamp.com/album/gender-sabotage
https://richardramirez.bandcamp.com/album/gender-studies
https://richardramirez.bandcamp.com/album/genny
https://richardramirez.bandcamp.com/album/gently-before-she-dies
https://richardramirez.bandcamp.com/album/gest-poss-x
https://richardramirez.bandcamp.com/album/gesture-language
https://richardramirez.bandcamp.com/album/gesture-language-vol-2
https://richardramirez.bandcamp.com/album/gifts-from-a-stranger
https://richardramirez.bandcamp.com/album/give-me-the-thorns
https://richardramirez.bandcamp.com/album/glorious-sadism-3-4
https://richardramirez.bandcamp.com/album/glorious-sadism-vol-1-2
https://richardramirez.bandcamp.com/album/god-has-shot-himself
https://richardramirez.bandcamp.com/album/gods-of-ceremony
https://richardramirez.bandcamp.com/album/good-efficient-butchery
https://richardramirez.bandcamp.com/album/gourmet-sh-t-scene
https://richardramirez.bandcamp.com/album/grainy-pictures
https://richardramirez.bandcamp.com/album/grand-guignol
https://richardramirez.bandcamp.com/album/grave-desires
https://richardramirez.bandcamp.com/album/graves-inn
https://richardramirez.bandcamp.com/album/great-american-death
https://richardramirez.bandcamp.com/album/great-reward
https://richardramirez.bandcamp.com/album/greatest-d-cks-iii
https://richardramirez.bandcamp.com/album/grid
https://richardramirez.bandcamp.com/album/groupies
https://richardramirez.bandcamp.com/album/half-asleep
https://richardramirez.bandcamp.com/album/halloween
https://richardramirez.bandcamp.com/album/handkerchief-code
https://richardramirez.bandcamp.com/album/hanging-cold-in-the-cellar
https://richardramirez.bandcamp.com/album/hard
https://richardramirez.bandcamp.com/album/hatchet
https://richardramirez.bandcamp.com/album/head-on-opposition
https://richardramirez.bandcamp.com/album/heat
https://richardramirez.bandcamp.com/album/heat-2
https://richardramirez.bandcamp.com/album/hecate
https://richardramirez.bandcamp.com/album/held
https://richardramirez.bandcamp.com/album/helena
https://richardramirez.bandcamp.com/album/hell-2
https://richardramirez.bandcamp.com/album/hellfire-series
https://richardramirez.bandcamp.com/album/heresiarch
https://richardramirez.bandcamp.com/album/heresy
https://richardramirez.bandcamp.com/album/heretic
https://richardramirez.bandcamp.com/album/hexerei
https://richardramirez.bandcamp.com/album/hey-boy
https://richardramirez.bandcamp.com/album/hey-sailor-2
https://richardramirez.bandcamp.com/album/hey-sissy
https://richardramirez.bandcamp.com/album/high-heel-maniac
https://richardramirez.bandcamp.com/album/his-dying-day
https://richardramirez.bandcamp.com/album/hitchhikers
https://richardramirez.bandcamp.com/album/hits
https://richardramirez.bandcamp.com/album/ho-mo-sexual
https://richardramirez.bandcamp.com/album/honor-your-perversion
https://richardramirez.bandcamp.com/album/horn
https://richardramirez.bandcamp.com/album/horror-show
https://richardramirez.bandcamp.com/album/hospital-ward
https://richardramirez.bandcamp.com/album/host-of-the-flies
https://richardramirez.bandcamp.com/album/host-of-the-flies-volume-2
https://richardramirez.bandcamp.com/album/host-of-the-flies-volumes-1-3
https://richardramirez.bandcamp.com/album/hot-bed-of-sex
https://richardramirez.bandcamp.com/album/hot-property
https://richardramirez.bandcamp.com/album/hotgluecum
https://richardramirez.bandcamp.com/album/how-to-shave-your-legs-with-a-straight-razor-for-women
https://richardramirez.bandcamp.com/album/human-bodies-are-such-garbage-bags
https://richardramirez.bandcamp.com/album/hunting
https://richardramirez.bandcamp.com/album/hunting-for-bodies
https://richardramirez.bandcamp.com/album/hunting-of-beauty
https://richardramirez.bandcamp.com/album/hunting-tourists
https://richardramirez.bandcamp.com/album/husk
https://richardramirez.bandcamp.com/album/i
https://richardramirez.bandcamp.com/album/i-keep-my-stuff-inside
https://richardramirez.bandcamp.com/album/i-like-you-when-you-sleep
https://richardramirez.bandcamp.com/album/i-will-follow
https://richardramirez.bandcamp.com/album/ice-princess-come-lately
https://richardramirez.bandcamp.com/album/identity-amnesia
https://richardramirez.bandcamp.com/album/ii
https://richardramirez.bandcamp.com/album/ii-3
https://richardramirez.bandcamp.com/album/ii-5
https://richardramirez.bandcamp.com/album/ii-6
https://richardramirez.bandcamp.com/album/iii
https://richardramirez.bandcamp.com/album/iii-2
https://richardramirez.bandcamp.com/album/il-fiore-dai-petali-dacciaio
https://richardramirez.bandcamp.com/album/il-fiore-dai-petali-dacciaio-2
https://richardramirez.bandcamp.com/album/il-laccio-rosso
https://richardramirez.bandcamp.com/album/immoral-order
https://richardramirez.bandcamp.com/album/in-again-out-again
https://richardramirez.bandcamp.com/album/in-another
https://richardramirez.bandcamp.com/album/in-the-dark
https://richardramirez.bandcamp.com/album/in-the-folds-of-the-flesh
https://richardramirez.bandcamp.com/album/in-the-making
https://richardramirez.bandcamp.com/album/in-the-mouth-of-the-serpent
https://richardramirez.bandcamp.com/album/in-the-praise-of-heavy-women
https://richardramirez.bandcamp.com/album/in-the-ruins-of-the-castle
https://richardramirez.bandcamp.com/album/in-the-year-zero
https://richardramirez.bandcamp.com/album/inferno-of-the-killing-rage-burning-through-her-veins
https://richardramirez.bandcamp.com/album/instinct
https://richardramirez.bandcamp.com/album/interrabang
https://richardramirez.bandcamp.com/album/investigate
https://richardramirez.bandcamp.com/album/iris
https://richardramirez.bandcamp.com/album/iv
https://richardramirez.bandcamp.com/album/iv-2
https://richardramirez.bandcamp.com/album/iv-3
https://richardramirez.bandcamp.com/album/jakarta-4
https://richardramirez.bandcamp.com/album/jesus-is-stoned
https://richardramirez.bandcamp.com/album/jism-prize-fighter
https://richardramirez.bandcamp.com/album/joey
https://richardramirez.bandcamp.com/album/juliet-of-the-spirits-2
https://richardramirez.bandcamp.com/album/junk-music
https://richardramirez.bandcamp.com/album/jusqu
https://richardramirez.bandcamp.com/album/just-before-dawn
https://richardramirez.bandcamp.com/album/just-like-you
https://richardramirez.bandcamp.com/album/k-kk-y
https://richardramirez.bandcamp.com/album/kaleidoscopic-nightmare
https://richardramirez.bandcamp.com/album/keep-my-mind-free-from-the-recital-of-endless-details
https://richardramirez.bandcamp.com/album/kelpie-vol-3-william-hurley
https://richardramirez.bandcamp.com/album/kicking-stars-that-left-desire
https://richardramirez.bandcamp.com/album/kill-the-fatted-calf
https://richardramirez.bandcamp.com/album/kinematografi
https://richardramirez.bandcamp.com/album/kiss-me-killer
https://richardramirez.bandcamp.com/album/knife-of-signora
https://richardramirez.bandcamp.com/album/knife-roughplay-as-skin-flies
https://richardramirez.bandcamp.com/album/knife-tape-rope
https://richardramirez.bandcamp.com/album/knifeunderthethroat
https://richardramirez.bandcamp.com/album/krackstrip
https://richardramirez.bandcamp.com/album/la-bambola-dagli-occhi-di-cristallo
https://richardramirez.bandcamp.com/album/la-casa-con-la-scala-nel-buio
https://richardramirez.bandcamp.com/album/la-clinique-sanglante
https://richardramirez.bandcamp.com/album/la-dama-rossa-uccide-sette-volte
https://richardramirez.bandcamp.com/album/la-danse-du-sabbat
https://richardramirez.bandcamp.com/album/la-fille-au-sexe-brillant
https://richardramirez.bandcamp.com/album/la-sanguisuga-conduce-la-danza
https://richardramirez.bandcamp.com/album/la-voisin
https://richardramirez.bandcamp.com/album/ladrones-de-tumbas
https://richardramirez.bandcamp.com/album/lager-ssadis-kastrat-kommandantur
https://richardramirez.bandcamp.com/album/lager-ssadis-kastrat-kommandantur-11
https://richardramirez.bandcamp.com/album/las-noches-del-terror
https://richardramirez.bandcamp.com/album/last
https://richardramirez.bandcamp.com/album/last-call
https://richardramirez.bandcamp.com/album/last-day-of-school-party-til-death
https://richardramirez.bandcamp.com/album/lastr-pist-on-the-left
https://richardramirez.bandcamp.com/album/lastrape
https://richardramirez.bandcamp.com/album/lastrape-vomir
https://richardramirez.bandcamp.com/album/latex-catalog-leather-catalog
https://richardramirez.bandcamp.com/album/le-deportate-della-sezione-speciale-ss
https://richardramirez.bandcamp.com/album/le-notti-della-violenza
https://richardramirez.bandcamp.com/album/le-notti-della-violenzia
https://richardramirez.bandcamp.com/album/leather-ad-m
https://richardramirez.bandcamp.com/album/leaves-me-cold
https://richardramirez.bandcamp.com/album/les-instants-chavir-s
https://richardramirez.bandcamp.com/album/les-yeux-cern-s
https://richardramirez.bandcamp.com/album/less-than-nothing
https://richardramirez.bandcamp.com/album/letrangleur
https://richardramirez.bandcamp.com/album/letting-the-blood-spill
https://richardramirez.bandcamp.com/album/lheure-bleue
https://richardramirez.bandcamp.com/album/liar-by-wound
https://richardramirez.bandcamp.com/album/lies-lies-lies
https://richardramirez.bandcamp.com/album/lifeless-cheaters
https://richardramirez.bandcamp.com/album/like-an-arrogant-easter-suit
https://richardramirez.bandcamp.com/album/like-jumping-off-the-interstate-overpass-and-finding-yourself-on-top-of-a-mountain
https://richardramirez.bandcamp.com/album/likely
https://richardramirez.bandcamp.com/album/line-em-up
https://richardramirez.bandcamp.com/album/linea-retta
https://richardramirez.bandcamp.com/album/lines-of-black-nylon-and-red-cut-throats
https://richardramirez.bandcamp.com/album/lisola-dellangelo-caduto
https://richardramirez.bandcamp.com/album/listen-to-the-joys-of-the-pileup
https://richardramirez.bandcamp.com/album/live-action-2004
https://richardramirez.bandcamp.com/album/live-at-the-cancer-ward
https://richardramirez.bandcamp.com/album/live-excessive-force
https://richardramirez.bandcamp.com/album/live-forced-fed
https://richardramirez.bandcamp.com/album/live-meat-performances
https://richardramirez.bandcamp.com/album/liz-and-helen
https://richardramirez.bandcamp.com/album/lost-and-found
https://richardramirez.bandcamp.com/album/lost-in-darkness
https://richardramirez.bandcamp.com/album/love-hate-and-dishonor
https://richardramirez.bandcamp.com/album/love-threat
https://richardramirez.bandcamp.com/album/love-turns-to-hate
https://richardramirez.bandcamp.com/album/lovers-yesterday-1994-1997
https://richardramirez.bandcamp.com/album/low-traveler
https://richardramirez.bandcamp.com/album/macha-magall-the-night-i-crushed-your-face
https://richardramirez.bandcamp.com/album/machofucker
https://richardramirez.bandcamp.com/album/mad-mad-mad-mad-monster-late-show
https://richardramirez.bandcamp.com/album/maimed-left-arm
https://richardramirez.bandcamp.com/album/makeup-dress-hair
https://richardramirez.bandcamp.com/album/male
https://richardramirez.bandcamp.com/album/male-bag
https://richardramirez.bandcamp.com/album/mandate-1997-2011
https://richardramirez.bandcamp.com/album/mania
https://richardramirez.bandcamp.com/album/maniac-at-large
https://richardramirez.bandcamp.com/album/maniac-in-the-night
https://richardramirez.bandcamp.com/album/manplug
https://richardramirez.bandcamp.com/album/manplug-1994-2007
https://richardramirez.bandcamp.com/album/marked-eyes
https://richardramirez.bandcamp.com/album/martyr-of-sores
https://richardramirez.bandcamp.com/album/mary-vicky
https://richardramirez.bandcamp.com/album/massive-cumshot
https://richardramirez.bandcamp.com/album/matamoros
https://richardramirez.bandcamp.com/album/meat
https://richardramirez.bandcamp.com/album/meat-shop
https://richardramirez.bandcamp.com/album/medusa
https://richardramirez.bandcamp.com/album/melod-a-sangrienta
https://richardramirez.bandcamp.com/album/meltdown
https://richardramirez.bandcamp.com/album/memorial
https://richardramirez.bandcamp.com/album/men-in-masks
https://richardramirez.bandcamp.com/album/mental-wreckage
https://richardramirez.bandcamp.com/album/merge
https://richardramirez.bandcamp.com/album/messes-noires
https://richardramirez.bandcamp.com/album/metaldildo
https://richardramirez.bandcamp.com/album/miasm
https://richardramirez.bandcamp.com/album/miasm-ii
https://richardramirez.bandcamp.com/album/miasm-iv
https://richardramirez.bandcamp.com/album/midnight-horror
https://richardramirez.bandcamp.com/album/midnight-horror-10
https://richardramirez.bandcamp.com/album/midnight-horror-2
https://richardramirez.bandcamp.com/album/midnight-horror-3
https://richardramirez.bandcamp.com/album/midnight-horror-4
https://richardramirez.bandcamp.com/album/midnight-horror-7-8
https://richardramirez.bandcamp.com/album/midnight-horror-9
https://richardramirez.bandcamp.com/album/midnight-horror-v
https://richardramirez.bandcamp.com/album/midnight-horror-vi
https://richardramirez.bandcamp.com/album/midnight-pharmacy
https://richardramirez.bandcamp.com/album/minnesota-strip
https://richardramirez.bandcamp.com/album/misery-welcomes-all
https://richardramirez.bandcamp.com/album/missing-birthday
https://richardramirez.bandcamp.com/album/mistaken-genital-apparatus
https://richardramirez.bandcamp.com/album/mistress-part-2
https://richardramirez.bandcamp.com/album/mistress-part-one
https://richardramirez.bandcamp.com/album/modern-beliefs
https://richardramirez.bandcamp.com/album/moira
https://richardramirez.bandcamp.com/album/monster
https://richardramirez.bandcamp.com/album/more
https://richardramirez.bandcamp.com/album/more-gruesome-less-beauty
https://richardramirez.bandcamp.com/album/more-victims
https://richardramirez.bandcamp.com/album/mother-may-i-go-out-to-kill
https://richardramirez.bandcamp.com/album/mothers-bloated-corpse
https://richardramirez.bandcamp.com/album/moths-on-a-blood-stained-monument
https://richardramirez.bandcamp.com/album/mr-trumpasfilthpig
https://richardramirez.bandcamp.com/album/mrat
https://richardramirez.bandcamp.com/album/mrats-meat-orchestra
https://richardramirez.bandcamp.com/album/muerte-au-rasoir
https://richardramirez.bandcamp.com/album/murder
https://richardramirez.bandcamp.com/album/murder-by-music
https://richardramirez.bandcamp.com/album/murder-mystery-no-1
https://richardramirez.bandcamp.com/album/murder-mystery-no-2
https://richardramirez.bandcamp.com/album/murder-mystery-no-3
https://richardramirez.bandcamp.com/album/murder-obsession
https://richardramirez.bandcamp.com/album/murder-on-the-altar
https://richardramirez.bandcamp.com/album/murder-to-the-tune-of-the-seven-black-notes
https://richardramirez.bandcamp.com/album/music-for-morgues-and-new-buildings
https://richardramirez.bandcamp.com/album/music-of-treachery-torment
https://richardramirez.bandcamp.com/album/music-to-listen-to-while-being-tortured-by-an-english-dandy
https://richardramirez.bandcamp.com/album/my-darling-of-nothing
https://richardramirez.bandcamp.com/album/my-girlfriend-loves-the-girl-in-me
https://richardramirez.bandcamp.com/album/my-name-is-legion-for-we-are-many
https://richardramirez.bandcamp.com/album/naked-you-die
https://richardramirez.bandcamp.com/album/nakedgirlkilled-in-the-park
https://richardramirez.bandcamp.com/album/natures-afterbirth
https://richardramirez.bandcamp.com/album/near-dark
https://richardramirez.bandcamp.com/album/nebraska
https://richardramirez.bandcamp.com/album/needle-park
https://richardramirez.bandcamp.com/album/nepal
https://richardramirez.bandcamp.com/album/never-seen-by-waking-eyes
https://richardramirez.bandcamp.com/album/new-york-new-york
https://richardramirez.bandcamp.com/album/next
https://richardramirez.bandcamp.com/album/night-broadcaster
https://richardramirez.bandcamp.com/album/night-of-fear
https://richardramirez.bandcamp.com/album/night-of-the-demon
https://richardramirez.bandcamp.com/album/night-tremors
https://richardramirez.bandcamp.com/album/no-skin-off-my-ass
https://richardramirez.bandcamp.com/album/no-way-out
https://richardramirez.bandcamp.com/album/nob-hill-theatre
https://richardramirez.bandcamp.com/album/noise-attacks-the-suburbs
https://richardramirez.bandcamp.com/album/noise-stalker
https://richardramirez.bandcamp.com/album/noisekiller
https://richardramirez.bandcamp.com/album/noize-on-feel-the-cum
https://richardramirez.bandcamp.com/album/not-again
https://richardramirez.bandcamp.com/album/not-long-after
https://richardramirez.bandcamp.com/album/not-on-any-map-weve-ever-seen-or-heard-about-only-can-be-called-there-selected
https://richardramirez.bandcamp.com/album/nothing-between-us
https://richardramirez.bandcamp.com/album/nowhere-near
https://richardramirez.bandcamp.com/album/nude-per-lassassino
https://richardramirez.bandcamp.com/album/nuits-rouges
https://richardramirez.bandcamp.com/album/nullify-detox
https://richardramirez.bandcamp.com/album/nun-desiring-nature
https://richardramirez.bandcamp.com/album/nun-r-pist
https://richardramirez.bandcamp.com/album/nurse-declining-in-the-corner
https://richardramirez.bandcamp.com/album/oath-heresies
https://richardramirez.bandcamp.com/album/object-of-his-obsession
https://richardramirez.bandcamp.com/album/obscene-content
https://richardramirez.bandcamp.com/album/obscurit-profonde
https://richardramirez.bandcamp.com/album/of-madness
https://richardramirez.bandcamp.com/album/of-no-saint
https://richardramirez.bandcamp.com/album/offerings
https://richardramirez.bandcamp.com/album/one-by-one
https://richardramirez.bandcamp.com/album/one-exit
https://richardramirez.bandcamp.com/album/one-tuesday-night-in-1978
https://richardramirez.bandcamp.com/album/ongoing-dissection-of-your-activity
https://richardramirez.bandcamp.com/album/onibaba
https://richardramirez.bandcamp.com/album/only-one-left-to-kill
https://richardramirez.bandcamp.com/album/op-ra-garment
https://richardramirez.bandcamp.com/album/opposite-of
https://richardramirez.bandcamp.com/album/oral-piece-trainer
https://richardramirez.bandcamp.com/album/organ-trade
https://richardramirez.bandcamp.com/album/orgasmo
https://richardramirez.bandcamp.com/album/our-lady-of-the-black-cross
https://richardramirez.bandcamp.com/album/out-of-control
https://richardramirez.bandcamp.com/album/paddle
https://richardramirez.bandcamp.com/album/palestine
https://richardramirez.bandcamp.com/album/pantyhose-and-canes
https://richardramirez.bandcamp.com/album/paralyzed
https://richardramirez.bandcamp.com/album/paranoia
https://richardramirez.bandcamp.com/album/paranoia-5
https://richardramirez.bandcamp.com/album/parasomnia
https://richardramirez.bandcamp.com/album/part-1-2
https://richardramirez.bandcamp.com/album/part-2
https://richardramirez.bandcamp.com/album/part-3
https://richardramirez.bandcamp.com/album/part-6
https://richardramirez.bandcamp.com/album/parts-4-5
https://richardramirez.bandcamp.com/album/pasiones-asesinas
https://richardramirez.bandcamp.com/album/passage-l-ge-adulte
https://richardramirez.bandcamp.com/album/pavement
https://richardramirez.bandcamp.com/album/pennsylvania-master
https://richardramirez.bandcamp.com/album/pensione-paura
https://richardramirez.bandcamp.com/album/performance
https://richardramirez.bandcamp.com/album/perle-macchiate-di-sangue
https://richardramirez.bandcamp.com/album/photographs
https://richardramirez.bandcamp.com/album/pink-trade
https://richardramirez.bandcamp.com/album/plague-of-justinian
https://richardramirez.bandcamp.com/album/plate-nine-from-the-suite
https://richardramirez.bandcamp.com/album/play-kinky-play-at-your-own-risk
https://richardramirez.bandcamp.com/album/playback-obscurities
https://richardramirez.bandcamp.com/album/playground
https://richardramirez.bandcamp.com/album/pleased-to-meat-you
https://richardramirez.bandcamp.com/album/plein-soleil
https://richardramirez.bandcamp.com/album/political-discourse-and-the-struggle-for-survival
https://richardramirez.bandcamp.com/album/pornocracy
https://richardramirez.bandcamp.com/album/portrait-of-the-gift-givers
https://richardramirez.bandcamp.com/album/portrait-or-mugshot
https://richardramirez.bandcamp.com/album/ppp
https://richardramirez.bandcamp.com/album/premonition-and-invocation
https://richardramirez.bandcamp.com/album/presents-as-catastrophe
https://richardramirez.bandcamp.com/album/pri-re-des-morts
https://richardramirez.bandcamp.com/album/pripyat
https://richardramirez.bandcamp.com/album/privacy-act
https://richardramirez.bandcamp.com/album/private
https://richardramirez.bandcamp.com/album/private-performance
https://richardramirez.bandcamp.com/album/procedures-that-come-from-nightmares
https://richardramirez.bandcamp.com/album/profondo-tenebre
https://richardramirez.bandcamp.com/album/promises
https://richardramirez.bandcamp.com/album/protected-by-the-ej-culation-of-serpents
https://richardramirez.bandcamp.com/album/prove-to-me-youre-more-than-meat
https://richardramirez.bandcamp.com/album/psycho-sexual-mating
https://richardramirez.bandcamp.com/album/punishment-contest
https://richardramirez.bandcamp.com/album/pure
https://richardramirez.bandcamp.com/album/push-it
https://richardramirez.bandcamp.com/album/pussy-boy
https://richardramirez.bandcamp.com/album/que-la-bete-meure
https://richardramirez.bandcamp.com/album/queerbait-2
https://richardramirez.bandcamp.com/album/r-pe
https://richardramirez.bandcamp.com/album/r-r-a-tribute-to-m-b-the-haters
https://richardramirez.bandcamp.com/album/rail-killings
https://richardramirez.bandcamp.com/album/raiser
https://richardramirez.bandcamp.com/album/raiser-works
https://richardramirez.bandcamp.com/album/rally
https://richardramirez.bandcamp.com/album/random-escorts
https://richardramirez.bandcamp.com/album/random-sessions
https://richardramirez.bandcamp.com/album/ransom-note
https://richardramirez.bandcamp.com/album/rather-unusual-thrilling
https://richardramirez.bandcamp.com/album/raw
https://richardramirez.bandcamp.com/album/raya-and-sekina
https://richardramirez.bandcamp.com/album/recycled-music
https://richardramirez.bandcamp.com/album/red-lies
https://richardramirez.bandcamp.com/album/red-midnight
https://richardramirez.bandcamp.com/album/reel-1
https://richardramirez.bandcamp.com/album/reel-7
https://richardramirez.bandcamp.com/album/replica
https://richardramirez.bandcamp.com/album/requiem-witch
https://richardramirez.bandcamp.com/album/research-unit-731
https://richardramirez.bandcamp.com/album/resist-overkill
https://richardramirez.bandcamp.com/album/resurrection
https://richardramirez.bandcamp.com/album/retina
https://richardramirez.bandcamp.com/album/return-of-the-great-american-death
https://richardramirez.bandcamp.com/album/revenge
https://richardramirez.bandcamp.com/album/revenge-a-well-off-girl
https://richardramirez.bandcamp.com/album/revenge-of-the-knifed-wife
https://richardramirez.bandcamp.com/album/richard-ramirez-plays-das-synthetische-mischgewebe
https://richardramirez.bandcamp.com/album/rider
https://richardramirez.bandcamp.com/album/right-on-target
https://richardramirez.bandcamp.com/album/ripped-stockings-bruised-ego-and-casual-mating
https://richardramirez.bandcamp.com/album/rita
https://richardramirez.bandcamp.com/album/rites
https://richardramirez.bandcamp.com/album/rituel-du-sang
https://richardramirez.bandcamp.com/album/rodeo
https://richardramirez.bandcamp.com/album/rook
https://richardramirez.bandcamp.com/album/rosso-sangue
https://richardramirez.bandcamp.com/album/rumours-after-midnight
https://richardramirez.bandcamp.com/album/rush
https://richardramirez.bandcamp.com/album/rush-hour-rampage
https://richardramirez.bandcamp.com/album/s-rie-torso
https://richardramirez.bandcamp.com/album/s-rie-torso-2
https://richardramirez.bandcamp.com/album/s-rie-torso-3
https://richardramirez.bandcamp.com/album/s-rie-torso-4
https://richardramirez.bandcamp.com/album/saatanan-katse
https://richardramirez.bandcamp.com/album/sadness-hope-condom-sex
https://richardramirez.bandcamp.com/album/sado-dakini
https://richardramirez.bandcamp.com/album/safe-in-your-sleep
https://richardramirez.bandcamp.com/album/saint-valentine
https://richardramirez.bandcamp.com/album/scanning-tongues-of-echoing-triggers
https://richardramirez.bandcamp.com/album/scene-3
https://richardramirez.bandcamp.com/album/schizo
https://richardramirez.bandcamp.com/album/school-girl-killer
https://richardramirez.bandcamp.com/album/scott-found-out-that-he-likes-the-way-todd-tastes
https://richardramirez.bandcamp.com/album/scraping-metal-parts
https://richardramirez.bandcamp.com/album/scrapyard
https://richardramirez.bandcamp.com/album/screams-from-the-black-museum-2
https://richardramirez.bandcamp.com/album/second-kill
https://richardramirez.bandcamp.com/album/section-28
https://richardramirez.bandcamp.com/album/see-you-die
https://richardramirez.bandcamp.com/album/seed-tapes
https://richardramirez.bandcamp.com/album/select-works-1997-1999
https://richardramirez.bandcamp.com/album/selfish-anyone
https://richardramirez.bandcamp.com/album/selfish-tongue
https://richardramirez.bandcamp.com/album/septic-vows
https://richardramirez.bandcamp.com/album/serpent-orange
https://richardramirez.bandcamp.com/album/sesso-e-morte
https://richardramirez.bandcamp.com/album/sette-orchidee-macchiate-di-rosso
https://richardramirez.bandcamp.com/album/sex-1
https://richardramirez.bandcamp.com/album/sex-2
https://richardramirez.bandcamp.com/album/sex-3
https://richardramirez.bandcamp.com/album/sex-acts-in-full-body-cast
https://richardramirez.bandcamp.com/album/sex-dream-knifing
https://richardramirez.bandcamp.com/album/sex-horror
https://richardramirez.bandcamp.com/album/sex-in-the-name-of-god
https://richardramirez.bandcamp.com/album/sex4
https://richardramirez.bandcamp.com/album/sezione-speciale-ss
https://richardramirez.bandcamp.com/album/sh-t-system
https://richardramirez.bandcamp.com/album/shadows-return-at-night
https://richardramirez.bandcamp.com/album/shepherds-appear-from-nowhere-1992-1995
https://richardramirez.bandcamp.com/album/shes-in-panties
https://richardramirez.bandcamp.com/album/shes-on-the-bed
https://richardramirez.bandcamp.com/album/shiningsex
https://richardramirez.bandcamp.com/album/shitorgan
https://richardramirez.bandcamp.com/album/short-night-of-the-butterflies
https://richardramirez.bandcamp.com/album/show
https://richardramirez.bandcamp.com/album/sick-2
https://richardramirez.bandcamp.com/album/siete-mujeres-atrapadas
https://richardramirez.bandcamp.com/album/sightings
https://richardramirez.bandcamp.com/album/signora-wardh
https://richardramirez.bandcamp.com/album/signora-wardh-ii
https://richardramirez.bandcamp.com/album/silent-nudist-no-4
https://richardramirez.bandcamp.com/album/sink
https://richardramirez.bandcamp.com/album/sisters
https://richardramirez.bandcamp.com/album/sixth-kill
https://richardramirez.bandcamp.com/album/slashed-pretty-girls
https://richardramirez.bandcamp.com/album/slave-labor
https://richardramirez.bandcamp.com/album/slaves
https://richardramirez.bandcamp.com/album/sleepaway-camp
https://richardramirez.bandcamp.com/album/smacked-red
https://richardramirez.bandcamp.com/album/smut
https://richardramirez.bandcamp.com/album/sn-per
https://richardramirez.bandcamp.com/album/snuff-prom
https://richardramirez.bandcamp.com/album/so-red-the-blood
https://richardramirez.bandcamp.com/album/so-sweet-so-perverse
https://richardramirez.bandcamp.com/album/so-sweet-so-perverse-2
https://richardramirez.bandcamp.com/album/so-sweet-so-perverse-part-2
https://richardramirez.bandcamp.com/album/so-sweet-so-perverse-volume-1
https://richardramirez.bandcamp.com/album/social-isolation
https://richardramirez.bandcamp.com/album/solamente-nero-v
https://richardramirez.bandcamp.com/album/solar-pulse
https://richardramirez.bandcamp.com/album/soledad
https://richardramirez.bandcamp.com/album/solomon-ii-of-imereti
https://richardramirez.bandcamp.com/album/songs-at-dawn
https://richardramirez.bandcamp.com/album/sonic-aggression
https://richardramirez.bandcamp.com/album/sonic-destruction
https://richardramirez.bandcamp.com/album/sonic-stricken-terrorism
https://richardramirez.bandcamp.com/album/sophomore-year
https://richardramirez.bandcamp.com/album/soranus-of-ephesus
https://richardramirez.bandcamp.com/album/southern-leather
https://richardramirez.bandcamp.com/album/spasmo
https://richardramirez.bandcamp.com/album/spider-labyrinth
https://richardramirez.bandcamp.com/album/spinalklast-i
https://richardramirez.bandcamp.com/album/spit-or-swallow
https://richardramirez.bandcamp.com/album/split
https://richardramirez.bandcamp.com/album/split-10
https://richardramirez.bandcamp.com/album/split-11
https://richardramirez.bandcamp.com/album/split-12
https://richardramirez.bandcamp.com/album/split-13
https://richardramirez.bandcamp.com/album/split-2
https://richardramirez.bandcamp.com/album/split-3
https://richardramirez.bandcamp.com/album/split-4
https://richardramirez.bandcamp.com/album/split-5
https://richardramirez.bandcamp.com/album/split-6
https://richardramirez.bandcamp.com/album/split-7
https://richardramirez.bandcamp.com/album/split-8
https://richardramirez.bandcamp.com/album/split-9
https://richardramirez.bandcamp.com/album/spread-em
https://richardramirez.bandcamp.com/album/squartatore
https://richardramirez.bandcamp.com/album/stalked-murdered
https://richardramirez.bandcamp.com/album/standard
https://richardramirez.bandcamp.com/album/start-again
https://richardramirez.bandcamp.com/album/start-stop
https://richardramirez.bandcamp.com/album/static-death
https://richardramirez.bandcamp.com/album/static-fuzz-drill
https://richardramirez.bandcamp.com/album/static-studies
https://richardramirez.bandcamp.com/album/staticburn
https://richardramirez.bandcamp.com/album/statistics
https://richardramirez.bandcamp.com/album/steel-petals
https://richardramirez.bandcamp.com/album/sterile-habitat
https://richardramirez.bandcamp.com/album/sterile-technique
https://richardramirez.bandcamp.com/album/still
https://richardramirez.bandcamp.com/album/stillbirth
https://richardramirez.bandcamp.com/album/stille-nacht
https://richardramirez.bandcamp.com/album/stimulating-the-masochist
https://richardramirez.bandcamp.com/album/stimulation-music
https://richardramirez.bandcamp.com/album/stitch-sculptures-in-brittle-houses
https://richardramirez.bandcamp.com/album/stock-jailer
https://richardramirez.bandcamp.com/album/storm-warning
https://richardramirez.bandcamp.com/album/strength-through-protest
https://richardramirez.bandcamp.com/album/stroke
https://richardramirez.bandcamp.com/album/strong-will-ing-of-hate
https://richardramirez.bandcamp.com/album/studstore
https://richardramirez.bandcamp.com/album/sub-judas-erotika
https://richardramirez.bandcamp.com/album/suicide-beauty
https://richardramirez.bandcamp.com/album/suite-pink-swing
https://richardramirez.bandcamp.com/album/sundown
https://richardramirez.bandcamp.com/album/super-9
https://richardramirez.bandcamp.com/album/supply-nurse-could-self-destruct
https://richardramirez.bandcamp.com/album/supply-shutdown
https://richardramirez.bandcamp.com/album/surveillance-1-2
https://richardramirez.bandcamp.com/album/susann-korda-iii
https://richardramirez.bandcamp.com/album/susann-korda-iv
https://richardramirez.bandcamp.com/album/susann-korda-v
https://richardramirez.bandcamp.com/album/sweetest-drop-from-your-tongue
https://richardramirez.bandcamp.com/album/t-n-bres
https://richardramirez.bandcamp.com/album/tabularasa
https://richardramirez.bandcamp.com/album/tania-nobel
https://richardramirez.bandcamp.com/album/tapedsex
https://richardramirez.bandcamp.com/album/taste-of-blood
https://richardramirez.bandcamp.com/album/tear-of-spleen
https://richardramirez.bandcamp.com/album/teen-memory-wall-memorial
https://richardramirez.bandcamp.com/album/telescopic-play-stress-test
https://richardramirez.bandcamp.com/album/televised-death
https://richardramirez.bandcamp.com/album/tell-it-to-the-marines
https://richardramirez.bandcamp.com/album/tempered-intercourse
https://richardramirez.bandcamp.com/album/temporary-death-in-a-convenient-guise
https://richardramirez.bandcamp.com/album/tennesee-pig-bottom
https://richardramirez.bandcamp.com/album/tension-dedicated-to-chop-shop
https://richardramirez.bandcamp.com/album/terra-incognita
https://richardramirez.bandcamp.com/album/terror-in-the-night
https://richardramirez.bandcamp.com/album/terror-on-half-moon-street
https://richardramirez.bandcamp.com/album/textures-of-the-male-form
https://richardramirez.bandcamp.com/album/the-bible-of-burnt-skin
https://richardramirez.bandcamp.com/album/the-black-album
https://richardramirez.bandcamp.com/album/the-black-cat
https://richardramirez.bandcamp.com/album/the-bloodstained-lawn
https://richardramirez.bandcamp.com/album/the-bloody-iris
https://richardramirez.bandcamp.com/album/the-comeback
https://richardramirez.bandcamp.com/album/the-complete-static-studies
https://richardramirez.bandcamp.com/album/the-copsucker-strikes-again
https://richardramirez.bandcamp.com/album/the-corruption-of-chris-miller
https://richardramirez.bandcamp.com/album/the-countess-blood
https://richardramirez.bandcamp.com/album/the-crimson-circle
https://richardramirez.bandcamp.com/album/the-dance-of-death
https://richardramirez.bandcamp.com/album/the-dark-stairway
https://richardramirez.bandcamp.com/album/the-death-of-the-main-suspect
https://richardramirez.bandcamp.com/album/the-defining-love
https://richardramirez.bandcamp.com/album/the-electric-bar-with-chairs
https://richardramirez.bandcamp.com/album/the-etruscan-kills-again
https://richardramirez.bandcamp.com/album/the-etruscan-kills-again-scene-2
https://richardramirez.bandcamp.com/album/the-final-recordings
https://richardramirez.bandcamp.com/album/the-first-dive
https://richardramirez.bandcamp.com/album/the-first-victim
https://richardramirez.bandcamp.com/album/the-fourth-kill
https://richardramirez.bandcamp.com/album/the-fourth-victim
https://richardramirez.bandcamp.com/album/the-frozen-terror
https://richardramirez.bandcamp.com/album/the-gathering
https://richardramirez.bandcamp.com/album/the-girl-in-the-wooden-horse-torture
https://richardramirez.bandcamp.com/album/the-grey-screen-in-fifth
https://richardramirez.bandcamp.com/album/the-half-moon-killer
https://richardramirez.bandcamp.com/album/the-hearse
https://richardramirez.bandcamp.com/album/the-house-of-the-yellow-carpet
https://richardramirez.bandcamp.com/album/the-immigrant
https://richardramirez.bandcamp.com/album/the-killer-wore-gloves
https://richardramirez.bandcamp.com/album/the-knife-in-the-body
https://richardramirez.bandcamp.com/album/the-language-we-use
https://richardramirez.bandcamp.com/album/the-last-carnival
https://richardramirez.bandcamp.com/album/the-last-slumber-party
https://richardramirez.bandcamp.com/album/the-liaison
https://richardramirez.bandcamp.com/album/the-life-and-the-death-of-a-party
https://richardramirez.bandcamp.com/album/the-lord-wont-mind
https://richardramirez.bandcamp.com/album/the-lover
https://richardramirez.bandcamp.com/album/the-mawnan-tower
https://richardramirez.bandcamp.com/album/the-missing
https://richardramirez.bandcamp.com/album/the-missing-volume-1-maura-murray
https://richardramirez.bandcamp.com/album/the-nuns-of-skelter
https://richardramirez.bandcamp.com/album/the-occupants
https://richardramirez.bandcamp.com/album/the-ossuary
https://richardramirez.bandcamp.com/album/the-outing
https://richardramirez.bandcamp.com/album/the-painter-of-agonies
https://richardramirez.bandcamp.com/album/the-paralyzed-collector
https://richardramirez.bandcamp.com/album/the-parisian-dancing-girl-in-thigh-high-stockings-is-thrown-to-the-floor-by-the-cloaked-phantom
https://richardramirez.bandcamp.com/album/the-platform-shift
https://richardramirez.bandcamp.com/album/the-possessed
https://richardramirez.bandcamp.com/album/the-r-pe-after-the-devil-has-seven-faces
https://richardramirez.bandcamp.com/album/the-scenario
https://richardramirez.bandcamp.com/album/the-science-of-dissecting-society
https://richardramirez.bandcamp.com/album/the-secret-diaries
https://richardramirez.bandcamp.com/album/the-sex-of-angels
https://richardramirez.bandcamp.com/album/the-signal
https://richardramirez.bandcamp.com/album/the-sisters
https://richardramirez.bandcamp.com/album/the-strange-case-of-the-bloody-crocus
https://richardramirez.bandcamp.com/album/the-suns-burial
https://richardramirez.bandcamp.com/album/the-third-leg
https://richardramirez.bandcamp.com/album/the-ushers-well
https://richardramirez.bandcamp.com/album/the-victim-the-weapon
https://richardramirez.bandcamp.com/album/the-wife-treatment
https://richardramirez.bandcamp.com/album/the-witching-hour
https://richardramirez.bandcamp.com/album/the-witness-in-the-darkest-hour
https://richardramirez.bandcamp.com/album/theatre-of-the-macabre
https://richardramirez.bandcamp.com/album/thelburh-of-barking
https://richardramirez.bandcamp.com/album/these-are-beasts
https://richardramirez.bandcamp.com/album/thin-as-the-air
https://richardramirez.bandcamp.com/album/thin-cord
https://richardramirez.bandcamp.com/album/things-are-dying-over-at-lindas
https://richardramirez.bandcamp.com/album/things-lost-my-darling-my-product
https://richardramirez.bandcamp.com/album/third-kill
https://richardramirez.bandcamp.com/album/thirsty-for-love-sex-and-murder
https://richardramirez.bandcamp.com/album/this-is-how-you-will-disappear
https://richardramirez.bandcamp.com/album/this-is-the-way-i-treat-you
https://richardramirez.bandcamp.com/album/thoughtform
https://richardramirez.bandcamp.com/album/threesome-slitting
https://richardramirez.bandcamp.com/album/throatfuck
https://richardramirez.bandcamp.com/album/tightropes
https://richardramirez.bandcamp.com/album/today-tomorrow-never-again
https://richardramirez.bandcamp.com/album/tongue-of-fire
https://richardramirez.bandcamp.com/album/torso
https://richardramirez.bandcamp.com/album/torture-machinist
https://richardramirez.bandcamp.com/album/torturous-chapter
https://richardramirez.bandcamp.com/album/total-terror
https://richardramirez.bandcamp.com/album/tour-97
https://richardramirez.bandcamp.com/album/trace-research-2
https://richardramirez.bandcamp.com/album/tracking-device
https://richardramirez.bandcamp.com/album/tractor
https://richardramirez.bandcamp.com/album/tragic-birth-forming
https://richardramirez.bandcamp.com/album/tragic-birth-forming-vol-2
https://richardramirez.bandcamp.com/album/traveler
https://richardramirez.bandcamp.com/album/trick
https://richardramirez.bandcamp.com/album/trocar-2
https://richardramirez.bandcamp.com/album/trust
https://richardramirez.bandcamp.com/album/try
https://richardramirez.bandcamp.com/album/tsatinne
https://richardramirez.bandcamp.com/album/turn-left
https://richardramirez.bandcamp.com/album/turn-ons
https://richardramirez.bandcamp.com/album/turn-right
https://richardramirez.bandcamp.com/album/tutto-quel-rosso
https://richardramirez.bandcamp.com/album/twitch
https://richardramirez.bandcamp.com/album/u-s-s-a-diseased-orgasmic-east-2020
https://richardramirez.bandcamp.com/album/ultra-gash-disaster
https://richardramirez.bandcamp.com/album/ultra-tight-ep
https://richardramirez.bandcamp.com/album/un
https://richardramirez.bandcamp.com/album/una-farfalla-con-le-ali-insanguinate
https://richardramirez.bandcamp.com/album/una-sullaltra
https://richardramirez.bandcamp.com/album/uncertain-pleasures
https://richardramirez.bandcamp.com/album/unclean
https://richardramirez.bandcamp.com/album/undiscovered-community
https://richardramirez.bandcamp.com/album/uno-spicchio-di-tenebra
https://richardramirez.bandcamp.com/album/unplugged
https://richardramirez.bandcamp.com/album/unreleased
https://richardramirez.bandcamp.com/album/unreleased-1
https://richardramirez.bandcamp.com/album/unreleased-2
https://richardramirez.bandcamp.com/album/untitled
https://richardramirez.bandcamp.com/album/untitled-3
https://richardramirez.bandcamp.com/album/untitled-4
https://richardramirez.bandcamp.com/album/untitled-9
https://richardramirez.bandcamp.com/album/untitled-iv
https://richardramirez.bandcamp.com/album/untitled-no-6
https://richardramirez.bandcamp.com/album/untitled-no-8
https://richardramirez.bandcamp.com/album/v
https://richardramirez.bandcamp.com/album/various-risks
https://richardramirez.bandcamp.com/album/varsity
https://richardramirez.bandcamp.com/album/vehophobia
https://richardramirez.bandcamp.com/album/vi
https://richardramirez.bandcamp.com/album/viaggio-nel-buio
https://richardramirez.bandcamp.com/album/vice
https://richardramirez.bandcamp.com/album/victory-against-hate
https://richardramirez.bandcamp.com/album/videoboyhustler
https://richardramirez.bandcamp.com/album/viewers-of-filth
https://richardramirez.bandcamp.com/album/vii
https://richardramirez.bandcamp.com/album/violence-in-the-absence-of-emotion
https://richardramirez.bandcamp.com/album/violenza-inattesa
https://richardramirez.bandcamp.com/album/virgin-martyr
https://richardramirez.bandcamp.com/album/virus-virus
https://richardramirez.bandcamp.com/album/viva-el-p
https://richardramirez.bandcamp.com/album/vol-3
https://richardramirez.bandcamp.com/album/vol-4
https://richardramirez.bandcamp.com/album/volume-2
https://richardramirez.bandcamp.com/album/vortex-conception
https://richardramirez.bandcamp.com/album/vow-to-the-occupation
https://richardramirez.bandcamp.com/album/voyeur-activity
https://richardramirez.bandcamp.com/album/vramant
https://richardramirez.bandcamp.com/album/waiting
https://richardramirez.bandcamp.com/album/warm-lips-of-the-killer
https://richardramirez.bandcamp.com/album/wash-the-blood-off
https://richardramirez.bandcamp.com/album/wasp-honeymoon
https://richardramirez.bandcamp.com/album/we-cant-reach-her-or-hear-her-voice
https://richardramirez.bandcamp.com/album/we-live-we-dream-we-die
https://richardramirez.bandcamp.com/album/we-started-as-revolutionaries-and-ended-up-as-whores
https://richardramirez.bandcamp.com/album/welcome-to-dunnstown-next-to-yours-the-best-town
https://richardramirez.bandcamp.com/album/welts
https://richardramirez.bandcamp.com/album/werewolf-jerusalem
https://richardramirez.bandcamp.com/album/werewolf-jerusalem-2
https://richardramirez.bandcamp.com/album/wet-dreams-become-murderous
https://richardramirez.bandcamp.com/album/what-am-i
https://richardramirez.bandcamp.com/album/what-have-they-done-to-our-daughters
https://richardramirez.bandcamp.com/album/when-the-terror-starts
https://richardramirez.bandcamp.com/album/white-drama
https://richardramirez.bandcamp.com/album/white-light
https://richardramirez.bandcamp.com/album/white-light-at-dusk
https://richardramirez.bandcamp.com/album/white-of-the-eye-lady-of-the-lake
https://richardramirez.bandcamp.com/album/white-stuff
https://richardramirez.bandcamp.com/album/white-victim-or-suspect
https://richardramirez.bandcamp.com/album/whitenoise-death
https://richardramirez.bandcamp.com/album/who-saw-her-die
https://richardramirez.bandcamp.com/album/wilkolak
https://richardramirez.bandcamp.com/album/wish-you-were-here-crush-on-student-bodies
https://richardramirez.bandcamp.com/album/witches
https://richardramirez.bandcamp.com/album/with-heart-in-mouth
https://richardramirez.bandcamp.com/album/without-prior-consent
https://richardramirez.bandcamp.com/album/woods-devil
https://richardramirez.bandcamp.com/album/work-song
https://richardramirez.bandcamp.com/album/world-record-visits-to-the-doctor
https://richardramirez.bandcamp.com/album/xii
https://richardramirez.bandcamp.com/album/yorkshire
https://richardramirez.bandcamp.com/album/young-and-savage
https://richardramirez.bandcamp.com/album/young-april
https://richardramirez.bandcamp.com/album/your-body-desires-death
https://richardramirez.bandcamp.com/album/your-eyes-on-my-hands
https://richardramirez.bandcamp.com/album/your-first-time
https://richardramirez.bandcamp.com/album/your-messed-up-life-still-thrills-me
https://richardramirez.bandcamp.com/album/your-side-of-the-hole
