https://ligeiaevermore.bandcamp.com/album/21-minutes-in-berlin-23-minutes-in-brussels-a-reinterpretation
https://ligeiaevermore.bandcamp.com/album/a-reinterpretation
https://ligeiaevermore.bandcamp.com/album/a-visit-to-jazzland-a-reinterpretation
https://ligeiaevermore.bandcamp.com/album/a-way-of-life-a-reinterpretation
https://ligeiaevermore.bandcamp.com/album/a-way-of-life-rarities-a-reinterpretation
https://ligeiaevermore.bandcamp.com/album/american-supreme-a-reinterpretation
https://ligeiaevermore.bandcamp.com/album/attempted-live-at-maxs-kansas-city-1980-a-reinterpretation
https://ligeiaevermore.bandcamp.com/album/audio-negativity-a-reinterpretation
https://ligeiaevermore.bandcamp.com/album/black-veils-a-reinterpretation
https://ligeiaevermore.bandcamp.com/album/citov-deprivace-a-reinterpretation
https://ligeiaevermore.bandcamp.com/album/create-christ-sailor-boy-a-reinterpretation
https://ligeiaevermore.bandcamp.com/album/do-tmy-alu-i-nicoty-a-reinterpretation
https://ligeiaevermore.bandcamp.com/album/frankie-teardrop-a-reinterpretation
https://ligeiaevermore.bandcamp.com/album/ghost-riders-a-reinterpretation
https://ligeiaevermore.bandcamp.com/album/grimnir-trist-regnum-hypothermia-a-reinterpretation
https://ligeiaevermore.bandcamp.com/album/half-alive-a-reinterpretation
https://ligeiaevermore.bandcamp.com/album/hermit-sukora-a-reinterpretation
https://ligeiaevermore.bandcamp.com/album/how-she-sees-it-a-reinterpretation
https://ligeiaevermore.bandcamp.com/album/hypothermia-trist-a-reinterpretation
https://ligeiaevermore.bandcamp.com/album/ice-cream-day-nice-day-a-reinterpretation
https://ligeiaevermore.bandcamp.com/album/jen-pod-mlhou-a-reinterpretation
https://ligeiaevermore.bandcamp.com/album/korium-trist-a-reinterpretation
https://ligeiaevermore.bandcamp.com/album/live-1977-1978-a-reinterpretation
https://ligeiaevermore.bandcamp.com/album/nen-cesty-zp-t-a-reinterpretation
https://ligeiaevermore.bandcamp.com/album/nostalgie-a-reinterpretation
https://ligeiaevermore.bandcamp.com/album/nostalgie-iii-f-erie-was-already-there-a-reinterpretation
https://ligeiaevermore.bandcamp.com/album/oeo-a-reinterpretation
https://ligeiaevermore.bandcamp.com/album/ohrenschrauben-a-reinterpretation
https://ligeiaevermore.bandcamp.com/album/prach-nesv-ta-a-reinterpretation
https://ligeiaevermore.bandcamp.com/album/pustota-a-reinterpretation
https://ligeiaevermore.bandcamp.com/album/reknuteknyterne-a-reinterpretation
https://ligeiaevermore.bandcamp.com/album/reknuteknyterne-a-reinterpretation-2
https://ligeiaevermore.bandcamp.com/album/saturday-night-dance-date-a-reinterpretation
https://ligeiaevermore.bandcamp.com/album/sebevra-edn-and-l-a-reinterpretation
https://ligeiaevermore.bandcamp.com/album/slunce-v-snov-m-kraji-rozpl-v-n-echa-a-reinterpretation
https://ligeiaevermore.bandcamp.com/album/sn-n-a-reinterpretation
https://ligeiaevermore.bandcamp.com/album/snowdrop-a-reinterpretation
https://ligeiaevermore.bandcamp.com/album/st-ny-a-reinterpretation
https://ligeiaevermore.bandcamp.com/album/suicide-a-reinterpretation
https://ligeiaevermore.bandcamp.com/album/sunflower-christmas-with-the-channellers-a-reinterpretation
https://ligeiaevermore.bandcamp.com/album/surrender-a-reinterpretation
https://ligeiaevermore.bandcamp.com/album/this-would-sound-good-if-i-was-a-diverse-8-a-reinterpretation
https://ligeiaevermore.bandcamp.com/album/tower-a-reinterpretation
https://ligeiaevermore.bandcamp.com/album/trist-kaxur-holomr-z
https://ligeiaevermore.bandcamp.com/album/trist-lonesummer-a-reinterpretation
https://ligeiaevermore.bandcamp.com/album/trnov-labyrint-a-reinterpretation
https://ligeiaevermore.bandcamp.com/album/two-horses-a-reinterpretation
https://ligeiaevermore.bandcamp.com/album/ve-ern-samoty-a-reinterpretation
https://ligeiaevermore.bandcamp.com/album/why-be-blue-a-reinterpretation
https://ligeiaevermore.bandcamp.com/album/z-kraje-mrtv-ch-st-n-a-reinterpretation
https://ligeiaevermore.bandcamp.com/album/za-hranic-skute-nosti-a-reinterpretation
https://ligeiaevermore.bandcamp.com/album/zero-hour-a-reinterpretation
https://ligeiaevermore.bandcamp.com/album/zjit-en-bolest-a-reinterpretation
https://ligeiaevermore.bandcamp.com/album/zrcadlen-melancholie-a-reinterpretation
