https://edwardka-spel.bandcamp.com/album/09-03-01-love-loud-colours
https://edwardka-spel.bandcamp.com/album/10-to-the-power-of-9-chapters-3-4
https://edwardka-spel.bandcamp.com/album/100-seconds-to-midnight
https://edwardka-spel.bandcamp.com/album/11111111-2024-remaster
https://edwardka-spel.bandcamp.com/album/800-saints-in-a-day
https://edwardka-spel.bandcamp.com/album/a-carrington-event
https://edwardka-spel.bandcamp.com/album/a-long-red-ladder-to-the-moon
https://edwardka-spel.bandcamp.com/album/a-monument-to-wasted-tears
https://edwardka-spel.bandcamp.com/album/a-pleasure-cruise-through-9-dimensions-enhanced-2024
https://edwardka-spel.bandcamp.com/album/a-red-winter-nights-dream
https://edwardka-spel.bandcamp.com/album/a-sentient-glitch
https://edwardka-spel.bandcamp.com/album/aazhyd-china-doll-2020-remaster
https://edwardka-spel.bandcamp.com/album/an-abandoned-laboratory-volume-1
https://edwardka-spel.bandcamp.com/album/an-abandoned-laboratory-volume-2
https://edwardka-spel.bandcamp.com/album/an-abandoned-laboratory-volume-3
https://edwardka-spel.bandcamp.com/album/an-unlikely-event-remaster-2024
https://edwardka-spel.bandcamp.com/album/angel-trombones
https://edwardka-spel.bandcamp.com/album/burning-church
https://edwardka-spel.bandcamp.com/album/caste-o-graye-skree-ns-2023-remaster
https://edwardka-spel.bandcamp.com/album/chyekk-china-doll-2023-master
https://edwardka-spel.bandcamp.com/album/conspiracy-of-pylons
https://edwardka-spel.bandcamp.com/album/cyberskapes-revisited
https://edwardka-spel.bandcamp.com/album/dance-china-doll-2020-remaster
https://edwardka-spel.bandcamp.com/album/dark-window-wave
https://edwardka-spel.bandcamp.com/album/dents-of-decay-a-compilation-the-last-10-years
https://edwardka-spel.bandcamp.com/album/devascapes-expanded-2023-master
https://edwardka-spel.bandcamp.com/album/dream-logik-part-1-2024-remaster
https://edwardka-spel.bandcamp.com/album/dream-logik-part-2-2024-remaster
https://edwardka-spel.bandcamp.com/album/dream-logik-x-a-small-voyage-in-three-parts
https://edwardka-spel.bandcamp.com/album/dream-loops-2024-remaster
https://edwardka-spel.bandcamp.com/album/eyes-china-doll-original-master-1985
https://edwardka-spel.bandcamp.com/album/fainting-by-numbers
https://edwardka-spel.bandcamp.com/album/fire-island-2023-remaster
https://edwardka-spel.bandcamp.com/album/ghost-logik-2-2023-remaster
https://edwardka-spel.bandcamp.com/album/ghost-logik-2023-remaster
https://edwardka-spel.bandcamp.com/album/happy-new-year-2024-remaster
https://edwardka-spel.bandcamp.com/album/heksescapes
https://edwardka-spel.bandcamp.com/album/high-on-station-yellow-moon
https://edwardka-spel.bandcamp.com/album/khalash-nykow-china-doll
https://edwardka-spel.bandcamp.com/album/khataclimici-china-doll-2021-remaster
https://edwardka-spel.bandcamp.com/album/laugh-china-doll-2020-remaster
https://edwardka-spel.bandcamp.com/album/live-at-cafe-oto-18-may-2024
https://edwardka-spel.bandcamp.com/album/live-at-szene-vienna-1988
https://edwardka-spel.bandcamp.com/album/live-in-lueneburg-1998
https://edwardka-spel.bandcamp.com/album/lyvv-china-doll-redux-2024-master
https://edwardka-spel.bandcamp.com/album/melancholics-anonymous
https://edwardka-spel.bandcamp.com/album/needles-3
https://edwardka-spel.bandcamp.com/album/o-darkness-o-darkness-remastered-expanded-2024
https://edwardka-spel.bandcamp.com/album/on-the-rebound
https://edwardka-spel.bandcamp.com/album/one-last-pose-before-the-ruin-expanded-2024
https://edwardka-spel.bandcamp.com/album/permission-to-leave-the-temple
https://edwardka-spel.bandcamp.com/album/pieces-of-2024-remaster
https://edwardka-spel.bandcamp.com/album/prints-of-darkness
https://edwardka-spel.bandcamp.com/album/public-disturbance
https://edwardka-spel.bandcamp.com/album/red-letters-2020-remaster
https://edwardka-spel.bandcamp.com/album/red-sky-at-night-w-alena-boykova
https://edwardka-spel.bandcamp.com/album/songs-of-solitude
https://edwardka-spel.bandcamp.com/album/spectrescapes-2-2024-remaster
https://edwardka-spel.bandcamp.com/album/spectrescapes-3-2024-remaster
https://edwardka-spel.bandcamp.com/album/spectrescapes-remaster-2023
https://edwardka-spel.bandcamp.com/album/splendid-isolation-chapter-2
https://edwardka-spel.bandcamp.com/album/splendid-isolation-day-1
https://edwardka-spel.bandcamp.com/album/tales-from-the-trenches
https://edwardka-spel.bandcamp.com/album/tanith-the-lion-tree-2020-remaster
https://edwardka-spel.bandcamp.com/album/tease-seize-apply
https://edwardka-spel.bandcamp.com/album/the-absence-of-evidence
https://edwardka-spel.bandcamp.com/album/the-blue-room-2024-remaster
https://edwardka-spel.bandcamp.com/album/the-byte-of-spring-2023-remaster
https://edwardka-spel.bandcamp.com/album/the-concrete-diaries
https://edwardka-spel.bandcamp.com/album/the-deep
https://edwardka-spel.bandcamp.com/album/the-fragments-of-illumina-2024-remaster
https://edwardka-spel.bandcamp.com/album/the-great-outdoors
https://edwardka-spel.bandcamp.com/album/the-irritant
https://edwardka-spel.bandcamp.com/album/the-minus-touch
https://edwardka-spel.bandcamp.com/album/the-moon-cracked-over-albion
https://edwardka-spel.bandcamp.com/album/the-neon-weeps-tonight
https://edwardka-spel.bandcamp.com/album/the-painted-river-of-regrets
https://edwardka-spel.bandcamp.com/album/the-perfect-patch-berlin-amsterdam-in-the-1980s
https://edwardka-spel.bandcamp.com/album/the-random-time-machine
https://edwardka-spel.bandcamp.com/album/the-scriptures-of-illumina-2024-remaster
https://edwardka-spel.bandcamp.com/album/the-singles-expanded-2020-remaster
https://edwardka-spel.bandcamp.com/album/the-sympathy-portal
https://edwardka-spel.bandcamp.com/album/the-textures-of-illumina-2024-remaster
https://edwardka-spel.bandcamp.com/album/the-victoria-dimension-2024-remaster
https://edwardka-spel.bandcamp.com/album/this-saturated-land-2023-remaster
https://edwardka-spel.bandcamp.com/album/tied-by-wires-volume-1
https://edwardka-spel.bandcamp.com/album/trapped-in-amber
https://edwardka-spel.bandcamp.com/album/waves-unchained
