https://flip-flap.bandcamp.com/album/activis
https://flip-flap.bandcamp.com/album/andromeda
https://flip-flap.bandcamp.com/album/aufzug
https://flip-flap.bandcamp.com/album/bambule
https://flip-flap.bandcamp.com/album/cable
https://flip-flap.bandcamp.com/album/computer-jazz
https://flip-flap.bandcamp.com/album/congenial
https://flip-flap.bandcamp.com/album/drei-kugeln
https://flip-flap.bandcamp.com/album/dronoswalze-dron
https://flip-flap.bandcamp.com/album/effispace
https://flip-flap.bandcamp.com/album/einblick
https://flip-flap.bandcamp.com/album/electric-kribbel-2
https://flip-flap.bandcamp.com/album/emilys-dream
https://flip-flap.bandcamp.com/album/flipflapflupflop
https://flip-flap.bandcamp.com/album/greenface
https://flip-flap.bandcamp.com/album/happen-again
https://flip-flap.bandcamp.com/album/intermedia
https://flip-flap.bandcamp.com/album/jon-tyler-selection
https://flip-flap.bandcamp.com/album/magie
https://flip-flap.bandcamp.com/album/memory
https://flip-flap.bandcamp.com/album/metallhobel
https://flip-flap.bandcamp.com/album/moonwork
https://flip-flap.bandcamp.com/album/oracular
https://flip-flap.bandcamp.com/album/red-area
https://flip-flap.bandcamp.com/album/rhythmicon
https://flip-flap.bandcamp.com/album/rooftones
https://flip-flap.bandcamp.com/album/rr-concerrt
https://flip-flap.bandcamp.com/album/saturn-con-cert
https://flip-flap.bandcamp.com/album/schatten
https://flip-flap.bandcamp.com/album/steel-vehicle
https://flip-flap.bandcamp.com/album/tool-time
https://flip-flap.bandcamp.com/album/ttt-concert
