https://aarondilloway.bandcamp.com/album/after-the-showers
https://aarondilloway.bandcamp.com/album/arms-and-everything-else
https://aarondilloway.bandcamp.com/album/at-wave-farm-plus
https://aarondilloway.bandcamp.com/album/bad-dreams
https://aarondilloway.bandcamp.com/album/banned-bent
https://aarondilloway.bandcamp.com/album/beggar-master
https://aarondilloway.bandcamp.com/album/blizzard
https://aarondilloway.bandcamp.com/album/blue-studies-for-tom-smith
https://aarondilloway.bandcamp.com/album/boggs-vol-1
https://aarondilloway.bandcamp.com/album/chain-shot
https://aarondilloway.bandcamp.com/album/chicken-traces
https://aarondilloway.bandcamp.com/album/color-changing-knife
https://aarondilloway.bandcamp.com/album/concealed
https://aarondilloway.bandcamp.com/album/corpse-on-horseback
https://aarondilloway.bandcamp.com/album/cymbal-reel-mic-01-17-2001
https://aarondilloway.bandcamp.com/album/door-with-no-handle
https://aarondilloway.bandcamp.com/album/dropout-elements
https://aarondilloway.bandcamp.com/album/familiar-frightening
https://aarondilloway.bandcamp.com/album/fear-swept-the-poolsides
https://aarondilloway.bandcamp.com/album/foul
https://aarondilloway.bandcamp.com/album/freak-out-your-friends-2
https://aarondilloway.bandcamp.com/album/hatched-eggs
https://aarondilloway.bandcamp.com/album/heavy-2
https://aarondilloway.bandcamp.com/album/i-drink-your-skin
https://aarondilloway.bandcamp.com/album/in-stitches
https://aarondilloway.bandcamp.com/album/infinite-lucifer
https://aarondilloway.bandcamp.com/album/inside-dead-bird
https://aarondilloway.bandcamp.com/album/lip-syncing-to-verme
https://aarondilloway.bandcamp.com/album/live-at-a-museum
https://aarondilloway.bandcamp.com/album/live-in-a-basement-to-no-one
https://aarondilloway.bandcamp.com/album/lucy-aaron
https://aarondilloway.bandcamp.com/album/medusa
https://aarondilloway.bandcamp.com/album/modern-jester
https://aarondilloway.bandcamp.com/album/moondust
https://aarondilloway.bandcamp.com/album/one-night-at-flux-box
https://aarondilloway.bandcamp.com/album/pearl-drills
https://aarondilloway.bandcamp.com/album/psychic-driving-tapes
https://aarondilloway.bandcamp.com/album/radio-nepal-vol-1
https://aarondilloway.bandcamp.com/album/radio-nepal-vol-2
https://aarondilloway.bandcamp.com/album/radio-nepal-vol-3
https://aarondilloway.bandcamp.com/album/rawhide-2
https://aarondilloway.bandcamp.com/album/return-to-wave-farm-2
https://aarondilloway.bandcamp.com/album/rozart-mix
https://aarondilloway.bandcamp.com/album/rrrecycled
https://aarondilloway.bandcamp.com/album/second-foul
https://aarondilloway.bandcamp.com/album/secret-destroyed-instantly
https://aarondilloway.bandcamp.com/album/seizure
https://aarondilloway.bandcamp.com/album/siena
https://aarondilloway.bandcamp.com/album/smoldering-cloth-and-skeleton-outlines
https://aarondilloway.bandcamp.com/album/songs-about-jason
https://aarondilloway.bandcamp.com/album/sounds-of-nepal-volumes-1-3
https://aarondilloway.bandcamp.com/album/sounds-of-the-indian-snake-charmer
https://aarondilloway.bandcamp.com/album/sounds-of-the-indian-snake-charmer-vol-two
https://aarondilloway.bandcamp.com/album/split
https://aarondilloway.bandcamp.com/album/sugar-colt
https://aarondilloway.bandcamp.com/album/switches
https://aarondilloway.bandcamp.com/album/the-absence-of-milk-in-the-mouths-of-the-lost-original-score-2
https://aarondilloway.bandcamp.com/album/the-beauty-bath
https://aarondilloway.bandcamp.com/album/the-gag-file
https://aarondilloway.bandcamp.com/album/the-gag-out
https://aarondilloway.bandcamp.com/album/the-squid
https://aarondilloway.bandcamp.com/album/tractor-cuts
https://aarondilloway.bandcamp.com/album/under-pressure
https://aarondilloway.bandcamp.com/album/uss-orgo
https://aarondilloway.bandcamp.com/album/wolf-eyes-w-spykes
